BLOCK00/SES002/SA002S12	SES002	2.26846	13.7641	11.4957
BLOCK00/SES002/SA002S13	SES002	2.97975	13.5622	10.5824
BLOCK00/SES002/SA002S23	SES002	2.22101	13.838	11.617
BLOCK00/SES002/SA002S26	SES002	2.41962	14.4413	12.0217
BLOCK00/SES002/SA002S28	SES002	2.15819	12.7989	10.6407
BLOCK00/SES007/SA007S14	SES007	1.86629	16.2481	14.3818
BLOCK00/SES007/SA007S15	SES007	1.12943	13.8582	12.7287
BLOCK00/SES007/SA007S24	SES007	1.51614	14.0039	12.4878
BLOCK00/SES007/SA007S27	SES007	1.19758	12.9673	11.7697
BLOCK00/SES007/SA007S29	SES007	0.752237	13.9912	13.239
BLOCK00/SES008/SA008S11	SES008	2.19425	14.9211	12.7268
BLOCK00/SES008/SA008S12	SES008	1.37818	14.4161	13.038
BLOCK00/SES008/SA008S19	SES008	2.47265	15.6644	13.1917
BLOCK00/SES008/SA008S22	SES008	1.13382	13.482	12.3482
BLOCK00/SES008/SA008S29	SES008	2.12185	15.7742	13.6524
BLOCK01/SES014/SA014S10	SES014	2.37327	14.4621	12.0889
BLOCK01/SES014/SA014S12	SES014	3.5357	17.3588	13.8231
BLOCK01/SES014/SA014S24	SES014	1.89773	15.0107	13.113
BLOCK01/SES014/SA014S26	SES014	3.0865	17.9511	14.8646
BLOCK01/SES014/SA014S28	SES014	4.37891	17.8988	13.5199
BLOCK01/SES016/SA016S12	SES016	1.96645	14.3779	12.4115
BLOCK01/SES016/SA016S13	SES016	2.12919	16.258	14.1288
BLOCK01/SES016/SA016S22	SES016	2.58184	16.9074	14.3255
BLOCK01/SES016/SA016S25	SES016	2.54013	17.199	14.6588
BLOCK01/SES016/SA016S27	SES016	2.44912	17.6732	15.2241
BLOCK01/SES019/SA019S13	SES019	3.80489	12.8282	9.02332
BLOCK01/SES019/SA019S14	SES019	2.99255	12.8666	9.87408
BLOCK01/SES019/SA019S22	SES019	4.00329	13.6117	9.60842
BLOCK01/SES019/SA019S25	SES019	3.85322	13.3557	9.50249
BLOCK01/SES019/SA019S29	SES019	4.18016	13.7527	9.57252
BLOCK02/SES029/SA029S11	SES029	2.13194	15.2616	13.1296
BLOCK02/SES029/SA029S12	SES029	1.00065	14.8273	13.8266
BLOCK02/SES029/SA029S20	SES029	1.59872	14.6635	13.0648
BLOCK02/SES029/SA029S25	SES029	1.16334	16.7901	15.6267
BLOCK02/SES029/SA029S28	SES029	0.949001	14.6365	13.6875
BLOCK04/SES042/SA042S12	SES042	3.38234	14.4304	11.0481
BLOCK04/SES042/SA042S15	SES042	3.57342	15.2842	11.7108
BLOCK04/SES042/SA042S22	SES042	4.5975	17.4911	12.8936
BLOCK04/SES042/SA042S25	SES042	3.08695	13.3303	10.2433
BLOCK04/SES042/SA042S27	SES042	2.91129	15.4196	12.5084
BLOCK04/SES048/SA048S11	SES048	1.80902	15.1315	13.3225
BLOCK04/SES048/SA048S12	SES048	0.952513	14.0634	13.1108
BLOCK04/SES048/SA048S20	SES048	1.00149	14.3071	13.3056
BLOCK04/SES048/SA048S23	SES048	2.02167	13.7464	11.7247
BLOCK04/SES048/SA048S27	SES048	1.22949	15.408	14.1785
BLOCK06/SES060/SA060S11	SES060	2.39845	16.4392	14.0407
BLOCK06/SES060/SA060S12	SES060	0.994239	14.7438	13.7495
BLOCK06/SES060/SA060S22	SES060	0.206532	12.8494	12.6429
BLOCK06/SES060/SA060S24	SES060	2.03296	15.4572	13.4242
BLOCK06/SES060/SA060S28	SES060	1.88308	16.8934	15.0103
BLOCK06/SES062/SA062S10	SES062	1.24198	15.1654	13.9234
BLOCK06/SES062/SA062S11	SES062	1.50206	15.5945	14.0924
BLOCK06/SES062/SA062S21	SES062	2.14739	18.1806	16.0332
BLOCK06/SES062/SA062S26	SES062	1.3957	16.3882	14.9925
BLOCK06/SES062/SA062S29	SES062	1.97381	17.7617	15.7878
BLOCK06/SES068/SA068S14	SES068	1.01651	16.1479	15.1314
BLOCK06/SES068/SA068S15	SES068	2.02431	17.5088	15.4845
BLOCK06/SES068/SA068S23	SES068	1.71718	14.9087	13.1915
BLOCK06/SES068/SA068S27	SES068	2.50877	17.9916	15.4828
BLOCK06/SES068/SA068S29	SES068	0.950888	14.9636	14.0127
BLOCK08/SES082/SA082S12	SES082	1.36677	12.5249	11.1582
BLOCK08/SES082/SA082S14	SES082	1.82463	12.611	10.7863
BLOCK08/SES082/SA082S21	SES082	1.24057	12.2534	11.0129
BLOCK08/SES082/SA082S24	SES082	1.45636	14.1732	12.7169
BLOCK08/SES082/SA082S28	SES082	1.68433	13.0827	11.3983
BLOCK08/SES083/SA083S14	SES083	0.652842	14.901	14.2482
BLOCK08/SES083/SA083S15	SES083	1.28258	16.2854	15.0028
BLOCK08/SES083/SA083S24	SES083	0.814251	14.8337	14.0195
BLOCK08/SES083/SA083S26	SES083	1.02889	14.1311	13.1022
BLOCK08/SES083/SA083S29	SES083	0.987258	15.2955	14.3082
BLOCK08/SES085/SA085S10	SES085	1.31794	15.8189	14.501
BLOCK08/SES085/SA085S13	SES085	0.617852	15.2468	14.6289
BLOCK08/SES085/SA085S22	SES085	1.47781	17.3786	15.9008
BLOCK08/SES085/SA085S26	SES085	0.857441	18.0206	17.1632
BLOCK08/SES085/SA085S28	SES085	1.50555	15.7938	14.2883
BLOCK08/SES087/SA087S15	SES087	2.06503	13.6916	11.6265
BLOCK08/SES087/SA087S16	SES087	2.39869	13.9767	11.578
BLOCK08/SES087/SA087S24	SES087	2.30562	13.8054	11.4998
BLOCK08/SES087/SA087S26	SES087	2.0045	15.0907	13.0862
BLOCK08/SES087/SA087S29	SES087	2.52777	13.6553	11.1276
BLOCK09/SES099/SA099S15	SES099	2.61208	13.1256	10.5136
BLOCK09/SES099/SA099S16	SES099	2.58758	13.446	10.8584
BLOCK09/SES099/SA099S24	SES099	2.50774	13.8134	11.3057
BLOCK09/SES099/SA099S26	SES099	2.50698	13.6428	11.1358
BLOCK09/SES099/SA099S29	SES099	2.61805	14.0541	11.4361
BLOCK10/SES101/SA101S11	SES101	1.03308	14.3183	13.2853
BLOCK10/SES101/SA101S13	SES101	2.12864	16.643	14.5143
BLOCK10/SES101/SA101S22	SES101	1.45139	14.9183	13.4669
BLOCK10/SES101/SA101S24	SES101	1.46219	14.3546	12.8924
BLOCK10/SES101/SA101S28	SES101	1.11951	14.3264	13.2069
BLOCK10/SES104/SA104S11	SES104	2.96933	16.7689	13.7995
BLOCK10/SES104/SA104S12	SES104	2.7619	14.9645	12.2026
BLOCK10/SES104/SA104S21	SES104	2.76609	14.3761	11.61
BLOCK10/SES104/SA104S24	SES104	2.05032	14.2653	12.215
BLOCK10/SES104/SA104S28	SES104	2.68628	15.2145	12.5283
BLOCK10/SES105/SA105S12	SES105	1.47086	12.584	11.1132
BLOCK10/SES105/SA105S13	SES105	1.66959	12.7115	11.0419
BLOCK10/SES105/SA105S22	SES105	0.944157	11.641	10.6968
BLOCK10/SES105/SA105S26	SES105	1.57236	12.7468	11.1744
BLOCK10/SES105/SA105S29	SES105	1.74591	13.9633	12.2174
BLOCK10/SES106/SA106S09	SES106	2.45088	12.1588	9.70795
BLOCK10/SES106/SA106S11	SES106	2.56959	14.1234	11.5538
BLOCK10/SES106/SA106S22	SES106	4.43027	14.112	9.68175
BLOCK10/SES106/SA106S27	SES106	2.67088	13.1723	10.5014
BLOCK10/SES106/SA106S29	SES106	1.69011	12.729	11.0389
BLOCK11/SES117/SA117S12	SES117	1.66918	15.3129	13.6437
BLOCK11/SES117/SA117S13	SES117	1.05464	16.0985	15.0439
BLOCK11/SES117/SA117S23	SES117	1.84052	14.8949	13.0544
BLOCK11/SES117/SA117S25	SES117	1.51797	14.5807	13.0627
BLOCK11/SES117/SA117S28	SES117	1.49327	14.241	12.7477
BLOCK12/SES120/SA120S08	SES120	1.37934	12.0652	10.6858
BLOCK12/SES120/SA120S11	SES120	1.50614	10.9749	9.46873
BLOCK12/SES120/SA120S22	SES120	0.664667	14.2949	13.6302
BLOCK12/SES120/SA120S24	SES120	1.55433	13.4184	11.8641
BLOCK12/SES120/SA120S28	SES120	1.16145	11.2483	10.0868
BLOCK12/SES125/SA125S13	SES125	2.79799	14.0907	11.2927
BLOCK12/SES125/SA125S14	SES125	1.59962	12.8524	11.2527
BLOCK12/SES125/SA125S25	SES125	2.9034	14.3562	11.4528
BLOCK12/SES125/SA125S27	SES125	2.92738	15.5457	12.6183
BLOCK12/SES125/SA125S29	SES125	2.51665	13.7183	11.2016
BLOCK12/SES127/SA127S11	SES127	1.24606	15.2494	14.0034
BLOCK12/SES127/SA127S12	SES127	0.740624	15.3596	14.619
BLOCK12/SES127/SA127S23	SES127	1.0907	15.3862	14.2955
BLOCK12/SES127/SA127S25	SES127	0.578514	14.5829	14.0044
BLOCK12/SES127/SA127S27	SES127	1.40249	16.0123	14.6098
BLOCK12/SES129/SA129S11	SES129	2.04251	15.6795	13.637
BLOCK12/SES129/SA129S12	SES129	2.2133	15.3088	13.0955
BLOCK12/SES129/SA129S22	SES129	1.93091	14.7332	12.8023
BLOCK12/SES129/SA129S27	SES129	1.98536	15.0579	13.0725
BLOCK12/SES129/SA129S29	SES129	1.80678	14.9685	13.1617
BLOCK14/SES142/SA142S11	SES142	2.66143	16.6217	13.9603
BLOCK14/SES142/SA142S12	SES142	1.32187	15.2576	13.9357
BLOCK14/SES142/SA142S24	SES142	2.00262	17.0247	15.0221
BLOCK14/SES142/SA142S27	SES142	1.97164	15.8539	13.8823
BLOCK14/SES142/SA142S29	SES142	2.80742	17.0229	14.2154
BLOCK14/SES143/SA143S12	SES143	1.85173	15.2051	13.3533
BLOCK14/SES143/SA143S13	SES143	1.5631	14.0331	12.47
BLOCK14/SES143/SA143S23	SES143	1.52093	15.0831	13.5622
BLOCK14/SES143/SA143S25	SES143	1.90329	16.599	14.6957
BLOCK14/SES143/SA143S28	SES143	1.5823	15.4804	13.8981
BLOCK14/SES144/SA144S09	SES144	1.31655	15.1025	13.7859
BLOCK14/SES144/SA144S11	SES144	1.65684	13.632	11.9751
BLOCK14/SES144/SA144S21	SES144	0.513136	13.917	13.4039
BLOCK14/SES144/SA144S25	SES144	1.17419	13.3017	12.1275
BLOCK14/SES144/SA144S29	SES144	0.495932	15.1019	14.606
BLOCK14/SES146/SA146S14	SES146	1.20822	12.2226	11.0143
BLOCK14/SES146/SA146S15	SES146	1.25259	13.0488	11.7962
BLOCK14/SES146/SA146S24	SES146	1.5308	12.9735	11.4427
BLOCK14/SES146/SA146S26	SES146	1.81021	13.2235	11.4133
BLOCK14/SES146/SA146S29	SES146	1.13448	12.1771	11.0427
BLOCK14/SES147/SA147S11	SES147	1.72296	14.4132	12.6902
BLOCK14/SES147/SA147S13	SES147	2.87534	15.9615	13.0862
BLOCK14/SES147/SA147S23	SES147	1.20366	15.2088	14.0052
BLOCK14/SES147/SA147S26	SES147	1.76213	15.0101	13.248
BLOCK14/SES147/SA147S28	SES147	2.43179	15.3862	12.9544
BLOCK14/SES148/SA148S10	SES148	2.03899	13.4496	11.4106
BLOCK14/SES148/SA148S12	SES148	1.68274	12.5372	10.8545
BLOCK14/SES148/SA148S22	SES148	1.99659	14.3944	12.3978
BLOCK14/SES148/SA148S26	SES148	0.413175	13.8094	13.3962
BLOCK14/SES148/SA148S29	SES148	0.59461	12.8669	12.2723
BLOCK14/SES149/SA149S13	SES149	0.150705	12.9701	12.8194
BLOCK14/SES149/SA149S14	SES149	0.883171	14.1897	13.3065
BLOCK14/SES149/SA149S24	SES149	1.94069	14.7997	12.859
BLOCK14/SES149/SA149S26	SES149	2.08459	15.6925	13.6079
BLOCK14/SES149/SA149S28	SES149	2.16907	16.4389	14.2699
BLOCK15/SES158/SA158S13	SES158	2.32564	12.1733	9.84769
BLOCK15/SES158/SA158S14	SES158	3.46563	12.5983	9.13263
BLOCK15/SES158/SA158S23	SES158	2.01401	12.5001	10.4861
BLOCK15/SES158/SA158S26	SES158	3.48235	12.4569	8.97455
BLOCK15/SES158/SA158S28	SES158	1.73881	11.5082	9.76943
BLOCK16/SES162/SA162S10	SES162	0.928902	11.9861	11.0572
BLOCK16/SES162/SA162S11	SES162	1.38101	14.9892	13.6081
BLOCK16/SES162/SA162S21	SES162	2.01997	14.7246	12.7046
BLOCK16/SES162/SA162S24	SES162	1.46606	14.3531	12.887
BLOCK16/SES162/SA162S27	SES162	1.80082	13.7438	11.9429
BLOCK16/SES167/SA167S14	SES167	1.62751	17.1715	15.544
BLOCK16/SES167/SA167S15	SES167	2.10332	16.232	14.1287
BLOCK16/SES167/SA167S21	SES167	2.5739	17.4858	14.9119
BLOCK16/SES167/SA167S25	SES167	2.85102	16.826	13.975
BLOCK16/SES167/SA167S29	SES167	2.98201	18.3222	15.3401
BLOCK17/SES172/SA172S12	SES172	1.52789	15.1911	13.6632
BLOCK17/SES172/SA172S13	SES172	1.75884	14.9485	13.1897
BLOCK17/SES172/SA172S23	SES172	1.52239	17.0876	15.5652
BLOCK17/SES172/SA172S27	SES172	1.33287	14.8381	13.5052
BLOCK17/SES172/SA172S29	SES172	2.18326	15.1797	12.9964
BLOCK17/SES175/SA175S11	SES175	1.4195	16.2227	14.8033
BLOCK17/SES175/SA175S13	SES175	1.96793	15.381	13.4131
BLOCK17/SES175/SA175S23	SES175	2.09742	16.3104	14.213
BLOCK17/SES175/SA175S25	SES175	1.37659	13.7288	12.3522
BLOCK17/SES175/SA175S28	SES175	1.54313	17.0525	15.5093
BLOCK17/SES177/SA177S15	SES177	1.08896	15.1337	14.0448
BLOCK17/SES177/SA177S17	SES177	0.919562	15.1528	14.2333
BLOCK17/SES177/SA177S23	SES177	0.933392	15.0942	14.1608
BLOCK17/SES177/SA177S26	SES177	1.49258	17.2138	15.7212
BLOCK17/SES177/SA177S28	SES177	1.06576	16.2855	15.2198
BLOCK18/SES180/SA180S13	SES180	0.663057	15.039	14.376
BLOCK18/SES180/SA180S15	SES180	1.39214	14.5236	13.1314
BLOCK18/SES180/SA180S24	SES180	1.69082	16.7533	15.0625
BLOCK18/SES180/SA180S26	SES180	1.03682	15.4712	14.4344
BLOCK18/SES180/SA180S29	SES180	1.7744	16.321	14.5466
BLOCK18/SES183/SA183S13	SES183	1.67906	12.8798	11.2008
BLOCK18/SES183/SA183S14	SES183	0.345885	12.4767	12.1308
BLOCK18/SES183/SA183S24	SES183	1.91018	12.5781	10.668
BLOCK18/SES183/SA183S27	SES183	1.7285	12.5324	10.8039
BLOCK18/SES183/SA183S29	SES183	1.51876	14.1948	12.6761
BLOCK18/SES187/SA187S13	SES187	1.40956	15.9534	14.5439
BLOCK18/SES187/SA187S14	SES187	1.3715	15.367	13.9955
BLOCK18/SES187/SA187S24	SES187	2.34845	17.6041	15.2557
BLOCK18/SES187/SA187S27	SES187	1.65932	15.7596	14.1002
BLOCK18/SES187/SA187S29	SES187	1.43664	16.6465	15.2099
BLOCK18/SES189/SA189S10	SES189	2.18555	13.6988	11.5133
BLOCK18/SES189/SA189S13	SES189	2.50724	12.9439	10.4367
BLOCK18/SES189/SA189S24	SES189	2.84688	13.5443	10.6974
BLOCK18/SES189/SA189S26	SES189	1.45336	14.3106	12.8572
BLOCK18/SES189/SA189S29	SES189	2.55401	14.732	12.178
BLOCK20/SES202/SA202S12	SES202	1.45248	12.5669	11.1144
BLOCK20/SES202/SA202S14	SES202	2.47735	15.9629	13.4855
BLOCK20/SES202/SA202S24	SES202	1.64924	15.5426	13.8933
BLOCK20/SES202/SA202S27	SES202	2.03167	17.445	15.4134
BLOCK20/SES202/SA202S29	SES202	1.87466	17.7051	15.8305
BLOCK20/SES206/SA206S15	SES206	0.292994	13.0357	12.7427
BLOCK20/SES206/SA206S17	SES206	2.49517	15.4307	12.9355
BLOCK20/SES206/SA206S24	SES206	2.98559	15.7473	12.7617
BLOCK20/SES206/SA206S27	SES206	2.65716	14.2589	11.6017
BLOCK20/SES206/SA206S29	SES206	1.82316	15.5208	13.6976
BLOCK22/SES226/SA226S12	SES226	1.38422	13.0849	11.7007
BLOCK22/SES226/SA226S13	SES226	0.429448	11.6396	11.2102
BLOCK22/SES226/SA226S20	SES226	1.81254	12.8175	11.0049
BLOCK22/SES226/SA226S23	SES226	2.13724	13.824	11.6868
BLOCK22/SES226/SA226S28	SES226	2.18193	14.056	11.874
BLOCK25/SES259/SA259S13	SES259	4.24498	15.3511	11.1062
BLOCK25/SES259/SA259S14	SES259	2.56885	14.2582	11.6894
BLOCK25/SES259/SA259S22	SES259	2.47197	13.8282	11.3563
BLOCK25/SES259/SA259S24	SES259	2.6875	15.429	12.7415
BLOCK25/SES259/SA259S28	SES259	2.76405	14.6937	11.9296
BLOCK27/SES270/SA270S14	SES270	3.27756	12.5801	9.30258
BLOCK27/SES270/SA270S16	SES270	1.62501	12.2241	10.5991
BLOCK27/SES270/SA270S22	SES270	3.62269	13.321	9.69831
BLOCK27/SES270/SA270S26	SES270	2.79854	11.2358	8.43724
BLOCK27/SES270/SA270S28	SES270	2.42867	12.9306	10.5019
BLOCK27/SES275/SA275S17	SES275	1.55448	13.8014	12.2469
BLOCK27/SES275/SA275S18	SES275	1.29719	14.1763	12.8791
BLOCK27/SES275/SA275S24	SES275	1.10806	12.3525	11.2444
BLOCK27/SES275/SA275S26	SES275	1.50523	13.7987	12.2935
BLOCK27/SES275/SA275S28	SES275	0.778916	13.1614	12.3825
BLOCK29/SES292/SA292S10	SES292	0.6714	13.4657	12.7943
BLOCK29/SES292/SA292S12	SES292	1.07722	14.6871	13.6099
BLOCK29/SES292/SA292S22	SES292	0.908286	15.0122	14.1039
BLOCK29/SES292/SA292S24	SES292	1.08613	15.3428	14.2567
BLOCK29/SES292/SA292S27	SES292	0.638083	14.7602	14.1222
BLOCK00/SES001/SA001S14	SES062	-2.16841	7.97324	10.1416
BLOCK00/SES001/SA001S14	SES082	-1.65404	8.48761	10.1416
BLOCK00/SES001/SA001S14	SES106	-1.63857	8.50308	10.1416
BLOCK00/SES001/SA001S14	SES206	-1.15538	8.98627	10.1416
BLOCK00/SES001/SA001S15	SES062	-2.0917	9.77874	11.8704
BLOCK00/SES001/SA001S15	SES104	-1.84725	10.0232	11.8704
BLOCK00/SES001/SA001S15	SES106	-1.46203	10.4084	11.8704
BLOCK00/SES001/SA001S15	SES206	-0.957471	10.913	11.8704
BLOCK00/SES001/SA001S24	SES062	-3.10302	7.15345	10.2565
BLOCK00/SES001/SA001S24	SES082	-2.23927	8.0172	10.2565
BLOCK00/SES001/SA001S24	SES087	-1.68297	8.5735	10.2565
BLOCK00/SES001/SA001S24	SES206	-1.99492	8.26155	10.2565
BLOCK00/SES001/SA001S27	SES062	-1.42772	11.1089	12.5366
BLOCK00/SES001/SA001S27	SES082	-1.19858	11.338	12.5366
BLOCK00/SES001/SA001S27	SES087	-0.799579	11.737	12.5366
BLOCK00/SES001/SA001S27	SES206	-0.870174	11.6664	12.5366
BLOCK00/SES001/SA001S29	SES062	-2.83016	7.75792	10.5881
BLOCK00/SES001/SA001S29	SES082	-1.00392	9.58416	10.5881
BLOCK00/SES001/SA001S29	SES158	-0.758643	9.82944	10.5881
BLOCK00/SES001/SA001S29	SES206	-2.00132	8.58677	10.5881
BLOCK00/SES003/SA003S11	SES002	0.261469	11.2311	10.9697
BLOCK00/SES003/SA003S11	SES019	-0.634429	10.3352	10.9697
BLOCK00/SES003/SA003S11	SES082	0.290762	11.2604	10.9697
BLOCK00/SES003/SA003S11	SES125	-0.798087	10.1716	10.9697
BLOCK00/SES003/SA003S15	SES016	-1.91393	10.5829	12.4968
BLOCK00/SES003/SA003S15	SES019	-0.799529	11.6973	12.4968
BLOCK00/SES003/SA003S15	SES062	-1.4513	11.0455	12.4968
BLOCK00/SES003/SA003S15	SES206	-0.559134	11.9377	12.4968
BLOCK00/SES003/SA003S22	SES002	-0.603355	11.1684	11.7718
BLOCK00/SES003/SA003S22	SES062	-0.775045	10.9967	11.7718
BLOCK00/SES003/SA003S22	SES082	-0.972507	10.7993	11.7718
BLOCK00/SES003/SA003S22	SES087	-0.346844	11.4249	11.7718
BLOCK00/SES003/SA003S25	SES062	-2.41809	8.26313	10.6812
BLOCK00/SES003/SA003S25	SES082	-0.234725	10.4465	10.6812
BLOCK00/SES003/SA003S25	SES087	-0.529597	10.1516	10.6812
BLOCK00/SES003/SA003S25	SES206	-1.2108	9.47043	10.6812
BLOCK00/SES003/SA003S29	SES002	-0.281804	10.4979	10.7797
BLOCK00/SES003/SA003S29	SES062	-2.28934	8.49035	10.7797
BLOCK00/SES003/SA003S29	SES082	-0.305461	10.4742	10.7797
BLOCK00/SES003/SA003S29	SES087	-0.543571	10.2361	10.7797
BLOCK00/SES004/SA004S12	SES083	-1.14982	11.3236	12.4734
BLOCK00/SES004/SA004S12	SES148	-1.51424	10.9592	12.4734
BLOCK00/SES004/SA004S12	SES172	-0.347182	12.1262	12.4734
BLOCK00/SES004/SA004S12	SES292	-1.06118	11.4122	12.4734
BLOCK00/SES004/SA004S17	SES083	-1.03411	10.9691	12.0032
BLOCK00/SES004/SA004S17	SES162	-0.720934	11.2823	12.0032
BLOCK00/SES004/SA004S17	SES172	-0.44559	11.5576	12.0032
BLOCK00/SES004/SA004S17	SES292	-1.35287	10.6504	12.0032
BLOCK00/SES004/SA004S24	SES083	-1.14884	11.4556	12.6044
BLOCK00/SES004/SA004S24	SES148	-1.92443	10.68	12.6044
BLOCK00/SES004/SA004S24	SES172	-0.404655	12.1997	12.6044
BLOCK00/SES004/SA004S24	SES292	-0.87347	11.7309	12.6044
BLOCK00/SES004/SA004S26	SES083	-1.27916	11.2312	12.5103
BLOCK00/SES004/SA004S26	SES127	-1.34046	11.1699	12.5103
BLOCK00/SES004/SA004S26	SES148	-2.75302	9.7573	12.5103
BLOCK00/SES004/SA004S26	SES292	-1.95254	10.5578	12.5103
BLOCK00/SES004/SA004S28	SES083	-0.483696	13.7732	14.2569
BLOCK00/SES004/SA004S28	SES127	-0.329494	13.9274	14.2569
BLOCK00/SES004/SA004S28	SES187	-0.0867414	14.1701	14.2569
BLOCK00/SES004/SA004S28	SES292	-0.850561	13.4063	14.2569
BLOCK00/SES006/SA006S10	SES014	-2.36795	6.13605	8.50401
BLOCK00/SES006/SA006S10	SES158	-1.07612	7.42789	8.50401
BLOCK00/SES006/SA006S10	SES226	-2.1594	6.34461	8.50401
BLOCK00/SES006/SA006S10	SES270	-0.50663	7.99738	8.50401
BLOCK00/SES006/SA006S11	SES158	-1.27224	7.84556	9.1178
BLOCK00/SES006/SA006S11	SES226	-1.62572	7.49208	9.1178
BLOCK00/SES006/SA006S11	SES270	-0.544573	8.57323	9.1178
BLOCK00/SES006/SA006S11	SES275	-2.18287	6.93493	9.1178
BLOCK00/SES006/SA006S23	SES062	-2.39372	9.18259	11.5763
BLOCK00/SES006/SA006S23	SES105	-3.16792	8.40839	11.5763
BLOCK00/SES006/SA006S23	SES158	-1.65576	9.92055	11.5763
BLOCK00/SES006/SA006S23	SES275	-2.0204	9.55591	11.5763
BLOCK00/SES006/SA006S26	SES104	-3.19534	7.59253	10.7879
BLOCK00/SES006/SA006S26	SES158	-1.18719	9.60068	10.7879
BLOCK00/SES006/SA006S26	SES270	-0.386278	10.4016	10.7879
BLOCK00/SES006/SA006S26	SES275	-2.09782	8.69005	10.7879
BLOCK00/SES006/SA006S28	SES007	-1.64149	7.43336	9.07484
BLOCK00/SES006/SA006S28	SES105	-2.06102	7.01383	9.07484
BLOCK00/SES006/SA006S28	SES158	-0.971213	8.10363	9.07484
BLOCK00/SES006/SA006S28	SES275	-2.36243	6.71242	9.07484
BLOCK00/SES009/SA009S12	SES083	-1.69953	11.5198	13.2193
BLOCK00/SES009/SA009S12	SES148	-2.21268	11.0066	13.2193
BLOCK00/SES009/SA009S12	SES177	-0.92758	12.2917	13.2193
BLOCK00/SES009/SA009S12	SES292	-0.93095	12.2884	13.2193
BLOCK00/SES009/SA009S15	SES007	-0.0517101	13.8507	13.9024
BLOCK00/SES009/SA009S15	SES099	-3.33706	10.5653	13.9024
BLOCK00/SES009/SA009S15	SES148	-1.83399	12.0684	13.9024
BLOCK00/SES009/SA009S15	SES172	-1.1776	12.7248	13.9024
BLOCK00/SES009/SA009S24	SES146	-1.04133	12.8479	13.8893
BLOCK00/SES009/SA009S24	SES148	-2.41584	11.4734	13.8893
BLOCK00/SES009/SA009S24	SES177	-0.388974	13.5003	13.8893
BLOCK00/SES009/SA009S24	SES292	-0.915363	12.9739	13.8893
BLOCK00/SES009/SA009S26	SES083	-1.81532	11.0664	12.8817
BLOCK00/SES009/SA009S26	SES101	-2.27883	10.6029	12.8817
BLOCK00/SES009/SA009S26	SES120	-1.15919	11.7225	12.8817
BLOCK00/SES009/SA009S26	SES177	-0.766707	12.115	12.8817
BLOCK00/SES009/SA009S29	SES083	-1.44788	12.3688	13.8167
BLOCK00/SES009/SA009S29	SES101	-1.67768	12.139	13.8167
BLOCK00/SES009/SA009S29	SES177	-0.483714	13.333	13.8167
BLOCK00/SES009/SA009S29	SES292	-0.772498	13.0442	13.8167
BLOCK01/SES011/SA011S10	SES019	-0.451037	11.0098	11.4608
BLOCK01/SES011/SA011S10	SES042	0.65665	12.1175	11.4608
BLOCK01/SES011/SA011S10	SES082	-1.41885	10.042	11.4608
BLOCK01/SES011/SA011S10	SES206	-1.05536	10.4055	11.4608
BLOCK01/SES011/SA011S11	SES019	-1.5027	8.80675	10.3094
BLOCK01/SES011/SA011S11	SES042	-1.09219	9.21726	10.3094
BLOCK01/SES011/SA011S11	SES082	-1.40151	8.90794	10.3094
BLOCK01/SES011/SA011S11	SES206	-2.14427	8.16518	10.3094
BLOCK01/SES011/SA011S22	SES019	-0.861145	9.97042	10.8316
BLOCK01/SES011/SA011S22	SES042	0.739434	11.571	10.8316
BLOCK01/SES011/SA011S22	SES082	-1.51524	9.31633	10.8316
BLOCK01/SES011/SA011S22	SES206	-1.18271	9.64886	10.8316
BLOCK01/SES011/SA011S24	SES019	-1.13365	10.3284	11.462
BLOCK01/SES011/SA011S24	SES042	0.530541	11.9926	11.462
BLOCK01/SES011/SA011S24	SES104	-1.20132	10.2607	11.462
BLOCK01/SES011/SA011S24	SES206	-0.909451	10.5526	11.462
BLOCK01/SES011/SA011S27	SES082	0.714988	11.5021	10.7871
BLOCK01/SES011/SA011S27	SES087	-0.828583	9.95853	10.7871
BLOCK01/SES011/SA011S27	SES125	-0.75246	10.0347	10.7871
BLOCK01/SES011/SA011S27	SES206	-0.156523	10.6306	10.7871
BLOCK01/SES012/SA012S11	SES007	-0.916728	12.9341	13.8509
BLOCK01/SES012/SA012S11	SES082	-1.29443	12.5564	13.8509
BLOCK01/SES012/SA012S11	SES083	-1.39115	12.4597	13.8509
BLOCK01/SES012/SA012S11	SES206	-1.08703	12.7638	13.8509
BLOCK01/SES012/SA012S14	SES082	-0.306976	12.523	12.8299
BLOCK01/SES012/SA012S14	SES087	-1.72209	11.1079	12.8299
BLOCK01/SES012/SA012S14	SES206	-0.537828	12.2921	12.8299
BLOCK01/SES012/SA012S14	SES292	-1.49117	11.3388	12.8299
BLOCK01/SES012/SA012S24	SES082	-0.237108	11.7174	11.9545
BLOCK01/SES012/SA012S24	SES087	-1.15932	10.7952	11.9545
BLOCK01/SES012/SA012S24	SES120	-1.6283	10.3262	11.9545
BLOCK01/SES012/SA012S24	SES206	-0.451618	11.5029	11.9545
BLOCK01/SES012/SA012S26	SES019	-3.27068	10.1651	13.4358
BLOCK01/SES012/SA012S26	SES082	-1.58642	11.8494	13.4358
BLOCK01/SES012/SA012S26	SES206	-0.566331	12.8695	13.4358
BLOCK01/SES012/SA012S26	SES292	-1.07871	12.3571	13.4358
BLOCK01/SES012/SA012S29	SES062	-1.07028	12.6711	13.7414
BLOCK01/SES012/SA012S29	SES082	-0.555593	13.1858	13.7414
BLOCK01/SES012/SA012S29	SES083	-1.6561	12.0853	13.7414
BLOCK01/SES012/SA012S29	SES206	-0.473846	13.2675	13.7414
BLOCK01/SES013/SA013S16	SES062	-2.62494	8.52937	11.1543
BLOCK01/SES013/SA013S16	SES106	-0.953488	10.2008	11.1543
BLOCK01/SES013/SA013S16	SES206	-0.935833	10.2185	11.1543
BLOCK01/SES013/SA013S16	SES226	-0.41549	10.7388	11.1543
BLOCK01/SES013/SA013S17	SES062	-2.24395	10.4714	12.7153
BLOCK01/SES013/SA013S17	SES106	-1.61799	11.0974	12.7153
BLOCK01/SES013/SA013S17	SES206	0.330073	13.0454	12.7153
BLOCK01/SES013/SA013S17	SES226	0.0157528	12.7311	12.7153
BLOCK01/SES013/SA013S23	SES104	-0.715062	10.9088	11.6238
BLOCK01/SES013/SA013S23	SES106	-0.223206	11.4006	11.6238
BLOCK01/SES013/SA013S23	SES206	-0.368264	11.2556	11.6238
BLOCK01/SES013/SA013S23	SES270	0.158866	11.7827	11.6238
BLOCK01/SES013/SA013S25	SES042	-1.63623	10.9763	12.6126
BLOCK01/SES013/SA013S25	SES104	-0.430888	12.1817	12.6126
BLOCK01/SES013/SA013S25	SES106	-0.731201	11.8814	12.6126
BLOCK01/SES013/SA013S25	SES206	-0.40287	12.2097	12.6126
BLOCK01/SES013/SA013S29	SES062	-3.12449	8.81986	11.9444
BLOCK01/SES013/SA013S29	SES104	-1.50848	10.4359	11.9444
BLOCK01/SES013/SA013S29	SES106	-1.03312	10.9112	11.9444
BLOCK01/SES013/SA013S29	SES206	-0.806429	11.1379	11.9444
BLOCK02/SES021/SA021S13	SES016	-2.54983	11.0858	13.6356
BLOCK02/SES021/SA021S13	SES029	-0.903069	12.7326	13.6356
BLOCK02/SES021/SA021S13	SES087	-0.738644	12.897	13.6356
BLOCK02/SES021/SA021S13	SES206	-0.856141	12.7795	13.6356
BLOCK02/SES021/SA021S15	SES087	-0.350298	14.3605	14.7108
BLOCK02/SES021/SA021S15	SES125	-0.495522	14.2153	14.7108
BLOCK02/SES021/SA021S15	SES206	-0.362438	14.3484	14.7108
BLOCK02/SES021/SA021S15	SES226	-1.3105	13.4003	14.7108
BLOCK02/SES021/SA021S23	SES062	-2.29272	8.96358	11.2563
BLOCK02/SES021/SA021S23	SES087	-0.00860119	11.2477	11.2563
BLOCK02/SES021/SA021S23	SES206	-0.537999	10.7183	11.2563
BLOCK02/SES021/SA021S23	SES226	-0.173634	11.0827	11.2563
BLOCK02/SES021/SA021S27	SES002	0.0206242	13.2926	13.272
BLOCK02/SES021/SA021S27	SES016	-2.69432	10.5777	13.272
BLOCK02/SES021/SA021S27	SES019	-1.07711	12.1949	13.272
BLOCK02/SES021/SA021S27	SES062	-0.993275	12.2787	13.272
BLOCK02/SES021/SA021S29	SES087	-0.408595	12.8943	13.3029
BLOCK02/SES021/SA021S29	SES125	0.0342703	13.3371	13.3029
BLOCK02/SES021/SA021S29	SES206	-0.108027	13.1948	13.3029
BLOCK02/SES021/SA021S29	SES226	-0.856349	12.4465	13.3029
BLOCK04/SES043/SA043S09	SES083	-0.607726	11.3536	11.9613
BLOCK04/SES043/SA043S09	SES101	-1.13894	10.8224	11.9613
BLOCK04/SES043/SA043S09	SES144	-0.339277	11.622	11.9613
BLOCK04/SES043/SA043S09	SES172	-0.973821	10.9875	11.9613
BLOCK04/SES043/SA043S11	SES083	-0.054966	12.8974	12.9524
BLOCK04/SES043/SA043S11	SES101	-0.873085	12.0793	12.9524
BLOCK04/SES043/SA043S11	SES144	-0.0570383	12.8954	12.9524
BLOCK04/SES043/SA043S11	SES172	-0.572695	12.3797	12.9524
BLOCK04/SES043/SA043S23	SES083	-0.218341	12.7318	12.9501
BLOCK04/SES043/SA043S23	SES144	0.350616	13.3007	12.9501
BLOCK04/SES043/SA043S23	SES177	-1.09719	11.8529	12.9501
BLOCK04/SES043/SA043S23	SES275	-0.484448	12.4656	12.9501
BLOCK04/SES043/SA043S26	SES083	-0.533699	11.423	11.9567
BLOCK04/SES043/SA043S26	SES101	-0.893433	11.0633	11.9567
BLOCK04/SES043/SA043S26	SES144	0.33297	12.2897	11.9567
BLOCK04/SES043/SA043S26	SES177	-1.33129	10.6254	11.9567
BLOCK04/SES043/SA043S28	SES016	-1.48448	11.8575	13.342
BLOCK04/SES043/SA043S28	SES083	-0.103341	13.2387	13.342
BLOCK04/SES043/SA043S28	SES101	-0.442643	12.8993	13.342
BLOCK04/SES043/SA043S28	SES144	-0.920763	12.4212	13.342
BLOCK04/SES044/SA044S10	SES127	-2.17319	8.40132	10.5745
BLOCK04/SES044/SA044S10	SES144	-0.0876989	10.4868	10.5745
BLOCK04/SES044/SA044S10	SES147	-2.17334	8.40117	10.5745
BLOCK04/SES044/SA044S10	SES148	-1.82087	8.75364	10.5745
BLOCK04/SES044/SA044S11	SES101	-0.778772	11.3747	12.1534
BLOCK04/SES044/SA044S11	SES144	0.0613337	12.2148	12.1534
BLOCK04/SES044/SA044S11	SES147	-1.2538	10.8996	12.1534
BLOCK04/SES044/SA044S11	SES177	-1.41142	10.742	12.1534
BLOCK04/SES044/SA044S24	SES007	-2.37455	9.44963	11.8242
BLOCK04/SES044/SA044S24	SES101	-0.732012	11.0922	11.8242
BLOCK04/SES044/SA044S24	SES147	-1.9807	9.84347	11.8242
BLOCK04/SES044/SA044S24	SES177	-1.44334	10.3808	11.8242
BLOCK04/SES044/SA044S26	SES007	-1.6501	10.6304	12.2805
BLOCK04/SES044/SA044S26	SES016	-1.04902	11.2315	12.2805
BLOCK04/SES044/SA044S26	SES101	-0.755521	11.525	12.2805
BLOCK04/SES044/SA044S26	SES147	-0.826568	11.4539	12.2805
BLOCK04/SES044/SA044S29	SES007	-2.30142	11.8529	14.1543
BLOCK04/SES044/SA044S29	SES101	-0.359577	13.7948	14.1543
BLOCK04/SES044/SA044S29	SES147	-1.2275	12.9268	14.1543
BLOCK04/SES044/SA044S29	SES177	-2.27796	11.8764	14.1543
BLOCK04/SES046/SA046S13	SES101	-0.741135	12.2685	13.0096
BLOCK04/SES046/SA046S13	SES144	-0.327227	12.6824	13.0096
BLOCK04/SES046/SA046S13	SES147	-1.64625	11.3634	13.0096
BLOCK04/SES046/SA046S13	SES177	-1.52049	11.4892	13.0096
BLOCK04/SES046/SA046S15	SES048	-0.465643	13.8714	14.337
BLOCK04/SES046/SA046S15	SES083	-0.315202	14.0218	14.337
BLOCK04/SES046/SA046S15	SES120	-2.14302	12.194	14.337
BLOCK04/SES046/SA046S15	SES148	-1.61232	12.7247	14.337
BLOCK04/SES046/SA046S22	SES101	-0.0390396	13.2137	13.2527
BLOCK04/SES046/SA046S22	SES144	-0.261821	12.9909	13.2527
BLOCK04/SES046/SA046S22	SES147	-1.57958	11.6732	13.2527
BLOCK04/SES046/SA046S22	SES172	-0.179166	13.0736	13.2527
BLOCK04/SES046/SA046S25	SES083	-0.802693	11.5345	12.3372
BLOCK04/SES046/SA046S25	SES127	-1.1877	11.1495	12.3372
BLOCK04/SES046/SA046S25	SES144	-1.69284	10.6444	12.3372
BLOCK04/SES046/SA046S25	SES148	-1.64486	10.6924	12.3372
BLOCK04/SES046/SA046S28	SES007	-1.93407	10.3994	12.3335
BLOCK04/SES046/SA046S28	SES105	-2.615	9.71847	12.3335
BLOCK04/SES046/SA046S28	SES147	-2.07304	10.2604	12.3335
BLOCK04/SES046/SA046S28	SES148	-1.0751	11.2584	12.3335
BLOCK04/SES049/SA049S16	SES104	-0.936583	8.8995	9.83608
BLOCK04/SES049/SA049S16	SES106	-0.515819	9.32026	9.83608
BLOCK04/SES049/SA049S16	SES120	-1.04059	8.79549	9.83608
BLOCK04/SES049/SA049S16	SES206	-0.210924	9.62516	9.83608
BLOCK04/SES049/SA049S18	SES099	-0.420855	9.50453	9.92538
BLOCK04/SES049/SA049S18	SES104	-1.05636	8.86902	9.92538
BLOCK04/SES049/SA049S18	SES125	-2.04518	7.88021	9.92538
BLOCK04/SES049/SA049S18	SES206	-0.762327	9.16306	9.92538
BLOCK04/SES049/SA049S25	SES087	-0.498217	10.2909	10.7891
BLOCK04/SES049/SA049S25	SES104	0.584883	11.374	10.7891
BLOCK04/SES049/SA049S25	SES125	-1.16091	9.62819	10.7891
BLOCK04/SES049/SA049S25	SES206	0.154459	10.9436	10.7891
BLOCK04/SES049/SA049S27	SES099	0.0948305	10.8849	10.7901
BLOCK04/SES049/SA049S27	SES104	0.0543909	10.8445	10.7901
BLOCK04/SES049/SA049S27	SES125	-1.14699	9.64309	10.7901
BLOCK04/SES049/SA049S27	SES206	-0.615919	10.1742	10.7901
BLOCK04/SES049/SA049S29	SES099	0.400342	12.3155	11.9152
BLOCK04/SES049/SA049S29	SES104	0.670661	12.5858	11.9152
BLOCK04/SES049/SA049S29	SES125	-0.422102	11.4931	11.9152
BLOCK04/SES049/SA049S29	SES206	0.430952	12.3461	11.9152
BLOCK06/SES063/SA063S09	SES068	-1.23314	13.3029	14.536
BLOCK06/SES063/SA063S09	SES083	-0.488414	14.0476	14.536
BLOCK06/SES063/SA063S09	SES177	-0.860941	13.6751	14.536
BLOCK06/SES063/SA063S09	SES187	-1.19078	13.3453	14.536
BLOCK06/SES063/SA063S10	SES068	-1.57492	11.9813	13.5562
BLOCK06/SES063/SA063S10	SES083	-0.842006	12.7142	13.5562
BLOCK06/SES063/SA063S10	SES172	-1.22057	12.3356	13.5562
BLOCK06/SES063/SA063S10	SES187	-1.26309	12.2931	13.5562
BLOCK06/SES063/SA063S20	SES068	-1.24865	13.148	14.3967
BLOCK06/SES063/SA063S20	SES083	-0.187562	14.2091	14.3967
BLOCK06/SES063/SA063S20	SES172	-0.350172	14.0465	14.3967
BLOCK06/SES063/SA063S20	SES187	-0.519741	13.8769	14.3967
BLOCK06/SES063/SA063S24	SES029	-0.800344	14.1063	14.9067
BLOCK06/SES063/SA063S24	SES083	0.130813	15.0375	14.9067
BLOCK06/SES063/SA063S24	SES177	-0.0978985	14.8088	14.9067
BLOCK06/SES063/SA063S24	SES189	-0.72941	14.1773	14.9067
BLOCK06/SES063/SA063S27	SES083	0.328626	13.7084	13.3797
BLOCK06/SES063/SA063S27	SES172	-0.474593	12.9051	13.3797
BLOCK06/SES063/SA063S27	SES187	-1.27584	12.1039	13.3797
BLOCK06/SES063/SA063S27	SES292	-1.25005	12.1297	13.3797
BLOCK06/SES067/SA067S12	SES083	-1.13985	13.4969	14.6367
BLOCK06/SES067/SA067S12	SES172	-1.19273	13.444	14.6367
BLOCK06/SES067/SA067S12	SES202	-0.383698	14.253	14.6367
BLOCK06/SES067/SA067S12	SES292	-1.37146	13.2653	14.6367
BLOCK06/SES067/SA067S14	SES085	-0.280262	14.6702	14.9505
BLOCK06/SES067/SA067S14	SES177	-0.882883	14.0676	14.9505
BLOCK06/SES067/SA067S14	SES183	0.0722866	15.0228	14.9505
BLOCK06/SES067/SA067S14	SES202	-0.322684	14.6278	14.9505
BLOCK06/SES067/SA067S21	SES144	-0.350317	13.5162	13.8665
BLOCK06/SES067/SA067S21	SES177	-0.463211	13.4033	13.8665
BLOCK06/SES067/SA067S21	SES183	-0.393714	13.4728	13.8665
BLOCK06/SES067/SA067S21	SES189	-0.639393	13.2271	13.8665
BLOCK06/SES067/SA067S25	SES085	-0.15554	14.4607	14.6163
BLOCK06/SES067/SA067S25	SES177	-0.243382	14.3729	14.6163
BLOCK06/SES067/SA067S25	SES183	-0.841774	13.7745	14.6163
BLOCK06/SES067/SA067S25	SES202	-0.594333	14.0219	14.6163
BLOCK06/SES067/SA067S29	SES085	-0.767972	14.6835	15.4514
BLOCK06/SES067/SA067S29	SES177	-0.795547	14.6559	15.4514
BLOCK06/SES067/SA067S29	SES183	-0.259075	15.1924	15.4514
BLOCK06/SES067/SA067S29	SES202	-0.0547085	15.3967	15.4514
BLOCK06/SES069/SA069S12	SES029	-1.69189	10.5264	12.2183
BLOCK06/SES069/SA069S12	SES082	0.13148	12.3498	12.2183
BLOCK06/SES069/SA069S12	SES087	-0.512463	11.7058	12.2183
BLOCK06/SES069/SA069S12	SES206	0.271542	12.4898	12.2183
BLOCK06/SES069/SA069S13	SES029	-2.25784	10.4381	12.6959
BLOCK06/SES069/SA069S13	SES087	-0.510348	12.1855	12.6959
BLOCK06/SES069/SA069S13	SES206	-0.353842	12.3421	12.6959
BLOCK06/SES069/SA069S13	SES226	0.570433	13.2663	12.6959
BLOCK06/SES069/SA069S23	SES029	-0.462698	13.6868	14.1495
BLOCK06/SES069/SA069S23	SES087	0.243942	14.3935	14.1495
BLOCK06/SES069/SA069S23	SES206	-0.759603	13.3899	14.1495
BLOCK06/SES069/SA069S23	SES226	0.64688	14.7964	14.1495
BLOCK06/SES069/SA069S25	SES087	-0.388027	12.8965	13.2845
BLOCK06/SES069/SA069S25	SES206	-1.8109	11.4736	13.2845
BLOCK06/SES069/SA069S25	SES226	0.446109	13.7306	13.2845
BLOCK06/SES069/SA069S25	SES270	-0.995041	12.2895	13.2845
BLOCK06/SES069/SA069S27	SES087	-1.41073	11.7554	13.1662
BLOCK06/SES069/SA069S27	SES206	0.0084734	13.1746	13.1662
BLOCK06/SES069/SA069S27	SES226	0.758849	13.925	13.1662
BLOCK06/SES069/SA069S27	SES270	-0.539914	12.6263	13.1662
BLOCK08/SES081/SA081S11	SES060	-1.23074	12.2467	13.4775
BLOCK08/SES081/SA081S11	SES062	-1.62006	11.8574	13.4775
BLOCK08/SES081/SA081S11	SES117	-1.69372	11.7838	13.4775
BLOCK08/SES081/SA081S11	SES162	-1.10169	12.3758	13.4775
BLOCK08/SES081/SA081S13	SES016	-0.798271	13.1945	13.9927
BLOCK08/SES081/SA081S13	SES060	0.139858	14.1326	13.9927
BLOCK08/SES081/SA081S13	SES068	-0.0989113	13.8938	13.9927
BLOCK08/SES081/SA081S13	SES129	-1.33738	12.6554	13.9927
BLOCK08/SES081/SA081S24	SES060	-0.164457	13.233	13.3975
BLOCK08/SES081/SA081S24	SES068	-0.442758	12.9547	13.3975
BLOCK08/SES081/SA081S24	SES117	-1.55178	11.8457	13.3975
BLOCK08/SES081/SA081S24	SES275	-1.51114	11.8863	13.3975
BLOCK08/SES081/SA081S27	SES007	-0.869597	11.9909	12.8605
BLOCK08/SES081/SA081S27	SES060	-0.934664	11.9258	12.8605
BLOCK08/SES081/SA081S27	SES117	-0.420666	12.4398	12.8605
BLOCK08/SES081/SA081S27	SES275	-1.40474	11.4558	12.8605
BLOCK08/SES081/SA081S29	SES007	-0.5196	13.6633	14.1829
BLOCK08/SES081/SA081S29	SES060	-0.0929766	14.0899	14.1829
BLOCK08/SES081/SA081S29	SES117	-1.04587	13.137	14.1829
BLOCK08/SES081/SA081S29	SES275	-1.59063	12.5922	14.1829
BLOCK08/SES086/SA086S11	SES029	-3.11818	6.83667	9.95484
BLOCK08/SES086/SA086S11	SES082	-0.496917	9.45793	9.95484
BLOCK08/SES086/SA086S11	SES087	0.759632	10.7145	9.95484
BLOCK08/SES086/SA086S11	SES206	-0.869686	9.08516	9.95484
BLOCK08/SES086/SA086S12	SES029	-1.84012	9.12366	10.9638
BLOCK08/SES086/SA086S12	SES082	-0.649464	10.3143	10.9638
BLOCK08/SES086/SA086S12	SES087	1.05684	12.0206	10.9638
BLOCK08/SES086/SA086S12	SES206	-0.530705	10.4331	10.9638
BLOCK08/SES086/SA086S20	SES029	-2.93453	9.63313	12.5677
BLOCK08/SES086/SA086S20	SES082	-1.95926	10.6084	12.5677
BLOCK08/SES086/SA086S20	SES087	0.813572	13.3812	12.5677
BLOCK08/SES086/SA086S20	SES206	-0.0757952	12.4919	12.5677
BLOCK08/SES086/SA086S24	SES087	0.260235	11.4839	11.2236
BLOCK08/SES086/SA086S24	SES104	-1.28223	9.94138	11.2236
BLOCK08/SES086/SA086S24	SES120	-1.8699	9.35372	11.2236
BLOCK08/SES086/SA086S24	SES206	0.239898	11.4635	11.2236
BLOCK08/SES086/SA086S28	SES029	-2.35315	9.6978	12.051
BLOCK08/SES086/SA086S28	SES082	-1.19108	10.8599	12.051
BLOCK08/SES086/SA086S28	SES087	0.064189	12.1151	12.051
BLOCK08/SES086/SA086S28	SES206	-0.353597	11.6974	12.051
BLOCK08/SES089/SA089S13	SES087	-0.273598	10.0607	10.3343
BLOCK08/SES089/SA089S13	SES206	-0.766621	9.5677	10.3343
BLOCK08/SES089/SA089S13	SES226	0.0882378	10.4226	10.3343
BLOCK08/SES089/SA089S13	SES270	-1.49055	8.84377	10.3343
BLOCK08/SES089/SA089S14	SES062	-1.70408	10.1617	11.8657
BLOCK08/SES089/SA089S14	SES087	0.289964	12.1557	11.8657
BLOCK08/SES089/SA089S14	SES206	-0.424618	11.4411	11.8657
BLOCK08/SES089/SA089S14	SES226	-0.820677	11.0451	11.8657
BLOCK08/SES089/SA089S23	SES087	-0.0109558	9.34868	9.35963
BLOCK08/SES089/SA089S23	SES206	-0.476759	8.88287	9.35963
BLOCK08/SES089/SA089S23	SES226	0.0191946	9.37883	9.35963
BLOCK08/SES089/SA089S23	SES270	-0.94221	8.41742	9.35963
BLOCK08/SES089/SA089S25	SES062	-2.0624	9.07685	11.1392
BLOCK08/SES089/SA089S25	SES087	0.211933	11.3512	11.1392
BLOCK08/SES089/SA089S25	SES206	-1.16033	9.97891	11.1392
BLOCK08/SES089/SA089S25	SES226	0.196287	11.3355	11.1392
BLOCK08/SES089/SA089S28	SES062	-0.856888	10.2607	11.1176
BLOCK08/SES089/SA089S28	SES087	0.498829	11.6164	11.1176
BLOCK08/SES089/SA089S28	SES206	0.0679569	11.1856	11.1176
BLOCK08/SES089/SA089S28	SES226	0.32649	11.4441	11.1176
BLOCK09/SES097/SA097S11	SES099	1.37719	11.6789	10.3017
BLOCK09/SES097/SA097S11	SES125	-0.340243	9.96148	10.3017
BLOCK09/SES097/SA097S11	SES206	0.0223408	10.3241	10.3017
BLOCK09/SES097/SA097S11	SES226	1.17121	11.4729	10.3017
BLOCK09/SES097/SA097S14	SES062	-1.22321	9.41789	10.6411
BLOCK09/SES097/SA097S14	SES099	0.284547	10.9256	10.6411
BLOCK09/SES097/SA097S14	SES104	-0.270872	10.3702	10.6411
BLOCK09/SES097/SA097S14	SES206	-0.968936	9.67216	10.6411
BLOCK09/SES097/SA097S22	SES099	1.92573	12.2815	10.3558
BLOCK09/SES097/SA097S22	SES206	-0.159538	10.1962	10.3558
BLOCK09/SES097/SA097S22	SES226	-0.183787	10.172	10.3558
BLOCK09/SES097/SA097S22	SES270	0.56238	10.9181	10.3558
BLOCK09/SES097/SA097S26	SES099	1.07664	12.6187	11.542
BLOCK09/SES097/SA097S26	SES120	-0.432325	11.1097	11.542
BLOCK09/SES097/SA097S26	SES206	-0.290233	11.2518	11.542
BLOCK09/SES097/SA097S26	SES226	-0.975119	10.5669	11.542
BLOCK09/SES097/SA097S28	SES099	0.38683	11.5287	11.1419
BLOCK09/SES097/SA097S28	SES120	-0.565697	10.5762	11.1419
BLOCK09/SES097/SA097S28	SES206	-1.13859	10.0033	11.1419
BLOCK09/SES097/SA097S28	SES226	-1.2428	9.89911	11.1419
BLOCK09/SES098/SA098S11	SES127	-1.49109	11.0698	12.5609
BLOCK09/SES098/SA098S11	SES144	-1.47601	11.0849	12.5609
BLOCK09/SES098/SA098S11	SES147	-0.627765	11.9331	12.5609
BLOCK09/SES098/SA098S11	SES148	-2.78544	9.77546	12.5609
BLOCK09/SES098/SA098S12	SES127	-2.30184	10.309	12.6109
BLOCK09/SES098/SA098S12	SES144	-1.7508	10.8601	12.6109
BLOCK09/SES098/SA098S12	SES147	-1.27627	11.3346	12.6109
BLOCK09/SES098/SA098S12	SES189	-1.04583	11.565	12.6109
BLOCK09/SES098/SA098S20	SES127	-2.0638	11.7977	13.8615
BLOCK09/SES098/SA098S20	SES147	-1.79027	12.0712	13.8615
BLOCK09/SES098/SA098S20	SES148	-2.90532	10.9562	13.8615
BLOCK09/SES098/SA098S20	SES292	-1.49923	12.3623	13.8615
BLOCK09/SES098/SA098S23	SES127	-1.7194	12.7141	14.4335
BLOCK09/SES098/SA098S23	SES147	-1.55934	12.8742	14.4335
BLOCK09/SES098/SA098S23	SES187	-1.01737	13.4161	14.4335
BLOCK09/SES098/SA098S23	SES292	-0.913749	13.5198	14.4335
BLOCK09/SES098/SA098S27	SES127	-2.99108	10.2746	13.2657
BLOCK09/SES098/SA098S27	SES147	-2.7272	10.5385	13.2657
BLOCK09/SES098/SA098S27	SES148	-2.84399	10.4217	13.2657
BLOCK09/SES098/SA098S27	SES292	-1.59567	11.67	13.2657
BLOCK10/SES102/SA102S13	SES101	-0.303382	11.5657	11.8691
BLOCK10/SES102/SA102S13	SES105	-0.856682	11.0124	11.8691
BLOCK10/SES102/SA102S13	SES120	-1.59283	10.2763	11.8691
BLOCK10/SES102/SA102S13	SES158	-1.61401	10.2551	11.8691
BLOCK10/SES102/SA102S14	SES007	-0.145919	13.2866	13.4325
BLOCK10/SES102/SA102S14	SES101	0.059803	13.4924	13.4325
BLOCK10/SES102/SA102S14	SES105	-0.152386	13.2802	13.4325
BLOCK10/SES102/SA102S14	SES147	-2.71693	10.7156	13.4325
BLOCK10/SES102/SA102S22	SES007	-1.27213	11.6	12.8721
BLOCK10/SES102/SA102S22	SES101	0.142374	13.0145	12.8721
BLOCK10/SES102/SA102S22	SES105	-0.378474	12.4936	12.8721
BLOCK10/SES102/SA102S22	SES158	-1.77146	11.1006	12.8721
BLOCK10/SES102/SA102S25	SES007	-0.694514	12.9713	13.6658
BLOCK10/SES102/SA102S25	SES101	-0.191626	13.4741	13.6658
BLOCK10/SES102/SA102S25	SES105	-0.958037	12.7077	13.6658
BLOCK10/SES102/SA102S25	SES147	-2.69524	10.9705	13.6658
BLOCK10/SES102/SA102S27	SES007	-0.607486	12.2438	12.8513
BLOCK10/SES102/SA102S27	SES101	0.289102	13.1404	12.8513
BLOCK10/SES102/SA102S27	SES105	-0.834829	12.0165	12.8513
BLOCK10/SES102/SA102S27	SES147	-1.85665	10.9947	12.8513
BLOCK10/SES103/SA103S14	SES105	-1.75459	7.68217	9.43677
BLOCK10/SES103/SA103S14	SES106	-0.373645	9.06312	9.43677
BLOCK10/SES103/SA103S14	SES120	-2.04388	7.39289	9.43677
BLOCK10/SES103/SA103S14	SES206	-1.73482	7.70194	9.43677
BLOCK10/SES103/SA103S15	SES099	-1.34388	6.79827	8.14215
BLOCK10/SES103/SA103S15	SES101	-3.87528	4.26687	8.14215
BLOCK10/SES103/SA103S15	SES104	-0.898023	7.24412	8.14215
BLOCK10/SES103/SA103S15	SES125	-1.07822	7.06393	8.14215
BLOCK10/SES103/SA103S24	SES104	-1.11852	9.8263	10.9448
BLOCK10/SES103/SA103S24	SES125	-1.50916	9.43566	10.9448
BLOCK10/SES103/SA103S24	SES148	-2.609	8.33581	10.9448
BLOCK10/SES103/SA103S24	SES158	-0.567788	10.377	10.9448
BLOCK10/SES103/SA103S26	SES104	-1.11912	7.48704	8.60615
BLOCK10/SES103/SA103S26	SES106	-0.290896	8.31526	8.60615
BLOCK10/SES103/SA103S26	SES125	-0.953433	7.65272	8.60615
BLOCK10/SES103/SA103S26	SES148	-3.65397	4.95219	8.60615
BLOCK10/SES103/SA103S28	SES104	-1.73179	5.92797	7.65976
BLOCK10/SES103/SA103S28	SES106	-0.171493	7.48827	7.65976
BLOCK10/SES103/SA103S28	SES125	-1.04621	6.61355	7.65976
BLOCK10/SES103/SA103S28	SES206	-1.6103	6.04947	7.65976
BLOCK12/SES121/SA121S12	SES042	-2.4978	4.95841	7.45621
BLOCK12/SES121/SA121S12	SES087	-1.6563	5.79991	7.45621
BLOCK12/SES121/SA121S12	SES105	-0.650043	6.80617	7.45621
BLOCK12/SES121/SA121S12	SES206	-1.42348	6.03273	7.45621
BLOCK12/SES121/SA121S14	SES007	-2.23703	5.64193	7.87896
BLOCK12/SES121/SA121S14	SES105	-1.27692	6.60204	7.87896
BLOCK12/SES121/SA121S14	SES106	-1.38883	6.49013	7.87896
BLOCK12/SES121/SA121S14	SES206	-1.86073	6.01823	7.87896
BLOCK12/SES121/SA121S23	SES105	-0.982707	7.72159	8.7043
BLOCK12/SES121/SA121S23	SES106	0.0150423	8.71934	8.7043
BLOCK12/SES121/SA121S23	SES120	-0.852714	7.85159	8.7043
BLOCK12/SES121/SA121S23	SES206	-0.150697	8.5536	8.7043
BLOCK12/SES121/SA121S25	SES007	-1.5391	4.50842	6.04752
BLOCK12/SES121/SA121S25	SES105	-0.981894	5.06562	6.04752
BLOCK12/SES121/SA121S25	SES106	-0.83566	5.21186	6.04752
BLOCK12/SES121/SA121S25	SES206	-1.92047	4.12705	6.04752
BLOCK12/SES121/SA121S27	SES087	-0.851477	7.44607	8.29754
BLOCK12/SES121/SA121S27	SES105	-2.37285	5.92469	8.29754
BLOCK12/SES121/SA121S27	SES120	-0.387661	7.90988	8.29754
BLOCK12/SES121/SA121S27	SES206	-1.1002	7.19734	8.29754
BLOCK12/SES124/SA124S16	SES042	0.126498	10.8385	10.712
BLOCK12/SES124/SA124S16	SES082	-1.19792	9.51405	10.712
BLOCK12/SES124/SA124S16	SES183	-1.83444	8.87753	10.712
BLOCK12/SES124/SA124S16	SES206	-1.43014	9.28183	10.712
BLOCK12/SES124/SA124S17	SES105	-1.94376	7.13609	9.07985
BLOCK12/SES124/SA124S17	SES149	-2.33142	6.74844	9.07985
BLOCK12/SES124/SA124S17	SES158	-2.03288	7.04697	9.07985
BLOCK12/SES124/SA124S17	SES275	-1.69659	7.38326	9.07985
BLOCK12/SES124/SA124S23	SES105	-1.78505	10.3618	12.1469
BLOCK12/SES124/SA124S23	SES125	0.276874	12.4238	12.1469
BLOCK12/SES124/SA124S23	SES129	-1.87502	10.2719	12.1469
BLOCK12/SES124/SA124S23	SES158	-0.515031	11.6319	12.1469
BLOCK12/SES124/SA124S26	SES105	-2.48867	8.84532	11.334
BLOCK12/SES124/SA124S26	SES125	-0.425186	10.9088	11.334
BLOCK12/SES124/SA124S26	SES129	-2.15811	9.17588	11.334
BLOCK12/SES124/SA124S26	SES158	-0.998687	10.3353	11.334
BLOCK12/SES124/SA124S28	SES104	-0.721043	10.6719	11.393
BLOCK12/SES124/SA124S28	SES106	-0.359632	11.0333	11.393
BLOCK12/SES124/SA124S28	SES125	0.266226	11.6592	11.393
BLOCK12/SES124/SA124S28	SES275	-2.00242	9.39054	11.393
BLOCK12/SES126/SA126S13	SES007	-1.32224	10.5636	11.8858
BLOCK12/SES126/SA126S13	SES162	-1.58168	10.3041	11.8858
BLOCK12/SES126/SA126S13	SES177	-1.18315	10.7026	11.8858
BLOCK12/SES126/SA126S13	SES180	-1.26249	10.6233	11.8858
BLOCK12/SES126/SA126S14	SES144	-0.490877	13.6138	14.1047
BLOCK12/SES126/SA126S14	SES148	-1.30788	12.7968	14.1047
BLOCK12/SES126/SA126S14	SES177	-0.363439	13.7412	14.1047
BLOCK12/SES126/SA126S14	SES180	-1.2831	12.8216	14.1047
BLOCK12/SES126/SA126S20	SES007	-0.993986	12.1481	13.1421
BLOCK12/SES126/SA126S20	SES162	-1.39636	11.7457	13.1421
BLOCK12/SES126/SA126S20	SES172	-1.50723	11.6349	13.1421
BLOCK12/SES126/SA126S20	SES180	-1.4283	11.7138	13.1421
BLOCK12/SES126/SA126S24	SES120	-0.730386	14.1258	14.8562
BLOCK12/SES126/SA126S24	SES162	-1.23887	13.6173	14.8562
BLOCK12/SES126/SA126S24	SES177	-0.191179	14.665	14.8562
BLOCK12/SES126/SA126S24	SES180	-0.581869	14.2743	14.8562
BLOCK12/SES126/SA126S26	SES120	-0.230114	12.9216	13.1517
BLOCK12/SES126/SA126S26	SES177	-1.12964	12.022	13.1517
BLOCK12/SES126/SA126S26	SES180	-0.940706	12.211	13.1517
BLOCK12/SES126/SA126S26	SES202	-1.24843	11.9033	13.1517
BLOCK12/SES128/SA128S10	SES087	-1.99508	9.7233	11.7184
BLOCK12/SES128/SA128S10	SES206	-1.07493	10.6434	11.7184
BLOCK12/SES128/SA128S10	SES226	-0.21693	11.5014	11.7184
BLOCK12/SES128/SA128S10	SES270	-0.294826	11.4236	11.7184
BLOCK12/SES128/SA128S12	SES120	-0.915297	10.3948	11.3101
BLOCK12/SES128/SA128S12	SES158	-1.71402	9.59604	11.3101
BLOCK12/SES128/SA128S12	SES206	-0.970642	10.3394	11.3101
BLOCK12/SES128/SA128S12	SES226	-1.37862	9.93144	11.3101
BLOCK12/SES128/SA128S21	SES106	-1.94791	8.75923	10.7071
BLOCK12/SES128/SA128S21	SES120	-1.95639	8.75076	10.7071
BLOCK12/SES128/SA128S21	SES206	-1.50746	9.19969	10.7071
BLOCK12/SES128/SA128S21	SES226	-0.289286	10.4179	10.7071
BLOCK12/SES128/SA128S24	SES087	-1.35238	9.09259	10.445
BLOCK12/SES128/SA128S24	SES120	-0.479509	9.96546	10.445
BLOCK12/SES128/SA128S24	SES206	-0.8973	9.54766	10.445
BLOCK12/SES128/SA128S24	SES226	-0.759358	9.68561	10.445
BLOCK12/SES128/SA128S27	SES099	-0.620614	11.7808	12.4014
BLOCK12/SES128/SA128S27	SES120	-0.475553	11.9259	12.4014
BLOCK12/SES128/SA128S27	SES206	-0.736244	11.6652	12.4014
BLOCK12/SES128/SA128S27	SES226	-0.631708	11.7697	12.4014
BLOCK13/SES130/SA130S13	SES143	-0.75248	11.216	11.9685
BLOCK13/SES130/SA130S13	SES144	0.0147524	11.9832	11.9685
BLOCK13/SES130/SA130S13	SES146	-0.8011	11.1674	11.9685
BLOCK13/SES130/SA130S13	SES275	-2.15296	9.81552	11.9685
BLOCK13/SES130/SA130S15	SES143	-0.96007	12.5603	13.5204
BLOCK13/SES130/SA130S15	SES144	-0.0422354	13.4782	13.5204
BLOCK13/SES130/SA130S15	SES146	-0.185743	13.3347	13.5204
BLOCK13/SES130/SA130S15	SES275	-0.797872	12.7225	13.5204
BLOCK13/SES130/SA130S23	SES127	-0.9458	10.3588	11.3046
BLOCK13/SES130/SA130S23	SES144	-1.17212	10.1325	11.3046
BLOCK13/SES130/SA130S23	SES146	-0.0749083	11.2297	11.3046
BLOCK13/SES130/SA130S23	SES162	-0.53362	10.771	11.3046
BLOCK13/SES130/SA130S25	SES127	-0.146125	12.8433	12.9894
BLOCK13/SES130/SA130S25	SES144	-0.315966	12.6734	12.9894
BLOCK13/SES130/SA130S25	SES146	0.294534	13.2839	12.9894
BLOCK13/SES130/SA130S25	SES275	-0.633449	12.3559	12.9894
BLOCK13/SES130/SA130S28	SES127	-0.576101	11.9197	12.4958
BLOCK13/SES130/SA130S28	SES144	-1.0742	11.4216	12.4958
BLOCK13/SES130/SA130S28	SES146	-0.459342	12.0365	12.4958
BLOCK13/SES130/SA130S28	SES275	-0.686861	11.809	12.4958
BLOCK13/SES131/SA131S13	SES002	-1.55622	6.6721	8.22832
BLOCK13/SES131/SA131S13	SES007	-2.11713	6.11119	8.22832
BLOCK13/SES131/SA131S13	SES099	-1.55284	6.67548	8.22832
BLOCK13/SES131/SA131S13	SES105	-1.35214	6.87618	8.22832
BLOCK13/SES131/SA131S14	SES104	-0.129319	9.92618	10.0555
BLOCK13/SES131/SA131S14	SES106	-0.860347	9.19516	10.0555
BLOCK13/SES131/SA131S14	SES125	-1.20444	8.85106	10.0555
BLOCK13/SES131/SA131S14	SES148	-1.03559	9.01992	10.0555
BLOCK13/SES131/SA131S20	SES104	-2.23003	6.17933	8.40936
BLOCK13/SES131/SA131S20	SES106	-1.43829	6.97107	8.40936
BLOCK13/SES131/SA131S20	SES125	-2.71977	5.68959	8.40936
BLOCK13/SES131/SA131S20	SES148	-1.76729	6.64207	8.40936
BLOCK13/SES131/SA131S22	SES099	-1.28074	8.51946	9.8002
BLOCK13/SES131/SA131S22	SES104	-1.50547	8.29473	9.8002
BLOCK13/SES131/SA131S22	SES125	-1.50734	8.29286	9.8002
BLOCK13/SES131/SA131S22	SES206	-1.71015	8.09005	9.8002
BLOCK13/SES131/SA131S29	SES087	-1.29168	7.55967	8.85135
BLOCK13/SES131/SA131S29	SES104	-2.332	6.51935	8.85135
BLOCK13/SES131/SA131S29	SES125	-2.51679	6.33455	8.85135
BLOCK13/SES131/SA131S29	SES206	-2.20876	6.64259	8.85135
BLOCK13/SES132/SA132S11	SES083	-1.35468	13.0117	14.3664
BLOCK13/SES132/SA132S11	SES120	-0.337647	14.0287	14.3664
BLOCK13/SES132/SA132S11	SES127	-1.22378	13.1426	14.3664
BLOCK13/SES132/SA132S11	SES275	-1.5694	12.797	14.3664
BLOCK13/SES132/SA132S12	SES083	-1.85332	10.9955	12.8488
BLOCK13/SES132/SA132S12	SES143	-1.06193	11.7869	12.8488
BLOCK13/SES132/SA132S12	SES144	-0.92989	11.9189	12.8488
BLOCK13/SES132/SA132S12	SES148	-0.945026	11.9038	12.8488
BLOCK13/SES132/SA132S22	SES062	-0.950727	13.3815	14.3322
BLOCK13/SES132/SA132S22	SES083	-1.2381	13.0941	14.3322
BLOCK13/SES132/SA132S22	SES127	-1.09328	13.2389	14.3322
BLOCK13/SES132/SA132S22	SES275	-1.37073	12.9615	14.3322
BLOCK13/SES132/SA132S24	SES007	-1.04545	13.693	14.7384
BLOCK13/SES132/SA132S24	SES083	-1.41703	13.3214	14.7384
BLOCK13/SES132/SA132S24	SES127	-1.78979	12.9487	14.7384
BLOCK13/SES132/SA132S24	SES275	-1.23129	13.5072	14.7384
BLOCK13/SES132/SA132S27	SES083	-1.39421	12.1242	13.5184
BLOCK13/SES132/SA132S27	SES120	0.0691118	13.5875	13.5184
BLOCK13/SES132/SA132S27	SES127	-1.60112	11.9173	13.5184
BLOCK13/SES132/SA132S27	SES275	-1.80926	11.7091	13.5184
BLOCK14/SES141/SA141S09	SES143	-0.705542	12.958	13.6636
BLOCK14/SES141/SA141S09	SES144	-0.201275	13.4623	13.6636
BLOCK14/SES141/SA141S09	SES162	-1.15575	12.5078	13.6636
BLOCK14/SES141/SA141S09	SES180	-0.863765	12.7998	13.6636
BLOCK14/SES141/SA141S15	SES127	-0.594001	13.4752	14.0692
BLOCK14/SES141/SA141S15	SES144	-0.76435	13.3049	14.0692
BLOCK14/SES141/SA141S15	SES162	-1.57918	12.4901	14.0692
BLOCK14/SES141/SA141S15	SES180	-0.826629	13.2426	14.0692
BLOCK14/SES141/SA141S24	SES127	-0.55857	13.5533	14.1119
BLOCK14/SES141/SA141S24	SES144	-0.725692	13.3862	14.1119
BLOCK14/SES141/SA141S24	SES162	-0.972542	13.1394	14.1119
BLOCK14/SES141/SA141S24	SES183	-1.41983	12.6921	14.1119
BLOCK14/SES141/SA141S26	SES142	-0.341404	13.8023	14.1437
BLOCK14/SES141/SA141S26	SES144	-0.427485	13.7162	14.1437
BLOCK14/SES141/SA141S26	SES172	-0.154263	13.9894	14.1437
BLOCK14/SES141/SA141S26	SES180	-0.437953	13.7057	14.1437
BLOCK14/SES141/SA141S29	SES127	-0.076889	14.0842	14.1611
BLOCK14/SES141/SA141S29	SES142	0.17712	14.3382	14.1611
BLOCK14/SES141/SA141S29	SES144	-0.369189	13.7919	14.1611
BLOCK14/SES141/SA141S29	SES180	-0.308466	13.8526	14.1611
BLOCK15/SES157/SA157S08	SES083	-1.67567	11.9262	13.6019
BLOCK15/SES157/SA157S08	SES127	-0.677784	12.9241	13.6019
BLOCK15/SES157/SA157S08	SES148	-1.04185	12.5601	13.6019
BLOCK15/SES157/SA157S08	SES292	-1.73039	11.8715	13.6019
BLOCK15/SES157/SA157S11	SES083	-1.71133	11.226	12.9373
BLOCK15/SES157/SA157S11	SES127	-1.06173	11.8756	12.9373
BLOCK15/SES157/SA157S11	SES148	-1.87573	11.0616	12.9373
BLOCK15/SES157/SA157S11	SES292	-1.80039	11.1369	12.9373
BLOCK15/SES157/SA157S21	SES127	-0.577345	12.4061	12.9834
BLOCK15/SES157/SA157S21	SES148	-0.328797	12.6546	12.9834
BLOCK15/SES157/SA157S21	SES158	-4.41753	8.56589	12.9834
BLOCK15/SES157/SA157S21	SES292	-1.33512	11.6483	12.9834
BLOCK15/SES157/SA157S24	SES127	-0.42795	13.2166	13.6446
BLOCK15/SES157/SA157S24	SES148	-1.34974	12.2949	13.6446
BLOCK15/SES157/SA157S24	SES183	-1.54845	12.0961	13.6446
BLOCK15/SES157/SA157S24	SES292	-1.82647	11.8181	13.6446
BLOCK15/SES157/SA157S26	SES007	-0.803692	11.7264	12.5301
BLOCK15/SES157/SA157S26	SES127	-0.882266	11.6479	12.5301
BLOCK15/SES157/SA157S26	SES147	-1.73837	10.7918	12.5301
BLOCK15/SES157/SA157S26	SES148	-0.772701	11.7574	12.5301
BLOCK16/SES161/SA161S10	SES007	-1.42489	8.08251	9.5074
BLOCK16/SES161/SA161S10	SES105	-0.804046	8.70336	9.5074
BLOCK16/SES161/SA161S10	SES158	-1.07407	8.43333	9.5074
BLOCK16/SES161/SA161S10	SES275	-0.956655	8.55075	9.5074
BLOCK16/SES161/SA161S12	SES007	-1.70401	8.16652	9.87052
BLOCK16/SES161/SA161S12	SES105	-1.98871	7.88182	9.87052
BLOCK16/SES161/SA161S12	SES158	-1.12319	8.74734	9.87052
BLOCK16/SES161/SA161S12	SES275	-1.17987	8.69065	9.87052
BLOCK16/SES161/SA161S20	SES007	-2.00119	6.78314	8.78433
BLOCK16/SES161/SA161S20	SES105	-1.56996	7.21437	8.78433
BLOCK16/SES161/SA161S20	SES158	-0.75237	8.03196	8.78433
BLOCK16/SES161/SA161S20	SES275	-1.90601	6.87832	8.78433
BLOCK16/SES161/SA161S23	SES007	-2.14607	8.32153	10.4676
BLOCK16/SES161/SA161S23	SES105	-1.11093	9.35667	10.4676
BLOCK16/SES161/SA161S23	SES148	-1.18148	9.28612	10.4676
BLOCK16/SES161/SA161S23	SES158	-1.30075	9.16686	10.4676
BLOCK16/SES161/SA161S28	SES007	-2.11272	8.47931	10.592
BLOCK16/SES161/SA161S28	SES105	-1.8769	8.71513	10.592
BLOCK16/SES161/SA161S28	SES158	-0.812938	9.7791	10.592
BLOCK16/SES161/SA161S28	SES206	-1.04052	9.55151	10.592
BLOCK16/SES164/SA164S11	SES104	-0.991032	10.6248	11.6158
BLOCK16/SES164/SA164S11	SES125	-0.579176	11.0366	11.6158
BLOCK16/SES164/SA164S11	SES158	-0.241973	11.3738	11.6158
BLOCK16/SES164/SA164S11	SES206	-1.41791	10.1979	11.6158
BLOCK16/SES164/SA164S13	SES099	-0.498949	9.51267	10.0116
BLOCK16/SES164/SA164S13	SES104	-0.945541	9.06608	10.0116
BLOCK16/SES164/SA164S13	SES125	-0.744022	9.2676	10.0116
BLOCK16/SES164/SA164S13	SES206	-0.763134	9.24848	10.0116
BLOCK16/SES164/SA164S24	SES002	0.509037	11.3562	10.8471
BLOCK16/SES164/SA164S24	SES099	-0.497691	10.3494	10.8471
BLOCK16/SES164/SA164S24	SES125	-1.25893	9.58821	10.8471
BLOCK16/SES164/SA164S24	SES226	0.618102	11.4652	10.8471
BLOCK16/SES164/SA164S27	SES087	-0.628264	9.32279	9.95105
BLOCK16/SES164/SA164S27	SES125	-0.680057	9.271	9.95105
BLOCK16/SES164/SA164S27	SES206	-1.09685	8.8542	9.95105
BLOCK16/SES164/SA164S27	SES226	-0.226709	9.72434	9.95105
BLOCK16/SES164/SA164S29	SES002	0.620377	11.1713	10.5509
BLOCK16/SES164/SA164S29	SES019	-1.33046	9.22046	10.5509
BLOCK16/SES164/SA164S29	SES125	-0.958979	9.59194	10.5509
BLOCK16/SES164/SA164S29	SES226	-0.968089	9.58283	10.5509
BLOCK16/SES169/SA169S13	SES117	-1.20252	10.6263	11.8288
BLOCK16/SES169/SA169S13	SES144	-0.549404	11.2794	11.8288
BLOCK16/SES169/SA169S13	SES146	-0.635197	11.1936	11.8288
BLOCK16/SES169/SA169S13	SES162	-0.411668	11.4171	11.8288
BLOCK16/SES169/SA169S14	SES144	-1.49824	11.46	12.9582
BLOCK16/SES169/SA169S14	SES148	-1.13139	11.8268	12.9582
BLOCK16/SES169/SA169S14	SES177	-1.04564	11.9126	12.9582
BLOCK16/SES169/SA169S14	SES180	-1.196	11.7622	12.9582
BLOCK16/SES169/SA169S24	SES117	-1.15928	9.85365	11.0129
BLOCK16/SES169/SA169S24	SES144	-0.323149	10.6898	11.0129
BLOCK16/SES169/SA169S24	SES146	-0.268799	10.7441	11.0129
BLOCK16/SES169/SA169S24	SES162	-0.55325	10.4597	11.0129
BLOCK16/SES169/SA169S27	SES127	-0.797317	10.8827	11.68
BLOCK16/SES169/SA169S27	SES129	-0.292754	11.3872	11.68
BLOCK16/SES169/SA169S27	SES144	-0.5559	11.1241	11.68
BLOCK16/SES169/SA169S27	SES146	0.0848417	11.7648	11.68
BLOCK16/SES169/SA169S29	SES144	-0.406973	12.1845	12.5915
BLOCK16/SES169/SA169S29	SES162	-0.172091	12.4194	12.5915
BLOCK16/SES169/SA169S29	SES177	-1.60872	10.9828	12.5915
BLOCK16/SES169/SA169S29	SES180	-0.585079	12.0064	12.5915
BLOCK17/SES171/SA171S12	SES083	-1.15433	11.1786	12.3329
BLOCK17/SES171/SA171S12	SES148	-1.88031	10.4526	12.3329
BLOCK17/SES171/SA171S12	SES172	-0.964145	11.3688	12.3329
BLOCK17/SES171/SA171S12	SES292	-2.01332	10.3196	12.3329
BLOCK17/SES171/SA171S15	SES148	-1.7264	10.2961	12.0225
BLOCK17/SES171/SA171S15	SES177	-0.612741	11.4098	12.0225
BLOCK17/SES171/SA171S15	SES180	-1.9682	10.0543	12.0225
BLOCK17/SES171/SA171S15	SES292	-1.51691	10.5056	12.0225
BLOCK17/SES171/SA171S22	SES007	-1.22052	11.8444	13.065
BLOCK17/SES171/SA171S22	SES148	-1.57963	11.4853	13.065
BLOCK17/SES171/SA171S22	SES177	-0.731145	12.3338	13.065
BLOCK17/SES171/SA171S22	SES180	-2.13255	10.9324	13.065
BLOCK17/SES171/SA171S25	SES101	-1.00018	12.4831	13.4832
BLOCK17/SES171/SA171S25	SES120	-2.13244	11.3508	13.4832
BLOCK17/SES171/SA171S25	SES177	-0.349833	13.1334	13.4832
BLOCK17/SES171/SA171S25	SES180	-1.46173	12.0215	13.4832
BLOCK17/SES171/SA171S27	SES177	-0.121446	12.6941	12.8156
BLOCK17/SES171/SA171S27	SES180	-1.87808	10.9375	12.8156
BLOCK17/SES171/SA171S27	SES189	-0.527253	12.2883	12.8156
BLOCK17/SES171/SA171S27	SES292	-1.48614	11.3295	12.8156
BLOCK17/SES173/SA173S13	SES162	-2.88461	11.0849	13.9696
BLOCK17/SES173/SA173S13	SES177	-1.30942	12.6601	13.9696
BLOCK17/SES173/SA173S13	SES180	-2.14169	11.8279	13.9696
BLOCK17/SES173/SA173S13	SES292	-0.682372	13.2872	13.9696
BLOCK17/SES173/SA173S14	SES007	-1.44473	10.5394	11.9841
BLOCK17/SES173/SA173S14	SES162	-2.48734	9.49681	11.9841
BLOCK17/SES173/SA173S14	SES177	-0.983056	11.0011	11.9841
BLOCK17/SES173/SA173S14	SES180	-2.03142	9.95272	11.9841
BLOCK17/SES173/SA173S24	SES144	-1.63206	10.4645	12.0966
BLOCK17/SES173/SA173S24	SES162	-1.78951	10.3071	12.0966
BLOCK17/SES173/SA173S24	SES177	-0.919855	11.1767	12.0966
BLOCK17/SES173/SA173S24	SES180	-1.92142	10.1751	12.0966
BLOCK17/SES173/SA173S27	SES162	-3.03911	11.1387	14.1778
BLOCK17/SES173/SA173S27	SES177	-0.745184	13.4326	14.1778
BLOCK17/SES173/SA173S27	SES180	-1.51335	12.6644	14.1778
BLOCK17/SES173/SA173S27	SES292	-0.424522	13.7533	14.1778
BLOCK17/SES173/SA173S29	SES162	-1.77026	11.1389	12.9091
BLOCK17/SES173/SA173S29	SES175	-0.780995	12.1282	12.9091
BLOCK17/SES173/SA173S29	SES177	-0.354671	12.5545	12.9091
BLOCK17/SES173/SA173S29	SES292	-1.47184	11.4373	12.9091
BLOCK18/SES182/SA182S10	SES144	-0.652786	11.4888	12.1416
BLOCK18/SES182/SA182S10	SES177	-1.03544	11.1061	12.1416
BLOCK18/SES182/SA182S10	SES180	-1.50416	10.6374	12.1416
BLOCK18/SES182/SA182S10	SES275	-0.0255442	12.116	12.1416
BLOCK18/SES182/SA182S12	SES144	0.123927	13.1709	13.047
BLOCK18/SES182/SA182S12	SES177	-0.153785	12.8932	13.047
BLOCK18/SES182/SA182S12	SES180	-0.781338	12.2656	13.047
BLOCK18/SES182/SA182S12	SES275	-0.201956	12.845	13.047
BLOCK18/SES182/SA182S21	SES117	-0.87183	11.3411	12.2129
BLOCK18/SES182/SA182S21	SES144	-0.591726	11.6212	12.2129
BLOCK18/SES182/SA182S21	SES162	-0.636881	11.576	12.2129
BLOCK18/SES182/SA182S21	SES180	-1.34569	10.8672	12.2129
BLOCK18/SES182/SA182S23	SES117	-0.574285	12.4594	13.0337
BLOCK18/SES182/SA182S23	SES144	-1.16782	11.8659	13.0337
BLOCK18/SES182/SA182S23	SES180	-1.27635	11.7573	13.0337
BLOCK18/SES182/SA182S23	SES275	-0.438617	12.5951	13.0337
BLOCK18/SES182/SA182S25	SES007	0.376726	13.3533	12.9766
BLOCK18/SES182/SA182S25	SES162	-0.478792	12.4978	12.9766
BLOCK18/SES182/SA182S25	SES177	-0.443995	12.5326	12.9766
BLOCK18/SES182/SA182S25	SES180	-0.993514	11.9831	12.9766
BLOCK18/SES184/SA184S12	SES177	-0.890188	12.2796	13.1698
BLOCK18/SES184/SA184S12	SES180	-0.943963	12.2258	13.1698
BLOCK18/SES184/SA184S12	SES189	-1.6257	11.5441	13.1698
BLOCK18/SES184/SA184S12	SES292	-1.19137	11.9784	13.1698
BLOCK18/SES184/SA184S13	SES101	-1.40127	11.5817	12.983
BLOCK18/SES184/SA184S13	SES177	-0.9971	11.9859	12.983
BLOCK18/SES184/SA184S13	SES180	-1.42715	11.5558	12.983
BLOCK18/SES184/SA184S13	SES292	-1.6321	11.3509	12.983
BLOCK18/SES184/SA184S22	SES177	-1.02068	14.0227	15.0434
BLOCK18/SES184/SA184S22	SES180	-1.08194	13.9614	15.0434
BLOCK18/SES184/SA184S22	SES189	-1.92039	13.123	15.0434
BLOCK18/SES184/SA184S22	SES292	-1.34261	13.7007	15.0434
BLOCK18/SES184/SA184S25	SES101	-0.62752	14.2921	14.9196
BLOCK18/SES184/SA184S25	SES177	-1.33453	13.5851	14.9196
BLOCK18/SES184/SA184S25	SES180	-1.16739	13.7523	14.9196
BLOCK18/SES184/SA184S25	SES292	-1.1068	13.8128	14.9196
BLOCK18/SES184/SA184S27	SES083	-1.32145	11.5539	12.8754
BLOCK18/SES184/SA184S27	SES177	-0.919038	11.9563	12.8754
BLOCK18/SES184/SA184S27	SES202	-1.05515	11.8202	12.8754
BLOCK18/SES184/SA184S27	SES292	-1.09997	11.7754	12.8754
BLOCK20/SES204/SA204S12	SES062	-1.26935	11.4774	12.7468
BLOCK20/SES204/SA204S12	SES083	-2.14727	10.5995	12.7468
BLOCK20/SES204/SA204S12	SES206	-1.18299	11.5638	12.7468
BLOCK20/SES204/SA204S12	SES226	-1.66183	11.085	12.7468
BLOCK20/SES204/SA204S14	SES068	-0.770427	13.1925	13.9629
BLOCK20/SES204/SA204S14	SES087	-0.0185747	13.9443	13.9629
BLOCK20/SES204/SA204S14	SES206	-1.40666	12.5562	13.9629
BLOCK20/SES204/SA204S14	SES226	-1.54017	12.4227	13.9629
BLOCK20/SES204/SA204S22	SES068	-0.766232	11.676	12.4422
BLOCK20/SES204/SA204S22	SES082	-2.59466	9.84752	12.4422
BLOCK20/SES204/SA204S22	SES083	-2.44804	9.99414	12.4422
BLOCK20/SES204/SA204S22	SES206	-1.34922	11.093	12.4422
BLOCK20/SES204/SA204S25	SES062	-1.82117	10.9863	12.8075
BLOCK20/SES204/SA204S25	SES083	-1.7359	11.0716	12.8075
BLOCK20/SES204/SA204S25	SES206	-0.68204	12.1255	12.8075
BLOCK20/SES204/SA204S25	SES226	-1.23937	11.5681	12.8075
BLOCK20/SES204/SA204S27	SES068	-0.426747	11.252	11.6788
BLOCK20/SES204/SA204S27	SES082	-1.98137	9.69738	11.6788
BLOCK20/SES204/SA204S27	SES087	-0.184821	11.4939	11.6788
BLOCK20/SES204/SA204S27	SES206	-0.687099	10.9917	11.6788
BLOCK20/SES207/SA207S10	SES127	-1.37966	11.1635	12.5431
BLOCK20/SES207/SA207S10	SES183	-1.86415	10.679	12.5431
BLOCK20/SES207/SA207S10	SES189	-1.42661	11.1165	12.5431
BLOCK20/SES207/SA207S10	SES292	-1.34326	11.1999	12.5431
BLOCK20/SES207/SA207S11	SES127	-1.75778	10.514	12.2717
BLOCK20/SES207/SA207S11	SES183	-1.52328	10.7485	12.2717
BLOCK20/SES207/SA207S11	SES187	-1.21688	11.0549	12.2717
BLOCK20/SES207/SA207S11	SES292	-0.910009	11.3617	12.2717
BLOCK20/SES207/SA207S25	SES068	-1.49964	11.8146	13.3142
BLOCK20/SES207/SA207S25	SES083	-1.46251	11.8517	13.3142
BLOCK20/SES207/SA207S25	SES127	-0.980952	12.3333	13.3142
BLOCK20/SES207/SA207S25	SES187	-1.10458	12.2097	13.3142
BLOCK20/SES207/SA207S27	SES127	-1.66583	9.63268	11.2985
BLOCK20/SES207/SA207S27	SES183	-0.785995	10.5125	11.2985
BLOCK20/SES207/SA207S27	SES187	-1.80847	9.49004	11.2985
BLOCK20/SES207/SA207S27	SES292	-1.74867	9.54983	11.2985
BLOCK20/SES207/SA207S29	SES083	-1.35723	12.584	13.9412
BLOCK20/SES207/SA207S29	SES085	-0.807184	13.134	13.9412
BLOCK20/SES207/SA207S29	SES172	-0.243547	13.6976	13.9412
BLOCK20/SES207/SA207S29	SES189	-1.75136	12.1898	13.9412
BLOCK22/SES221/SA221S12	SES068	0.0782318	15.035	14.9568
BLOCK22/SES221/SA221S12	SES143	-0.857245	14.0995	14.9568
BLOCK22/SES221/SA221S12	SES175	-0.0992422	14.8575	14.9568
BLOCK22/SES221/SA221S12	SES202	-0.590602	14.3662	14.9568
BLOCK22/SES221/SA221S15	SES085	0.0689745	13.4946	13.4256
BLOCK22/SES221/SA221S15	SES143	-1.75762	11.668	13.4256
BLOCK22/SES221/SA221S15	SES175	-0.214606	13.211	13.4256
BLOCK22/SES221/SA221S15	SES187	-0.760677	12.665	13.4256
BLOCK22/SES221/SA221S23	SES068	-0.426833	14.0644	14.4912
BLOCK22/SES221/SA221S23	SES143	-1.39733	13.0939	14.4912
BLOCK22/SES221/SA221S23	SES175	-0.0490942	14.4421	14.4912
BLOCK22/SES221/SA221S23	SES189	-0.00160217	14.4896	14.4912
BLOCK22/SES221/SA221S27	SES085	1.33347	16.3928	15.0593
BLOCK22/SES221/SA221S27	SES143	-0.523717	14.5356	15.0593
BLOCK22/SES221/SA221S27	SES175	0.55567	15.615	15.0593
BLOCK22/SES221/SA221S27	SES189	0.614056	15.6734	15.0593
BLOCK22/SES221/SA221S29	SES085	0.504732	15.2352	14.7305
BLOCK22/SES221/SA221S29	SES143	-0.586707	14.1438	14.7305
BLOCK22/SES221/SA221S29	SES175	0.065177	14.7956	14.7305
BLOCK22/SES221/SA221S29	SES187	-0.386927	14.3435	14.7305
BLOCK22/SES223/SA223S11	SES143	-1.1274	12.1782	13.3056
BLOCK22/SES223/SA223S11	SES144	-2.13438	11.1712	13.3056
BLOCK22/SES223/SA223S11	SES175	-0.476656	12.8289	13.3056
BLOCK22/SES223/SA223S11	SES187	-1.33889	11.9667	13.3056
BLOCK22/SES223/SA223S13	SES068	-0.464938	10.8673	11.3322
BLOCK22/SES223/SA223S13	SES143	-1.75283	9.57941	11.3322
BLOCK22/SES223/SA223S13	SES146	-1.93059	9.40164	11.3322
BLOCK22/SES223/SA223S13	SES202	-0.737568	10.5947	11.3322
BLOCK22/SES223/SA223S22	SES143	-1.25825	12.5252	13.7835
BLOCK22/SES223/SA223S22	SES144	-2.41581	11.3677	13.7835
BLOCK22/SES223/SA223S22	SES175	-0.328419	13.4551	13.7835
BLOCK22/SES223/SA223S22	SES187	-0.444766	13.3387	13.7835
BLOCK22/SES223/SA223S25	SES068	-0.327685	13.7724	14.1001
BLOCK22/SES223/SA223S25	SES143	-1.36206	12.7381	14.1001
BLOCK22/SES223/SA223S25	SES175	-0.863415	13.2367	14.1001
BLOCK22/SES223/SA223S25	SES187	-1.05655	13.0436	14.1001
BLOCK22/SES223/SA223S27	SES143	-0.456601	13.3044	13.761
BLOCK22/SES223/SA223S27	SES146	-1.19619	12.5648	13.761
BLOCK22/SES223/SA223S27	SES187	-0.907395	12.8536	13.761
BLOCK22/SES223/SA223S27	SES292	-0.528393	13.2326	13.761
BLOCK27/SES273/SA273S12	SES099	-0.0605459	13.4998	13.5603
BLOCK27/SES273/SA273S12	SES104	-0.0930376	13.4673	13.5603
BLOCK27/SES273/SA273S12	SES125	-0.78094	12.7794	13.5603
BLOCK27/SES273/SA273S12	SES206	-0.147099	13.4132	13.5603
BLOCK27/SES273/SA273S13	SES099	-0.616317	13.5423	14.1586
BLOCK27/SES273/SA273S13	SES104	-0.99269	13.1659	14.1586
BLOCK27/SES273/SA273S13	SES206	-0.641907	13.5167	14.1586
BLOCK27/SES273/SA273S13	SES292	-0.75962	13.399	14.1586
BLOCK27/SES273/SA273S21	SES099	-0.0958595	13.8242	13.92
BLOCK27/SES273/SA273S21	SES148	-2.40899	11.511	13.92
BLOCK27/SES273/SA273S21	SES149	-1.79352	12.1265	13.92
BLOCK27/SES273/SA273S21	SES177	-2.01673	11.9033	13.92
BLOCK27/SES273/SA273S25	SES104	-1.01838	11.7829	12.8013
BLOCK27/SES273/SA273S25	SES125	-0.941799	11.8595	12.8013
BLOCK27/SES273/SA273S25	SES158	-0.184661	12.6166	12.8013
BLOCK27/SES273/SA273S25	SES206	0.176649	12.9779	12.8013
BLOCK27/SES273/SA273S27	SES099	-0.281626	12.8365	13.1181
BLOCK27/SES273/SA273S27	SES104	-0.995859	12.1222	13.1181
BLOCK27/SES273/SA273S27	SES149	-0.896009	12.2221	13.1181
BLOCK27/SES273/SA273S27	SES275	-1.17652	11.9416	13.1181
BLOCK27/SES274/SA274S10	SES105	-1.60827	11.6627	13.271
BLOCK27/SES274/SA274S10	SES125	-2.19718	11.0738	13.271
BLOCK27/SES274/SA274S10	SES129	-0.369713	12.9012	13.271
BLOCK27/SES274/SA274S10	SES158	-3.0302	10.2408	13.271
BLOCK27/SES274/SA274S11	SES105	-1.11638	12.1793	13.2957
BLOCK27/SES274/SA274S11	SES149	-1.98327	11.3124	13.2957
BLOCK27/SES274/SA274S11	SES158	-2.09707	11.1986	13.2957
BLOCK27/SES274/SA274S11	SES275	-0.8151	12.4806	13.2957
BLOCK27/SES274/SA274S21	SES105	-1.53246	11.8977	13.4302
BLOCK27/SES274/SA274S21	SES129	-0.183104	13.247	13.4302
BLOCK27/SES274/SA274S21	SES149	-1.00934	12.4208	13.4302
BLOCK27/SES274/SA274S21	SES158	-3.73839	9.69176	13.4302
BLOCK27/SES274/SA274S24	SES105	-1.65707	12.2676	13.9247
BLOCK27/SES274/SA274S24	SES129	0.122808	14.0475	13.9247
BLOCK27/SES274/SA274S24	SES149	-2.15641	11.7683	13.9247
BLOCK27/SES274/SA274S24	SES158	-3.92945	9.99522	13.9247
BLOCK27/SES274/SA274S29	SES105	-1.80005	11.0212	12.8212
BLOCK27/SES274/SA274S29	SES106	-3.25141	9.56984	12.8212
BLOCK27/SES274/SA274S29	SES120	-1.25836	11.5629	12.8212
BLOCK27/SES274/SA274S29	SES275	-1.01061	11.8106	12.8212
BLOCK27/SES276/SA276S16	SES148	-1.33534	11.5666	12.902
BLOCK27/SES276/SA276S16	SES172	-0.409449	12.4925	12.902
BLOCK27/SES276/SA276S16	SES180	-1.83161	11.0703	12.902
BLOCK27/SES276/SA276S16	SES292	-1.01418	11.8878	12.902
BLOCK27/SES276/SA276S17	SES101	-0.881184	12.4466	13.3278
BLOCK27/SES276/SA276S17	SES177	-1.49826	11.8295	13.3278
BLOCK27/SES276/SA276S17	SES180	-0.986269	12.3415	13.3278
BLOCK27/SES276/SA276S17	SES292	-1.15874	12.169	13.3278
BLOCK27/SES276/SA276S24	SES101	-0.549566	13.3712	13.9208
BLOCK27/SES276/SA276S24	SES177	-0.319893	13.6009	13.9208
BLOCK27/SES276/SA276S24	SES180	-1.14326	12.7775	13.9208
BLOCK27/SES276/SA276S24	SES292	-1.69534	12.2254	13.9208
BLOCK27/SES276/SA276S26	SES101	-1.94713	12.318	14.2651
BLOCK27/SES276/SA276S26	SES177	-0.137458	14.1277	14.2651
BLOCK27/SES276/SA276S26	SES180	0.230094	14.4952	14.2651
BLOCK27/SES276/SA276S26	SES292	-0.13135	14.1338	14.2651
BLOCK27/SES276/SA276S28	SES101	-0.766744	13.6775	14.4442
BLOCK27/SES276/SA276S28	SES177	-0.646174	13.798	14.4442
BLOCK27/SES276/SA276S28	SES180	0.118217	14.5624	14.4442
BLOCK27/SES276/SA276S28	SES292	-0.604229	13.84	14.4442
BLOCK27/SES277/SA277S12	SES101	-0.766284	11.4577	12.224
BLOCK27/SES277/SA277S12	SES177	-1.59315	10.6309	12.224
BLOCK27/SES277/SA277S12	SES180	-1.70243	10.5216	12.224
BLOCK27/SES277/SA277S12	SES292	-2.00044	10.2236	12.224
BLOCK27/SES277/SA277S14	SES177	-0.409457	11.3517	11.7611
BLOCK27/SES277/SA277S14	SES180	-1.56675	10.1944	11.7611
BLOCK27/SES277/SA277S14	SES189	-0.11113	11.65	11.7611
BLOCK27/SES277/SA277S14	SES292	-1.88434	9.87678	11.7611
BLOCK27/SES277/SA277S21	SES177	-0.471486	12.5852	13.0567
BLOCK27/SES277/SA277S21	SES180	-1.10688	11.9498	13.0567
BLOCK27/SES277/SA277S21	SES189	-0.29566	12.761	13.0567
BLOCK27/SES277/SA277S21	SES292	-2.08217	10.9745	13.0567
BLOCK27/SES277/SA277S24	SES144	-1.36462	10.1999	11.5646
BLOCK27/SES277/SA277S24	SES177	-0.728698	10.8359	11.5646
BLOCK27/SES277/SA277S24	SES180	-1.71346	9.85109	11.5646
BLOCK27/SES277/SA277S24	SES189	-0.327024	11.2375	11.5646
BLOCK27/SES277/SA277S29	SES177	-0.584041	13.3841	13.9681
BLOCK27/SES277/SA277S29	SES180	-1.56855	12.3996	13.9681
BLOCK27/SES277/SA277S29	SES202	-0.938577	13.0295	13.9681
BLOCK27/SES277/SA277S29	SES292	-1.62646	12.3417	13.9681
BLOCK27/SES279/SA279S09	SES120	-1.3641	11.3199	12.684
BLOCK27/SES279/SA279S09	SES146	-2.07718	10.6068	12.684
BLOCK27/SES279/SA279S09	SES206	-1.4862	11.1978	12.684
BLOCK27/SES279/SA279S09	SES226	-2.31453	10.3694	12.684
BLOCK27/SES279/SA279S10	SES099	-0.363889	12.324	12.6879
BLOCK27/SES279/SA279S10	SES206	-0.620667	12.0672	12.6879
BLOCK27/SES279/SA279S10	SES226	-1.58807	11.0998	12.6879
BLOCK27/SES279/SA279S10	SES292	-0.308156	12.3797	12.6879
BLOCK27/SES279/SA279S20	SES099	-1.52649	10.7517	12.2782
BLOCK27/SES279/SA279S20	SES206	-0.731041	11.5472	12.2782
BLOCK27/SES279/SA279S20	SES226	-1.46702	10.8112	12.2782
BLOCK27/SES279/SA279S20	SES292	-0.144854	12.1334	12.2782
BLOCK27/SES279/SA279S26	SES099	-0.615403	11.9145	12.5299
BLOCK27/SES279/SA279S26	SES206	-0.0351267	12.4948	12.5299
BLOCK27/SES279/SA279S26	SES226	-1.41344	11.1165	12.5299
BLOCK27/SES279/SA279S26	SES292	-0.293269	12.2367	12.5299
BLOCK27/SES279/SA279S28	SES099	-0.772228	13.0393	13.8115
BLOCK27/SES279/SA279S28	SES120	-0.513593	13.2979	13.8115
BLOCK27/SES279/SA279S28	SES177	-1.68989	12.1216	13.8115
BLOCK27/SES279/SA279S28	SES206	-0.989441	12.8221	13.8115
BLOCK29/SES290/SA290S12	SES162	-0.243156	12.8114	13.0546
BLOCK29/SES290/SA290S12	SES177	-0.253698	12.8009	13.0546
BLOCK29/SES290/SA290S12	SES180	-1.06627	11.9883	13.0546
BLOCK29/SES290/SA290S12	SES292	-1.30418	11.7504	13.0546
BLOCK29/SES290/SA290S13	SES007	-0.605837	12.6018	13.2076
BLOCK29/SES290/SA290S13	SES162	-1.11382	12.0938	13.2076
BLOCK29/SES290/SA290S13	SES177	0.0760489	13.2837	13.2076
BLOCK29/SES290/SA290S13	SES180	-0.382363	12.8253	13.2076
BLOCK29/SES290/SA290S22	SES177	-0.61594	12.8517	13.4677
BLOCK29/SES290/SA290S22	SES180	-1.15311	12.3146	13.4677
BLOCK29/SES290/SA290S22	SES202	-1.09275	12.3749	13.4677
BLOCK29/SES290/SA290S22	SES292	-1.18457	12.2831	13.4677
BLOCK29/SES290/SA290S25	SES162	-0.658683	13.2759	13.9346
BLOCK29/SES290/SA290S25	SES177	-0.781218	13.1534	13.9346
BLOCK29/SES290/SA290S25	SES180	-0.660896	13.2737	13.9346
BLOCK29/SES290/SA290S25	SES292	-0.714798	13.2198	13.9346
BLOCK29/SES290/SA290S29	SES177	-0.11037	12.7109	12.8213
BLOCK29/SES290/SA290S29	SES180	-0.490483	12.3308	12.8213
BLOCK29/SES290/SA290S29	SES275	-0.777277	12.044	12.8213
BLOCK29/SES290/SA290S29	SES292	-0.556326	12.265	12.8213
BLOCK29/SES291/SA291S11	SES105	-2.10004	8.12588	10.2259
BLOCK29/SES291/SA291S11	SES125	-0.520381	9.70553	10.2259
BLOCK29/SES291/SA291S11	SES158	-0.48389	9.74203	10.2259
BLOCK29/SES291/SA291S11	SES275	-1.9767	8.24922	10.2259
BLOCK29/SES291/SA291S12	SES158	0.910172	11.2946	10.3844
BLOCK29/SES291/SA291S12	SES226	-1.34992	9.03448	10.3844
BLOCK29/SES291/SA291S12	SES270	0.827853	11.2123	10.3844
BLOCK29/SES291/SA291S12	SES275	-2.90606	7.47834	10.3844
BLOCK29/SES291/SA291S22	SES082	-0.800028	10.5321	11.3322
BLOCK29/SES291/SA291S22	SES158	-0.382216	10.95	11.3322
BLOCK29/SES291/SA291S22	SES259	-1.4257	9.90648	11.3322
BLOCK29/SES291/SA291S22	SES275	-2.17542	9.15676	11.3322
BLOCK29/SES291/SA291S24	SES104	0.49215	12.8839	12.3917
BLOCK29/SES291/SA291S24	SES125	-0.243419	12.1483	12.3917
BLOCK29/SES291/SA291S24	SES158	-0.0368958	12.3548	12.3917
BLOCK29/SES291/SA291S24	SES275	-2.28439	10.1073	12.3917
BLOCK29/SES291/SA291S27	SES158	0.849009	12.6893	11.8403
BLOCK29/SES291/SA291S27	SES172	-2.56618	9.27409	11.8403
BLOCK29/SES291/SA291S27	SES275	-2.70871	9.13155	11.8403
BLOCK29/SES291/SA291S27	SES292	-0.835718	11.0045	11.8403
