BLOCK00/SES002/SA002S12	SES002	1.57504	-79.6759	-81.251
BLOCK00/SES002/SA002S13	SES002	1.63392	-81.1501	-82.7841
BLOCK00/SES002/SA002S23	SES002	1.54585	-80.4784	-82.0242
BLOCK00/SES002/SA002S26	SES002	2.05418	-79.9554	-82.0096
BLOCK00/SES002/SA002S28	SES002	1.73871	-80.659	-82.3977
BLOCK00/SES007/SA007S14	SES007	0.507431	-81.7548	-82.2622
BLOCK00/SES007/SA007S15	SES007	0.465477	-82.1623	-82.6278
BLOCK00/SES007/SA007S24	SES007	0.504128	-82.3526	-82.8567
BLOCK00/SES007/SA007S27	SES007	0.55687	-82.2824	-82.8393
BLOCK00/SES007/SA007S29	SES007	0.438423	-81.7268	-82.1652
BLOCK00/SES008/SA008S11	SES008	0.319099	-82.0622	-82.3813
BLOCK00/SES008/SA008S12	SES008	0.23008	-82.2353	-82.4653
BLOCK00/SES008/SA008S19	SES008	0.424522	-82.0511	-82.4756
BLOCK00/SES008/SA008S22	SES008	0.489105	-81.9339	-82.423
BLOCK00/SES008/SA008S29	SES008	0.0995789	-82.4741	-82.5737
BLOCK01/SES014/SA014S10	SES014	0.0500336	-82.384	-82.4341
BLOCK01/SES014/SA014S12	SES014	0.101974	-81.862	-81.964
BLOCK01/SES014/SA014S24	SES014	-0.0743027	-81.7681	-81.6938
BLOCK01/SES014/SA014S26	SES014	0.154343	-81.642	-81.7963
BLOCK01/SES014/SA014S28	SES014	0.166382	-81.6323	-81.7987
BLOCK01/SES016/SA016S12	SES016	-0.504341	-85.704	-85.1997
BLOCK01/SES016/SA016S13	SES016	-0.335884	-84.448	-84.1121
BLOCK01/SES016/SA016S22	SES016	-0.876091	-84.4467	-83.5706
BLOCK01/SES016/SA016S25	SES016	-0.555443	-82.8265	-82.2711
BLOCK01/SES016/SA016S27	SES016	-0.371391	-83.1587	-82.7873
BLOCK01/SES019/SA019S13	SES019	0.540215	-82.0942	-82.6345
BLOCK01/SES019/SA019S14	SES019	0.686478	-82.5543	-83.2408
BLOCK01/SES019/SA019S22	SES019	0.499298	-81.309	-81.8083
BLOCK01/SES019/SA019S25	SES019	0.570831	-82.0728	-82.6437
BLOCK01/SES019/SA019S29	SES019	0.664833	-83.5889	-84.2537
BLOCK02/SES029/SA029S11	SES029	0.498085	-81.9606	-82.4587
BLOCK02/SES029/SA029S12	SES029	0.417099	-81.9705	-82.3876
BLOCK02/SES029/SA029S20	SES029	0.237564	-82.9105	-83.1481
BLOCK02/SES029/SA029S25	SES029	0.398476	-81.8786	-82.2771
BLOCK02/SES029/SA029S28	SES029	0.433456	-81.6942	-82.1277
BLOCK04/SES042/SA042S12	SES042	1.86234	-82.0954	-83.9577
BLOCK04/SES042/SA042S15	SES042	1.42797	-81.2732	-82.7011
BLOCK04/SES042/SA042S22	SES042	2.21077	-81.9336	-84.1443
BLOCK04/SES042/SA042S25	SES042	2.1093	-82.4002	-84.5095
BLOCK04/SES042/SA042S27	SES042	1.71156	-82.149	-83.8606
BLOCK04/SES048/SA048S11	SES048	0.612938	-81.8605	-82.4735
BLOCK04/SES048/SA048S12	SES048	0.598778	-82.4876	-83.0863
BLOCK04/SES048/SA048S20	SES048	0.414757	-81.3825	-81.7973
BLOCK04/SES048/SA048S23	SES048	0.902748	-82.0514	-82.9542
BLOCK04/SES048/SA048S27	SES048	0.804344	-81.4895	-82.2938
BLOCK06/SES060/SA060S11	SES060	0.607445	-83.1831	-83.7906
BLOCK06/SES060/SA060S12	SES060	0.528839	-84.7273	-85.2561
BLOCK06/SES060/SA060S22	SES060	0.148087	-83.9896	-84.1377
BLOCK06/SES060/SA060S24	SES060	0.378044	-82.358	-82.736
BLOCK06/SES060/SA060S28	SES060	0.721786	-82.2707	-82.9925
BLOCK06/SES062/SA062S10	SES062	0.308838	-82.2243	-82.5332
BLOCK06/SES062/SA062S11	SES062	0.0904694	-83.1007	-83.1911
BLOCK06/SES062/SA062S21	SES062	0.288811	-80.6063	-80.8951
BLOCK06/SES062/SA062S26	SES062	0.255371	-82.0083	-82.2637
BLOCK06/SES062/SA062S29	SES062	0.383308	-81.8152	-82.1985
BLOCK06/SES068/SA068S14	SES068	1.30238	-82.0313	-83.3337
BLOCK06/SES068/SA068S15	SES068	1.68437	-80.5737	-82.258
BLOCK06/SES068/SA068S23	SES068	1.31846	-81.8056	-83.1241
BLOCK06/SES068/SA068S27	SES068	1.27898	-82.1203	-83.3992
BLOCK06/SES068/SA068S29	SES068	1.28827	-81.4807	-82.7689
BLOCK08/SES082/SA082S12	SES082	1.63854	-81.3914	-83.03
BLOCK08/SES082/SA082S14	SES082	1.18121	-82.1293	-83.3105
BLOCK08/SES082/SA082S21	SES082	1.31915	-82.2342	-83.5533
BLOCK08/SES082/SA082S24	SES082	1.7576	-81.8584	-83.616
BLOCK08/SES082/SA082S28	SES082	1.1339	-82.2661	-83.4
BLOCK08/SES083/SA083S14	SES083	-0.184387	-83.1233	-82.9389
BLOCK08/SES083/SA083S15	SES083	-0.0115509	-83.0058	-82.9942
BLOCK08/SES083/SA083S24	SES083	-0.0531693	-82.4614	-82.4083
BLOCK08/SES083/SA083S26	SES083	-0.0693283	-83.0211	-82.9517
BLOCK08/SES083/SA083S29	SES083	0.0990448	-82.5966	-82.6957
BLOCK08/SES085/SA085S10	SES085	0.410683	-82.5854	-82.9961
BLOCK08/SES085/SA085S13	SES085	0.874657	-83.5571	-84.4318
BLOCK08/SES085/SA085S22	SES085	0.110054	-83.5853	-83.6954
BLOCK08/SES085/SA085S26	SES085	0.71701	-83.3367	-84.0538
BLOCK08/SES085/SA085S28	SES085	0.719528	-82.6187	-83.3383
BLOCK08/SES087/SA087S15	SES087	1.41626	-81.8047	-83.221
BLOCK08/SES087/SA087S16	SES087	1.36534	-82.1663	-83.5316
BLOCK08/SES087/SA087S24	SES087	1.50427	-81.3992	-82.9035
BLOCK08/SES087/SA087S26	SES087	1.40659	-80.6662	-82.0727
BLOCK08/SES087/SA087S29	SES087	1.46265	-81.3647	-82.8274
BLOCK09/SES099/SA099S15	SES099	0.611526	-81.218	-81.8295
BLOCK09/SES099/SA099S16	SES099	0.30732	-82.0395	-82.3468
BLOCK09/SES099/SA099S24	SES099	0.338989	-81.7105	-82.0495
BLOCK09/SES099/SA099S26	SES099	0.653458	-81.0823	-81.7357
BLOCK09/SES099/SA099S29	SES099	0.555122	-81.527	-82.0821
BLOCK10/SES101/SA101S11	SES101	0.0887833	-82.4225	-82.5112
BLOCK10/SES101/SA101S13	SES101	0.188637	-81.8281	-82.0167
BLOCK10/SES101/SA101S22	SES101	0.126152	-83.394	-83.5201
BLOCK10/SES101/SA101S24	SES101	0.212074	-82.4601	-82.6722
BLOCK10/SES101/SA101S28	SES101	-0.0936356	-83.4523	-83.3586
BLOCK10/SES104/SA104S11	SES104	0.27256	-81.7306	-82.0032
BLOCK10/SES104/SA104S12	SES104	0.714996	-81.5469	-82.2619
BLOCK10/SES104/SA104S21	SES104	0.720062	-81.6381	-82.3582
BLOCK10/SES104/SA104S24	SES104	0.887474	-81.5023	-82.3898
BLOCK10/SES104/SA104S28	SES104	0.653816	-82.3942	-83.048
BLOCK10/SES105/SA105S12	SES105	1.25749	-82.5253	-83.7828
BLOCK10/SES105/SA105S13	SES105	0.840965	-81.7941	-82.6351
BLOCK10/SES105/SA105S22	SES105	0.79287	-82.7874	-83.5803
BLOCK10/SES105/SA105S26	SES105	1.18444	-82.9871	-84.1715
BLOCK10/SES105/SA105S29	SES105	0.789635	-81.8189	-82.6086
BLOCK10/SES106/SA106S09	SES106	0.68895	-81.5205	-82.2094
BLOCK10/SES106/SA106S11	SES106	1.05924	-80.9519	-82.0111
BLOCK10/SES106/SA106S22	SES106	0.913452	-81.7391	-82.6525
BLOCK10/SES106/SA106S27	SES106	0.643204	-81.6815	-82.3247
BLOCK10/SES106/SA106S29	SES106	1.18913	-80.2429	-81.432
BLOCK11/SES117/SA117S12	SES117	0.624191	-82.334	-82.9581
BLOCK11/SES117/SA117S13	SES117	0.37484	-82.5729	-82.9477
BLOCK11/SES117/SA117S23	SES117	1.32481	-82.4583	-83.7831
BLOCK11/SES117/SA117S25	SES117	0.666115	-82.1462	-82.8123
BLOCK11/SES117/SA117S28	SES117	0.592064	-82.0141	-82.6061
BLOCK12/SES120/SA120S08	SES120	0.219414	-83.0201	-83.2395
BLOCK12/SES120/SA120S11	SES120	0.118393	-84.0584	-84.1768
BLOCK12/SES120/SA120S22	SES120	0.182205	-81.8915	-82.0737
BLOCK12/SES120/SA120S24	SES120	0.564651	-82.7072	-83.2719
BLOCK12/SES120/SA120S28	SES120	0.323242	-83.4718	-83.7951
BLOCK12/SES125/SA125S13	SES125	1.64356	-81.2152	-82.8588
BLOCK12/SES125/SA125S14	SES125	1.24945	-81.4051	-82.6546
BLOCK12/SES125/SA125S25	SES125	1.87193	-81.5818	-83.4537
BLOCK12/SES125/SA125S27	SES125	1.53362	-81.2046	-82.7382
BLOCK12/SES125/SA125S29	SES125	1.2897	-81.6398	-82.9295
BLOCK12/SES127/SA127S11	SES127	1.01756	-82.0242	-83.0418
BLOCK12/SES127/SA127S12	SES127	0.0983276	-82.3665	-82.4648
BLOCK12/SES127/SA127S23	SES127	0.900589	-81.8973	-82.7979
BLOCK12/SES127/SA127S25	SES127	0.220039	-82.2321	-82.4521
BLOCK12/SES127/SA127S27	SES127	1.01387	-81.7387	-82.7526
BLOCK12/SES129/SA129S11	SES129	0.844116	-81.7456	-82.5897
BLOCK12/SES129/SA129S12	SES129	1.03433	-81.4486	-82.4829
BLOCK12/SES129/SA129S22	SES129	0.991806	-81.4896	-82.4814
BLOCK12/SES129/SA129S27	SES129	1.10339	-81.8341	-82.9375
BLOCK12/SES129/SA129S29	SES129	1.2127	-81.6525	-82.8652
BLOCK14/SES142/SA142S11	SES142	0.514328	-82.6634	-83.1777
BLOCK14/SES142/SA142S12	SES142	0.412781	-83.0047	-83.4174
BLOCK14/SES142/SA142S24	SES142	1.37972	-82.3768	-83.7565
BLOCK14/SES142/SA142S27	SES142	0.721169	-82.3316	-83.0528
BLOCK14/SES142/SA142S29	SES142	0.84684	-82.0146	-82.8614
BLOCK14/SES143/SA143S12	SES143	0.583939	-81.7002	-82.2841
BLOCK14/SES143/SA143S13	SES143	0.553764	-81.5808	-82.1345
BLOCK14/SES143/SA143S23	SES143	0.879654	-82.1329	-83.0126
BLOCK14/SES143/SA143S25	SES143	0.313011	-83.3591	-83.6721
BLOCK14/SES143/SA143S28	SES143	0.942978	-81.4071	-82.35
BLOCK14/SES144/SA144S09	SES144	0.848412	-81.5843	-82.4327
BLOCK14/SES144/SA144S11	SES144	0.546944	-81.8549	-82.4018
BLOCK14/SES144/SA144S21	SES144	0.796211	-81.6934	-82.4896
BLOCK14/SES144/SA144S25	SES144	0.783707	-81.8422	-82.6259
BLOCK14/SES144/SA144S29	SES144	0.654297	-81.9761	-82.6304
BLOCK14/SES146/SA146S14	SES146	-0.0664825	-82.3175	-82.251
BLOCK14/SES146/SA146S15	SES146	-0.321907	-82.6286	-82.3067
BLOCK14/SES146/SA146S24	SES146	-0.128967	-82.8869	-82.7579
BLOCK14/SES146/SA146S26	SES146	0.24765	-83.946	-84.1936
BLOCK14/SES146/SA146S29	SES146	0.0018692	-82.9799	-82.9818
BLOCK14/SES147/SA147S11	SES147	1.13847	-81.3056	-82.444
BLOCK14/SES147/SA147S13	SES147	1.33674	-81.2997	-82.6365
BLOCK14/SES147/SA147S23	SES147	0.942787	-82.3767	-83.3195
BLOCK14/SES147/SA147S26	SES147	1.05283	-81.8874	-82.9402
BLOCK14/SES147/SA147S28	SES147	1.02632	-81.1956	-82.2219
BLOCK14/SES148/SA148S10	SES148	0.818031	-81.5547	-82.3728
BLOCK14/SES148/SA148S12	SES148	0.771439	-82.0833	-82.8548
BLOCK14/SES148/SA148S22	SES148	0.890594	-81.8627	-82.7533
BLOCK14/SES148/SA148S26	SES148	0.843201	-81.698	-82.5412
BLOCK14/SES148/SA148S29	SES148	0.818047	-82.354	-83.1721
BLOCK14/SES149/SA149S13	SES149	-0.513977	-82.021	-81.5071
BLOCK14/SES149/SA149S14	SES149	-0.412621	-82.0168	-81.6042
BLOCK14/SES149/SA149S24	SES149	-0.303459	-83.2151	-82.9116
BLOCK14/SES149/SA149S26	SES149	-0.20211	-82.2543	-82.0522
BLOCK14/SES149/SA149S28	SES149	-0.102577	-82.9974	-82.8948
BLOCK15/SES158/SA158S13	SES158	1.76948	-80.6283	-82.3978
BLOCK15/SES158/SA158S14	SES158	1.95642	-81.0966	-83.053
BLOCK15/SES158/SA158S23	SES158	1.71323	-80.7194	-82.4327
BLOCK15/SES158/SA158S26	SES158	2.12974	-81.2021	-83.3318
BLOCK15/SES158/SA158S28	SES158	1.57978	-81.2799	-82.8597
BLOCK16/SES162/SA162S10	SES162	1.38464	-81.9837	-83.3683
BLOCK16/SES162/SA162S11	SES162	1.24549	-81.6033	-82.8488
BLOCK16/SES162/SA162S21	SES162	1.41203	-81.7453	-83.1573
BLOCK16/SES162/SA162S24	SES162	1.11636	-81.8163	-82.9326
BLOCK16/SES162/SA162S27	SES162	1.36283	-81.7153	-83.0782
BLOCK16/SES167/SA167S14	SES167	0.323044	-82.5608	-82.8838
BLOCK16/SES167/SA167S15	SES167	0.228416	-82.431	-82.6594
BLOCK16/SES167/SA167S21	SES167	0.211037	-81.479	-81.69
BLOCK16/SES167/SA167S25	SES167	0.478645	-83.1036	-83.5823
BLOCK16/SES167/SA167S29	SES167	0.543236	-81.9185	-82.4617
BLOCK17/SES172/SA172S12	SES172	1.36852	-81.9931	-83.3616
BLOCK17/SES172/SA172S13	SES172	1.66383	-82.3142	-83.9781
BLOCK17/SES172/SA172S23	SES172	1.33519	-81.6801	-83.0153
BLOCK17/SES172/SA172S27	SES172	1.3415	-82.1199	-83.4614
BLOCK17/SES172/SA172S29	SES172	1.68211	-82.16	-83.8421
BLOCK17/SES175/SA175S11	SES175	0.749931	-83.1284	-83.8783
BLOCK17/SES175/SA175S13	SES175	0.466614	-81.3411	-81.8077
BLOCK17/SES175/SA175S23	SES175	0.835945	-82.7795	-83.6154
BLOCK17/SES175/SA175S25	SES175	0.559196	-83.1592	-83.7184
BLOCK17/SES175/SA175S28	SES175	0.800751	-82.0807	-82.8814
BLOCK17/SES177/SA177S15	SES177	1.01602	-82.0541	-83.0701
BLOCK17/SES177/SA177S17	SES177	0.886993	-81.9222	-82.8092
BLOCK17/SES177/SA177S23	SES177	1.10674	-81.9066	-83.0134
BLOCK17/SES177/SA177S26	SES177	0.945229	-80.755	-81.7003
BLOCK17/SES177/SA177S28	SES177	1.11269	-81.8676	-82.9803
BLOCK18/SES180/SA180S13	SES180	2.06133	-81.7472	-83.8085
BLOCK18/SES180/SA180S15	SES180	1.55215	-81.5428	-83.095
BLOCK18/SES180/SA180S24	SES180	1.49062	-80.6275	-82.1181
BLOCK18/SES180/SA180S26	SES180	1.2847	-81.2613	-82.546
BLOCK18/SES180/SA180S29	SES180	1.88153	-82.3941	-84.2756
BLOCK18/SES183/SA183S13	SES183	-0.0165176	-83.0173	-83.0008
BLOCK18/SES183/SA183S14	SES183	0.0269165	-83.048	-83.0749
BLOCK18/SES183/SA183S24	SES183	0.150696	-83.4214	-83.5721
BLOCK18/SES183/SA183S27	SES183	0.0301895	-83.1309	-83.1611
BLOCK18/SES183/SA183S29	SES183	0.06147	-82.0194	-82.0809
BLOCK18/SES187/SA187S13	SES187	0.189629	-84.0916	-84.2812
BLOCK18/SES187/SA187S14	SES187	0.21608	-83.5484	-83.7645
BLOCK18/SES187/SA187S24	SES187	0.446846	-83.4796	-83.9265
BLOCK18/SES187/SA187S27	SES187	0.245537	-82.6206	-82.8661
BLOCK18/SES187/SA187S29	SES187	0.481224	-83.7243	-84.2055
BLOCK18/SES189/SA189S10	SES189	0.624886	-84.0764	-84.7012
BLOCK18/SES189/SA189S13	SES189	0.555084	-84.1938	-84.7488
BLOCK18/SES189/SA189S24	SES189	0.608818	-83.7211	-84.3299
BLOCK18/SES189/SA189S26	SES189	0.453369	-83.3976	-83.851
BLOCK18/SES189/SA189S29	SES189	0.570511	-83.494	-84.0646
BLOCK20/SES202/SA202S12	SES202	1.90416	-82.7733	-84.6775
BLOCK20/SES202/SA202S14	SES202	2.45813	-81.7867	-84.2449
BLOCK20/SES202/SA202S24	SES202	1.42351	-82.936	-84.3595
BLOCK20/SES202/SA202S27	SES202	1.99383	-81.7692	-83.763
BLOCK20/SES202/SA202S29	SES202	2.77029	-81.8211	-84.5914
BLOCK20/SES206/SA206S15	SES206	0.779083	-81.3071	-82.0862
BLOCK20/SES206/SA206S17	SES206	0.961395	-80.7574	-81.7188
BLOCK20/SES206/SA206S24	SES206	1.09724	-80.321	-81.4182
BLOCK20/SES206/SA206S27	SES206	0.830132	-81.4556	-82.2857
BLOCK20/SES206/SA206S29	SES206	0.952583	-80.0618	-81.0143
BLOCK22/SES226/SA226S12	SES226	0.484055	-83.3241	-83.8081
BLOCK22/SES226/SA226S13	SES226	-0.125801	-82.8737	-82.7479
BLOCK22/SES226/SA226S20	SES226	0.582466	-82.9862	-83.5686
BLOCK22/SES226/SA226S23	SES226	0.489166	-81.7254	-82.2146
BLOCK22/SES226/SA226S28	SES226	0.508553	-82.2318	-82.7404
BLOCK25/SES259/SA259S13	SES259	0.433022	-81.3744	-81.8074
BLOCK25/SES259/SA259S14	SES259	0.490707	-81.1105	-81.6012
BLOCK25/SES259/SA259S22	SES259	0.498672	-80.9905	-81.4891
BLOCK25/SES259/SA259S24	SES259	0.634796	-80.8982	-81.533
BLOCK25/SES259/SA259S28	SES259	0.56105	-80.5469	-81.108
BLOCK27/SES270/SA270S14	SES270	0.487854	-81.0895	-81.5774
BLOCK27/SES270/SA270S16	SES270	0.334351	-81.2457	-81.58
BLOCK27/SES270/SA270S22	SES270	0.0680008	-82.2889	-82.3569
BLOCK27/SES270/SA270S26	SES270	0.431633	-81.4809	-81.9125
BLOCK27/SES270/SA270S28	SES270	0.287766	-81.5148	-81.8026
BLOCK27/SES275/SA275S17	SES275	0.603668	-82.1096	-82.7132
BLOCK27/SES275/SA275S18	SES275	0.665039	-82.3802	-83.0452
BLOCK27/SES275/SA275S24	SES275	0.697197	-82.5038	-83.201
BLOCK27/SES275/SA275S26	SES275	0.692345	-81.9096	-82.602
BLOCK27/SES275/SA275S28	SES275	0.527977	-81.6167	-82.1447
BLOCK29/SES292/SA292S10	SES292	0.282082	-82.6659	-82.948
BLOCK29/SES292/SA292S12	SES292	0.401634	-83.6799	-84.0815
BLOCK29/SES292/SA292S22	SES292	0.637985	-82.4774	-83.1154
BLOCK29/SES292/SA292S24	SES292	0.483536	-81.6106	-82.0941
BLOCK29/SES292/SA292S27	SES292	0.388382	-81.6375	-82.0259
BLOCK00/SES001/SA001S14	SES062	-0.119606	-82.9271	-82.8075
BLOCK00/SES001/SA001S14	SES082	0.852562	-81.9549	-82.8075
BLOCK00/SES001/SA001S14	SES106	0.134521	-82.673	-82.8075
BLOCK00/SES001/SA001S14	SES206	0.339745	-82.4678	-82.8075
BLOCK00/SES001/SA001S15	SES062	0.146553	-81.6071	-81.7537
BLOCK00/SES001/SA001S15	SES104	0.29847	-81.4552	-81.7537
BLOCK00/SES001/SA001S15	SES106	-0.0781784	-81.8318	-81.7537
BLOCK00/SES001/SA001S15	SES206	0.0500793	-81.7036	-81.7537
BLOCK00/SES001/SA001S24	SES062	-0.768616	-84.3427	-83.5741
BLOCK00/SES001/SA001S24	SES082	0.556213	-83.0179	-83.5741
BLOCK00/SES001/SA001S24	SES087	0.664116	-82.91	-83.5741
BLOCK00/SES001/SA001S24	SES206	0.199783	-83.3743	-83.5741
BLOCK00/SES001/SA001S27	SES062	-0.466988	-82.4804	-82.0134
BLOCK00/SES001/SA001S27	SES082	0.371872	-81.6415	-82.0134
BLOCK00/SES001/SA001S27	SES087	0.111877	-81.9015	-82.0134
BLOCK00/SES001/SA001S27	SES206	0.326485	-81.6869	-82.0134
BLOCK00/SES001/SA001S29	SES062	-0.2817	-83.3962	-83.1145
BLOCK00/SES001/SA001S29	SES082	0.887581	-82.2269	-83.1145
BLOCK00/SES001/SA001S29	SES158	1.2854	-81.8291	-83.1145
BLOCK00/SES001/SA001S29	SES206	0.204819	-82.9096	-83.1145
BLOCK00/SES003/SA003S11	SES002	0.427505	-82.5885	-83.016
BLOCK00/SES003/SA003S11	SES019	0.325592	-82.6904	-83.016
BLOCK00/SES003/SA003S11	SES082	1.31293	-81.7031	-83.016
BLOCK00/SES003/SA003S11	SES125	0.446701	-82.5693	-83.016
BLOCK00/SES003/SA003S15	SES016	-1.35916	-83.4539	-82.0948
BLOCK00/SES003/SA003S15	SES019	0.179237	-81.9155	-82.0948
BLOCK00/SES003/SA003S15	SES062	-0.564011	-82.6588	-82.0948
BLOCK00/SES003/SA003S15	SES206	0.602905	-81.4919	-82.0948
BLOCK00/SES003/SA003S22	SES002	0.558884	-82.2819	-82.8408
BLOCK00/SES003/SA003S22	SES062	-0.440788	-83.2816	-82.8408
BLOCK00/SES003/SA003S22	SES082	1.42001	-81.4208	-82.8408
BLOCK00/SES003/SA003S22	SES087	0.712952	-82.1278	-82.8408
BLOCK00/SES003/SA003S25	SES062	-0.918037	-85.8161	-84.898
BLOCK00/SES003/SA003S25	SES082	1.43399	-83.464	-84.898
BLOCK00/SES003/SA003S25	SES087	0.399124	-84.4989	-84.898
BLOCK00/SES003/SA003S25	SES206	-0.0864258	-84.9845	-84.898
BLOCK00/SES003/SA003S29	SES002	0.0588684	-82.397	-82.4559
BLOCK00/SES003/SA003S29	SES062	-0.54261	-82.9985	-82.4559
BLOCK00/SES003/SA003S29	SES082	1.16794	-81.288	-82.4559
BLOCK00/SES003/SA003S29	SES087	0.551086	-81.9048	-82.4559
BLOCK00/SES004/SA004S12	SES083	-0.302269	-83.4061	-83.1039
BLOCK00/SES004/SA004S12	SES148	0.509941	-82.5939	-83.1039
BLOCK00/SES004/SA004S12	SES172	0.778717	-82.3252	-83.1039
BLOCK00/SES004/SA004S12	SES292	0.144547	-82.9593	-83.1039
BLOCK00/SES004/SA004S17	SES083	-0.189903	-83.022	-82.8321
BLOCK00/SES004/SA004S17	SES162	0.901337	-81.9308	-82.8321
BLOCK00/SES004/SA004S17	SES172	0.693794	-82.1383	-82.8321
BLOCK00/SES004/SA004S17	SES292	0.489487	-82.3426	-82.8321
BLOCK00/SES004/SA004S24	SES083	-0.333321	-83.1621	-82.8288
BLOCK00/SES004/SA004S24	SES148	0.375885	-82.4529	-82.8288
BLOCK00/SES004/SA004S24	SES172	0.603828	-82.2249	-82.8288
BLOCK00/SES004/SA004S24	SES292	0.244911	-82.5838	-82.8288
BLOCK00/SES004/SA004S26	SES083	0.0708008	-82.3946	-82.4654
BLOCK00/SES004/SA004S26	SES127	0.314598	-82.1508	-82.4654
BLOCK00/SES004/SA004S26	SES148	0.402748	-82.0627	-82.4654
BLOCK00/SES004/SA004S26	SES292	0.421707	-82.0437	-82.4654
BLOCK00/SES004/SA004S28	SES083	-0.197815	-83.1134	-82.9156
BLOCK00/SES004/SA004S28	SES127	-0.0752182	-82.9908	-82.9156
BLOCK00/SES004/SA004S28	SES187	-0.218353	-83.1339	-82.9156
BLOCK00/SES004/SA004S28	SES292	0.346962	-82.5686	-82.9156
BLOCK00/SES006/SA006S10	SES014	-0.531738	-83.2708	-82.7391
BLOCK00/SES006/SA006S10	SES158	1.50077	-81.2383	-82.7391
BLOCK00/SES006/SA006S10	SES226	-0.487823	-83.2269	-82.7391
BLOCK00/SES006/SA006S10	SES270	0.07061	-82.6684	-82.7391
BLOCK00/SES006/SA006S11	SES158	1.24237	-80.9052	-82.1476
BLOCK00/SES006/SA006S11	SES226	-0.386536	-82.5341	-82.1476
BLOCK00/SES006/SA006S11	SES270	-0.0682526	-82.2158	-82.1476
BLOCK00/SES006/SA006S11	SES275	-0.700378	-82.8479	-82.1476
BLOCK00/SES006/SA006S23	SES062	-0.975349	-84.0072	-83.0318
BLOCK00/SES006/SA006S23	SES105	-0.357224	-83.3891	-83.0318
BLOCK00/SES006/SA006S23	SES158	1.37823	-81.6536	-83.0318
BLOCK00/SES006/SA006S23	SES275	-0.599693	-83.6315	-83.0318
BLOCK00/SES006/SA006S26	SES104	0.415291	-81.7658	-82.1811
BLOCK00/SES006/SA006S26	SES158	1.75686	-80.4242	-82.1811
BLOCK00/SES006/SA006S26	SES270	-0.0133057	-82.1944	-82.1811
BLOCK00/SES006/SA006S26	SES275	-0.822388	-83.0034	-82.1811
BLOCK00/SES006/SA006S28	SES007	-0.219711	-82.264	-82.0443
BLOCK00/SES006/SA006S28	SES105	-0.093811	-82.1381	-82.0443
BLOCK00/SES006/SA006S28	SES158	1.52187	-80.5224	-82.0443
BLOCK00/SES006/SA006S28	SES275	-0.539139	-82.5834	-82.0443
BLOCK00/SES009/SA009S12	SES083	-0.0942383	-82.7924	-82.6982
BLOCK00/SES009/SA009S12	SES148	0.464081	-82.2341	-82.6982
BLOCK00/SES009/SA009S12	SES177	0.0676575	-82.6305	-82.6982
BLOCK00/SES009/SA009S12	SES292	0.610107	-82.0881	-82.6982
BLOCK00/SES009/SA009S15	SES007	0.850517	-82.0832	-82.9337
BLOCK00/SES009/SA009S15	SES099	-0.849724	-83.7834	-82.9337
BLOCK00/SES009/SA009S15	SES148	0.134583	-82.7991	-82.9337
BLOCK00/SES009/SA009S15	SES172	0.404343	-82.5293	-82.9337
BLOCK00/SES009/SA009S24	SES146	-0.181129	-83.435	-83.2538
BLOCK00/SES009/SA009S24	SES148	0.491379	-82.7624	-83.2538
BLOCK00/SES009/SA009S24	SES177	0.0361786	-83.2176	-83.2538
BLOCK00/SES009/SA009S24	SES292	0.705017	-82.5488	-83.2538
BLOCK00/SES009/SA009S26	SES083	-0.193481	-83.2551	-83.0616
BLOCK00/SES009/SA009S26	SES101	-0.0681458	-83.1298	-83.0616
BLOCK00/SES009/SA009S26	SES120	0.205826	-82.8558	-83.0616
BLOCK00/SES009/SA009S26	SES177	-0.136375	-83.198	-83.0616
BLOCK00/SES009/SA009S29	SES083	-0.124481	-83.0764	-82.952
BLOCK00/SES009/SA009S29	SES101	-0.00296783	-82.9549	-82.952
BLOCK00/SES009/SA009S29	SES177	-0.0970154	-83.049	-82.952
BLOCK00/SES009/SA009S29	SES292	0.67247	-82.2795	-82.952
BLOCK01/SES011/SA011S10	SES019	0.326599	-83.2473	-83.5739
BLOCK01/SES011/SA011S10	SES042	1.16142	-82.4125	-83.5739
BLOCK01/SES011/SA011S10	SES082	1.02849	-82.5454	-83.5739
BLOCK01/SES011/SA011S10	SES206	0.896721	-82.6772	-83.5739
BLOCK01/SES011/SA011S11	SES019	0.174614	-84.0737	-84.2483
BLOCK01/SES011/SA011S11	SES042	1.97471	-82.2736	-84.2483
BLOCK01/SES011/SA011S11	SES082	0.920456	-83.3278	-84.2483
BLOCK01/SES011/SA011S11	SES206	1.05724	-83.191	-84.2483
BLOCK01/SES011/SA011S22	SES019	0.515823	-83.2072	-83.723
BLOCK01/SES011/SA011S22	SES042	1.55277	-82.1702	-83.723
BLOCK01/SES011/SA011S22	SES082	1.35247	-82.3705	-83.723
BLOCK01/SES011/SA011S22	SES206	1.07159	-82.6514	-83.723
BLOCK01/SES011/SA011S24	SES019	0.50071	-82.9921	-83.4928
BLOCK01/SES011/SA011S24	SES042	1.54981	-81.9429	-83.4928
BLOCK01/SES011/SA011S24	SES104	0.858185	-82.6346	-83.4928
BLOCK01/SES011/SA011S24	SES206	1.14029	-82.3525	-83.4928
BLOCK01/SES011/SA011S27	SES082	1.70959	-81.943	-83.6526
BLOCK01/SES011/SA011S27	SES087	1.42163	-82.2309	-83.6526
BLOCK01/SES011/SA011S27	SES125	1.79006	-81.8625	-83.6526
BLOCK01/SES011/SA011S27	SES206	1.06418	-82.5884	-83.6526
BLOCK01/SES012/SA012S11	SES007	-0.372871	-82.1394	-81.7665
BLOCK01/SES012/SA012S11	SES082	0.647476	-81.119	-81.7665
BLOCK01/SES012/SA012S11	SES083	-0.435928	-82.2024	-81.7665
BLOCK01/SES012/SA012S11	SES206	0.659645	-81.1069	-81.7665
BLOCK01/SES012/SA012S14	SES082	0.442345	-82.3038	-82.7462
BLOCK01/SES012/SA012S14	SES087	0.543579	-82.2026	-82.7462
BLOCK01/SES012/SA012S14	SES206	0.150742	-82.5954	-82.7462
BLOCK01/SES012/SA012S14	SES292	-0.789864	-83.536	-82.7462
BLOCK01/SES012/SA012S24	SES082	1.26189	-80.9421	-82.204
BLOCK01/SES012/SA012S24	SES087	0.98175	-81.2223	-82.204
BLOCK01/SES012/SA012S24	SES120	-0.712479	-82.9165	-82.204
BLOCK01/SES012/SA012S24	SES206	0.56456	-81.6395	-82.204
BLOCK01/SES012/SA012S26	SES019	-0.0853653	-82.9778	-82.8925
BLOCK01/SES012/SA012S26	SES082	0.810516	-82.082	-82.8925
BLOCK01/SES012/SA012S26	SES206	0.530334	-82.3621	-82.8925
BLOCK01/SES012/SA012S26	SES292	-0.659241	-83.5517	-82.8925
BLOCK01/SES012/SA012S29	SES062	-0.502182	-82.0286	-81.5264
BLOCK01/SES012/SA012S29	SES082	0.213646	-81.3128	-81.5264
BLOCK01/SES012/SA012S29	SES083	-0.501228	-82.0277	-81.5264
BLOCK01/SES012/SA012S29	SES206	0.362267	-81.1642	-81.5264
BLOCK01/SES013/SA013S16	SES062	-1.16518	-84.1883	-83.0232
BLOCK01/SES013/SA013S16	SES106	0.893654	-82.1295	-83.0232
BLOCK01/SES013/SA013S16	SES206	0.800018	-82.2231	-83.0232
BLOCK01/SES013/SA013S16	SES226	-0.155014	-83.1782	-83.0232
BLOCK01/SES013/SA013S17	SES062	-0.903603	-83.3744	-82.4708
BLOCK01/SES013/SA013S17	SES106	0.643242	-81.8275	-82.4708
BLOCK01/SES013/SA013S17	SES206	0.767647	-81.7031	-82.4708
BLOCK01/SES013/SA013S17	SES226	-0.171089	-82.6418	-82.4708
BLOCK01/SES013/SA013S23	SES104	0.574936	-82.2135	-82.7884
BLOCK01/SES013/SA013S23	SES106	0.813705	-81.9747	-82.7884
BLOCK01/SES013/SA013S23	SES206	0.846931	-81.9415	-82.7884
BLOCK01/SES013/SA013S23	SES270	-0.403435	-83.1919	-82.7884
BLOCK01/SES013/SA013S25	SES042	0.784332	-82.1719	-82.9562
BLOCK01/SES013/SA013S25	SES104	0.621628	-82.3346	-82.9562
BLOCK01/SES013/SA013S25	SES106	0.984276	-81.972	-82.9562
BLOCK01/SES013/SA013S25	SES206	1.01623	-81.94	-82.9562
BLOCK01/SES013/SA013S29	SES062	-1.14085	-84.1015	-82.9606
BLOCK01/SES013/SA013S29	SES104	0.581505	-82.3791	-82.9606
BLOCK01/SES013/SA013S29	SES106	0.833138	-82.1275	-82.9606
BLOCK01/SES013/SA013S29	SES206	0.871574	-82.089	-82.9606
BLOCK02/SES021/SA021S13	SES016	-2.06764	-84.5853	-82.5176
BLOCK02/SES021/SA021S13	SES029	-0.0892715	-82.6069	-82.5176
BLOCK02/SES021/SA021S13	SES087	1.1127	-81.4049	-82.5176
BLOCK02/SES021/SA021S13	SES206	0.674522	-81.8431	-82.5176
BLOCK02/SES021/SA021S15	SES087	0.962929	-81.0564	-82.0194
BLOCK02/SES021/SA021S15	SES125	1.23004	-80.7893	-82.0194
BLOCK02/SES021/SA021S15	SES206	0.986458	-81.0329	-82.0194
BLOCK02/SES021/SA021S15	SES226	0.110878	-81.9085	-82.0194
BLOCK02/SES021/SA021S23	SES062	-0.678787	-83.5996	-82.9208
BLOCK02/SES021/SA021S23	SES087	0.698242	-82.2226	-82.9208
BLOCK02/SES021/SA021S23	SES206	0.135674	-82.7852	-82.9208
BLOCK02/SES021/SA021S23	SES226	-0.106255	-83.0271	-82.9208
BLOCK02/SES021/SA021S27	SES002	-0.413437	-82.6648	-82.2514
BLOCK02/SES021/SA021S27	SES016	-2.37957	-84.6309	-82.2514
BLOCK02/SES021/SA021S27	SES019	-0.344551	-82.5959	-82.2514
BLOCK02/SES021/SA021S27	SES062	-0.355774	-82.6071	-82.2514
BLOCK02/SES021/SA021S29	SES087	0.711891	-82.2602	-82.9721
BLOCK02/SES021/SA021S29	SES125	0.686852	-82.2852	-82.9721
BLOCK02/SES021/SA021S29	SES206	0.654068	-82.318	-82.9721
BLOCK02/SES021/SA021S29	SES226	-0.221336	-83.1934	-82.9721
BLOCK04/SES043/SA043S09	SES083	-0.330963	-84.2848	-83.9538
BLOCK04/SES043/SA043S09	SES101	-0.250465	-84.2043	-83.9538
BLOCK04/SES043/SA043S09	SES144	0.632591	-83.3213	-83.9538
BLOCK04/SES043/SA043S09	SES172	0.690697	-83.2631	-83.9538
BLOCK04/SES043/SA043S11	SES083	-0.307869	-83.0426	-82.7348
BLOCK04/SES043/SA043S11	SES101	-0.300011	-83.0348	-82.7348
BLOCK04/SES043/SA043S11	SES144	0.416489	-82.3183	-82.7348
BLOCK04/SES043/SA043S11	SES172	0.367828	-82.367	-82.7348
BLOCK04/SES043/SA043S23	SES083	-0.31517	-84.0494	-83.7342
BLOCK04/SES043/SA043S23	SES144	0.614357	-83.1199	-83.7342
BLOCK04/SES043/SA043S23	SES177	0.271835	-83.4624	-83.7342
BLOCK04/SES043/SA043S23	SES275	0.299583	-83.4346	-83.7342
BLOCK04/SES043/SA043S26	SES083	-0.153427	-83.4026	-83.2492
BLOCK04/SES043/SA043S26	SES101	-0.163055	-83.4122	-83.2492
BLOCK04/SES043/SA043S26	SES144	0.736069	-82.5131	-83.2492
BLOCK04/SES043/SA043S26	SES177	0.542824	-82.7064	-83.2492
BLOCK04/SES043/SA043S28	SES016	-0.85247	-83.5529	-82.7005
BLOCK04/SES043/SA043S28	SES083	0.033699	-82.6668	-82.7005
BLOCK04/SES043/SA043S28	SES101	-0.134621	-82.8351	-82.7005
BLOCK04/SES043/SA043S28	SES144	0.436714	-82.2637	-82.7005
BLOCK04/SES044/SA044S10	SES127	0.498512	-84.2615	-84.76
BLOCK04/SES044/SA044S10	SES144	0.988602	-83.7714	-84.76
BLOCK04/SES044/SA044S10	SES147	0.269493	-84.4905	-84.76
BLOCK04/SES044/SA044S10	SES148	0.463074	-84.2969	-84.76
BLOCK04/SES044/SA044S11	SES101	-0.205475	-84.2437	-84.0383
BLOCK04/SES044/SA044S11	SES144	0.826797	-83.2115	-84.0383
BLOCK04/SES044/SA044S11	SES147	-0.114143	-84.1524	-84.0383
BLOCK04/SES044/SA044S11	SES177	0.503998	-83.5343	-84.0383
BLOCK04/SES044/SA044S24	SES007	0.262321	-83.2512	-83.5135
BLOCK04/SES044/SA044S24	SES101	-0.162231	-83.6758	-83.5135
BLOCK04/SES044/SA044S24	SES147	-0.411835	-83.9254	-83.5135
BLOCK04/SES044/SA044S24	SES177	0.0838623	-83.4297	-83.5135
BLOCK04/SES044/SA044S26	SES007	0.431763	-82.2927	-82.7245
BLOCK04/SES044/SA044S26	SES016	-0.761757	-83.4862	-82.7245
BLOCK04/SES044/SA044S26	SES101	-0.10083	-82.8253	-82.7245
BLOCK04/SES044/SA044S26	SES147	-0.00292969	-82.7274	-82.7245
BLOCK04/SES044/SA044S29	SES007	0.258896	-82.3572	-82.6161
BLOCK04/SES044/SA044S29	SES101	0.334137	-82.2819	-82.6161
BLOCK04/SES044/SA044S29	SES147	0.331657	-82.2844	-82.6161
BLOCK04/SES044/SA044S29	SES177	1.20081	-81.4153	-82.6161
BLOCK04/SES046/SA046S13	SES101	-0.0296783	-83.9258	-83.8961
BLOCK04/SES046/SA046S13	SES144	0.973465	-82.9227	-83.8961
BLOCK04/SES046/SA046S13	SES147	0.474174	-83.422	-83.8961
BLOCK04/SES046/SA046S13	SES177	1.18308	-82.713	-83.8961
BLOCK04/SES046/SA046S15	SES048	-1.25161	-83.7722	-82.5206
BLOCK04/SES046/SA046S15	SES083	-0.25946	-82.78	-82.5206
BLOCK04/SES046/SA046S15	SES120	-0.134605	-82.6552	-82.5206
BLOCK04/SES046/SA046S15	SES148	0.459908	-82.0607	-82.5206
BLOCK04/SES046/SA046S22	SES101	0.065773	-83.7556	-83.8214
BLOCK04/SES046/SA046S22	SES144	1.1358	-82.6856	-83.8214
BLOCK04/SES046/SA046S22	SES147	1.01307	-82.8083	-83.8214
BLOCK04/SES046/SA046S22	SES172	1.41986	-82.4015	-83.8214
BLOCK04/SES046/SA046S25	SES083	-0.0354538	-82.0667	-82.0313
BLOCK04/SES046/SA046S25	SES127	0.291	-81.7403	-82.0313
BLOCK04/SES046/SA046S25	SES144	0.675102	-81.3562	-82.0313
BLOCK04/SES046/SA046S25	SES148	0.834572	-81.1967	-82.0313
BLOCK04/SES046/SA046S28	SES007	0.0616837	-82.8493	-82.911
BLOCK04/SES046/SA046S28	SES105	-0.0894775	-83.0005	-82.911
BLOCK04/SES046/SA046S28	SES147	0.111046	-82.7999	-82.911
BLOCK04/SES046/SA046S28	SES148	0.546692	-82.3643	-82.911
BLOCK04/SES049/SA049S16	SES104	0.490471	-82.8316	-83.3221
BLOCK04/SES049/SA049S16	SES106	0.653114	-82.669	-83.3221
BLOCK04/SES049/SA049S16	SES120	-0.980148	-84.3022	-83.3221
BLOCK04/SES049/SA049S16	SES206	0.325096	-82.997	-83.3221
BLOCK04/SES049/SA049S18	SES099	-0.117256	-85.2083	-85.091
BLOCK04/SES049/SA049S18	SES104	0.0714035	-85.0196	-85.091
BLOCK04/SES049/SA049S18	SES125	0.360489	-84.7305	-85.091
BLOCK04/SES049/SA049S18	SES206	0.133301	-84.9577	-85.091
BLOCK04/SES049/SA049S25	SES087	0.968994	-83.5051	-84.474
BLOCK04/SES049/SA049S25	SES104	-0.180511	-84.6546	-84.474
BLOCK04/SES049/SA049S25	SES125	0.65065	-83.8234	-84.474
BLOCK04/SES049/SA049S25	SES206	0.211288	-84.2628	-84.474
BLOCK04/SES049/SA049S27	SES099	-0.0810089	-82.9018	-82.8208
BLOCK04/SES049/SA049S27	SES104	0.393051	-82.4277	-82.8208
BLOCK04/SES049/SA049S27	SES125	0.112198	-82.7086	-82.8208
BLOCK04/SES049/SA049S27	SES206	0.4645	-82.3563	-82.8208
BLOCK04/SES049/SA049S29	SES099	0.187912	-82.6398	-82.8277
BLOCK04/SES049/SA049S29	SES104	0.520355	-82.3073	-82.8277
BLOCK04/SES049/SA049S29	SES125	0.506783	-82.3209	-82.8277
BLOCK04/SES049/SA049S29	SES206	0.653542	-82.1741	-82.8277
BLOCK06/SES063/SA063S09	SES068	1.16389	-82.484	-83.6479
BLOCK06/SES063/SA063S09	SES083	0.0705032	-83.5774	-83.6479
BLOCK06/SES063/SA063S09	SES177	0.872971	-82.7749	-83.6479
BLOCK06/SES063/SA063S09	SES187	0.108444	-83.5395	-83.6479
BLOCK06/SES063/SA063S10	SES068	1.22202	-83.0183	-84.2403
BLOCK06/SES063/SA063S10	SES083	-0.20182	-84.4421	-84.2403
BLOCK06/SES063/SA063S10	SES172	1.7701	-82.4702	-84.2403
BLOCK06/SES063/SA063S10	SES187	0.316711	-83.9236	-84.2403
BLOCK06/SES063/SA063S20	SES068	1.4039	-82.7918	-84.1957
BLOCK06/SES063/SA063S20	SES083	0.00242615	-84.1933	-84.1957
BLOCK06/SES063/SA063S20	SES172	1.51682	-82.6789	-84.1957
BLOCK06/SES063/SA063S20	SES187	1.09185	-83.1038	-84.1957
BLOCK06/SES063/SA063S24	SES029	0.0490875	-83.9581	-84.0072
BLOCK06/SES063/SA063S24	SES083	0.0394897	-83.9677	-84.0072
BLOCK06/SES063/SA063S24	SES177	1.3203	-82.6869	-84.0072
BLOCK06/SES063/SA063S24	SES189	0.00928497	-83.9979	-84.0072
BLOCK06/SES063/SA063S27	SES083	0.181122	-84.3944	-84.5756
BLOCK06/SES063/SA063S27	SES172	1.80652	-82.769	-84.5756
BLOCK06/SES063/SA063S27	SES187	0.485794	-84.0898	-84.5756
BLOCK06/SES063/SA063S27	SES292	0.823708	-83.7519	-84.5756
BLOCK06/SES067/SA067S12	SES083	-0.344223	-83.4781	-83.1339
BLOCK06/SES067/SA067S12	SES172	0.387955	-82.746	-83.1339
BLOCK06/SES067/SA067S12	SES202	1.32173	-81.8122	-83.1339
BLOCK06/SES067/SA067S12	SES292	0.00256348	-83.1314	-83.1339
BLOCK06/SES067/SA067S14	SES085	0.125221	-81.8491	-81.9743
BLOCK06/SES067/SA067S14	SES177	0.616608	-81.3577	-81.9743
BLOCK06/SES067/SA067S14	SES183	-0.459953	-82.4343	-81.9743
BLOCK06/SES067/SA067S14	SES202	0.517632	-81.4567	-81.9743
BLOCK06/SES067/SA067S21	SES144	1.05688	-82.5741	-83.631
BLOCK06/SES067/SA067S21	SES177	1.04169	-82.5893	-83.631
BLOCK06/SES067/SA067S21	SES183	-0.397285	-84.0282	-83.631
BLOCK06/SES067/SA067S21	SES189	0.239098	-83.3919	-83.631
BLOCK06/SES067/SA067S25	SES085	0.513512	-81.9323	-82.4458
BLOCK06/SES067/SA067S25	SES177	0.954613	-81.4912	-82.4458
BLOCK06/SES067/SA067S25	SES183	-0.440521	-82.8863	-82.4458
BLOCK06/SES067/SA067S25	SES202	1.18998	-81.2558	-82.4458
BLOCK06/SES067/SA067S29	SES085	0.743958	-83.1619	-83.9059
BLOCK06/SES067/SA067S29	SES177	1.36043	-82.5454	-83.9059
BLOCK06/SES067/SA067S29	SES183	-0.288742	-84.1946	-83.9059
BLOCK06/SES067/SA067S29	SES202	2.10472	-81.8011	-83.9059
BLOCK06/SES069/SA069S12	SES029	0.054512	-82.3277	-82.3822
BLOCK06/SES069/SA069S12	SES082	0.665436	-81.7167	-82.3822
BLOCK06/SES069/SA069S12	SES087	0.701904	-81.6803	-82.3822
BLOCK06/SES069/SA069S12	SES206	0.936378	-81.4458	-82.3822
BLOCK06/SES069/SA069S13	SES029	-0.364517	-82.8605	-82.496
BLOCK06/SES069/SA069S13	SES087	0.502762	-81.9932	-82.496
BLOCK06/SES069/SA069S13	SES206	0.301773	-82.1942	-82.496
BLOCK06/SES069/SA069S13	SES226	-0.453949	-82.9499	-82.496
BLOCK06/SES069/SA069S23	SES029	0.0711136	-81.8488	-81.9199
BLOCK06/SES069/SA069S23	SES087	0.288094	-81.6318	-81.9199
BLOCK06/SES069/SA069S23	SES206	0.322807	-81.5971	-81.9199
BLOCK06/SES069/SA069S23	SES226	-0.253052	-82.173	-81.9199
BLOCK06/SES069/SA069S25	SES087	0.573189	-81.6667	-82.2399
BLOCK06/SES069/SA069S25	SES206	0.415382	-81.8246	-82.2399
BLOCK06/SES069/SA069S25	SES226	-0.161308	-82.4012	-82.2399
BLOCK06/SES069/SA069S25	SES270	-0.212044	-82.452	-82.2399
BLOCK06/SES069/SA069S27	SES087	0.716454	-81.7747	-82.4912
BLOCK06/SES069/SA069S27	SES206	0.6567	-81.8345	-82.4912
BLOCK06/SES069/SA069S27	SES226	-0.0637589	-82.555	-82.4912
BLOCK06/SES069/SA069S27	SES270	-0.204124	-82.6953	-82.4912
BLOCK08/SES081/SA081S11	SES060	0.43441	-82.9517	-83.3861
BLOCK08/SES081/SA081S11	SES062	-1.01329	-84.3994	-83.3861
BLOCK08/SES081/SA081S11	SES117	0.400665	-82.9855	-83.3861
BLOCK08/SES081/SA081S11	SES162	1.24612	-82.14	-83.3861
BLOCK08/SES081/SA081S13	SES016	-0.750404	-83.4033	-82.6529
BLOCK08/SES081/SA081S13	SES060	0.597786	-82.0551	-82.6529
BLOCK08/SES081/SA081S13	SES068	1.25764	-81.3952	-82.6529
BLOCK08/SES081/SA081S13	SES129	-0.41465	-83.0675	-82.6529
BLOCK08/SES081/SA081S24	SES060	0.660141	-82.1339	-82.794
BLOCK08/SES081/SA081S24	SES068	1.43407	-81.3599	-82.794
BLOCK08/SES081/SA081S24	SES117	0.195641	-82.5984	-82.794
BLOCK08/SES081/SA081S24	SES275	0.155121	-82.6389	-82.794
BLOCK08/SES081/SA081S27	SES007	0.321899	-82.9505	-83.2724
BLOCK08/SES081/SA081S27	SES060	0.554634	-82.7177	-83.2724
BLOCK08/SES081/SA081S27	SES117	0.484161	-82.7882	-83.2724
BLOCK08/SES081/SA081S27	SES275	0.0717392	-83.2006	-83.2724
BLOCK08/SES081/SA081S29	SES007	0.322334	-83.765	-84.0874
BLOCK08/SES081/SA081S29	SES060	0.806976	-83.2804	-84.0874
BLOCK08/SES081/SA081S29	SES117	0.362236	-83.7251	-84.0874
BLOCK08/SES081/SA081S29	SES275	-0.0615768	-84.149	-84.0874
BLOCK08/SES086/SA086S11	SES029	-0.158272	-83.8459	-83.6876
BLOCK08/SES086/SA086S11	SES082	0.865669	-82.8219	-83.6876
BLOCK08/SES086/SA086S11	SES087	1.20612	-82.4815	-83.6876
BLOCK08/SES086/SA086S11	SES206	0.207565	-83.48	-83.6876
BLOCK08/SES086/SA086S12	SES029	-0.525948	-84.0234	-83.4975
BLOCK08/SES086/SA086S12	SES082	0.867027	-82.6304	-83.4975
BLOCK08/SES086/SA086S12	SES087	1.11074	-82.3867	-83.4975
BLOCK08/SES086/SA086S12	SES206	0.437737	-83.0597	-83.4975
BLOCK08/SES086/SA086S20	SES029	-0.508209	-83.7052	-83.1969
BLOCK08/SES086/SA086S20	SES082	0.769516	-82.4274	-83.1969
BLOCK08/SES086/SA086S20	SES087	1.02906	-82.1679	-83.1969
BLOCK08/SES086/SA086S20	SES206	0.821838	-82.3751	-83.1969
BLOCK08/SES086/SA086S24	SES087	1.09788	-82.6093	-83.7072
BLOCK08/SES086/SA086S24	SES104	0.174118	-83.533	-83.7072
BLOCK08/SES086/SA086S24	SES120	-0.991409	-84.6986	-83.7072
BLOCK08/SES086/SA086S24	SES206	0.491936	-83.2152	-83.7072
BLOCK08/SES086/SA086S28	SES029	-0.104347	-82.0577	-81.9534
BLOCK08/SES086/SA086S28	SES082	0.520477	-81.4329	-81.9534
BLOCK08/SES086/SA086S28	SES087	1.02082	-80.9325	-81.9534
BLOCK08/SES086/SA086S28	SES206	0.777962	-81.1754	-81.9534
BLOCK08/SES089/SA089S13	SES087	0.804955	-82.9006	-83.7055
BLOCK08/SES089/SA089S13	SES206	0.230728	-83.4748	-83.7055
BLOCK08/SES089/SA089S13	SES226	0.222649	-83.4829	-83.7055
BLOCK08/SES089/SA089S13	SES270	-0.614334	-84.3198	-83.7055
BLOCK08/SES089/SA089S14	SES062	-0.518623	-83.4398	-82.9212
BLOCK08/SES089/SA089S14	SES087	0.880577	-82.0406	-82.9212
BLOCK08/SES089/SA089S14	SES206	0.715622	-82.2056	-82.9212
BLOCK08/SES089/SA089S14	SES226	0.0936356	-82.8276	-82.9212
BLOCK08/SES089/SA089S23	SES087	0.593407	-82.8111	-83.4045
BLOCK08/SES089/SA089S23	SES206	0.0510712	-83.3534	-83.4045
BLOCK08/SES089/SA089S23	SES226	-0.054245	-83.4587	-83.4045
BLOCK08/SES089/SA089S23	SES270	-0.680954	-84.0854	-83.4045
BLOCK08/SES089/SA089S25	SES062	-0.657852	-84.2771	-83.6192
BLOCK08/SES089/SA089S25	SES087	0.505829	-83.1134	-83.6192
BLOCK08/SES089/SA089S25	SES206	0.00973511	-83.6095	-83.6192
BLOCK08/SES089/SA089S25	SES226	0.399048	-83.2202	-83.6192
BLOCK08/SES089/SA089S28	SES062	-0.67157	-83.5578	-82.8862
BLOCK08/SES089/SA089S28	SES087	0.558937	-82.3272	-82.8862
BLOCK08/SES089/SA089S28	SES206	0.238037	-82.6481	-82.8862
BLOCK08/SES089/SA089S28	SES226	0.134247	-82.7519	-82.8862
BLOCK09/SES097/SA097S11	SES099	0.440781	-82.5396	-82.9804
BLOCK09/SES097/SA097S11	SES125	0.278725	-82.7017	-82.9804
BLOCK09/SES097/SA097S11	SES206	0.172218	-82.8082	-82.9804
BLOCK09/SES097/SA097S11	SES226	-0.371223	-83.3516	-82.9804
BLOCK09/SES097/SA097S14	SES062	-0.920441	-83.859	-82.9386
BLOCK09/SES097/SA097S14	SES099	0.293839	-82.6447	-82.9386
BLOCK09/SES097/SA097S14	SES104	0.651161	-82.2874	-82.9386
BLOCK09/SES097/SA097S14	SES206	0.644577	-82.294	-82.9386
BLOCK09/SES097/SA097S22	SES099	0.0680389	-82.4813	-82.5494
BLOCK09/SES097/SA097S22	SES206	0.657875	-81.8915	-82.5494
BLOCK09/SES097/SA097S22	SES226	-0.541267	-83.0906	-82.5494
BLOCK09/SES097/SA097S22	SES270	0.0867157	-82.4627	-82.5494
BLOCK09/SES097/SA097S26	SES099	0.36367	-82.5974	-82.9611
BLOCK09/SES097/SA097S26	SES120	-0.414825	-83.3759	-82.9611
BLOCK09/SES097/SA097S26	SES206	0.58786	-82.3732	-82.9611
BLOCK09/SES097/SA097S26	SES226	-0.454124	-83.4152	-82.9611
BLOCK09/SES097/SA097S28	SES099	0.205101	-82.0216	-82.2267
BLOCK09/SES097/SA097S28	SES120	-0.583168	-82.8099	-82.2267
BLOCK09/SES097/SA097S28	SES206	0.266769	-81.9599	-82.2267
BLOCK09/SES097/SA097S28	SES226	-0.337738	-82.5644	-82.2267
BLOCK09/SES098/SA098S11	SES127	-0.250992	-83.2633	-83.0123
BLOCK09/SES098/SA098S11	SES144	0.676537	-82.3358	-83.0123
BLOCK09/SES098/SA098S11	SES147	-0.0507202	-83.0631	-83.0123
BLOCK09/SES098/SA098S11	SES148	0.0172958	-82.995	-83.0123
BLOCK09/SES098/SA098S12	SES127	0.0565109	-84.4268	-84.4833
BLOCK09/SES098/SA098S12	SES144	0.804031	-83.6793	-84.4833
BLOCK09/SES098/SA098S12	SES147	0.415878	-84.0675	-84.4833
BLOCK09/SES098/SA098S12	SES189	-0.0514603	-84.5348	-84.4833
BLOCK09/SES098/SA098S20	SES127	0.120148	-83.8375	-83.9577
BLOCK09/SES098/SA098S20	SES147	0.371231	-83.5864	-83.9577
BLOCK09/SES098/SA098S20	SES148	0.250183	-83.7075	-83.9577
BLOCK09/SES098/SA098S20	SES292	-0.0243759	-83.9821	-83.9577
BLOCK09/SES098/SA098S23	SES127	0.703575	-82.1832	-82.8868
BLOCK09/SES098/SA098S23	SES147	0.467697	-82.4191	-82.8868
BLOCK09/SES098/SA098S23	SES187	0.0791168	-82.8077	-82.8868
BLOCK09/SES098/SA098S23	SES292	0.324707	-82.5621	-82.8868
BLOCK09/SES098/SA098S27	SES127	0.281418	-83.437	-83.7185
BLOCK09/SES098/SA098S27	SES147	0.336426	-83.382	-83.7185
BLOCK09/SES098/SA098S27	SES148	0.221893	-83.4966	-83.7185
BLOCK09/SES098/SA098S27	SES292	0.120857	-83.5976	-83.7185
BLOCK10/SES102/SA102S13	SES101	0.332863	-83.867	-84.1998
BLOCK10/SES102/SA102S13	SES105	0.11322	-84.0866	-84.1998
BLOCK10/SES102/SA102S13	SES120	-0.0284882	-84.2283	-84.1998
BLOCK10/SES102/SA102S13	SES158	-0.348358	-84.5482	-84.1998
BLOCK10/SES102/SA102S14	SES007	0.466187	-82.3432	-82.8094
BLOCK10/SES102/SA102S14	SES101	0.198654	-82.6108	-82.8094
BLOCK10/SES102/SA102S14	SES105	0.251678	-82.5577	-82.8094
BLOCK10/SES102/SA102S14	SES147	-0.419273	-83.2287	-82.8094
BLOCK10/SES102/SA102S22	SES007	0.170044	-81.7963	-81.9663
BLOCK10/SES102/SA102S22	SES101	-0.0484085	-82.0147	-81.9663
BLOCK10/SES102/SA102S22	SES105	0.292557	-81.6738	-81.9663
BLOCK10/SES102/SA102S22	SES158	0.32534	-81.641	-81.9663
BLOCK10/SES102/SA102S25	SES007	0.403465	-82.0212	-82.4247
BLOCK10/SES102/SA102S25	SES101	0.0044632	-82.4202	-82.4247
BLOCK10/SES102/SA102S25	SES105	0.350578	-82.0741	-82.4247
BLOCK10/SES102/SA102S25	SES147	-0.84433	-83.269	-82.4247
BLOCK10/SES102/SA102S27	SES007	0.528412	-82.8232	-83.3516
BLOCK10/SES102/SA102S27	SES101	-0.16436	-83.516	-83.3516
BLOCK10/SES102/SA102S27	SES105	0.578072	-82.7735	-83.3516
BLOCK10/SES102/SA102S27	SES147	-0.350067	-83.7017	-83.3516
BLOCK10/SES103/SA103S14	SES105	0.0911789	-83.2399	-83.3311
BLOCK10/SES103/SA103S14	SES106	0.670273	-82.6608	-83.3311
BLOCK10/SES103/SA103S14	SES120	-1.14462	-84.4757	-83.3311
BLOCK10/SES103/SA103S14	SES206	0.411362	-82.9197	-83.3311
BLOCK10/SES103/SA103S15	SES099	0.276329	-83.3832	-83.6595
BLOCK10/SES103/SA103S15	SES101	-1.60564	-85.2652	-83.6595
BLOCK10/SES103/SA103S15	SES104	0.517815	-83.1417	-83.6595
BLOCK10/SES103/SA103S15	SES125	0.756271	-82.9033	-83.6595
BLOCK10/SES103/SA103S24	SES104	0.208168	-82.9969	-83.205
BLOCK10/SES103/SA103S24	SES125	0.230682	-82.9744	-83.205
BLOCK10/SES103/SA103S24	SES148	-0.807884	-84.0129	-83.205
BLOCK10/SES103/SA103S24	SES158	1.1471	-82.0579	-83.205
BLOCK10/SES103/SA103S26	SES104	-0.0344009	-82.9253	-82.8909
BLOCK10/SES103/SA103S26	SES106	0.706787	-82.1841	-82.8909
BLOCK10/SES103/SA103S26	SES125	-0.0485458	-82.9395	-82.8909
BLOCK10/SES103/SA103S26	SES148	-0.87265	-83.7636	-82.8909
BLOCK10/SES103/SA103S28	SES104	0.187668	-83.4689	-83.6565
BLOCK10/SES103/SA103S28	SES106	0.571373	-83.0852	-83.6565
BLOCK10/SES103/SA103S28	SES125	0.206337	-83.4502	-83.6565
BLOCK10/SES103/SA103S28	SES206	0.408447	-83.2481	-83.6565
BLOCK12/SES121/SA121S12	SES042	-0.206261	-83.6412	-83.4349
BLOCK12/SES121/SA121S12	SES087	1.07051	-82.3644	-83.4349
BLOCK12/SES121/SA121S12	SES105	0.81076	-82.6242	-83.4349
BLOCK12/SES121/SA121S12	SES206	0.685455	-82.7495	-83.4349
BLOCK12/SES121/SA121S14	SES007	-0.722267	-85.397	-84.6748
BLOCK12/SES121/SA121S14	SES105	-0.121407	-84.7962	-84.6748
BLOCK12/SES121/SA121S14	SES106	0.68821	-83.9866	-84.6748
BLOCK12/SES121/SA121S14	SES206	0.520905	-84.1539	-84.6748
BLOCK12/SES121/SA121S23	SES105	0.278397	-83.2531	-83.5315
BLOCK12/SES121/SA121S23	SES106	0.67955	-82.8519	-83.5315
BLOCK12/SES121/SA121S23	SES120	-1.08956	-84.621	-83.5315
BLOCK12/SES121/SA121S23	SES206	0.930153	-82.6013	-83.5315
BLOCK12/SES121/SA121S25	SES007	-0.557571	-84.4467	-83.8892
BLOCK12/SES121/SA121S25	SES105	-0.359833	-84.249	-83.8892
BLOCK12/SES121/SA121S25	SES106	0.89389	-82.9953	-83.8892
BLOCK12/SES121/SA121S25	SES206	0.817421	-83.0717	-83.8892
BLOCK12/SES121/SA121S27	SES087	0.933159	-83.5109	-84.4441
BLOCK12/SES121/SA121S27	SES105	-0.350533	-84.7946	-84.4441
BLOCK12/SES121/SA121S27	SES120	-1.06368	-85.5078	-84.4441
BLOCK12/SES121/SA121S27	SES206	0.454865	-83.9892	-84.4441
BLOCK12/SES124/SA124S16	SES042	0.679932	-81.8839	-82.5638
BLOCK12/SES124/SA124S16	SES082	1.11558	-81.4482	-82.5638
BLOCK12/SES124/SA124S16	SES183	-1.82736	-84.3912	-82.5638
BLOCK12/SES124/SA124S16	SES206	1.19313	-81.3707	-82.5638
BLOCK12/SES124/SA124S17	SES105	0.373642	-83.3621	-83.7358
BLOCK12/SES124/SA124S17	SES149	-0.249825	-83.9856	-83.7358
BLOCK12/SES124/SA124S17	SES158	1.27564	-82.4601	-83.7358
BLOCK12/SES124/SA124S17	SES275	-1.00365	-84.7394	-83.7358
BLOCK12/SES124/SA124S23	SES105	-0.306427	-82.0615	-81.7551
BLOCK12/SES124/SA124S23	SES125	1.41589	-80.3392	-81.7551
BLOCK12/SES124/SA124S23	SES129	-1.35402	-83.1091	-81.7551
BLOCK12/SES124/SA124S23	SES158	1.88776	-79.8673	-81.7551
BLOCK12/SES124/SA124S26	SES105	-0.396545	-83.5026	-83.106
BLOCK12/SES124/SA124S26	SES125	1.39872	-81.7073	-83.106
BLOCK12/SES124/SA124S26	SES129	-1.48052	-84.5865	-83.106
BLOCK12/SES124/SA124S26	SES158	1.54734	-81.5587	-83.106
BLOCK12/SES124/SA124S28	SES104	0.931572	-81.1439	-82.0755
BLOCK12/SES124/SA124S28	SES106	1.12719	-80.9483	-82.0755
BLOCK12/SES124/SA124S28	SES125	1.18913	-80.8864	-82.0755
BLOCK12/SES124/SA124S28	SES275	-0.946365	-83.0219	-82.0755
BLOCK12/SES126/SA126S13	SES007	0.280266	-83.2498	-83.5301
BLOCK12/SES126/SA126S13	SES162	1.56615	-81.9639	-83.5301
BLOCK12/SES126/SA126S13	SES177	1.23364	-82.2964	-83.5301
BLOCK12/SES126/SA126S13	SES180	1.7039	-81.8262	-83.5301
BLOCK12/SES126/SA126S14	SES144	1.02069	-82.838	-83.8587
BLOCK12/SES126/SA126S14	SES148	1.23304	-82.6257	-83.8587
BLOCK12/SES126/SA126S14	SES177	1.4326	-82.4261	-83.8587
BLOCK12/SES126/SA126S14	SES180	1.9576	-81.9011	-83.8587
BLOCK12/SES126/SA126S20	SES007	0.282234	-82.418	-82.7003
BLOCK12/SES126/SA126S20	SES162	0.803719	-81.8965	-82.7003
BLOCK12/SES126/SA126S20	SES172	0.203423	-82.4968	-82.7003
BLOCK12/SES126/SA126S20	SES180	0.956932	-81.7433	-82.7003
BLOCK12/SES126/SA126S24	SES120	-0.13118	-83.3189	-83.1877
BLOCK12/SES126/SA126S24	SES162	1.70834	-81.4794	-83.1877
BLOCK12/SES126/SA126S24	SES177	1.25838	-81.9293	-83.1877
BLOCK12/SES126/SA126S24	SES180	1.98973	-81.198	-83.1877
BLOCK12/SES126/SA126S26	SES120	0.0442123	-82.9759	-83.0201
BLOCK12/SES126/SA126S26	SES177	1.02993	-81.9901	-83.0201
BLOCK12/SES126/SA126S26	SES180	1.59174	-81.4283	-83.0201
BLOCK12/SES126/SA126S26	SES202	0.483536	-82.5365	-83.0201
BLOCK12/SES128/SA128S10	SES087	0.641678	-81.4397	-82.0814
BLOCK12/SES128/SA128S10	SES206	0.640152	-81.4413	-82.0814
BLOCK12/SES128/SA128S10	SES226	0.0450287	-82.0364	-82.0814
BLOCK12/SES128/SA128S10	SES270	0.00481415	-82.0766	-82.0814
BLOCK12/SES128/SA128S12	SES120	-0.862671	-83.5677	-82.705
BLOCK12/SES128/SA128S12	SES158	1.40913	-81.2959	-82.705
BLOCK12/SES128/SA128S12	SES206	0.803848	-81.9012	-82.705
BLOCK12/SES128/SA128S12	SES226	0.177444	-82.5276	-82.705
BLOCK12/SES128/SA128S21	SES106	0.276756	-83.0389	-83.3156
BLOCK12/SES128/SA128S21	SES120	-0.760086	-84.0757	-83.3156
BLOCK12/SES128/SA128S21	SES206	-0.163567	-83.4792	-83.3156
BLOCK12/SES128/SA128S21	SES226	-0.142731	-83.4584	-83.3156
BLOCK12/SES128/SA128S24	SES087	0.145073	-82.8551	-83.0001
BLOCK12/SES128/SA128S24	SES120	-0.303116	-83.3033	-83.0001
BLOCK12/SES128/SA128S24	SES206	0.130402	-82.8697	-83.0001
BLOCK12/SES128/SA128S24	SES226	-0.587395	-83.5875	-83.0001
BLOCK12/SES128/SA128S27	SES099	-0.171303	-82.4901	-82.3188
BLOCK12/SES128/SA128S27	SES120	-0.430473	-82.7492	-82.3188
BLOCK12/SES128/SA128S27	SES206	0.329872	-81.9889	-82.3188
BLOCK12/SES128/SA128S27	SES226	-0.424133	-82.7429	-82.3188
BLOCK13/SES130/SA130S13	SES143	-0.811989	-85.5629	-84.7509
BLOCK13/SES130/SA130S13	SES144	0.455299	-84.2956	-84.7509
BLOCK13/SES130/SA130S13	SES146	0.0611267	-84.6898	-84.7509
BLOCK13/SES130/SA130S13	SES275	-0.467583	-85.2185	-84.7509
BLOCK13/SES130/SA130S15	SES143	-0.485802	-83.8472	-83.3614
BLOCK13/SES130/SA130S15	SES144	0.633812	-82.7275	-83.3614
BLOCK13/SES130/SA130S15	SES146	-0.113632	-83.475	-83.3614
BLOCK13/SES130/SA130S15	SES275	0.365051	-82.9963	-83.3614
BLOCK13/SES130/SA130S23	SES127	-0.256683	-84.7199	-84.4632
BLOCK13/SES130/SA130S23	SES144	0.720352	-83.7428	-84.4632
BLOCK13/SES130/SA130S23	SES146	0.12468	-84.3385	-84.4632
BLOCK13/SES130/SA130S23	SES162	0.440758	-84.0224	-84.4632
BLOCK13/SES130/SA130S25	SES127	-0.313362	-82.7714	-82.458
BLOCK13/SES130/SA130S25	SES144	0.690117	-81.7679	-82.458
BLOCK13/SES130/SA130S25	SES146	0.0536957	-82.4043	-82.458
BLOCK13/SES130/SA130S25	SES275	0.294388	-82.1636	-82.458
BLOCK13/SES130/SA130S28	SES127	0.346756	-82.9294	-83.2761
BLOCK13/SES130/SA130S28	SES144	0.816048	-82.4601	-83.2761
BLOCK13/SES130/SA130S28	SES146	-0.0935135	-83.3697	-83.2761
BLOCK13/SES130/SA130S28	SES275	0.699081	-82.5771	-83.2761
BLOCK13/SES131/SA131S13	SES002	0.794746	-82.8128	-83.6075
BLOCK13/SES131/SA131S13	SES007	-0.610291	-84.2178	-83.6075
BLOCK13/SES131/SA131S13	SES099	0.218727	-83.3888	-83.6075
BLOCK13/SES131/SA131S13	SES105	0.70887	-82.8986	-83.6075
BLOCK13/SES131/SA131S14	SES104	0.29567	-81.6922	-81.9879
BLOCK13/SES131/SA131S14	SES106	0.787071	-81.2008	-81.9879
BLOCK13/SES131/SA131S14	SES125	0.262466	-81.7254	-81.9879
BLOCK13/SES131/SA131S14	SES148	-0.58654	-82.5744	-81.9879
BLOCK13/SES131/SA131S20	SES104	-0.0327454	-83.8639	-83.8312
BLOCK13/SES131/SA131S20	SES106	0.894279	-82.9369	-83.8312
BLOCK13/SES131/SA131S20	SES125	0.515663	-83.3155	-83.8312
BLOCK13/SES131/SA131S20	SES148	-1.11739	-84.9486	-83.8312
BLOCK13/SES131/SA131S22	SES099	0.364456	-82.0176	-82.3821
BLOCK13/SES131/SA131S22	SES104	0.567856	-81.8142	-82.3821
BLOCK13/SES131/SA131S22	SES125	0.849785	-81.5323	-82.3821
BLOCK13/SES131/SA131S22	SES206	0.770355	-81.6117	-82.3821
BLOCK13/SES131/SA131S29	SES087	1.23543	-81.6414	-82.8768
BLOCK13/SES131/SA131S29	SES104	0.367897	-82.5089	-82.8768
BLOCK13/SES131/SA131S29	SES125	0.938148	-81.9387	-82.8768
BLOCK13/SES131/SA131S29	SES206	0.678429	-82.1984	-82.8768
BLOCK13/SES132/SA132S11	SES083	0.0302505	-82.9276	-82.9578
BLOCK13/SES132/SA132S11	SES120	0.311432	-82.6464	-82.9578
BLOCK13/SES132/SA132S11	SES127	0.817535	-82.1403	-82.9578
BLOCK13/SES132/SA132S11	SES275	0.587799	-82.37	-82.9578
BLOCK13/SES132/SA132S12	SES083	0.00198364	-82.7824	-82.7844
BLOCK13/SES132/SA132S12	SES143	0.29348	-82.4909	-82.7844
BLOCK13/SES132/SA132S12	SES144	1.01646	-81.768	-82.7844
BLOCK13/SES132/SA132S12	SES148	0.818748	-81.9657	-82.7844
BLOCK13/SES132/SA132S22	SES062	-0.0986252	-82.5488	-82.4502
BLOCK13/SES132/SA132S22	SES083	-0.01371	-82.4639	-82.4502
BLOCK13/SES132/SA132S22	SES127	0.827698	-81.6225	-82.4502
BLOCK13/SES132/SA132S22	SES275	0.731705	-81.7185	-82.4502
BLOCK13/SES132/SA132S24	SES007	0.455513	-81.72	-82.1756
BLOCK13/SES132/SA132S24	SES083	-0.0169525	-82.1925	-82.1756
BLOCK13/SES132/SA132S24	SES127	0.617783	-81.5578	-82.1756
BLOCK13/SES132/SA132S24	SES275	0.231369	-81.9442	-82.1756
BLOCK13/SES132/SA132S27	SES083	-0.0464935	-83.0557	-83.0092
BLOCK13/SES132/SA132S27	SES120	0.303543	-82.7057	-83.0092
BLOCK13/SES132/SA132S27	SES127	0.483253	-82.526	-83.0092
BLOCK13/SES132/SA132S27	SES275	0.252052	-82.7572	-83.0092
BLOCK14/SES141/SA141S09	SES143	0.711456	-81.7955	-82.5069
BLOCK14/SES141/SA141S09	SES144	0.816772	-81.6901	-82.5069
BLOCK14/SES141/SA141S09	SES162	1.48029	-81.0266	-82.5069
BLOCK14/SES141/SA141S09	SES180	1.59825	-80.9087	-82.5069
BLOCK14/SES141/SA141S15	SES127	0.753555	-82.0555	-82.8091
BLOCK14/SES141/SA141S15	SES144	0.993118	-81.8159	-82.8091
BLOCK14/SES141/SA141S15	SES162	1.59937	-81.2097	-82.8091
BLOCK14/SES141/SA141S15	SES180	1.36636	-81.4427	-82.8091
BLOCK14/SES141/SA141S24	SES127	1.26009	-81.8545	-83.1146
BLOCK14/SES141/SA141S24	SES144	1.02297	-82.0916	-83.1146
BLOCK14/SES141/SA141S24	SES162	2.05053	-81.0641	-83.1146
BLOCK14/SES141/SA141S24	SES183	-0.41713	-83.5317	-83.1146
BLOCK14/SES141/SA141S26	SES142	0.292145	-83.4015	-83.6937
BLOCK14/SES141/SA141S26	SES144	1.22396	-82.4697	-83.6937
BLOCK14/SES141/SA141S26	SES172	1.56605	-82.1276	-83.6937
BLOCK14/SES141/SA141S26	SES180	1.97626	-81.7174	-83.6937
BLOCK14/SES141/SA141S29	SES127	1.04899	-81.7942	-82.8432
BLOCK14/SES141/SA141S29	SES142	0.285599	-82.5576	-82.8432
BLOCK14/SES141/SA141S29	SES144	0.924507	-81.9187	-82.8432
BLOCK14/SES141/SA141S29	SES180	2.09229	-80.7509	-82.8432
BLOCK15/SES157/SA157S08	SES083	0.000228882	-82.8196	-82.8198
BLOCK15/SES157/SA157S08	SES127	0.153122	-82.6667	-82.8198
BLOCK15/SES157/SA157S08	SES148	0.700897	-82.1189	-82.8198
BLOCK15/SES157/SA157S08	SES292	0.434898	-82.3849	-82.8198
BLOCK15/SES157/SA157S11	SES083	-0.249969	-82.9555	-82.7055
BLOCK15/SES157/SA157S11	SES127	-0.413094	-83.1186	-82.7055
BLOCK15/SES157/SA157S11	SES148	0.241852	-82.4637	-82.7055
BLOCK15/SES157/SA157S11	SES292	0.106735	-82.5988	-82.7055
BLOCK15/SES157/SA157S21	SES127	-0.115921	-83.0053	-82.8893
BLOCK15/SES157/SA157S21	SES148	0.505424	-82.3839	-82.8893
BLOCK15/SES157/SA157S21	SES158	0.187012	-82.7023	-82.8893
BLOCK15/SES157/SA157S21	SES292	0.497269	-82.3921	-82.8893
BLOCK15/SES157/SA157S24	SES127	0.0514297	-83.4959	-83.5473
BLOCK15/SES157/SA157S24	SES148	0.677811	-82.8695	-83.5473
BLOCK15/SES157/SA157S24	SES183	-0.149277	-83.6966	-83.5473
BLOCK15/SES157/SA157S24	SES292	0.540619	-83.0067	-83.5473
BLOCK15/SES157/SA157S26	SES007	0.573639	-82.0197	-82.5933
BLOCK15/SES157/SA157S26	SES127	0.514465	-82.0788	-82.5933
BLOCK15/SES157/SA157S26	SES147	-0.523872	-83.1172	-82.5933
BLOCK15/SES157/SA157S26	SES148	0.67511	-81.9182	-82.5933
BLOCK16/SES161/SA161S10	SES007	-0.0581894	-83.6246	-83.5664
BLOCK16/SES161/SA161S10	SES105	0.943237	-82.6232	-83.5664
BLOCK16/SES161/SA161S10	SES158	1.09705	-82.4694	-83.5664
BLOCK16/SES161/SA161S10	SES275	-0.273735	-83.8402	-83.5664
BLOCK16/SES161/SA161S12	SES007	0.0172348	-83.3511	-83.3683
BLOCK16/SES161/SA161S12	SES105	0.469162	-82.8991	-83.3683
BLOCK16/SES161/SA161S12	SES158	1.16817	-82.2001	-83.3683
BLOCK16/SES161/SA161S12	SES275	-0.264038	-83.6323	-83.3683
BLOCK16/SES161/SA161S20	SES007	-0.282135	-85.1813	-84.8991
BLOCK16/SES161/SA161S20	SES105	0.376518	-84.5226	-84.8991
BLOCK16/SES161/SA161S20	SES158	1.07632	-83.8228	-84.8991
BLOCK16/SES161/SA161S20	SES275	-0.603966	-85.5031	-84.8991
BLOCK16/SES161/SA161S23	SES007	-0.174866	-83.5524	-83.3775
BLOCK16/SES161/SA161S23	SES105	0.487961	-82.8895	-83.3775
BLOCK16/SES161/SA161S23	SES148	-0.573517	-83.951	-83.3775
BLOCK16/SES161/SA161S23	SES158	0.935509	-82.442	-83.3775
BLOCK16/SES161/SA161S28	SES007	-0.151428	-83.1332	-82.9818
BLOCK16/SES161/SA161S28	SES105	0.166801	-82.815	-82.9818
BLOCK16/SES161/SA161S28	SES158	1.56285	-81.4189	-82.9818
BLOCK16/SES161/SA161S28	SES206	0.500099	-82.4817	-82.9818
BLOCK16/SES164/SA164S11	SES104	0.523003	-80.2805	-80.8035
BLOCK16/SES164/SA164S11	SES125	0.661491	-80.142	-80.8035
BLOCK16/SES164/SA164S11	SES158	1.65967	-79.1438	-80.8035
BLOCK16/SES164/SA164S11	SES206	1.09925	-79.7042	-80.8035
BLOCK16/SES164/SA164S13	SES099	0.539909	-81.2023	-81.7422
BLOCK16/SES164/SA164S13	SES104	0.435585	-81.3066	-81.7422
BLOCK16/SES164/SA164S13	SES125	0.607727	-81.1345	-81.7422
BLOCK16/SES164/SA164S13	SES206	0.877075	-80.8651	-81.7422
BLOCK16/SES164/SA164S24	SES002	1.23416	-80.3684	-81.6026
BLOCK16/SES164/SA164S24	SES099	0.455025	-81.1476	-81.6026
BLOCK16/SES164/SA164S24	SES125	0.739479	-80.8631	-81.6026
BLOCK16/SES164/SA164S24	SES226	-0.459496	-82.0621	-81.6026
BLOCK16/SES164/SA164S27	SES087	0.755524	-81.0296	-81.7851
BLOCK16/SES164/SA164S27	SES125	0.862381	-80.9227	-81.7851
BLOCK16/SES164/SA164S27	SES206	1.00465	-80.7804	-81.7851
BLOCK16/SES164/SA164S27	SES226	-0.261925	-82.047	-81.7851
BLOCK16/SES164/SA164S29	SES002	1.15993	-80.0411	-81.2011
BLOCK16/SES164/SA164S29	SES019	-0.0108719	-81.2119	-81.2011
BLOCK16/SES164/SA164S29	SES125	0.63652	-80.5646	-81.2011
BLOCK16/SES164/SA164S29	SES226	-0.278473	-81.4795	-81.2011
BLOCK16/SES169/SA169S13	SES117	-0.437752	-83.4336	-82.9958
BLOCK16/SES169/SA169S13	SES144	0.797958	-82.1979	-82.9958
BLOCK16/SES169/SA169S13	SES146	-0.0622253	-83.0581	-82.9958
BLOCK16/SES169/SA169S13	SES162	0.590652	-82.4052	-82.9958
BLOCK16/SES169/SA169S14	SES144	0.540367	-81.0937	-81.6341
BLOCK16/SES169/SA169S14	SES148	0.419769	-81.2143	-81.6341
BLOCK16/SES169/SA169S14	SES177	0.181458	-81.4526	-81.6341
BLOCK16/SES169/SA169S14	SES180	0.138107	-81.496	-81.6341
BLOCK16/SES169/SA169S24	SES117	-0.221764	-82.672	-82.4503
BLOCK16/SES169/SA169S24	SES144	0.58519	-81.8651	-82.4503
BLOCK16/SES169/SA169S24	SES146	-0.00038147	-82.4506	-82.4503
BLOCK16/SES169/SA169S24	SES162	0.271713	-82.1785	-82.4503
BLOCK16/SES169/SA169S27	SES127	0.330124	-81.9239	-82.254
BLOCK16/SES169/SA169S27	SES129	0.345604	-81.9084	-82.254
BLOCK16/SES169/SA169S27	SES144	0.423027	-81.831	-82.254
BLOCK16/SES169/SA169S27	SES146	-0.106178	-82.3602	-82.254
BLOCK16/SES169/SA169S29	SES144	0.522018	-81.1696	-81.6916
BLOCK16/SES169/SA169S29	SES162	0.463783	-81.2279	-81.6916
BLOCK16/SES169/SA169S29	SES177	0.277779	-81.4139	-81.6916
BLOCK16/SES169/SA169S29	SES180	0.428642	-81.263	-81.6916
BLOCK17/SES171/SA171S12	SES083	-0.129997	-83.1993	-83.0693
BLOCK17/SES171/SA171S12	SES148	0.473221	-82.596	-83.0693
BLOCK17/SES171/SA171S12	SES172	0.445076	-82.6242	-83.0693
BLOCK17/SES171/SA171S12	SES292	0.144478	-82.9248	-83.0693
BLOCK17/SES171/SA171S15	SES148	0.202408	-83.5829	-83.7853
BLOCK17/SES171/SA171S15	SES177	0.654716	-83.1306	-83.7853
BLOCK17/SES171/SA171S15	SES180	0.597717	-83.1876	-83.7853
BLOCK17/SES171/SA171S15	SES292	-0.117134	-83.9024	-83.7853
BLOCK17/SES171/SA171S22	SES007	0.419395	-82.5186	-82.938
BLOCK17/SES171/SA171S22	SES148	0.933113	-82.0049	-82.938
BLOCK17/SES171/SA171S22	SES177	1.06721	-81.8708	-82.938
BLOCK17/SES171/SA171S22	SES180	0.776192	-82.1618	-82.938
BLOCK17/SES171/SA171S25	SES101	-0.478981	-84.3039	-83.825
BLOCK17/SES171/SA171S25	SES120	-0.509277	-84.3342	-83.825
BLOCK17/SES171/SA171S25	SES177	0.574898	-83.2501	-83.825
BLOCK17/SES171/SA171S25	SES180	0.684944	-83.14	-83.825
BLOCK17/SES171/SA171S27	SES177	0.777397	-82.7953	-83.5727
BLOCK17/SES171/SA171S27	SES180	0.576538	-82.9961	-83.5727
BLOCK17/SES171/SA171S27	SES189	0.180443	-83.3922	-83.5727
BLOCK17/SES171/SA171S27	SES292	0.0618744	-83.5108	-83.5727
BLOCK17/SES173/SA173S13	SES162	1.59263	-82.4725	-84.0651
BLOCK17/SES173/SA173S13	SES177	1.06027	-83.0049	-84.0651
BLOCK17/SES173/SA173S13	SES180	1.40093	-82.6642	-84.0651
BLOCK17/SES173/SA173S13	SES292	-0.236099	-84.3012	-84.0651
BLOCK17/SES173/SA173S14	SES007	-0.233459	-84.2297	-83.9962
BLOCK17/SES173/SA173S14	SES162	1.49099	-82.5052	-83.9962
BLOCK17/SES173/SA173S14	SES177	0.879761	-83.1164	-83.9962
BLOCK17/SES173/SA173S14	SES180	1.49609	-82.5001	-83.9962
BLOCK17/SES173/SA173S24	SES144	1.06037	-83.6601	-84.7205
BLOCK17/SES173/SA173S24	SES162	1.45925	-83.2612	-84.7205
BLOCK17/SES173/SA173S24	SES177	0.943527	-83.7769	-84.7205
BLOCK17/SES173/SA173S24	SES180	1.21777	-83.5027	-84.7205
BLOCK17/SES173/SA173S27	SES162	1.37314	-82.3766	-83.7497
BLOCK17/SES173/SA173S27	SES177	1.16727	-82.5824	-83.7497
BLOCK17/SES173/SA173S27	SES180	1.62576	-82.1239	-83.7497
BLOCK17/SES173/SA173S27	SES292	-0.220551	-83.9703	-83.7497
BLOCK17/SES173/SA173S29	SES162	1.27672	-83.0952	-84.3719
BLOCK17/SES173/SA173S29	SES175	0.794594	-83.5773	-84.3719
BLOCK17/SES173/SA173S29	SES177	0.877754	-83.4941	-84.3719
BLOCK17/SES173/SA173S29	SES292	-0.0659561	-84.4378	-84.3719
BLOCK18/SES182/SA182S10	SES144	0.763588	-81.8933	-82.6569
BLOCK18/SES182/SA182S10	SES177	0.728592	-81.9283	-82.6569
BLOCK18/SES182/SA182S10	SES180	0.489395	-82.1675	-82.6569
BLOCK18/SES182/SA182S10	SES275	0.262634	-82.3943	-82.6569
BLOCK18/SES182/SA182S12	SES144	0.739677	-80.8185	-81.5582
BLOCK18/SES182/SA182S12	SES177	0.877579	-80.6806	-81.5582
BLOCK18/SES182/SA182S12	SES180	0.936546	-80.6217	-81.5582
BLOCK18/SES182/SA182S12	SES275	-0.195801	-81.754	-81.5582
BLOCK18/SES182/SA182S21	SES117	0.363464	-83.1534	-83.5169
BLOCK18/SES182/SA182S21	SES144	1.00734	-82.5096	-83.5169
BLOCK18/SES182/SA182S21	SES162	1.604	-81.9129	-83.5169
BLOCK18/SES182/SA182S21	SES180	1.43177	-82.0851	-83.5169
BLOCK18/SES182/SA182S23	SES117	0.205589	-82.4576	-82.6632
BLOCK18/SES182/SA182S23	SES144	0.554131	-82.1091	-82.6632
BLOCK18/SES182/SA182S23	SES180	0.777473	-81.8857	-82.6632
BLOCK18/SES182/SA182S23	SES275	0.00737762	-82.6558	-82.6632
BLOCK18/SES182/SA182S25	SES007	0.469749	-82.8721	-83.3419
BLOCK18/SES182/SA182S25	SES162	1.0579	-82.284	-83.3419
BLOCK18/SES182/SA182S25	SES177	0.814148	-82.5277	-83.3419
BLOCK18/SES182/SA182S25	SES180	1.21144	-82.1304	-83.3419
BLOCK18/SES184/SA184S12	SES177	0.693085	-83.1309	-83.824
BLOCK18/SES184/SA184S12	SES180	0.346626	-83.4774	-83.824
BLOCK18/SES184/SA184S12	SES189	-0.187508	-84.0115	-83.824
BLOCK18/SES184/SA184S12	SES292	0.243439	-83.5806	-83.824
BLOCK18/SES184/SA184S13	SES101	-0.0842972	-83.3257	-83.2414
BLOCK18/SES184/SA184S13	SES177	0.928619	-82.3128	-83.2414
BLOCK18/SES184/SA184S13	SES180	1.34816	-81.8933	-83.2414
BLOCK18/SES184/SA184S13	SES292	0.495628	-82.7458	-83.2414
BLOCK18/SES184/SA184S22	SES177	0.917389	-82.3591	-83.2765
BLOCK18/SES184/SA184S22	SES180	0.972984	-82.3035	-83.2765
BLOCK18/SES184/SA184S22	SES189	-0.235855	-83.5124	-83.2765
BLOCK18/SES184/SA184S22	SES292	0.380013	-82.8965	-83.2765
BLOCK18/SES184/SA184S25	SES101	0.292603	-82.194	-82.4866
BLOCK18/SES184/SA184S25	SES177	0.990128	-81.4965	-82.4866
BLOCK18/SES184/SA184S25	SES180	1.32294	-81.1637	-82.4866
BLOCK18/SES184/SA184S25	SES292	0.761169	-81.7255	-82.4866
BLOCK18/SES184/SA184S27	SES083	-0.0453491	-82.2908	-82.2455
BLOCK18/SES184/SA184S27	SES177	0.92347	-81.322	-82.2455
BLOCK18/SES184/SA184S27	SES202	0.0889435	-82.1565	-82.2455
BLOCK18/SES184/SA184S27	SES292	0.533798	-81.7117	-82.2455
BLOCK20/SES204/SA204S12	SES062	-0.901741	-83.4318	-82.53
BLOCK20/SES204/SA204S12	SES083	-0.6026	-83.1326	-82.53
BLOCK20/SES204/SA204S12	SES206	0.806274	-81.7238	-82.53
BLOCK20/SES204/SA204S12	SES226	-0.301811	-82.8319	-82.53
BLOCK20/SES204/SA204S14	SES068	-0.29599	-82.1343	-81.8383
BLOCK20/SES204/SA204S14	SES087	0.746445	-81.0918	-81.8383
BLOCK20/SES204/SA204S14	SES206	0.740517	-81.0977	-81.8383
BLOCK20/SES204/SA204S14	SES226	-0.336708	-82.175	-81.8383
BLOCK20/SES204/SA204S22	SES068	-0.137466	-82.7693	-82.6319
BLOCK20/SES204/SA204S22	SES082	0.02491	-82.6069	-82.6319
BLOCK20/SES204/SA204S22	SES083	-0.761642	-83.3935	-82.6319
BLOCK20/SES204/SA204S22	SES206	0.472107	-82.1597	-82.6319
BLOCK20/SES204/SA204S25	SES062	-0.752274	-82.9375	-82.1852
BLOCK20/SES204/SA204S25	SES083	-0.385147	-82.5704	-82.1852
BLOCK20/SES204/SA204S25	SES206	0.779419	-81.4058	-82.1852
BLOCK20/SES204/SA204S25	SES226	-0.246681	-82.4319	-82.1852
BLOCK20/SES204/SA204S27	SES068	-0.344597	-83.4334	-83.0888
BLOCK20/SES204/SA204S27	SES082	0.937889	-82.1509	-83.0888
BLOCK20/SES204/SA204S27	SES087	0.870628	-82.2182	-83.0888
BLOCK20/SES204/SA204S27	SES206	0.670288	-82.4185	-83.0888
BLOCK20/SES207/SA207S10	SES127	0.178673	-82.9667	-83.1454
BLOCK20/SES207/SA207S10	SES183	-0.191185	-83.3366	-83.1454
BLOCK20/SES207/SA207S10	SES189	-0.169998	-83.3154	-83.1454
BLOCK20/SES207/SA207S10	SES292	0.319443	-82.8259	-83.1454
BLOCK20/SES207/SA207S11	SES127	-0.58271	-84.4802	-83.8975
BLOCK20/SES207/SA207S11	SES183	-0.211655	-84.1092	-83.8975
BLOCK20/SES207/SA207S11	SES187	-0.428864	-84.3264	-83.8975
BLOCK20/SES207/SA207S11	SES292	0.111313	-83.7862	-83.8975
BLOCK20/SES207/SA207S25	SES068	1.11649	-83.1217	-84.2382
BLOCK20/SES207/SA207S25	SES083	-0.30529	-84.5434	-84.2382
BLOCK20/SES207/SA207S25	SES127	0.554794	-83.6834	-84.2382
BLOCK20/SES207/SA207S25	SES187	0.155006	-84.0831	-84.2382
BLOCK20/SES207/SA207S27	SES127	0.313293	-83.3786	-83.6919
BLOCK20/SES207/SA207S27	SES183	-0.23568	-83.9276	-83.6919
BLOCK20/SES207/SA207S27	SES187	0.0296021	-83.6623	-83.6919
BLOCK20/SES207/SA207S27	SES292	0.126114	-83.5658	-83.6919
BLOCK20/SES207/SA207S29	SES083	-0.211777	-84.2945	-84.0827
BLOCK20/SES207/SA207S29	SES085	0.508194	-83.5745	-84.0827
BLOCK20/SES207/SA207S29	SES172	1.47254	-82.6102	-84.0827
BLOCK20/SES207/SA207S29	SES189	-0.125481	-84.2082	-84.0827
BLOCK22/SES221/SA221S12	SES068	0.808914	-82.976	-83.7849
BLOCK22/SES221/SA221S12	SES143	0.722862	-83.062	-83.7849
BLOCK22/SES221/SA221S12	SES175	0.60331	-83.1816	-83.7849
BLOCK22/SES221/SA221S12	SES202	0.994026	-82.7909	-83.7849
BLOCK22/SES221/SA221S15	SES085	0.121613	-83.9562	-84.0778
BLOCK22/SES221/SA221S15	SES143	0.194786	-83.883	-84.0778
BLOCK22/SES221/SA221S15	SES175	0.300873	-83.7769	-84.0778
BLOCK22/SES221/SA221S15	SES187	0.177528	-83.9003	-84.0778
BLOCK22/SES221/SA221S23	SES068	0.568642	-83.5143	-84.0829
BLOCK22/SES221/SA221S23	SES143	0.523468	-83.5594	-84.0829
BLOCK22/SES221/SA221S23	SES175	0.384789	-83.6981	-84.0829
BLOCK22/SES221/SA221S23	SES189	0.69313	-83.3898	-84.0829
BLOCK22/SES221/SA221S27	SES085	0.408554	-83.6181	-84.0267
BLOCK22/SES221/SA221S27	SES143	0.267006	-83.7597	-84.0267
BLOCK22/SES221/SA221S27	SES175	-0.103676	-84.1303	-84.0267
BLOCK22/SES221/SA221S27	SES189	0.597374	-83.4293	-84.0267
BLOCK22/SES221/SA221S29	SES085	0.23465	-84.3753	-84.6099
BLOCK22/SES221/SA221S29	SES143	0.431511	-84.1784	-84.6099
BLOCK22/SES221/SA221S29	SES175	0.530869	-84.079	-84.6099
BLOCK22/SES221/SA221S29	SES187	0.470627	-84.1393	-84.6099
BLOCK22/SES223/SA223S11	SES143	0.578407	-83.3784	-83.9568
BLOCK22/SES223/SA223S11	SES144	0.700966	-83.2558	-83.9568
BLOCK22/SES223/SA223S11	SES175	0.380356	-83.5764	-83.9568
BLOCK22/SES223/SA223S11	SES187	0.24659	-83.7102	-83.9568
BLOCK22/SES223/SA223S13	SES068	0.862442	-84.187	-85.0494
BLOCK22/SES223/SA223S13	SES143	0.4067	-84.6427	-85.0494
BLOCK22/SES223/SA223S13	SES146	-0.542999	-85.5924	-85.0494
BLOCK22/SES223/SA223S13	SES202	0.592758	-84.4567	-85.0494
BLOCK22/SES223/SA223S22	SES143	0.370255	-83.2317	-83.6019
BLOCK22/SES223/SA223S22	SES144	0.715973	-82.8859	-83.6019
BLOCK22/SES223/SA223S22	SES175	0.0889359	-83.513	-83.6019
BLOCK22/SES223/SA223S22	SES187	0.0551682	-83.5467	-83.6019
BLOCK22/SES223/SA223S25	SES068	0.863266	-83.053	-83.9163
BLOCK22/SES223/SA223S25	SES143	0.500427	-83.4159	-83.9163
BLOCK22/SES223/SA223S25	SES175	0.491035	-83.4253	-83.9163
BLOCK22/SES223/SA223S25	SES187	0.326714	-83.5896	-83.9163
BLOCK22/SES223/SA223S27	SES143	0.382629	-83.6893	-84.0719
BLOCK22/SES223/SA223S27	SES146	-0.863274	-84.9352	-84.0719
BLOCK22/SES223/SA223S27	SES187	0.038765	-84.0331	-84.0719
BLOCK22/SES223/SA223S27	SES292	-0.131859	-84.2038	-84.0719
BLOCK27/SES273/SA273S12	SES099	0.537659	-81.39	-81.9276
BLOCK27/SES273/SA273S12	SES104	0.787041	-81.1406	-81.9276
BLOCK27/SES273/SA273S12	SES125	0.936539	-80.9911	-81.9276
BLOCK27/SES273/SA273S12	SES206	1.1117	-80.8159	-81.9276
BLOCK27/SES273/SA273S13	SES099	0.431198	-81.0541	-81.4853
BLOCK27/SES273/SA273S13	SES104	0.195908	-81.2894	-81.4853
BLOCK27/SES273/SA273S13	SES206	0.572281	-80.913	-81.4853
BLOCK27/SES273/SA273S13	SES292	-0.680504	-82.1658	-81.4853
BLOCK27/SES273/SA273S21	SES099	0.471375	-81.301	-81.7724
BLOCK27/SES273/SA273S21	SES148	-0.862259	-82.6347	-81.7724
BLOCK27/SES273/SA273S21	SES149	-0.772079	-82.5445	-81.7724
BLOCK27/SES273/SA273S21	SES177	-0.674088	-82.4465	-81.7724
BLOCK27/SES273/SA273S25	SES104	0.442932	-81.1893	-81.6322
BLOCK27/SES273/SA273S25	SES125	0.389778	-81.2424	-81.6322
BLOCK27/SES273/SA273S25	SES158	1.53168	-80.1005	-81.6322
BLOCK27/SES273/SA273S25	SES206	0.877998	-80.7542	-81.6322
BLOCK27/SES273/SA273S27	SES099	0.343292	-80.9201	-81.2634
BLOCK27/SES273/SA273S27	SES104	-0.0645752	-81.3279	-81.2634
BLOCK27/SES273/SA273S27	SES149	-0.505966	-81.7693	-81.2634
BLOCK27/SES273/SA273S27	SES275	-0.396217	-81.6596	-81.2634
BLOCK27/SES274/SA274S10	SES105	-0.338005	-82.2269	-81.8889
BLOCK27/SES274/SA274S10	SES125	0.458366	-81.4305	-81.8889
BLOCK27/SES274/SA274S10	SES129	-0.960709	-82.8496	-81.8889
BLOCK27/SES274/SA274S10	SES158	1.13752	-80.7514	-81.8889
BLOCK27/SES274/SA274S11	SES105	0.0280685	-81.8072	-81.8353
BLOCK27/SES274/SA274S11	SES149	-0.694115	-82.5294	-81.8353
BLOCK27/SES274/SA274S11	SES158	1.13079	-80.7045	-81.8353
BLOCK27/SES274/SA274S11	SES275	-0.463768	-82.2991	-81.8353
BLOCK27/SES274/SA274S21	SES105	-0.197388	-82.4004	-82.203
BLOCK27/SES274/SA274S21	SES129	-1.22876	-83.4318	-82.203
BLOCK27/SES274/SA274S21	SES149	-0.803261	-83.0063	-82.203
BLOCK27/SES274/SA274S21	SES158	0.54792	-81.6551	-82.203
BLOCK27/SES274/SA274S24	SES105	-0.406746	-82.4909	-82.0841
BLOCK27/SES274/SA274S24	SES129	-1.0773	-83.1614	-82.0841
BLOCK27/SES274/SA274S24	SES149	-0.850166	-82.9343	-82.0841
BLOCK27/SES274/SA274S24	SES158	0.913635	-81.1705	-82.0841
BLOCK27/SES274/SA274S29	SES105	-0.0447693	-81.6645	-81.6198
BLOCK27/SES274/SA274S29	SES106	0.584969	-81.0348	-81.6198
BLOCK27/SES274/SA274S29	SES120	-0.672241	-82.292	-81.6198
BLOCK27/SES274/SA274S29	SES275	-0.405762	-82.0255	-81.6198
BLOCK27/SES276/SA276S16	SES148	0.578285	-83.4051	-83.9834
BLOCK27/SES276/SA276S16	SES172	0.991432	-82.9919	-83.9834
BLOCK27/SES276/SA276S16	SES180	0.801506	-83.1819	-83.9834
BLOCK27/SES276/SA276S16	SES292	0.350983	-83.6324	-83.9834
BLOCK27/SES276/SA276S17	SES101	-0.0127182	-83.7909	-83.7782
BLOCK27/SES276/SA276S17	SES177	0.760117	-83.0181	-83.7782
BLOCK27/SES276/SA276S17	SES180	0.877029	-82.9012	-83.7782
BLOCK27/SES276/SA276S17	SES292	0.694138	-83.0841	-83.7782
BLOCK27/SES276/SA276S24	SES101	0.0151596	-82.7617	-82.7769
BLOCK27/SES276/SA276S24	SES177	0.515366	-82.2615	-82.7769
BLOCK27/SES276/SA276S24	SES180	0.687782	-82.0891	-82.7769
BLOCK27/SES276/SA276S24	SES292	0.593811	-82.1831	-82.7769
BLOCK27/SES276/SA276S26	SES101	-0.3862	-84.312	-83.9258
BLOCK27/SES276/SA276S26	SES177	0.492226	-83.4335	-83.9258
BLOCK27/SES276/SA276S26	SES180	0.663002	-83.2628	-83.9258
BLOCK27/SES276/SA276S26	SES292	0.409332	-83.5164	-83.9258
BLOCK27/SES276/SA276S28	SES101	-0.10495	-84.0697	-83.9647
BLOCK27/SES276/SA276S28	SES177	0.507713	-83.457	-83.9647
BLOCK27/SES276/SA276S28	SES180	0.81292	-83.1518	-83.9647
BLOCK27/SES276/SA276S28	SES292	0.364288	-83.6004	-83.9647
BLOCK27/SES277/SA277S12	SES101	-0.175133	-83.746	-83.5709
BLOCK27/SES277/SA277S12	SES177	0.725555	-82.8453	-83.5709
BLOCK27/SES277/SA277S12	SES180	1.33073	-82.2401	-83.5709
BLOCK27/SES277/SA277S12	SES292	0.452431	-83.1184	-83.5709
BLOCK27/SES277/SA277S14	SES177	1.00267	-82.3942	-83.3968
BLOCK27/SES277/SA277S14	SES180	0.758774	-82.6381	-83.3968
BLOCK27/SES277/SA277S14	SES189	0.417007	-82.9798	-83.3968
BLOCK27/SES277/SA277S14	SES292	0.0451508	-83.3517	-83.3968
BLOCK27/SES277/SA277S21	SES177	0.950638	-82.2125	-83.1632
BLOCK27/SES277/SA277S21	SES180	0.86071	-82.3025	-83.1632
BLOCK27/SES277/SA277S21	SES189	0.245903	-82.9173	-83.1632
BLOCK27/SES277/SA277S21	SES292	0.156273	-83.0069	-83.1632
BLOCK27/SES277/SA277S24	SES144	0.625099	-83.4195	-84.0446
BLOCK27/SES277/SA277S24	SES177	0.964424	-83.0802	-84.0446
BLOCK27/SES277/SA277S24	SES180	0.891693	-83.1529	-84.0446
BLOCK27/SES277/SA277S24	SES189	0.425835	-83.6187	-84.0446
BLOCK27/SES277/SA277S29	SES177	0.814766	-81.245	-82.0597
BLOCK27/SES277/SA277S29	SES180	0.970016	-81.0897	-82.0597
BLOCK27/SES277/SA277S29	SES202	0.228615	-81.8311	-82.0597
BLOCK27/SES277/SA277S29	SES292	0.276337	-81.7834	-82.0597
BLOCK27/SES279/SA279S09	SES120	-0.400826	-82.8624	-82.4616
BLOCK27/SES279/SA279S09	SES146	-0.151459	-82.6131	-82.4616
BLOCK27/SES279/SA279S09	SES206	0.106071	-82.3556	-82.4616
BLOCK27/SES279/SA279S09	SES226	-0.660225	-83.1218	-82.4616
BLOCK27/SES279/SA279S10	SES099	0.0321198	-82.6787	-82.7108
BLOCK27/SES279/SA279S10	SES206	0.105453	-82.6053	-82.7108
BLOCK27/SES279/SA279S10	SES226	-0.12616	-82.837	-82.7108
BLOCK27/SES279/SA279S10	SES292	-0.0767212	-82.7875	-82.7108
BLOCK27/SES279/SA279S20	SES099	-0.432381	-82.7532	-82.3208
BLOCK27/SES279/SA279S20	SES206	0.382957	-81.9378	-82.3208
BLOCK27/SES279/SA279S20	SES226	-0.50956	-82.8303	-82.3208
BLOCK27/SES279/SA279S20	SES292	-0.171242	-82.492	-82.3208
BLOCK27/SES279/SA279S26	SES099	-0.0551529	-83.3304	-83.2753
BLOCK27/SES279/SA279S26	SES206	0.252457	-83.0228	-83.2753
BLOCK27/SES279/SA279S26	SES226	-0.158669	-83.434	-83.2753
BLOCK27/SES279/SA279S26	SES292	-0.209129	-83.4844	-83.2753
BLOCK27/SES279/SA279S28	SES099	0.00738525	-82.0394	-82.0467
BLOCK27/SES279/SA279S28	SES120	-0.456596	-82.5033	-82.0467
BLOCK27/SES279/SA279S28	SES177	-0.646828	-82.6936	-82.0467
BLOCK27/SES279/SA279S28	SES206	0.407608	-81.6391	-82.0467
BLOCK29/SES290/SA290S12	SES162	1.13184	-81.5091	-82.6409
BLOCK29/SES290/SA290S12	SES177	1.01858	-81.6223	-82.6409
BLOCK29/SES290/SA290S12	SES180	0.949348	-81.6916	-82.6409
BLOCK29/SES290/SA290S12	SES292	0.174217	-82.4667	-82.6409
BLOCK29/SES290/SA290S13	SES007	0.265411	-83.0843	-83.3497
BLOCK29/SES290/SA290S13	SES162	1.11726	-82.2324	-83.3497
BLOCK29/SES290/SA290S13	SES177	0.935219	-82.4145	-83.3497
BLOCK29/SES290/SA290S13	SES180	1.11994	-82.2297	-83.3497
BLOCK29/SES290/SA290S22	SES177	1.08826	-81.6359	-82.7242
BLOCK29/SES290/SA290S22	SES180	1.2785	-81.4457	-82.7242
BLOCK29/SES290/SA290S22	SES202	0.617973	-82.1062	-82.7242
BLOCK29/SES290/SA290S22	SES292	0.311447	-82.4128	-82.7242
BLOCK29/SES290/SA290S25	SES162	1.23279	-81.6633	-82.8961
BLOCK29/SES290/SA290S25	SES177	0.962234	-81.9339	-82.8961
BLOCK29/SES290/SA290S25	SES180	1.4404	-81.4557	-82.8961
BLOCK29/SES290/SA290S25	SES292	0.368904	-82.5272	-82.8961
BLOCK29/SES290/SA290S29	SES177	0.952705	-80.8755	-81.8282
BLOCK29/SES290/SA290S29	SES180	1.29227	-80.536	-81.8282
BLOCK29/SES290/SA290S29	SES275	0.243355	-81.5849	-81.8282
BLOCK29/SES290/SA290S29	SES292	0.367599	-81.4606	-81.8282
BLOCK29/SES291/SA291S11	SES105	0.122925	-82.243	-82.3659
BLOCK29/SES291/SA291S11	SES125	0.406593	-81.9593	-82.3659
BLOCK29/SES291/SA291S11	SES158	1.14879	-81.2171	-82.3659
BLOCK29/SES291/SA291S11	SES275	-0.608902	-82.9748	-82.3659
BLOCK29/SES291/SA291S12	SES158	1.24704	-79.8677	-81.1147
BLOCK29/SES291/SA291S12	SES226	-0.225777	-81.3405	-81.1147
BLOCK29/SES291/SA291S12	SES270	0.53862	-80.5761	-81.1147
BLOCK29/SES291/SA291S12	SES275	-0.521805	-81.6365	-81.1147
BLOCK29/SES291/SA291S22	SES082	0.95018	-80.9888	-81.939
BLOCK29/SES291/SA291S22	SES158	1.3437	-80.5953	-81.939
BLOCK29/SES291/SA291S22	SES259	-0.158257	-82.0972	-81.939
BLOCK29/SES291/SA291S22	SES275	-0.504181	-82.4432	-81.939
BLOCK29/SES291/SA291S24	SES104	0.434303	-81.0244	-81.4587
BLOCK29/SES291/SA291S24	SES125	0.64241	-80.8163	-81.4587
BLOCK29/SES291/SA291S24	SES158	1.39964	-80.0591	-81.4587
BLOCK29/SES291/SA291S24	SES275	-0.70166	-82.1604	-81.4587
BLOCK29/SES291/SA291S27	SES158	1.60478	-80.9011	-82.5059
BLOCK29/SES291/SA291S27	SES172	-1.2539	-83.7598	-82.5059
BLOCK29/SES291/SA291S27	SES275	-0.885017	-83.3909	-82.5059
BLOCK29/SES291/SA291S27	SES292	-0.470955	-82.9768	-82.5059
