BLOCK00/SES002/SA002S12	SES002	1.68613	-63.919	-65.6051
BLOCK00/SES002/SA002S13	SES002	1.82356	-65.479	-67.3026
BLOCK00/SES002/SA002S23	SES002	1.78497	-64.3983	-66.1833
BLOCK00/SES002/SA002S26	SES002	2.41776	-63.9638	-66.3816
BLOCK00/SES002/SA002S28	SES002	1.89191	-64.2651	-66.1571
BLOCK00/SES007/SA007S14	SES007	0.534897	-66.2361	-66.771
BLOCK00/SES007/SA007S15	SES007	0.410919	-66.5783	-66.9892
BLOCK00/SES007/SA007S24	SES007	0.775192	-66.4696	-67.2448
BLOCK00/SES007/SA007S27	SES007	0.461349	-66.5092	-66.9705
BLOCK00/SES007/SA007S29	SES007	0.635284	-66.2918	-66.9271
BLOCK00/SES008/SA008S11	SES008	0.661674	-66.0675	-66.7292
BLOCK00/SES008/SA008S12	SES008	0.299057	-66.652	-66.9511
BLOCK00/SES008/SA008S19	SES008	0.822853	-66.2909	-67.1137
BLOCK00/SES008/SA008S22	SES008	1.15041	-65.6083	-66.7587
BLOCK00/SES008/SA008S29	SES008	0.46843	-66.8355	-67.3039
BLOCK01/SES014/SA014S10	SES014	1.64069	-64.7082	-66.3489
BLOCK01/SES014/SA014S12	SES014	1.42474	-64.7316	-66.1563
BLOCK01/SES014/SA014S24	SES014	1.54948	-64.5473	-66.0968
BLOCK01/SES014/SA014S26	SES014	1.71558	-64.5682	-66.2838
BLOCK01/SES014/SA014S28	SES014	1.31569	-64.4	-65.7157
BLOCK01/SES016/SA016S12	SES016	0.552826	-68.8532	-69.406
BLOCK01/SES016/SA016S13	SES016	0.683731	-67.5863	-68.2701
BLOCK01/SES016/SA016S22	SES016	0.000892639	-68.4012	-68.4021
BLOCK01/SES016/SA016S25	SES016	0.151031	-66.8617	-67.0127
BLOCK01/SES016/SA016S27	SES016	0.390022	-67.4691	-67.8591
BLOCK01/SES019/SA019S13	SES019	0.573029	-66.1349	-66.7079
BLOCK01/SES019/SA019S14	SES019	0.996117	-66.5512	-67.5473
BLOCK01/SES019/SA019S22	SES019	0.578163	-65.6356	-66.2138
BLOCK01/SES019/SA019S25	SES019	0.840538	-66.424	-67.2645
BLOCK01/SES019/SA019S29	SES019	0.919312	-67.1083	-68.0277
BLOCK02/SES029/SA029S11	SES029	0.944206	-66.0079	-66.9521
BLOCK02/SES029/SA029S12	SES029	0.667953	-65.9525	-66.6205
BLOCK02/SES029/SA029S20	SES029	0.659477	-66.787	-67.4465
BLOCK02/SES029/SA029S25	SES029	0.929108	-66.0274	-66.9565
BLOCK02/SES029/SA029S28	SES029	0.591461	-65.8694	-66.4609
BLOCK04/SES042/SA042S12	SES042	2.6318	-65.8387	-68.4705
BLOCK04/SES042/SA042S15	SES042	2.07026	-65.8147	-67.8849
BLOCK04/SES042/SA042S22	SES042	3.58022	-65.7693	-69.3495
BLOCK04/SES042/SA042S25	SES042	3.47736	-66.0568	-69.5341
BLOCK04/SES042/SA042S27	SES042	2.98556	-66.1419	-69.1275
BLOCK04/SES048/SA048S11	SES048	1.37164	-65.3694	-66.741
BLOCK04/SES048/SA048S12	SES048	1.26654	-66.1311	-67.3976
BLOCK04/SES048/SA048S20	SES048	1.25914	-64.8543	-66.1134
BLOCK04/SES048/SA048S23	SES048	1.87043	-64.8285	-66.6989
BLOCK04/SES048/SA048S27	SES048	1.61342	-65.0089	-66.6223
BLOCK06/SES060/SA060S11	SES060	1.2058	-66.7471	-67.9529
BLOCK06/SES060/SA060S12	SES060	1.05116	-68.6551	-69.7063
BLOCK06/SES060/SA060S22	SES060	1.41457	-67.4788	-68.8934
BLOCK06/SES060/SA060S24	SES060	0.872375	-66.6975	-67.5698
BLOCK06/SES060/SA060S28	SES060	1.1194	-66.7919	-67.9113
BLOCK06/SES062/SA062S10	SES062	0.594177	-66.26	-66.8542
BLOCK06/SES062/SA062S11	SES062	0.482964	-67.1557	-67.6386
BLOCK06/SES062/SA062S21	SES062	1.07701	-65.105	-66.182
BLOCK06/SES062/SA062S26	SES062	0.703697	-66.1973	-66.901
BLOCK06/SES062/SA062S29	SES062	0.862831	-65.885	-66.7478
BLOCK06/SES068/SA068S14	SES068	1.03998	-66.7263	-67.7663
BLOCK06/SES068/SA068S15	SES068	1.38889	-65.5849	-66.9738
BLOCK06/SES068/SA068S23	SES068	0.674728	-66.7537	-67.4284
BLOCK06/SES068/SA068S27	SES068	0.971664	-66.6091	-67.5808
BLOCK06/SES068/SA068S29	SES068	0.960808	-66.363	-67.3238
BLOCK08/SES082/SA082S12	SES082	2.62444	-65.082	-67.7064
BLOCK08/SES082/SA082S14	SES082	1.83841	-65.8465	-67.6849
BLOCK08/SES082/SA082S21	SES082	2.05421	-65.5078	-67.562
BLOCK08/SES082/SA082S24	SES082	2.13848	-65.6871	-67.8256
BLOCK08/SES082/SA082S28	SES082	1.58315	-65.8421	-67.4252
BLOCK08/SES083/SA083S14	SES083	0.766541	-67.0787	-67.8452
BLOCK08/SES083/SA083S15	SES083	0.722275	-67.1694	-67.8917
BLOCK08/SES083/SA083S24	SES083	0.796555	-66.4864	-67.283
BLOCK08/SES083/SA083S26	SES083	0.612495	-66.7079	-67.3204
BLOCK08/SES083/SA083S29	SES083	1.01774	-65.9569	-66.9747
BLOCK08/SES085/SA085S10	SES085	0.670082	-67.3274	-67.9975
BLOCK08/SES085/SA085S13	SES085	1.29757	-67.8299	-69.1274
BLOCK08/SES085/SA085S22	SES085	0.674904	-68.114	-68.7889
BLOCK08/SES085/SA085S26	SES085	1.16487	-67.6309	-68.7957
BLOCK08/SES085/SA085S28	SES085	1.08443	-67.1106	-68.195
BLOCK08/SES087/SA087S15	SES087	1.48884	-66.0784	-67.5672
BLOCK08/SES087/SA087S16	SES087	1.43614	-66.2046	-67.6407
BLOCK08/SES087/SA087S24	SES087	1.73833	-65.9427	-67.6811
BLOCK08/SES087/SA087S26	SES087	1.25129	-65.3392	-66.5905
BLOCK08/SES087/SA087S29	SES087	1.19487	-66.223	-67.4179
BLOCK09/SES099/SA099S15	SES099	0.891716	-64.8093	-65.701
BLOCK09/SES099/SA099S16	SES099	0.741539	-65.2189	-65.9605
BLOCK09/SES099/SA099S24	SES099	0.815559	-65.0342	-65.8498
BLOCK09/SES099/SA099S26	SES099	0.960541	-64.529	-65.4895
BLOCK09/SES099/SA099S29	SES099	0.793953	-65.0552	-65.8491
BLOCK10/SES101/SA101S11	SES101	1.0436	-66.049	-67.0926
BLOCK10/SES101/SA101S13	SES101	0.586395	-66.3959	-66.9823
BLOCK10/SES101/SA101S22	SES101	0.93959	-66.7444	-67.684
BLOCK10/SES101/SA101S24	SES101	1.25996	-65.8927	-67.1526
BLOCK10/SES101/SA101S28	SES101	0.772545	-66.8966	-67.6692
BLOCK10/SES104/SA104S11	SES104	0.344055	-65.502	-65.846
BLOCK10/SES104/SA104S12	SES104	1.35155	-64.9086	-66.2602
BLOCK10/SES104/SA104S21	SES104	1.36469	-65.2058	-66.5705
BLOCK10/SES104/SA104S24	SES104	1.21545	-65.3064	-66.5219
BLOCK10/SES104/SA104S28	SES104	1.2614	-65.9273	-67.1887
BLOCK10/SES105/SA105S12	SES105	1.15997	-66.6594	-67.8194
BLOCK10/SES105/SA105S13	SES105	0.797081	-66.4963	-67.2934
BLOCK10/SES105/SA105S22	SES105	0.547188	-67.0675	-67.6147
BLOCK10/SES105/SA105S26	SES105	1.00736	-67.2913	-68.2987
BLOCK10/SES105/SA105S29	SES105	0.574745	-66.7212	-67.2959
BLOCK10/SES106/SA106S09	SES106	0.293503	-66.4332	-66.7267
BLOCK10/SES106/SA106S11	SES106	0.984543	-65.5129	-66.4974
BLOCK10/SES106/SA106S22	SES106	0.880562	-65.9548	-66.8353
BLOCK10/SES106/SA106S27	SES106	-0.201736	-66.9001	-66.6983
BLOCK10/SES106/SA106S29	SES106	1.18189	-65.3606	-66.5425
BLOCK11/SES117/SA117S12	SES117	0.780731	-66.288	-67.0687
BLOCK11/SES117/SA117S13	SES117	0.82946	-66.4867	-67.3162
BLOCK11/SES117/SA117S23	SES117	1.73788	-66.3292	-68.067
BLOCK11/SES117/SA117S25	SES117	1.03474	-66.1273	-67.162
BLOCK11/SES117/SA117S28	SES117	0.959793	-65.372	-66.3318
BLOCK12/SES120/SA120S08	SES120	0.260674	-66.9337	-67.1944
BLOCK12/SES120/SA120S11	SES120	0.698303	-67.534	-68.2323
BLOCK12/SES120/SA120S22	SES120	0.945534	-65.5125	-66.4581
BLOCK12/SES120/SA120S24	SES120	1.31453	-66.5601	-67.8746
BLOCK12/SES120/SA120S28	SES120	0.869591	-67.7024	-68.572
BLOCK12/SES125/SA125S13	SES125	1.75586	-64.5077	-66.2635
BLOCK12/SES125/SA125S14	SES125	1.34457	-65.1916	-66.5361
BLOCK12/SES125/SA125S25	SES125	2.34706	-64.7536	-67.1007
BLOCK12/SES125/SA125S27	SES125	1.94102	-65.196	-67.137
BLOCK12/SES125/SA125S29	SES125	1.30373	-65.4809	-66.7847
BLOCK12/SES127/SA127S11	SES127	2.10078	-65.8739	-67.9747
BLOCK12/SES127/SA127S12	SES127	0.711334	-66.7361	-67.4474
BLOCK12/SES127/SA127S23	SES127	1.81996	-65.6222	-67.4421
BLOCK12/SES127/SA127S25	SES127	0.613228	-66.4225	-67.0357
BLOCK12/SES127/SA127S27	SES127	1.77573	-65.3718	-67.1476
BLOCK12/SES129/SA129S11	SES129	2.07106	-65.2272	-67.2983
BLOCK12/SES129/SA129S12	SES129	1.91093	-65.0435	-66.9544
BLOCK12/SES129/SA129S22	SES129	1.99338	-65.0645	-67.0579
BLOCK12/SES129/SA129S27	SES129	2.24421	-65.2899	-67.5341
BLOCK12/SES129/SA129S29	SES129	2.25523	-64.8786	-67.1338
BLOCK14/SES142/SA142S11	SES142	1.29304	-66.3819	-67.6749
BLOCK14/SES142/SA142S12	SES142	1.50067	-66.8293	-68.33
BLOCK14/SES142/SA142S24	SES142	2.54945	-65.8308	-68.3803
BLOCK14/SES142/SA142S27	SES142	1.44804	-66.0439	-67.4919
BLOCK14/SES142/SA142S29	SES142	1.54664	-65.9778	-67.5244
BLOCK14/SES143/SA143S12	SES143	0.940727	-66.2166	-67.1573
BLOCK14/SES143/SA143S13	SES143	0.819016	-65.9192	-66.7382
BLOCK14/SES143/SA143S23	SES143	1.37653	-66.6167	-67.9933
BLOCK14/SES143/SA143S25	SES143	0.492661	-68.0734	-68.5661
BLOCK14/SES143/SA143S28	SES143	1.07055	-66.083	-67.1535
BLOCK14/SES144/SA144S09	SES144	0.23333	-66.4083	-66.6416
BLOCK14/SES144/SA144S11	SES144	0.340881	-66.2422	-66.5831
BLOCK14/SES144/SA144S21	SES144	0.0443802	-66.5315	-66.5759
BLOCK14/SES144/SA144S25	SES144	0.282166	-66.8989	-67.1811
BLOCK14/SES144/SA144S29	SES144	0.283524	-66.5364	-66.8199
BLOCK14/SES146/SA146S14	SES146	0.887558	-65.6333	-66.5208
BLOCK14/SES146/SA146S15	SES146	0.545029	-66.4334	-66.9784
BLOCK14/SES146/SA146S24	SES146	0.839653	-66.4832	-67.3228
BLOCK14/SES146/SA146S26	SES146	1.02123	-67.6883	-68.7095
BLOCK14/SES146/SA146S29	SES146	0.714813	-66.529	-67.2438
BLOCK14/SES147/SA147S11	SES147	2.44883	-64.0592	-66.5081
BLOCK14/SES147/SA147S13	SES147	2.78099	-64.2399	-67.0209
BLOCK14/SES147/SA147S23	SES147	2.03645	-65.5674	-67.6039
BLOCK14/SES147/SA147S26	SES147	2.25611	-64.4301	-66.6862
BLOCK14/SES147/SA147S28	SES147	2.27667	-64.4686	-66.7452
BLOCK14/SES148/SA148S10	SES148	0.705322	-66.4288	-67.1341
BLOCK14/SES148/SA148S12	SES148	0.709587	-66.7357	-67.4453
BLOCK14/SES148/SA148S22	SES148	0.808403	-66.6055	-67.4139
BLOCK14/SES148/SA148S26	SES148	0.815491	-66.6713	-67.4867
BLOCK14/SES148/SA148S29	SES148	1.13231	-66.5894	-67.7217
BLOCK14/SES149/SA149S13	SES149	0.791168	-65.4485	-66.2397
BLOCK14/SES149/SA149S14	SES149	0.596466	-65.1379	-65.7344
BLOCK14/SES149/SA149S24	SES149	0.822166	-65.9163	-66.7385
BLOCK14/SES149/SA149S26	SES149	0.967201	-65.1751	-66.1423
BLOCK14/SES149/SA149S28	SES149	0.910927	-65.6519	-66.5628
BLOCK15/SES158/SA158S13	SES158	1.09058	-65.8219	-66.9125
BLOCK15/SES158/SA158S14	SES158	1.18602	-66.204	-67.39
BLOCK15/SES158/SA158S23	SES158	0.91378	-66.2252	-67.139
BLOCK15/SES158/SA158S26	SES158	1.0209	-65.9407	-66.9615
BLOCK15/SES158/SA158S28	SES158	0.887276	-66.0515	-66.9388
BLOCK16/SES162/SA162S10	SES162	1.87251	-66.0559	-67.9284
BLOCK16/SES162/SA162S11	SES162	1.8715	-65.756	-67.6275
BLOCK16/SES162/SA162S21	SES162	2.10431	-65.4373	-67.5416
BLOCK16/SES162/SA162S24	SES162	2.07481	-65.7788	-67.8536
BLOCK16/SES162/SA162S27	SES162	1.89512	-65.6369	-67.532
BLOCK16/SES167/SA167S14	SES167	2.2144	-65.2276	-67.442
BLOCK16/SES167/SA167S15	SES167	1.80277	-65.149	-66.9518
BLOCK16/SES167/SA167S21	SES167	1.85607	-64.7682	-66.6243
BLOCK16/SES167/SA167S25	SES167	2.10766	-66.1298	-68.2374
BLOCK16/SES167/SA167S29	SES167	2.27074	-64.9441	-67.2148
BLOCK17/SES172/SA172S12	SES172	2.03077	-65.7733	-67.804
BLOCK17/SES172/SA172S13	SES172	2.29066	-66.2594	-68.55
BLOCK17/SES172/SA172S23	SES172	1.63972	-65.8795	-67.5193
BLOCK17/SES172/SA172S27	SES172	1.70719	-66.1986	-67.9058
BLOCK17/SES172/SA172S29	SES172	2.25897	-66.0431	-68.3021
BLOCK17/SES175/SA175S11	SES175	1.87669	-66.8735	-68.7502
BLOCK17/SES175/SA175S13	SES175	1.76081	-65.5889	-67.3497
BLOCK17/SES175/SA175S23	SES175	2.1338	-66.3799	-68.5137
BLOCK17/SES175/SA175S25	SES175	1.88013	-66.6308	-68.511
BLOCK17/SES175/SA175S28	SES175	2.2032	-66.0994	-68.3026
BLOCK17/SES177/SA177S15	SES177	1.61866	-66.1115	-67.7302
BLOCK17/SES177/SA177S17	SES177	1.84672	-65.5723	-67.419
BLOCK17/SES177/SA177S23	SES177	1.71252	-65.688	-67.4005
BLOCK17/SES177/SA177S26	SES177	1.91956	-65.4375	-67.3571
BLOCK17/SES177/SA177S28	SES177	1.95899	-65.47	-67.429
BLOCK18/SES180/SA180S13	SES180	1.89532	-66.1983	-68.0936
BLOCK18/SES180/SA180S15	SES180	1.30775	-65.9662	-67.274
BLOCK18/SES180/SA180S24	SES180	1.18287	-65.8007	-66.9835
BLOCK18/SES180/SA180S26	SES180	1.00233	-66.1426	-67.1449
BLOCK18/SES180/SA180S29	SES180	1.94449	-66.9482	-68.8926
BLOCK18/SES183/SA183S13	SES183	0.797974	-66.6843	-67.4822
BLOCK18/SES183/SA183S14	SES183	1.0731	-66.6651	-67.7382
BLOCK18/SES183/SA183S24	SES183	1.10059	-66.7394	-67.84
BLOCK18/SES183/SA183S27	SES183	0.72702	-66.8412	-67.5682
BLOCK18/SES183/SA183S29	SES183	0.82151	-66.1202	-66.9417
BLOCK18/SES187/SA187S13	SES187	1.62099	-67.4969	-69.1179
BLOCK18/SES187/SA187S14	SES187	1.77885	-66.946	-68.7249
BLOCK18/SES187/SA187S24	SES187	1.99435	-67.1206	-69.1149
BLOCK18/SES187/SA187S27	SES187	1.62086	-66.2436	-67.8645
BLOCK18/SES187/SA187S29	SES187	1.8863	-67.0958	-68.9821
BLOCK18/SES189/SA189S10	SES189	0.783119	-68.4125	-69.1956
BLOCK18/SES189/SA189S13	SES189	0.623192	-68.516	-69.1392
BLOCK18/SES189/SA189S24	SES189	0.847946	-68.7904	-69.6383
BLOCK18/SES189/SA189S26	SES189	0.446304	-68.3571	-68.8034
BLOCK18/SES189/SA189S29	SES189	0.967026	-68.1009	-69.0679
BLOCK20/SES202/SA202S12	SES202	3.01619	-66.8058	-69.822
BLOCK20/SES202/SA202S14	SES202	3.18845	-65.9689	-69.1573
BLOCK20/SES202/SA202S24	SES202	2.9082	-66.9865	-69.8947
BLOCK20/SES202/SA202S27	SES202	3.1078	-65.978	-69.0857
BLOCK20/SES202/SA202S29	SES202	3.78899	-65.9226	-69.7116
BLOCK20/SES206/SA206S15	SES206	0.817474	-66.3325	-67.15
BLOCK20/SES206/SA206S17	SES206	1.06971	-64.7217	-65.7914
BLOCK20/SES206/SA206S24	SES206	0.949081	-64.7069	-65.656
BLOCK20/SES206/SA206S27	SES206	0.538292	-65.7121	-66.2504
BLOCK20/SES206/SA206S29	SES206	0.86235	-64.1533	-65.0156
BLOCK22/SES226/SA226S12	SES226	1.47918	-67.2562	-68.7354
BLOCK22/SES226/SA226S13	SES226	0.342415	-67.0153	-67.3577
BLOCK22/SES226/SA226S20	SES226	1.24523	-66.9253	-68.1705
BLOCK22/SES226/SA226S23	SES226	0.729919	-66.411	-67.1409
BLOCK22/SES226/SA226S28	SES226	1.35707	-66.7533	-68.1104
BLOCK25/SES259/SA259S13	SES259	0.448166	-65.7589	-66.207
BLOCK25/SES259/SA259S14	SES259	0.721329	-65.1692	-65.8906
BLOCK25/SES259/SA259S22	SES259	0.528847	-65.5564	-66.0852
BLOCK25/SES259/SA259S24	SES259	0.697983	-64.9409	-65.6389
BLOCK25/SES259/SA259S28	SES259	0.511879	-64.5781	-65.09
BLOCK27/SES270/SA270S14	SES270	1.31736	-64.274	-65.5914
BLOCK27/SES270/SA270S16	SES270	1.09864	-64.6691	-65.7678
BLOCK27/SES270/SA270S22	SES270	0.799637	-65.5647	-66.3643
BLOCK27/SES270/SA270S26	SES270	0.743141	-65.6755	-66.4186
BLOCK27/SES270/SA270S28	SES270	1.27728	-64.6958	-65.9731
BLOCK27/SES275/SA275S17	SES275	0.220909	-67.1046	-67.3255
BLOCK27/SES275/SA275S18	SES275	0.245628	-67.0043	-67.2499
BLOCK27/SES275/SA275S24	SES275	0.306152	-67.2504	-67.5565
BLOCK27/SES275/SA275S26	SES275	0.352478	-66.5403	-66.8928
BLOCK27/SES275/SA275S28	SES275	0.10981	-66.3925	-66.5023
BLOCK29/SES292/SA292S10	SES292	0.378296	-67.2055	-67.5838
BLOCK29/SES292/SA292S12	SES292	0.31646	-67.6595	-67.976
BLOCK29/SES292/SA292S22	SES292	1.17777	-66.6076	-67.7854
BLOCK29/SES292/SA292S24	SES292	0.538902	-66.2234	-66.7623
BLOCK29/SES292/SA292S27	SES292	0.688644	-65.7971	-66.4858
BLOCK00/SES001/SA001S14	SES062	0.292053	-67.1308	-67.4228
BLOCK00/SES001/SA001S14	SES082	0.894615	-66.5282	-67.4228
BLOCK00/SES001/SA001S14	SES106	-0.921547	-68.3444	-67.4228
BLOCK00/SES001/SA001S14	SES206	-0.997971	-68.4208	-67.4228
BLOCK00/SES001/SA001S15	SES062	0.213226	-66.3615	-66.5747
BLOCK00/SES001/SA001S15	SES104	-0.123825	-66.6985	-66.5747
BLOCK00/SES001/SA001S15	SES106	-1.28783	-67.8626	-66.5747
BLOCK00/SES001/SA001S15	SES206	-0.783142	-67.3579	-66.5747
BLOCK00/SES001/SA001S24	SES062	-0.705528	-68.6489	-67.9434
BLOCK00/SES001/SA001S24	SES082	1.33862	-66.6047	-67.9434
BLOCK00/SES001/SA001S24	SES087	0.187645	-67.7557	-67.9434
BLOCK00/SES001/SA001S24	SES206	-0.0208893	-67.9642	-67.9434
BLOCK00/SES001/SA001S27	SES062	-0.0345612	-66.6443	-66.6098
BLOCK00/SES001/SA001S27	SES082	0.429565	-66.1802	-66.6098
BLOCK00/SES001/SA001S27	SES087	-0.525848	-67.1356	-66.6098
BLOCK00/SES001/SA001S27	SES206	-0.508316	-67.1181	-66.6098
BLOCK00/SES001/SA001S29	SES062	-0.156479	-67.2904	-67.1339
BLOCK00/SES001/SA001S29	SES082	0.494049	-66.6399	-67.1339
BLOCK00/SES001/SA001S29	SES158	-0.274719	-67.4086	-67.1339
BLOCK00/SES001/SA001S29	SES206	-1.26366	-68.3976	-67.1339
BLOCK00/SES003/SA003S11	SES002	-0.189072	-67.9966	-67.8076
BLOCK00/SES003/SA003S11	SES019	0.720985	-67.0866	-67.8076
BLOCK00/SES003/SA003S11	SES082	2.05958	-65.748	-67.8076
BLOCK00/SES003/SA003S11	SES125	0.934013	-66.8736	-67.8076
BLOCK00/SES003/SA003S15	SES016	-3.08084	-69.8623	-66.7815
BLOCK00/SES003/SA003S15	SES019	0.19268	-66.5888	-66.7815
BLOCK00/SES003/SA003S15	SES062	-1.03861	-67.8201	-66.7815
BLOCK00/SES003/SA003S15	SES206	0.276794	-66.5047	-66.7815
BLOCK00/SES003/SA003S22	SES002	-1.17149	-68.6997	-67.5282
BLOCK00/SES003/SA003S22	SES062	-0.632973	-68.1612	-67.5282
BLOCK00/SES003/SA003S22	SES082	1.53297	-65.9952	-67.5282
BLOCK00/SES003/SA003S22	SES087	-0.238274	-67.7665	-67.5282
BLOCK00/SES003/SA003S25	SES062	-1.49133	-70.9484	-69.4571
BLOCK00/SES003/SA003S25	SES082	2.04304	-67.414	-69.4571
BLOCK00/SES003/SA003S25	SES087	0.215256	-69.2418	-69.4571
BLOCK00/SES003/SA003S25	SES206	-0.502853	-69.9599	-69.4571
BLOCK00/SES003/SA003S29	SES002	-0.741302	-67.8686	-67.1273
BLOCK00/SES003/SA003S29	SES062	-0.489792	-67.6171	-67.1273
BLOCK00/SES003/SA003S29	SES082	1.83823	-65.289	-67.1273
BLOCK00/SES003/SA003S29	SES087	0.278526	-66.8487	-67.1273
BLOCK00/SES004/SA004S12	SES083	0.492081	-67.4534	-67.9455
BLOCK00/SES004/SA004S12	SES148	0.0879974	-67.8575	-67.9455
BLOCK00/SES004/SA004S12	SES172	1.02693	-66.9186	-67.9455
BLOCK00/SES004/SA004S12	SES292	0.214767	-67.7307	-67.9455
BLOCK00/SES004/SA004S17	SES083	0.503517	-66.9168	-67.4203
BLOCK00/SES004/SA004S17	SES162	1.06242	-66.3579	-67.4203
BLOCK00/SES004/SA004S17	SES172	0.844604	-66.5757	-67.4203
BLOCK00/SES004/SA004S17	SES292	0.409653	-67.0106	-67.4203
BLOCK00/SES004/SA004S24	SES083	0.666222	-67.0904	-67.7567
BLOCK00/SES004/SA004S24	SES148	0.333725	-67.4229	-67.7567
BLOCK00/SES004/SA004S24	SES172	1.13154	-66.6251	-67.7567
BLOCK00/SES004/SA004S24	SES292	0.494362	-67.2623	-67.7567
BLOCK00/SES004/SA004S26	SES083	0.739815	-66.8418	-67.5816
BLOCK00/SES004/SA004S26	SES127	1.04072	-66.5409	-67.5816
BLOCK00/SES004/SA004S26	SES148	0.1978	-67.3838	-67.5816
BLOCK00/SES004/SA004S26	SES292	0.549057	-67.0325	-67.5816
BLOCK00/SES004/SA004S28	SES083	0.607071	-66.9101	-67.5172
BLOCK00/SES004/SA004S28	SES127	0.503334	-67.0139	-67.5172
BLOCK00/SES004/SA004S28	SES187	0.934151	-66.5831	-67.5172
BLOCK00/SES004/SA004S28	SES292	0.256104	-67.2611	-67.5172
BLOCK00/SES006/SA006S10	SES014	0.697495	-66.0572	-66.7547
BLOCK00/SES006/SA006S10	SES158	0.826584	-65.9281	-66.7547
BLOCK00/SES006/SA006S10	SES226	-0.0114059	-66.7661	-66.7547
BLOCK00/SES006/SA006S10	SES270	0.755035	-65.9997	-66.7547
BLOCK00/SES006/SA006S11	SES158	0.503975	-65.7432	-66.2472
BLOCK00/SES006/SA006S11	SES226	-0.126396	-66.3736	-66.2472
BLOCK00/SES006/SA006S11	SES270	0.559875	-65.6873	-66.2472
BLOCK00/SES006/SA006S11	SES275	-1.61391	-67.8611	-66.2472
BLOCK00/SES006/SA006S23	SES062	-1.202	-68.1889	-66.9869
BLOCK00/SES006/SA006S23	SES105	-1.6536	-68.6405	-66.9869
BLOCK00/SES006/SA006S23	SES158	0.39164	-66.5953	-66.9869
BLOCK00/SES006/SA006S23	SES275	-1.99557	-68.9825	-66.9869
BLOCK00/SES006/SA006S26	SES104	0.945045	-65.712	-66.657
BLOCK00/SES006/SA006S26	SES158	1.2226	-65.4344	-66.657
BLOCK00/SES006/SA006S26	SES270	0.603546	-66.0535	-66.657
BLOCK00/SES006/SA006S26	SES275	-1.85584	-68.5128	-66.657
BLOCK00/SES006/SA006S28	SES007	-0.170799	-66.666	-66.4952
BLOCK00/SES006/SA006S28	SES105	-0.683838	-67.179	-66.4952
BLOCK00/SES006/SA006S28	SES158	0.986687	-65.5085	-66.4952
BLOCK00/SES006/SA006S28	SES275	-1.19086	-67.6861	-66.4952
BLOCK00/SES009/SA009S12	SES083	0.85939	-66.3534	-67.2128
BLOCK00/SES009/SA009S12	SES148	0.26564	-66.9471	-67.2128
BLOCK00/SES009/SA009S12	SES177	0.158913	-67.0539	-67.2128
BLOCK00/SES009/SA009S12	SES292	0.91864	-66.2941	-67.2128
BLOCK00/SES009/SA009S15	SES007	0.884018	-67.2853	-68.1693
BLOCK00/SES009/SA009S15	SES099	-3.24615	-71.4155	-68.1693
BLOCK00/SES009/SA009S15	SES148	0.201172	-67.9681	-68.1693
BLOCK00/SES009/SA009S15	SES172	0.776268	-67.393	-68.1693
BLOCK00/SES009/SA009S24	SES146	0.699448	-66.6448	-67.3443
BLOCK00/SES009/SA009S24	SES148	0.364449	-66.9798	-67.3443
BLOCK00/SES009/SA009S24	SES177	0.265579	-67.0787	-67.3443
BLOCK00/SES009/SA009S24	SES292	1.01518	-66.3291	-67.3443
BLOCK00/SES009/SA009S26	SES083	0.71022	-66.6505	-67.3607
BLOCK00/SES009/SA009S26	SES101	0.260902	-67.0998	-67.3607
BLOCK00/SES009/SA009S26	SES120	0.261536	-67.0992	-67.3607
BLOCK00/SES009/SA009S26	SES177	-0.065712	-67.4265	-67.3607
BLOCK00/SES009/SA009S29	SES083	0.619362	-66.816	-67.4353
BLOCK00/SES009/SA009S29	SES101	0.177132	-67.2582	-67.4353
BLOCK00/SES009/SA009S29	SES177	-0.172523	-67.6079	-67.4353
BLOCK00/SES009/SA009S29	SES292	0.706795	-66.7285	-67.4353
BLOCK01/SES011/SA011S10	SES019	0.984703	-66.7378	-67.7225
BLOCK01/SES011/SA011S10	SES042	1.49653	-66.2259	-67.7225
BLOCK01/SES011/SA011S10	SES082	2.12106	-65.6014	-67.7225
BLOCK01/SES011/SA011S10	SES206	0.732407	-66.9901	-67.7225
BLOCK01/SES011/SA011S11	SES019	0.975372	-67.7695	-68.7449
BLOCK01/SES011/SA011S11	SES042	1.95283	-66.7921	-68.7449
BLOCK01/SES011/SA011S11	SES082	2.20306	-66.5419	-68.7449
BLOCK01/SES011/SA011S11	SES206	1.01139	-67.7335	-68.7449
BLOCK01/SES011/SA011S22	SES019	1.08881	-67.3889	-68.4778
BLOCK01/SES011/SA011S22	SES042	1.64333	-66.8344	-68.4778
BLOCK01/SES011/SA011S22	SES082	2.36218	-66.1156	-68.4778
BLOCK01/SES011/SA011S22	SES206	0.863777	-67.614	-68.4778
BLOCK01/SES011/SA011S24	SES019	1.1112	-67.1569	-68.2681
BLOCK01/SES011/SA011S24	SES042	1.83729	-66.4308	-68.2681
BLOCK01/SES011/SA011S24	SES104	1.74464	-66.5235	-68.2681
BLOCK01/SES011/SA011S24	SES206	1.07218	-67.196	-68.2681
BLOCK01/SES011/SA011S27	SES082	2.59742	-65.3869	-67.9844
BLOCK01/SES011/SA011S27	SES087	1.5733	-66.4111	-67.9844
BLOCK01/SES011/SA011S27	SES125	1.85416	-66.1302	-67.9844
BLOCK01/SES011/SA011S27	SES206	0.881149	-67.1032	-67.9844
BLOCK01/SES012/SA012S11	SES007	-0.730911	-67.2654	-66.5345
BLOCK01/SES012/SA012S11	SES082	1.10468	-65.4299	-66.5345
BLOCK01/SES012/SA012S11	SES083	-0.387268	-66.9218	-66.5345
BLOCK01/SES012/SA012S11	SES206	0.446548	-66.088	-66.5345
BLOCK01/SES012/SA012S14	SES082	1.20343	-65.9711	-67.1745
BLOCK01/SES012/SA012S14	SES087	0.467567	-66.7069	-67.1745
BLOCK01/SES012/SA012S14	SES206	0.525444	-66.6491	-67.1745
BLOCK01/SES012/SA012S14	SES292	-1.45156	-68.6261	-67.1745
BLOCK01/SES012/SA012S24	SES082	1.86953	-64.6249	-66.4944
BLOCK01/SES012/SA012S24	SES087	0.868279	-65.6262	-66.4944
BLOCK01/SES012/SA012S24	SES120	-1.40357	-67.898	-66.4944
BLOCK01/SES012/SA012S24	SES206	0.508118	-65.9863	-66.4944
BLOCK01/SES012/SA012S26	SES019	0.339973	-67.0988	-67.4388
BLOCK01/SES012/SA012S26	SES082	1.59575	-65.8431	-67.4388
BLOCK01/SES012/SA012S26	SES206	0.607483	-66.8313	-67.4388
BLOCK01/SES012/SA012S26	SES292	-1.67162	-69.1104	-67.4388
BLOCK01/SES012/SA012S29	SES062	-0.365005	-66.6431	-66.2781
BLOCK01/SES012/SA012S29	SES082	0.983917	-65.2942	-66.2781
BLOCK01/SES012/SA012S29	SES083	0.177986	-66.1001	-66.2781
BLOCK01/SES012/SA012S29	SES206	0.337967	-65.9401	-66.2781
BLOCK01/SES013/SA013S16	SES062	-1.64023	-69.0923	-67.4521
BLOCK01/SES013/SA013S16	SES106	0.907661	-66.5444	-67.4521
BLOCK01/SES013/SA013S16	SES206	0.765038	-66.687	-67.4521
BLOCK01/SES013/SA013S16	SES226	0.716003	-66.7361	-67.4521
BLOCK01/SES013/SA013S17	SES062	-1.42018	-68.6451	-67.2249
BLOCK01/SES013/SA013S17	SES106	0.897163	-66.3278	-67.2249
BLOCK01/SES013/SA013S17	SES206	0.931885	-66.293	-67.2249
BLOCK01/SES013/SA013S17	SES226	0.728951	-66.496	-67.2249
BLOCK01/SES013/SA013S23	SES104	0.929619	-66.254	-67.1836
BLOCK01/SES013/SA013S23	SES106	1.01963	-66.1639	-67.1836
BLOCK01/SES013/SA013S23	SES206	0.753944	-66.4296	-67.1836
BLOCK01/SES013/SA013S23	SES270	-0.588692	-67.7723	-67.1836
BLOCK01/SES013/SA013S25	SES042	0.843666	-66.1749	-67.0186
BLOCK01/SES013/SA013S25	SES104	0.83931	-66.1793	-67.0186
BLOCK01/SES013/SA013S25	SES106	0.647324	-66.3713	-67.0186
BLOCK01/SES013/SA013S25	SES206	0.595772	-66.4228	-67.0186
BLOCK01/SES013/SA013S29	SES062	-1.97537	-69.2282	-67.2529
BLOCK01/SES013/SA013S29	SES104	1.10651	-66.1464	-67.2529
BLOCK01/SES013/SA013S29	SES106	0.908691	-66.3442	-67.2529
BLOCK01/SES013/SA013S29	SES206	0.744751	-66.5081	-67.2529
BLOCK02/SES021/SA021S13	SES016	-2.61508	-69.6318	-67.0168
BLOCK02/SES021/SA021S13	SES029	-1.20924	-68.226	-67.0168
BLOCK02/SES021/SA021S13	SES087	0.581383	-66.4354	-67.0168
BLOCK02/SES021/SA021S13	SES206	0.315002	-66.7018	-67.0168
BLOCK02/SES021/SA021S15	SES087	1.01526	-65.5121	-66.5274
BLOCK02/SES021/SA021S15	SES125	1.30191	-65.2255	-66.5274
BLOCK02/SES021/SA021S15	SES206	0.68689	-65.8405	-66.5274
BLOCK02/SES021/SA021S15	SES226	0.871933	-65.6554	-66.5274
BLOCK02/SES021/SA021S23	SES062	-0.59256	-67.6151	-67.0225
BLOCK02/SES021/SA021S23	SES087	0.1717	-66.8508	-67.0225
BLOCK02/SES021/SA021S23	SES206	-0.0468826	-67.0694	-67.0225
BLOCK02/SES021/SA021S23	SES226	0.269249	-66.7533	-67.0225
BLOCK02/SES021/SA021S27	SES002	-1.73957	-68.3141	-66.5745
BLOCK02/SES021/SA021S27	SES016	-2.07582	-68.6503	-66.5745
BLOCK02/SES021/SA021S27	SES019	-0.35498	-66.9295	-66.5745
BLOCK02/SES021/SA021S27	SES062	0.220268	-66.3542	-66.5745
BLOCK02/SES021/SA021S29	SES087	0.47142	-66.5809	-67.0524
BLOCK02/SES021/SA021S29	SES125	0.852417	-66.1999	-67.0524
BLOCK02/SES021/SA021S29	SES206	0.22197	-66.8304	-67.0524
BLOCK02/SES021/SA021S29	SES226	0.547348	-66.505	-67.0524
BLOCK04/SES043/SA043S09	SES083	0.445259	-67.4373	-67.8826
BLOCK04/SES043/SA043S09	SES101	0.22831	-67.6542	-67.8826
BLOCK04/SES043/SA043S09	SES144	0.124084	-67.7585	-67.8826
BLOCK04/SES043/SA043S09	SES172	0.729836	-67.1527	-67.8826
BLOCK04/SES043/SA043S11	SES083	0.51712	-66.1433	-66.6604
BLOCK04/SES043/SA043S11	SES101	0.076683	-66.5837	-66.6604
BLOCK04/SES043/SA043S11	SES144	-0.118904	-66.7793	-66.6604
BLOCK04/SES043/SA043S11	SES172	0.455032	-66.2054	-66.6604
BLOCK04/SES043/SA043S23	SES083	0.544083	-67.2615	-67.8056
BLOCK04/SES043/SA043S23	SES144	0.243279	-67.5623	-67.8056
BLOCK04/SES043/SA043S23	SES177	0.651443	-67.1541	-67.8056
BLOCK04/SES043/SA043S23	SES275	-0.359253	-68.1648	-67.8056
BLOCK04/SES043/SA043S26	SES083	0.786758	-66.8381	-67.6248
BLOCK04/SES043/SA043S26	SES101	0.723755	-66.9011	-67.6248
BLOCK04/SES043/SA043S26	SES144	0.295914	-67.3289	-67.6248
BLOCK04/SES043/SA043S26	SES177	0.968765	-66.6561	-67.6248
BLOCK04/SES043/SA043S28	SES016	-0.338715	-67.3674	-67.0287
BLOCK04/SES043/SA043S28	SES083	0.699318	-66.3294	-67.0287
BLOCK04/SES043/SA043S28	SES101	0.543869	-66.4848	-67.0287
BLOCK04/SES043/SA043S28	SES144	-0.192924	-67.2216	-67.0287
BLOCK04/SES044/SA044S10	SES127	1.68324	-67.5155	-69.1987
BLOCK04/SES044/SA044S10	SES144	0.702316	-68.4964	-69.1987
BLOCK04/SES044/SA044S10	SES147	0.0244064	-69.1743	-69.1987
BLOCK04/SES044/SA044S10	SES148	0.524139	-68.6746	-69.1987
BLOCK04/SES044/SA044S11	SES101	0.752495	-67.3607	-68.1132
BLOCK04/SES044/SA044S11	SES144	0.642845	-67.4704	-68.1132
BLOCK04/SES044/SA044S11	SES147	0.21508	-67.8982	-68.1132
BLOCK04/SES044/SA044S11	SES177	1.35873	-66.7545	-68.1132
BLOCK04/SES044/SA044S24	SES007	0.405296	-67.303	-67.7083
BLOCK04/SES044/SA044S24	SES101	0.481628	-67.2267	-67.7083
BLOCK04/SES044/SA044S24	SES147	-0.551834	-68.2601	-67.7083
BLOCK04/SES044/SA044S24	SES177	0.780533	-66.9277	-67.7083
BLOCK04/SES044/SA044S26	SES007	0.618462	-66.3772	-66.9956
BLOCK04/SES044/SA044S26	SES016	0.22686	-66.7688	-66.9956
BLOCK04/SES044/SA044S26	SES101	0.768074	-66.2275	-66.9956
BLOCK04/SES044/SA044S26	SES147	-0.22744	-67.2231	-66.9956
BLOCK04/SES044/SA044S29	SES007	0.493095	-66.7648	-67.2579
BLOCK04/SES044/SA044S29	SES101	0.873161	-66.3847	-67.2579
BLOCK04/SES044/SA044S29	SES147	0.466171	-66.7917	-67.2579
BLOCK04/SES044/SA044S29	SES177	1.94505	-65.3128	-67.2579
BLOCK04/SES046/SA046S13	SES101	0.816689	-67.1607	-67.9774
BLOCK04/SES046/SA046S13	SES144	0.822861	-67.1545	-67.9774
BLOCK04/SES046/SA046S13	SES147	1.26154	-66.7158	-67.9774
BLOCK04/SES046/SA046S13	SES177	1.94347	-66.0339	-67.9774
BLOCK04/SES046/SA046S15	SES048	-0.99118	-68.0537	-67.0625
BLOCK04/SES046/SA046S15	SES083	0.752243	-66.3102	-67.0625
BLOCK04/SES046/SA046S15	SES120	0.752968	-66.3095	-67.0625
BLOCK04/SES046/SA046S15	SES148	0.703247	-66.3592	-67.0625
BLOCK04/SES046/SA046S22	SES101	1.0634	-67.0002	-68.0636
BLOCK04/SES046/SA046S22	SES144	0.700272	-67.3633	-68.0636
BLOCK04/SES046/SA046S22	SES147	1.75301	-66.3106	-68.0636
BLOCK04/SES046/SA046S22	SES172	1.98197	-66.0816	-68.0636
BLOCK04/SES046/SA046S25	SES083	0.980141	-65.742	-66.7221
BLOCK04/SES046/SA046S25	SES127	0.989059	-65.7331	-66.7221
BLOCK04/SES046/SA046S25	SES144	0.743164	-65.979	-66.7221
BLOCK04/SES046/SA046S25	SES148	0.63681	-66.0853	-66.7221
BLOCK04/SES046/SA046S28	SES007	-0.188324	-67.2877	-67.0994
BLOCK04/SES046/SA046S28	SES105	-1.45155	-68.5509	-67.0994
BLOCK04/SES046/SA046S28	SES147	0.46553	-66.6339	-67.0994
BLOCK04/SES046/SA046S28	SES148	0.0212326	-67.0782	-67.0994
BLOCK04/SES049/SA049S16	SES104	1.22604	-66.5784	-67.8044
BLOCK04/SES049/SA049S16	SES106	0.575165	-67.2293	-67.8044
BLOCK04/SES049/SA049S16	SES120	-1.81768	-69.6221	-67.8044
BLOCK04/SES049/SA049S16	SES206	0.402855	-67.4016	-67.8044
BLOCK04/SES049/SA049S18	SES099	-0.30619	-69.885	-69.5788
BLOCK04/SES049/SA049S18	SES104	1.01149	-68.5673	-69.5788
BLOCK04/SES049/SA049S18	SES125	1.28184	-68.297	-69.5788
BLOCK04/SES049/SA049S18	SES206	0.350761	-69.2281	-69.5788
BLOCK04/SES049/SA049S25	SES087	1.08046	-67.3006	-68.381
BLOCK04/SES049/SA049S25	SES104	1.12242	-67.2586	-68.381
BLOCK04/SES049/SA049S25	SES125	1.21864	-67.1624	-68.381
BLOCK04/SES049/SA049S25	SES206	0.35714	-68.0239	-68.381
BLOCK04/SES049/SA049S27	SES099	-0.262253	-67.6205	-67.3583
BLOCK04/SES049/SA049S27	SES104	0.557892	-66.8004	-67.3583
BLOCK04/SES049/SA049S27	SES125	0.00575256	-67.3525	-67.3583
BLOCK04/SES049/SA049S27	SES206	0.464844	-66.8934	-67.3583
BLOCK04/SES049/SA049S29	SES099	-0.0162659	-67.4079	-67.3917
BLOCK04/SES049/SA049S29	SES104	0.924744	-66.4669	-67.3917
BLOCK04/SES049/SA049S29	SES125	0.588585	-66.8031	-67.3917
BLOCK04/SES049/SA049S29	SES206	0.555458	-66.8362	-67.3917
BLOCK06/SES063/SA063S09	SES068	0.951401	-67.1532	-68.1046
BLOCK06/SES063/SA063S09	SES083	0.675941	-67.4287	-68.1046
BLOCK06/SES063/SA063S09	SES177	1.67618	-66.4284	-68.1046
BLOCK06/SES063/SA063S09	SES187	1.6431	-66.4615	-68.1046
BLOCK06/SES063/SA063S10	SES068	1.43897	-67.5162	-68.9552
BLOCK06/SES063/SA063S10	SES083	0.793221	-68.162	-68.9552
BLOCK06/SES063/SA063S10	SES172	2.70824	-66.247	-68.9552
BLOCK06/SES063/SA063S10	SES187	2.04694	-66.9083	-68.9552
BLOCK06/SES063/SA063S20	SES068	1.35398	-67.3925	-68.7464
BLOCK06/SES063/SA063S20	SES083	0.81633	-67.9301	-68.7464
BLOCK06/SES063/SA063S20	SES172	2.39063	-66.3558	-68.7464
BLOCK06/SES063/SA063S20	SES187	2.83817	-65.9083	-68.7464
BLOCK06/SES063/SA063S24	SES029	0.437248	-68.378	-68.8153
BLOCK06/SES063/SA063S24	SES083	0.897163	-67.9181	-68.8153
BLOCK06/SES063/SA063S24	SES177	2.0173	-66.798	-68.8153
BLOCK06/SES063/SA063S24	SES189	-0.715637	-69.5309	-68.8153
BLOCK06/SES063/SA063S27	SES083	0.918724	-68.3034	-69.2221
BLOCK06/SES063/SA063S27	SES172	2.48201	-66.7401	-69.2221
BLOCK06/SES063/SA063S27	SES187	1.42249	-67.7996	-69.2221
BLOCK06/SES063/SA063S27	SES292	1.13582	-68.0863	-69.2221
BLOCK06/SES067/SA067S12	SES083	0.578903	-67.5263	-68.1052
BLOCK06/SES067/SA067S12	SES172	1.05666	-67.0486	-68.1052
BLOCK06/SES067/SA067S12	SES202	2.36102	-65.7442	-68.1052
BLOCK06/SES067/SA067S12	SES292	0.185631	-67.9196	-68.1052
BLOCK06/SES067/SA067S14	SES085	0.35215	-67.0621	-67.4143
BLOCK06/SES067/SA067S14	SES177	1.33059	-66.0837	-67.4143
BLOCK06/SES067/SA067S14	SES183	0.174942	-67.2393	-67.4143
BLOCK06/SES067/SA067S14	SES202	1.12331	-66.291	-67.4143
BLOCK06/SES067/SA067S21	SES144	0.879013	-67.1929	-68.0719
BLOCK06/SES067/SA067S21	SES177	1.7772	-66.2947	-68.0719
BLOCK06/SES067/SA067S21	SES183	-0.0168457	-68.0887	-68.0719
BLOCK06/SES067/SA067S21	SES189	0.309967	-67.7619	-68.0719
BLOCK06/SES067/SA067S25	SES085	0.928131	-66.5234	-67.4515
BLOCK06/SES067/SA067S25	SES177	1.85881	-65.5927	-67.4515
BLOCK06/SES067/SA067S25	SES183	0.456116	-66.9954	-67.4515
BLOCK06/SES067/SA067S25	SES202	1.83161	-65.6199	-67.4515
BLOCK06/SES067/SA067S29	SES085	1.32003	-67.4099	-68.7299
BLOCK06/SES067/SA067S29	SES177	2.19718	-66.5328	-68.7299
BLOCK06/SES067/SA067S29	SES183	0.337494	-68.3924	-68.7299
BLOCK06/SES067/SA067S29	SES202	2.77565	-65.9543	-68.7299
BLOCK06/SES069/SA069S12	SES029	-0.575546	-67.0477	-66.4722
BLOCK06/SES069/SA069S12	SES082	1.02328	-65.4489	-66.4722
BLOCK06/SES069/SA069S12	SES087	-0.142471	-66.6146	-66.4722
BLOCK06/SES069/SA069S12	SES206	0.044632	-66.4275	-66.4722
BLOCK06/SES069/SA069S13	SES029	-0.521637	-67.6465	-67.1248
BLOCK06/SES069/SA069S13	SES087	-0.106583	-67.2314	-67.1248
BLOCK06/SES069/SA069S13	SES206	-0.0896072	-67.2145	-67.1248
BLOCK06/SES069/SA069S13	SES226	-0.134659	-67.2595	-67.1248
BLOCK06/SES069/SA069S23	SES029	-0.357986	-67.2975	-66.9395
BLOCK06/SES069/SA069S23	SES087	-0.348808	-67.2883	-66.9395
BLOCK06/SES069/SA069S23	SES206	-0.401878	-67.3414	-66.9395
BLOCK06/SES069/SA069S23	SES226	-0.34404	-67.2836	-66.9395
BLOCK06/SES069/SA069S25	SES087	-0.161293	-67.0496	-66.8883
BLOCK06/SES069/SA069S25	SES206	-0.0452957	-66.9336	-66.8883
BLOCK06/SES069/SA069S25	SES226	0.0232773	-66.865	-66.8883
BLOCK06/SES069/SA069S25	SES270	0.0642319	-66.8241	-66.8883
BLOCK06/SES069/SA069S27	SES087	0.401878	-66.4409	-66.8428
BLOCK06/SES069/SA069S27	SES206	0.363777	-66.479	-66.8428
BLOCK06/SES069/SA069S27	SES226	0.561234	-66.2815	-66.8428
BLOCK06/SES069/SA069S27	SES270	0.104828	-66.7379	-66.8428
BLOCK08/SES081/SA081S11	SES060	1.11933	-66.6226	-67.7419
BLOCK08/SES081/SA081S11	SES062	-0.699852	-68.4418	-67.7419
BLOCK08/SES081/SA081S11	SES117	0.963387	-66.7785	-67.7419
BLOCK08/SES081/SA081S11	SES162	1.89676	-65.8452	-67.7419
BLOCK08/SES081/SA081S13	SES016	0.0806885	-66.9411	-67.0218
BLOCK08/SES081/SA081S13	SES060	1.21364	-65.8081	-67.0218
BLOCK08/SES081/SA081S13	SES068	1.12189	-65.8999	-67.0218
BLOCK08/SES081/SA081S13	SES129	0.13723	-66.8845	-67.0218
BLOCK08/SES081/SA081S24	SES060	1.1359	-65.9644	-67.1003
BLOCK08/SES081/SA081S24	SES068	0.970612	-66.1296	-67.1003
BLOCK08/SES081/SA081S24	SES117	0.580841	-66.5194	-67.1003
BLOCK08/SES081/SA081S24	SES275	-0.658661	-67.7589	-67.1003
BLOCK08/SES081/SA081S27	SES007	0.561096	-66.8396	-67.4007
BLOCK08/SES081/SA081S27	SES060	1.27271	-66.128	-67.4007
BLOCK08/SES081/SA081S27	SES117	0.600616	-66.8001	-67.4007
BLOCK08/SES081/SA081S27	SES275	-0.728851	-68.1296	-67.4007
BLOCK08/SES081/SA081S29	SES007	0.506317	-68.1119	-68.6182
BLOCK08/SES081/SA081S29	SES060	1.4353	-67.1829	-68.6182
BLOCK08/SES081/SA081S29	SES117	0.707985	-67.9103	-68.6182
BLOCK08/SES081/SA081S29	SES275	-0.596939	-69.2152	-68.6182
BLOCK08/SES086/SA086S11	SES029	-1.14631	-68.1003	-66.954
BLOCK08/SES086/SA086S11	SES082	1.02509	-65.929	-66.954
BLOCK08/SES086/SA086S11	SES087	0.557648	-66.3964	-66.954
BLOCK08/SES086/SA086S11	SES206	-0.102585	-67.0566	-66.954
BLOCK08/SES086/SA086S12	SES029	-1.15326	-68.3926	-67.2394
BLOCK08/SES086/SA086S12	SES082	1.63422	-65.6051	-67.2394
BLOCK08/SES086/SA086S12	SES087	1.10088	-66.1385	-67.2394
BLOCK08/SES086/SA086S12	SES206	0.499786	-66.7396	-67.2394
BLOCK08/SES086/SA086S20	SES029	-1.65163	-69.4795	-67.8278
BLOCK08/SES086/SA086S20	SES082	1.63498	-66.1929	-67.8278
BLOCK08/SES086/SA086S20	SES087	0.837265	-66.9906	-67.8278
BLOCK08/SES086/SA086S20	SES206	0.812721	-67.0151	-67.8278
BLOCK08/SES086/SA086S24	SES087	0.739716	-66.8575	-67.5973
BLOCK08/SES086/SA086S24	SES104	0.438103	-67.1591	-67.5973
BLOCK08/SES086/SA086S24	SES120	-1.8836	-69.4809	-67.5973
BLOCK08/SES086/SA086S24	SES206	0.395317	-67.2019	-67.5973
BLOCK08/SES086/SA086S28	SES029	-0.756889	-67.2668	-66.5099
BLOCK08/SES086/SA086S28	SES082	1.21199	-65.2979	-66.5099
BLOCK08/SES086/SA086S28	SES087	0.408424	-66.1015	-66.5099
BLOCK08/SES086/SA086S28	SES206	0.533958	-65.976	-66.5099
BLOCK08/SES089/SA089S13	SES087	0.385834	-67.7491	-68.1349
BLOCK08/SES089/SA089S13	SES206	-0.146675	-68.2816	-68.1349
BLOCK08/SES089/SA089S13	SES226	0.743332	-67.3916	-68.1349
BLOCK08/SES089/SA089S13	SES270	-1.33461	-69.4696	-68.1349
BLOCK08/SES089/SA089S14	SES062	-0.598824	-68.1776	-67.5788
BLOCK08/SES089/SA089S14	SES087	0.118301	-67.4604	-67.5788
BLOCK08/SES089/SA089S14	SES206	-0.0884705	-67.6672	-67.5788
BLOCK08/SES089/SA089S14	SES226	0.410973	-67.1678	-67.5788
BLOCK08/SES089/SA089S23	SES087	-0.0236816	-67.838	-67.8143
BLOCK08/SES089/SA089S23	SES206	-0.430161	-68.2445	-67.8143
BLOCK08/SES089/SA089S23	SES226	0.428497	-67.3858	-67.8143
BLOCK08/SES089/SA089S23	SES270	-1.35059	-69.1649	-67.8143
BLOCK08/SES089/SA089S25	SES062	-0.723145	-69.4534	-68.7303
BLOCK08/SES089/SA089S25	SES087	0.306763	-68.4235	-68.7303
BLOCK08/SES089/SA089S25	SES206	-0.203423	-68.9337	-68.7303
BLOCK08/SES089/SA089S25	SES226	0.99456	-67.7357	-68.7303
BLOCK08/SES089/SA089S28	SES062	-0.714394	-68.0679	-67.3535
BLOCK08/SES089/SA089S28	SES087	0.232155	-67.1214	-67.3535
BLOCK08/SES089/SA089S28	SES206	-0.362122	-67.7157	-67.3535
BLOCK08/SES089/SA089S28	SES226	0.581581	-66.772	-67.3535
BLOCK09/SES097/SA097S11	SES099	0.543709	-66.191	-66.7348
BLOCK09/SES097/SA097S11	SES125	0.371979	-66.3628	-66.7348
BLOCK09/SES097/SA097S11	SES206	0.463402	-66.2714	-66.7348
BLOCK09/SES097/SA097S11	SES226	-0.0172729	-66.752	-66.7348
BLOCK09/SES097/SA097S14	SES062	-0.980484	-68.0233	-67.0428
BLOCK09/SES097/SA097S14	SES099	-0.0476151	-67.0905	-67.0428
BLOCK09/SES097/SA097S14	SES104	0.727127	-66.3157	-67.0428
BLOCK09/SES097/SA097S14	SES206	0.190331	-66.8525	-67.0428
BLOCK09/SES097/SA097S22	SES099	0.00820923	-66.6984	-66.7066
BLOCK09/SES097/SA097S22	SES206	0.432533	-66.2741	-66.7066
BLOCK09/SES097/SA097S22	SES226	0.0859604	-66.6207	-66.7066
BLOCK09/SES097/SA097S22	SES270	0.0109024	-66.6957	-66.7066
BLOCK09/SES097/SA097S26	SES099	-0.0990601	-66.5714	-66.4723
BLOCK09/SES097/SA097S26	SES120	-0.717613	-67.1899	-66.4723
BLOCK09/SES097/SA097S26	SES206	0.202568	-66.2698	-66.4723
BLOCK09/SES097/SA097S26	SES226	-0.198212	-66.6705	-66.4723
BLOCK09/SES097/SA097S28	SES099	-0.0478287	-66.3475	-66.2997
BLOCK09/SES097/SA097S28	SES120	-0.623428	-66.9231	-66.2997
BLOCK09/SES097/SA097S28	SES206	0.118767	-66.1809	-66.2997
BLOCK09/SES097/SA097S28	SES226	-0.203743	-66.5034	-66.2997
BLOCK09/SES098/SA098S11	SES127	0.418869	-67.0031	-67.4219
BLOCK09/SES098/SA098S11	SES144	0.496933	-66.925	-67.4219
BLOCK09/SES098/SA098S11	SES147	0.0102081	-67.4117	-67.4219
BLOCK09/SES098/SA098S11	SES148	-0.283409	-67.7053	-67.4219
BLOCK09/SES098/SA098S12	SES127	0.602936	-68.5005	-69.1034
BLOCK09/SES098/SA098S12	SES144	0.348152	-68.7553	-69.1034
BLOCK09/SES098/SA098S12	SES147	0.636436	-68.467	-69.1034
BLOCK09/SES098/SA098S12	SES189	0.10437	-68.9991	-69.1034
BLOCK09/SES098/SA098S20	SES127	0.73494	-67.8439	-68.5788
BLOCK09/SES098/SA098S20	SES147	0.908508	-67.6703	-68.5788
BLOCK09/SES098/SA098S20	SES148	-0.309441	-68.8883	-68.5788
BLOCK09/SES098/SA098S20	SES292	-0.310616	-68.8894	-68.5788
BLOCK09/SES098/SA098S23	SES127	1.41496	-66.2075	-67.6225
BLOCK09/SES098/SA098S23	SES147	0.905128	-66.7173	-67.6225
BLOCK09/SES098/SA098S23	SES187	1.56882	-66.0536	-67.6225
BLOCK09/SES098/SA098S23	SES292	0.214737	-67.4077	-67.6225
BLOCK09/SES098/SA098S27	SES127	1.13479	-67.3343	-68.4691
BLOCK09/SES098/SA098S27	SES147	0.91835	-67.5508	-68.4691
BLOCK09/SES098/SA098S27	SES148	0.236534	-68.2326	-68.4691
BLOCK09/SES098/SA098S27	SES292	0.0257263	-68.4434	-68.4691
BLOCK10/SES102/SA102S13	SES101	0.843613	-67.5324	-68.376
BLOCK10/SES102/SA102S13	SES105	-0.443947	-68.8199	-68.376
BLOCK10/SES102/SA102S13	SES120	0.54641	-67.8296	-68.376
BLOCK10/SES102/SA102S13	SES158	-2.49558	-70.8716	-68.376
BLOCK10/SES102/SA102S14	SES007	0.51387	-66.734	-67.2479
BLOCK10/SES102/SA102S14	SES101	0.714989	-66.5329	-67.2479
BLOCK10/SES102/SA102S14	SES105	-0.0966721	-67.3445	-67.2479
BLOCK10/SES102/SA102S14	SES147	-0.704803	-67.9527	-67.2479
BLOCK10/SES102/SA102S22	SES007	0.674339	-65.8428	-66.5171
BLOCK10/SES102/SA102S22	SES101	0.548752	-65.9684	-66.5171
BLOCK10/SES102/SA102S22	SES105	0.165108	-66.352	-66.5171
BLOCK10/SES102/SA102S22	SES158	-0.947952	-67.4651	-66.5171
BLOCK10/SES102/SA102S25	SES007	0.637848	-66.0788	-66.7166
BLOCK10/SES102/SA102S25	SES101	0.518517	-66.1981	-66.7166
BLOCK10/SES102/SA102S25	SES105	0.187447	-66.5292	-66.7166
BLOCK10/SES102/SA102S25	SES147	-1.4872	-68.2038	-66.7166
BLOCK10/SES102/SA102S27	SES007	0.51281	-67.0427	-67.5555
BLOCK10/SES102/SA102S27	SES101	0.627274	-66.9282	-67.5555
BLOCK10/SES102/SA102S27	SES105	0.149445	-67.4061	-67.5555
BLOCK10/SES102/SA102S27	SES147	-0.484184	-68.0397	-67.5555
BLOCK10/SES103/SA103S14	SES105	-1.44662	-68.6011	-67.1544
BLOCK10/SES103/SA103S14	SES106	0.449196	-66.7052	-67.1544
BLOCK10/SES103/SA103S14	SES120	-1.7982	-68.9526	-67.1544
BLOCK10/SES103/SA103S14	SES206	0.561165	-66.5933	-67.1544
BLOCK10/SES103/SA103S15	SES099	0.307098	-67.7258	-68.0329
BLOCK10/SES103/SA103S15	SES101	-2.54827	-70.5811	-68.0329
BLOCK10/SES103/SA103S15	SES104	1.70832	-66.3245	-68.0329
BLOCK10/SES103/SA103S15	SES125	1.65656	-66.3763	-68.0329
BLOCK10/SES103/SA103S24	SES104	0.700737	-66.6508	-67.3515
BLOCK10/SES103/SA103S24	SES125	0.430954	-66.9206	-67.3515
BLOCK10/SES103/SA103S24	SES148	-1.91987	-69.2714	-67.3515
BLOCK10/SES103/SA103S24	SES158	0.514252	-66.8373	-67.3515
BLOCK10/SES103/SA103S26	SES104	0.314102	-66.8675	-67.1816
BLOCK10/SES103/SA103S26	SES106	0.254799	-66.9268	-67.1816
BLOCK10/SES103/SA103S26	SES125	-0.0353622	-67.217	-67.1816
BLOCK10/SES103/SA103S26	SES148	-1.58268	-68.7643	-67.1816
BLOCK10/SES103/SA103S28	SES104	0.529015	-66.5485	-67.0775
BLOCK10/SES103/SA103S28	SES106	-0.0585098	-67.136	-67.0775
BLOCK10/SES103/SA103S28	SES125	-0.0621262	-67.1396	-67.0775
BLOCK10/SES103/SA103S28	SES206	0.172379	-66.9051	-67.0775
BLOCK12/SES121/SA121S12	SES042	0.134323	-67.0969	-67.2312
BLOCK12/SES121/SA121S12	SES087	0.751556	-66.4796	-67.2312
BLOCK12/SES121/SA121S12	SES105	-0.0986099	-67.3298	-67.2312
BLOCK12/SES121/SA121S12	SES206	0.769974	-66.4612	-67.2312
BLOCK12/SES121/SA121S14	SES007	-1.57999	-69.568	-67.988
BLOCK12/SES121/SA121S14	SES105	-1.4304	-69.4184	-67.988
BLOCK12/SES121/SA121S14	SES106	0.291237	-67.6967	-67.988
BLOCK12/SES121/SA121S14	SES206	0.440857	-67.5471	-67.988
BLOCK12/SES121/SA121S23	SES105	-0.879982	-67.9739	-67.0939
BLOCK12/SES121/SA121S23	SES106	0.331665	-66.7623	-67.0939
BLOCK12/SES121/SA121S23	SES120	-1.3287	-68.4226	-67.0939
BLOCK12/SES121/SA121S23	SES206	0.786201	-66.3077	-67.0939
BLOCK12/SES121/SA121S25	SES007	-1.42029	-68.8196	-67.3993
BLOCK12/SES121/SA121S25	SES105	-1.79498	-69.1943	-67.3993
BLOCK12/SES121/SA121S25	SES106	0.786186	-66.6132	-67.3993
BLOCK12/SES121/SA121S25	SES206	0.726494	-66.6728	-67.3993
BLOCK12/SES121/SA121S27	SES087	0.912048	-67.1426	-68.0546
BLOCK12/SES121/SA121S27	SES105	-1.60806	-69.6627	-68.0546
BLOCK12/SES121/SA121S27	SES120	-1.77024	-69.8249	-68.0546
BLOCK12/SES121/SA121S27	SES206	0.362411	-67.6922	-68.0546
BLOCK12/SES124/SA124S16	SES042	0.215424	-66.6478	-66.8632
BLOCK12/SES124/SA124S16	SES082	1.9432	-64.92	-66.8632
BLOCK12/SES124/SA124S16	SES183	-1.70705	-68.5703	-66.8632
BLOCK12/SES124/SA124S16	SES206	1.00274	-65.8605	-66.8632
BLOCK12/SES124/SA124S17	SES105	-0.944221	-69.159	-68.2148
BLOCK12/SES124/SA124S17	SES149	1.1511	-67.0637	-68.2148
BLOCK12/SES124/SA124S17	SES158	0.502068	-67.7127	-68.2148
BLOCK12/SES124/SA124S17	SES275	-2.56691	-70.7817	-68.2148
BLOCK12/SES124/SA124S23	SES105	-1.03407	-67.6461	-66.612
BLOCK12/SES124/SA124S23	SES125	1.52714	-65.0849	-66.612
BLOCK12/SES124/SA124S23	SES129	-2.16804	-68.7801	-66.612
BLOCK12/SES124/SA124S23	SES158	1.03511	-65.5769	-66.612
BLOCK12/SES124/SA124S26	SES105	-1.73057	-69.2972	-67.5667
BLOCK12/SES124/SA124S26	SES125	1.83592	-65.7308	-67.5667
BLOCK12/SES124/SA124S26	SES129	-2.84842	-70.4151	-67.5667
BLOCK12/SES124/SA124S26	SES158	0.362892	-67.2038	-67.5667
BLOCK12/SES124/SA124S28	SES104	1.27139	-65.6513	-66.9227
BLOCK12/SES124/SA124S28	SES106	0.994514	-65.9282	-66.9227
BLOCK12/SES124/SA124S28	SES125	1.38345	-65.5393	-66.9227
BLOCK12/SES124/SA124S28	SES275	-2.41494	-69.3377	-66.9227
BLOCK12/SES126/SA126S13	SES007	0.451523	-67.3181	-67.7696
BLOCK12/SES126/SA126S13	SES162	2.14732	-65.6223	-67.7696
BLOCK12/SES126/SA126S13	SES177	2.04962	-65.72	-67.7696
BLOCK12/SES126/SA126S13	SES180	1.50265	-66.2669	-67.7696
BLOCK12/SES126/SA126S14	SES144	0.947105	-67.4294	-68.3765
BLOCK12/SES126/SA126S14	SES148	0.635979	-67.7405	-68.3765
BLOCK12/SES126/SA126S14	SES177	2.25415	-66.1224	-68.3765
BLOCK12/SES126/SA126S14	SES180	2.03354	-66.343	-68.3765
BLOCK12/SES126/SA126S20	SES007	0.169945	-67.3735	-67.5434
BLOCK12/SES126/SA126S20	SES162	1.1932	-66.3502	-67.5434
BLOCK12/SES126/SA126S20	SES172	0.371422	-67.172	-67.5434
BLOCK12/SES126/SA126S20	SES180	0.741234	-66.8022	-67.5434
BLOCK12/SES126/SA126S24	SES120	0.318184	-66.9652	-67.2833
BLOCK12/SES126/SA126S24	SES162	2.08065	-65.2027	-67.2833
BLOCK12/SES126/SA126S24	SES177	1.97157	-65.3118	-67.2833
BLOCK12/SES126/SA126S24	SES180	1.70587	-65.5775	-67.2833
BLOCK12/SES126/SA126S26	SES120	0.33287	-66.6822	-67.0151
BLOCK12/SES126/SA126S26	SES177	1.66412	-65.351	-67.0151
BLOCK12/SES126/SA126S26	SES180	1.18518	-65.8299	-67.0151
BLOCK12/SES126/SA126S26	SES202	1.15085	-65.8643	-67.0151
BLOCK12/SES128/SA128S10	SES087	0.0210266	-66.5193	-66.5403
BLOCK12/SES128/SA128S10	SES206	0.181549	-66.3588	-66.5403
BLOCK12/SES128/SA128S10	SES226	0.348557	-66.1918	-66.5403
BLOCK12/SES128/SA128S10	SES270	0.198669	-66.3417	-66.5403
BLOCK12/SES128/SA128S12	SES120	-1.62396	-68.667	-67.043
BLOCK12/SES128/SA128S12	SES158	0.574875	-66.4682	-67.043
BLOCK12/SES128/SA128S12	SES206	0.283287	-66.7597	-67.043
BLOCK12/SES128/SA128S12	SES226	0.728088	-66.3149	-67.043
BLOCK12/SES128/SA128S21	SES106	-0.816101	-68.5139	-67.6978
BLOCK12/SES128/SA128S21	SES120	-1.50594	-69.2038	-67.6978
BLOCK12/SES128/SA128S21	SES206	-0.84127	-68.5391	-67.6978
BLOCK12/SES128/SA128S21	SES226	-0.192833	-67.8907	-67.6978
BLOCK12/SES128/SA128S24	SES087	-0.996735	-68.1345	-67.1377
BLOCK12/SES128/SA128S24	SES120	-1.10255	-68.2403	-67.1377
BLOCK12/SES128/SA128S24	SES206	-0.814194	-67.9519	-67.1377
BLOCK12/SES128/SA128S24	SES226	-0.35791	-67.4956	-67.1377
BLOCK12/SES128/SA128S27	SES099	-1.20913	-68.2256	-67.0164
BLOCK12/SES128/SA128S27	SES120	-1.14291	-68.1593	-67.0164
BLOCK12/SES128/SA128S27	SES206	-0.594666	-67.6111	-67.0164
BLOCK12/SES128/SA128S27	SES226	-0.204521	-67.221	-67.0164
BLOCK13/SES130/SA130S13	SES143	-1.26008	-69.6777	-68.4177
BLOCK13/SES130/SA130S13	SES144	-0.371078	-68.7887	-68.4177
BLOCK13/SES130/SA130S13	SES146	0.278656	-68.139	-68.4177
BLOCK13/SES130/SA130S13	SES275	-1.2352	-69.6529	-68.4177
BLOCK13/SES130/SA130S15	SES143	-0.594902	-68.0606	-67.4657
BLOCK13/SES130/SA130S15	SES144	0.111153	-67.3545	-67.4657
BLOCK13/SES130/SA130S15	SES146	0.823883	-66.6418	-67.4657
BLOCK13/SES130/SA130S15	SES275	-3.05176e-05	-67.4657	-67.4657
BLOCK13/SES130/SA130S23	SES127	0.711197	-68.3032	-69.0144
BLOCK13/SES130/SA130S23	SES144	0.404472	-68.6099	-69.0144
BLOCK13/SES130/SA130S23	SES146	1.14856	-67.8659	-69.0144
BLOCK13/SES130/SA130S23	SES162	0.63623	-68.3782	-69.0144
BLOCK13/SES130/SA130S25	SES127	0.135078	-66.6147	-66.7498
BLOCK13/SES130/SA130S25	SES144	0.556435	-66.1934	-66.7498
BLOCK13/SES130/SA130S25	SES146	1.27557	-65.4742	-66.7498
BLOCK13/SES130/SA130S25	SES275	0.0356903	-66.7141	-66.7498
BLOCK13/SES130/SA130S28	SES127	0.795639	-66.5876	-67.3833
BLOCK13/SES130/SA130S28	SES144	0.284416	-67.0988	-67.3833
BLOCK13/SES130/SA130S28	SES146	0.941216	-66.442	-67.3833
BLOCK13/SES130/SA130S28	SES275	0.287567	-67.0957	-67.3833
BLOCK13/SES131/SA131S13	SES002	0.515465	-66.9111	-67.4266
BLOCK13/SES131/SA131S13	SES007	-1.2849	-68.7115	-67.4266
BLOCK13/SES131/SA131S13	SES099	0.0142517	-67.4124	-67.4266
BLOCK13/SES131/SA131S13	SES105	-0.6884	-68.115	-67.4266
BLOCK13/SES131/SA131S14	SES104	0.772919	-65.2274	-66.0003
BLOCK13/SES131/SA131S14	SES106	0.135147	-65.8652	-66.0003
BLOCK13/SES131/SA131S14	SES125	-0.372223	-66.3725	-66.0003
BLOCK13/SES131/SA131S14	SES148	-1.08392	-67.0842	-66.0003
BLOCK13/SES131/SA131S20	SES104	0.780296	-66.9731	-67.7533
BLOCK13/SES131/SA131S20	SES106	0.948013	-66.8053	-67.7533
BLOCK13/SES131/SA131S20	SES125	0.96743	-66.7859	-67.7533
BLOCK13/SES131/SA131S20	SES148	-2.08647	-69.8398	-67.7533
BLOCK13/SES131/SA131S22	SES099	0.476791	-66.2641	-66.7409
BLOCK13/SES131/SA131S22	SES104	1.20707	-65.5338	-66.7409
BLOCK13/SES131/SA131S22	SES125	1.08295	-65.658	-66.7409
BLOCK13/SES131/SA131S22	SES206	0.926956	-65.814	-66.7409
BLOCK13/SES131/SA131S29	SES087	1.05151	-65.9303	-66.9818
BLOCK13/SES131/SA131S29	SES104	0.857895	-66.1239	-66.9818
BLOCK13/SES131/SA131S29	SES125	0.800537	-66.1813	-66.9818
BLOCK13/SES131/SA131S29	SES206	0.575768	-66.406	-66.9818
BLOCK13/SES132/SA132S11	SES083	0.82254	-66.4624	-67.285
BLOCK13/SES132/SA132S11	SES120	0.727669	-66.5573	-67.285
BLOCK13/SES132/SA132S11	SES127	1.50986	-65.7751	-67.285
BLOCK13/SES132/SA132S11	SES275	-0.114357	-67.3993	-67.285
BLOCK13/SES132/SA132S12	SES083	1.04933	-66.4216	-67.471
BLOCK13/SES132/SA132S12	SES143	0.301575	-67.1694	-67.471
BLOCK13/SES132/SA132S12	SES144	0.708832	-66.7621	-67.471
BLOCK13/SES132/SA132S12	SES148	0.995872	-66.4751	-67.471
BLOCK13/SES132/SA132S22	SES062	0.52066	-66.1035	-66.6242
BLOCK13/SES132/SA132S22	SES083	0.924446	-65.6997	-66.6242
BLOCK13/SES132/SA132S22	SES127	1.89863	-64.7256	-66.6242
BLOCK13/SES132/SA132S22	SES275	0.00592041	-66.6183	-66.6242
BLOCK13/SES132/SA132S24	SES007	0.766991	-66.278	-67.045
BLOCK13/SES132/SA132S24	SES083	0.900818	-66.1442	-67.045
BLOCK13/SES132/SA132S24	SES127	1.94039	-65.1046	-67.045
BLOCK13/SES132/SA132S24	SES275	-0.308769	-67.3538	-67.045
BLOCK13/SES132/SA132S27	SES083	0.71302	-66.3683	-67.0814
BLOCK13/SES132/SA132S27	SES120	0.697563	-66.3838	-67.0814
BLOCK13/SES132/SA132S27	SES127	1.29427	-65.7871	-67.0814
BLOCK13/SES132/SA132S27	SES275	-0.637184	-67.7185	-67.0814
BLOCK14/SES141/SA141S09	SES143	1.36859	-65.7088	-67.0774
BLOCK14/SES141/SA141S09	SES144	1.11988	-65.9575	-67.0774
BLOCK14/SES141/SA141S09	SES162	2.14961	-64.9278	-67.0774
BLOCK14/SES141/SA141S09	SES180	1.72894	-65.3484	-67.0774
BLOCK14/SES141/SA141S15	SES127	1.55693	-65.783	-67.34
BLOCK14/SES141/SA141S15	SES144	0.957893	-66.3821	-67.34
BLOCK14/SES141/SA141S15	SES162	2.17174	-65.1682	-67.34
BLOCK14/SES141/SA141S15	SES180	1.72944	-65.6105	-67.34
BLOCK14/SES141/SA141S24	SES127	2.17738	-65.5362	-67.7136
BLOCK14/SES141/SA141S24	SES144	1.01546	-66.6981	-67.7136
BLOCK14/SES141/SA141S24	SES162	2.52586	-65.1877	-67.7136
BLOCK14/SES141/SA141S24	SES183	0.652184	-67.0614	-67.7136
BLOCK14/SES141/SA141S26	SES142	1.31109	-66.811	-68.122
BLOCK14/SES141/SA141S26	SES144	0.968384	-67.1537	-68.122
BLOCK14/SES141/SA141S26	SES172	1.92542	-66.1966	-68.122
BLOCK14/SES141/SA141S26	SES180	2.15948	-65.9626	-68.122
BLOCK14/SES141/SA141S29	SES127	1.85705	-65.6832	-67.5402
BLOCK14/SES141/SA141S29	SES142	0.960938	-66.5793	-67.5402
BLOCK14/SES141/SA141S29	SES144	1.03656	-66.5036	-67.5402
BLOCK14/SES141/SA141S29	SES180	2.04639	-65.4938	-67.5402
BLOCK15/SES157/SA157S08	SES083	0.888596	-66.4499	-67.3385
BLOCK15/SES157/SA157S08	SES127	1.0579	-66.2806	-67.3385
BLOCK15/SES157/SA157S08	SES148	0.669586	-66.6689	-67.3385
BLOCK15/SES157/SA157S08	SES292	0.879013	-66.4595	-67.3385
BLOCK15/SES157/SA157S11	SES083	0.561638	-66.6061	-67.1677
BLOCK15/SES157/SA157S11	SES127	0.195351	-66.9724	-67.1677
BLOCK15/SES157/SA157S11	SES148	0.048584	-67.1191	-67.1677
BLOCK15/SES157/SA157S11	SES292	0.342941	-66.8248	-67.1677
BLOCK15/SES157/SA157S21	SES127	0.165199	-67.0571	-67.2223
BLOCK15/SES157/SA157S21	SES148	0.217995	-67.0043	-67.2223
BLOCK15/SES157/SA157S21	SES158	-1.57834	-68.8007	-67.2223
BLOCK15/SES157/SA157S21	SES292	0.405876	-66.8165	-67.2223
BLOCK15/SES157/SA157S24	SES127	0.914917	-67.056	-67.9709
BLOCK15/SES157/SA157S24	SES148	0.608734	-67.3621	-67.9709
BLOCK15/SES157/SA157S24	SES183	0.383591	-67.5873	-67.9709
BLOCK15/SES157/SA157S24	SES292	1.05338	-66.9175	-67.9709
BLOCK15/SES157/SA157S26	SES007	0.803787	-65.9495	-66.7533
BLOCK15/SES157/SA157S26	SES127	1.43874	-65.3145	-66.7533
BLOCK15/SES157/SA157S26	SES147	-0.457832	-67.2111	-66.7533
BLOCK15/SES157/SA157S26	SES148	0.719238	-66.034	-66.7533
BLOCK16/SES161/SA161S10	SES007	-0.189209	-67.9635	-67.7743
BLOCK16/SES161/SA161S10	SES105	0.490166	-67.2841	-67.7743
BLOCK16/SES161/SA161S10	SES158	0.202438	-67.5718	-67.7743
BLOCK16/SES161/SA161S10	SES275	-0.754753	-68.529	-67.7743
BLOCK16/SES161/SA161S12	SES007	-0.465416	-68.0621	-67.5967
BLOCK16/SES161/SA161S12	SES105	-0.0952759	-67.692	-67.5967
BLOCK16/SES161/SA161S12	SES158	0.61644	-66.9803	-67.5967
BLOCK16/SES161/SA161S12	SES275	-0.906822	-68.5035	-67.5967
BLOCK16/SES161/SA161S20	SES007	-1.02316	-69.7729	-68.7497
BLOCK16/SES161/SA161S20	SES105	-0.177818	-68.9275	-68.7497
BLOCK16/SES161/SA161S20	SES158	-0.374329	-69.124	-68.7497
BLOCK16/SES161/SA161S20	SES275	-1.38447	-70.1342	-68.7497
BLOCK16/SES161/SA161S23	SES007	-0.373436	-67.8262	-67.4528
BLOCK16/SES161/SA161S23	SES105	-0.301659	-67.7545	-67.4528
BLOCK16/SES161/SA161S23	SES148	-1.25446	-68.7073	-67.4528
BLOCK16/SES161/SA161S23	SES158	0.242493	-67.2103	-67.4528
BLOCK16/SES161/SA161S28	SES007	-0.697441	-67.9165	-67.2191
BLOCK16/SES161/SA161S28	SES105	-0.469185	-67.6883	-67.2191
BLOCK16/SES161/SA161S28	SES158	0.479179	-66.7399	-67.2191
BLOCK16/SES161/SA161S28	SES206	-0.137917	-67.357	-67.2191
BLOCK16/SES164/SA164S11	SES104	0.145287	-65.0985	-65.2438
BLOCK16/SES164/SA164S11	SES125	0.277939	-64.9659	-65.2438
BLOCK16/SES164/SA164S11	SES158	0.547363	-64.6965	-65.2438
BLOCK16/SES164/SA164S11	SES206	0.624092	-64.6197	-65.2438
BLOCK16/SES164/SA164S13	SES099	0.830666	-64.8699	-65.7005
BLOCK16/SES164/SA164S13	SES104	0.133446	-65.5671	-65.7005
BLOCK16/SES164/SA164S13	SES125	0.301743	-65.3988	-65.7005
BLOCK16/SES164/SA164S13	SES206	0.470764	-65.2298	-65.7005
BLOCK16/SES164/SA164S24	SES002	0.883034	-64.8449	-65.7279
BLOCK16/SES164/SA164S24	SES099	0.560738	-65.1672	-65.7279
BLOCK16/SES164/SA164S24	SES125	0.145035	-65.5829	-65.7279
BLOCK16/SES164/SA164S24	SES226	-0.195992	-65.9239	-65.7279
BLOCK16/SES164/SA164S27	SES087	0.722809	-65.1475	-65.8703
BLOCK16/SES164/SA164S27	SES125	0.509148	-65.3612	-65.8703
BLOCK16/SES164/SA164S27	SES206	0.739441	-65.1309	-65.8703
BLOCK16/SES164/SA164S27	SES226	0.0818558	-65.7885	-65.8703
BLOCK16/SES164/SA164S29	SES002	0.41246	-64.8738	-65.2863
BLOCK16/SES164/SA164S29	SES019	-0.0033493	-65.2896	-65.2863
BLOCK16/SES164/SA164S29	SES125	0.251205	-65.0351	-65.2863
BLOCK16/SES164/SA164S29	SES226	-0.149956	-65.4362	-65.2863
BLOCK16/SES169/SA169S13	SES117	-0.618286	-67.5837	-66.9654
BLOCK16/SES169/SA169S13	SES144	0.270782	-66.6946	-66.9654
BLOCK16/SES169/SA169S13	SES146	0.727814	-66.2376	-66.9654
BLOCK16/SES169/SA169S13	SES162	0.50753	-66.4579	-66.9654
BLOCK16/SES169/SA169S14	SES144	0.476952	-66.3262	-66.8032
BLOCK16/SES169/SA169S14	SES148	0.417625	-66.3856	-66.8032
BLOCK16/SES169/SA169S14	SES177	0.80719	-65.996	-66.8032
BLOCK16/SES169/SA169S14	SES180	0.106941	-66.6962	-66.8032
BLOCK16/SES169/SA169S24	SES117	-0.0920639	-67.0008	-66.9087
BLOCK16/SES169/SA169S24	SES144	0.416336	-66.4924	-66.9087
BLOCK16/SES169/SA169S24	SES146	0.956505	-65.9522	-66.9087
BLOCK16/SES169/SA169S24	SES162	0.586624	-66.3221	-66.9087
BLOCK16/SES169/SA169S27	SES127	0.862328	-65.6542	-66.5165
BLOCK16/SES169/SA169S27	SES129	1.05254	-65.464	-66.5165
BLOCK16/SES169/SA169S27	SES144	0.14402	-66.3725	-66.5165
BLOCK16/SES169/SA169S27	SES146	0.71656	-65.7999	-66.5165
BLOCK16/SES169/SA169S29	SES144	0.336426	-66.3671	-66.7036
BLOCK16/SES169/SA169S29	SES162	0.581306	-66.1223	-66.7036
BLOCK16/SES169/SA169S29	SES177	0.724915	-65.9787	-66.7036
BLOCK16/SES169/SA169S29	SES180	0.130775	-66.5728	-66.7036
BLOCK17/SES171/SA171S12	SES083	0.779694	-66.7254	-67.5051
BLOCK17/SES171/SA171S12	SES148	0.409416	-67.0957	-67.5051
BLOCK17/SES171/SA171S12	SES172	1.15716	-66.3479	-67.5051
BLOCK17/SES171/SA171S12	SES292	0.400139	-67.105	-67.5051
BLOCK17/SES171/SA171S15	SES148	-0.302162	-69.103	-68.8009
BLOCK17/SES171/SA171S15	SES177	0.964272	-67.8366	-68.8009
BLOCK17/SES171/SA171S15	SES180	0.258484	-68.5424	-68.8009
BLOCK17/SES171/SA171S15	SES292	-0.377823	-69.1787	-68.8009
BLOCK17/SES171/SA171S22	SES007	0.37365	-67.6307	-68.0043
BLOCK17/SES171/SA171S22	SES148	0.350563	-67.6538	-68.0043
BLOCK17/SES171/SA171S22	SES177	1.22424	-66.7801	-68.0043
BLOCK17/SES171/SA171S22	SES180	0.527061	-67.4773	-68.0043
BLOCK17/SES171/SA171S25	SES101	0.270653	-68.7261	-68.9967
BLOCK17/SES171/SA171S25	SES120	-0.0666885	-69.0634	-68.9967
BLOCK17/SES171/SA171S25	SES177	1.38533	-67.6114	-68.9967
BLOCK17/SES171/SA171S25	SES180	0.485535	-68.5112	-68.9967
BLOCK17/SES171/SA171S27	SES177	1.40206	-66.7801	-68.1822
BLOCK17/SES171/SA171S27	SES180	0.489288	-67.6929	-68.1822
BLOCK17/SES171/SA171S27	SES189	0.0174484	-68.1648	-68.1822
BLOCK17/SES171/SA171S27	SES292	0.150658	-68.0315	-68.1822
BLOCK17/SES173/SA173S13	SES162	2.15973	-66.7195	-68.8792
BLOCK17/SES173/SA173S13	SES177	2.04984	-66.8294	-68.8792
BLOCK17/SES173/SA173S13	SES180	1.81816	-67.0611	-68.8792
BLOCK17/SES173/SA173S13	SES292	-0.480499	-69.3597	-68.8792
BLOCK17/SES173/SA173S14	SES007	-0.49279	-69.3618	-68.869
BLOCK17/SES173/SA173S14	SES162	1.97634	-66.8927	-68.869
BLOCK17/SES173/SA173S14	SES177	1.74099	-67.128	-68.869
BLOCK17/SES173/SA173S14	SES180	1.72256	-67.1465	-68.869
BLOCK17/SES173/SA173S24	SES144	1.08616	-67.9286	-69.0148
BLOCK17/SES173/SA173S24	SES162	2.07153	-66.9433	-69.0148
BLOCK17/SES173/SA173S24	SES177	1.88167	-67.1331	-69.0148
BLOCK17/SES173/SA173S24	SES180	1.54883	-67.466	-69.0148
BLOCK17/SES173/SA173S27	SES162	1.82449	-67.4976	-69.3221
BLOCK17/SES173/SA173S27	SES177	1.78574	-67.5363	-69.3221
BLOCK17/SES173/SA173S27	SES180	1.49301	-67.8291	-69.3221
BLOCK17/SES173/SA173S27	SES292	-0.603302	-69.9254	-69.3221
BLOCK17/SES173/SA173S29	SES162	1.83956	-67.2774	-69.117
BLOCK17/SES173/SA173S29	SES175	2.05578	-67.0612	-69.117
BLOCK17/SES173/SA173S29	SES177	1.66559	-67.4514	-69.117
BLOCK17/SES173/SA173S29	SES292	-0.527039	-69.644	-69.117
BLOCK18/SES182/SA182S10	SES144	0.679443	-66.6078	-67.2872
BLOCK18/SES182/SA182S10	SES177	1.25076	-66.0365	-67.2872
BLOCK18/SES182/SA182S10	SES180	0.606071	-66.6811	-67.2872
BLOCK18/SES182/SA182S10	SES275	-0.122131	-67.4093	-67.2872
BLOCK18/SES182/SA182S12	SES144	0.585884	-65.9448	-66.5307
BLOCK18/SES182/SA182S12	SES177	1.50534	-65.0254	-66.5307
BLOCK18/SES182/SA182S12	SES180	0.818359	-65.7124	-66.5307
BLOCK18/SES182/SA182S12	SES275	-0.933044	-67.4638	-66.5307
BLOCK18/SES182/SA182S21	SES117	0.726349	-67.0704	-67.7968
BLOCK18/SES182/SA182S21	SES144	0.976593	-66.8202	-67.7968
BLOCK18/SES182/SA182S21	SES162	1.9052	-65.8916	-67.7968
BLOCK18/SES182/SA182S21	SES180	1.60065	-66.1961	-67.7968
BLOCK18/SES182/SA182S23	SES117	0.458809	-66.3854	-66.8442
BLOCK18/SES182/SA182S23	SES144	0.368652	-66.4755	-66.8442
BLOCK18/SES182/SA182S23	SES180	0.547829	-66.2963	-66.8442
BLOCK18/SES182/SA182S23	SES275	-0.405853	-67.25	-66.8442
BLOCK18/SES182/SA182S25	SES007	0.642014	-67.1079	-67.75
BLOCK18/SES182/SA182S25	SES162	1.65103	-66.0989	-67.75
BLOCK18/SES182/SA182S25	SES177	1.65375	-66.0962	-67.75
BLOCK18/SES182/SA182S25	SES180	1.13036	-66.6196	-67.75
BLOCK18/SES184/SA184S12	SES177	1.20624	-67.0239	-68.2301
BLOCK18/SES184/SA184S12	SES180	0.114899	-68.1152	-68.2301
BLOCK18/SES184/SA184S12	SES189	-0.93795	-69.1681	-68.2301
BLOCK18/SES184/SA184S12	SES292	0.423363	-67.8067	-68.2301
BLOCK18/SES184/SA184S13	SES101	0.893646	-66.791	-67.6846
BLOCK18/SES184/SA184S13	SES177	1.49207	-66.1925	-67.6846
BLOCK18/SES184/SA184S13	SES180	1.03247	-66.6521	-67.6846
BLOCK18/SES184/SA184S13	SES292	0.848106	-66.8365	-67.6846
BLOCK18/SES184/SA184S22	SES177	1.57249	-66.5714	-68.1439
BLOCK18/SES184/SA184S22	SES180	1.07003	-67.0739	-68.1439
BLOCK18/SES184/SA184S22	SES189	-0.809998	-68.9539	-68.1439
BLOCK18/SES184/SA184S22	SES292	0.637169	-67.5067	-68.1439
BLOCK18/SES184/SA184S25	SES101	1.03809	-66.0062	-67.0443
BLOCK18/SES184/SA184S25	SES177	1.58631	-65.458	-67.0443
BLOCK18/SES184/SA184S25	SES180	0.93647	-66.1078	-67.0443
BLOCK18/SES184/SA184S25	SES292	1.03395	-66.0103	-67.0443
BLOCK18/SES184/SA184S27	SES083	0.892204	-66.3071	-67.1993
BLOCK18/SES184/SA184S27	SES177	1.41537	-65.7839	-67.1993
BLOCK18/SES184/SA184S27	SES202	0.402878	-66.7964	-67.1993
BLOCK18/SES184/SA184S27	SES292	0.66433	-66.535	-67.1993
BLOCK20/SES204/SA204S12	SES062	-0.949982	-67.8905	-66.9405
BLOCK20/SES204/SA204S12	SES083	-0.305717	-67.2462	-66.9405
BLOCK20/SES204/SA204S12	SES206	0.276695	-66.6638	-66.9405
BLOCK20/SES204/SA204S12	SES226	0.0278549	-66.9126	-66.9405
BLOCK20/SES204/SA204S14	SES068	-1.29806	-67.8229	-66.5249
BLOCK20/SES204/SA204S14	SES087	0.175652	-66.3492	-66.5249
BLOCK20/SES204/SA204S14	SES206	0.227524	-66.2974	-66.5249
BLOCK20/SES204/SA204S14	SES226	-0.00399017	-66.5289	-66.5249
BLOCK20/SES204/SA204S22	SES068	-1.20505	-68.1514	-66.9464
BLOCK20/SES204/SA204S22	SES082	0.621758	-66.3246	-66.9464
BLOCK20/SES204/SA204S22	SES083	-0.337425	-67.2838	-66.9464
BLOCK20/SES204/SA204S22	SES206	-0.0203857	-66.9668	-66.9464
BLOCK20/SES204/SA204S25	SES062	-0.903481	-67.5145	-66.6111
BLOCK20/SES204/SA204S25	SES083	-0.0311966	-66.6423	-66.6111
BLOCK20/SES204/SA204S25	SES206	0.431755	-66.1793	-66.6111
BLOCK20/SES204/SA204S25	SES226	0.123428	-66.4876	-66.6111
BLOCK20/SES204/SA204S27	SES068	-2.17394	-69.7771	-67.6032
BLOCK20/SES204/SA204S27	SES082	1.43565	-66.1675	-67.6032
BLOCK20/SES204/SA204S27	SES087	0.712845	-66.8903	-67.6032
BLOCK20/SES204/SA204S27	SES206	0.374634	-67.2285	-67.6032
BLOCK20/SES207/SA207S10	SES127	0.983704	-67.2552	-68.2389
BLOCK20/SES207/SA207S10	SES183	0.907364	-67.3315	-68.2389
BLOCK20/SES207/SA207S10	SES189	-0.297417	-68.5363	-68.2389
BLOCK20/SES207/SA207S10	SES292	0.68409	-67.5548	-68.2389
BLOCK20/SES207/SA207S11	SES127	0.240349	-68.19	-68.4303
BLOCK20/SES207/SA207S11	SES183	0.279709	-68.1506	-68.4303
BLOCK20/SES207/SA207S11	SES187	0.782547	-67.6478	-68.4303
BLOCK20/SES207/SA207S11	SES292	0.130188	-68.3001	-68.4303
BLOCK20/SES207/SA207S25	SES068	0.857048	-68.2942	-69.1513
BLOCK20/SES207/SA207S25	SES083	0.480728	-68.6705	-69.1513
BLOCK20/SES207/SA207S25	SES127	1.29901	-67.8522	-69.1513
BLOCK20/SES207/SA207S25	SES187	1.45834	-67.6929	-69.1513
BLOCK20/SES207/SA207S27	SES127	1.28518	-67.5353	-68.8205
BLOCK20/SES207/SA207S27	SES183	0.844955	-67.9755	-68.8205
BLOCK20/SES207/SA207S27	SES187	1.45677	-67.3637	-68.8205
BLOCK20/SES207/SA207S27	SES292	0.592827	-68.2277	-68.8205
BLOCK20/SES207/SA207S29	SES083	0.496376	-68.4062	-68.9026
BLOCK20/SES207/SA207S29	SES085	1.06058	-67.842	-68.9026
BLOCK20/SES207/SA207S29	SES172	1.575	-67.3276	-68.9026
BLOCK20/SES207/SA207S29	SES189	-0.795944	-69.6985	-68.9026
BLOCK22/SES221/SA221S12	SES068	0.27774	-68.4964	-68.7741
BLOCK22/SES221/SA221S12	SES143	0.98362	-67.7905	-68.7741
BLOCK22/SES221/SA221S12	SES175	1.89612	-66.878	-68.7741
BLOCK22/SES221/SA221S12	SES202	1.68692	-67.0872	-68.7741
BLOCK22/SES221/SA221S15	SES085	0.63131	-68.8747	-69.506
BLOCK22/SES221/SA221S15	SES143	0.626068	-68.8799	-69.506
BLOCK22/SES221/SA221S15	SES175	1.74446	-67.7615	-69.506
BLOCK22/SES221/SA221S15	SES187	1.70947	-67.7965	-69.506
BLOCK22/SES221/SA221S23	SES068	0.332695	-68.9813	-69.314
BLOCK22/SES221/SA221S23	SES143	0.900887	-68.4131	-69.314
BLOCK22/SES221/SA221S23	SES175	1.72163	-67.5924	-69.314
BLOCK22/SES221/SA221S23	SES189	1.17956	-68.1344	-69.314
BLOCK22/SES221/SA221S27	SES085	0.828484	-68.6129	-69.4414
BLOCK22/SES221/SA221S27	SES143	0.552872	-68.8885	-69.4414
BLOCK22/SES221/SA221S27	SES175	1.40874	-68.0327	-69.4414
BLOCK22/SES221/SA221S27	SES189	1.07791	-68.3635	-69.4414
BLOCK22/SES221/SA221S29	SES085	0.77224	-69.374	-70.1462
BLOCK22/SES221/SA221S29	SES143	0.460564	-69.6857	-70.1462
BLOCK22/SES221/SA221S29	SES175	2.00549	-68.1407	-70.1462
BLOCK22/SES221/SA221S29	SES187	2.13573	-68.0105	-70.1462
BLOCK22/SES223/SA223S11	SES143	0.912827	-67.7114	-68.6243
BLOCK22/SES223/SA223S11	SES144	0.659706	-67.9646	-68.6243
BLOCK22/SES223/SA223S11	SES175	1.52148	-67.1028	-68.6243
BLOCK22/SES223/SA223S11	SES187	1.74526	-66.879	-68.6243
BLOCK22/SES223/SA223S13	SES068	0.320602	-69.5381	-69.8587
BLOCK22/SES223/SA223S13	SES143	0.411972	-69.4467	-69.8587
BLOCK22/SES223/SA223S13	SES146	0.210876	-69.6478	-69.8587
BLOCK22/SES223/SA223S13	SES202	1.65621	-68.2025	-69.8587
BLOCK22/SES223/SA223S22	SES143	0.781113	-67.4503	-68.2314
BLOCK22/SES223/SA223S22	SES144	0.697968	-67.5334	-68.2314
BLOCK22/SES223/SA223S22	SES175	1.26725	-66.9641	-68.2314
BLOCK22/SES223/SA223S22	SES187	1.46623	-66.7652	-68.2314
BLOCK22/SES223/SA223S25	SES068	0.0241089	-68.8599	-68.884
BLOCK22/SES223/SA223S25	SES143	0.205254	-68.6787	-68.884
BLOCK22/SES223/SA223S25	SES175	1.2109	-67.6731	-68.884
BLOCK22/SES223/SA223S25	SES187	1.59955	-67.2845	-68.884
BLOCK22/SES223/SA223S27	SES143	0.199883	-68.9902	-69.1901
BLOCK22/SES223/SA223S27	SES146	-0.0437546	-69.2338	-69.1901
BLOCK22/SES223/SA223S27	SES187	1.64587	-67.5442	-69.1901
BLOCK22/SES223/SA223S27	SES292	-0.37944	-69.5695	-69.1901
BLOCK27/SES273/SA273S12	SES099	0.539116	-65.5582	-66.0973
BLOCK27/SES273/SA273S12	SES104	0.899765	-65.1975	-66.0973
BLOCK27/SES273/SA273S12	SES125	0.861183	-65.2361	-66.0973
BLOCK27/SES273/SA273S12	SES206	0.780846	-65.3164	-66.0973
BLOCK27/SES273/SA273S13	SES099	0.796814	-65.273	-66.0699
BLOCK27/SES273/SA273S13	SES104	0.357956	-65.7119	-66.0699
BLOCK27/SES273/SA273S13	SES206	0.70784	-65.362	-66.0699
BLOCK27/SES273/SA273S13	SES292	-1.23895	-67.3088	-66.0699
BLOCK27/SES273/SA273S21	SES099	0.86515	-65.335	-66.2002
BLOCK27/SES273/SA273S21	SES148	-2.04508	-68.2453	-66.2002
BLOCK27/SES273/SA273S21	SES149	0.865074	-65.3351	-66.2002
BLOCK27/SES273/SA273S21	SES177	-1.10946	-67.3097	-66.2002
BLOCK27/SES273/SA273S25	SES104	0.679092	-65.208	-65.8871
BLOCK27/SES273/SA273S25	SES125	0.576309	-65.3108	-65.8871
BLOCK27/SES273/SA273S25	SES158	1.16941	-64.7177	-65.8871
BLOCK27/SES273/SA273S25	SES206	1.11465	-64.7725	-65.8871
BLOCK27/SES273/SA273S27	SES099	0.52932	-65.5116	-66.041
BLOCK27/SES273/SA273S27	SES104	-0.165131	-66.2061	-66.041
BLOCK27/SES273/SA273S27	SES149	0.798515	-65.2424	-66.041
BLOCK27/SES273/SA273S27	SES275	-1.07145	-67.1124	-66.041
BLOCK27/SES274/SA274S10	SES105	-1.53332	-68.0816	-66.5483
BLOCK27/SES274/SA274S10	SES125	0.510483	-66.0378	-66.5483
BLOCK27/SES274/SA274S10	SES129	-1.89119	-68.4395	-66.5483
BLOCK27/SES274/SA274S10	SES158	0.31868	-66.2297	-66.5483
BLOCK27/SES274/SA274S11	SES105	-0.98259	-66.8633	-65.8807
BLOCK27/SES274/SA274S11	SES149	0.8508	-65.0299	-65.8807
BLOCK27/SES274/SA274S11	SES158	0.640472	-65.2402	-65.8807
BLOCK27/SES274/SA274S11	SES275	-1.33034	-67.211	-65.8807
BLOCK27/SES274/SA274S21	SES105	-1.3724	-68.131	-66.7586
BLOCK27/SES274/SA274S21	SES129	-1.87006	-68.6286	-66.7586
BLOCK27/SES274/SA274S21	SES149	0.586792	-66.1718	-66.7586
BLOCK27/SES274/SA274S21	SES158	0.204308	-66.5543	-66.7586
BLOCK27/SES274/SA274S24	SES105	-2.16066	-69.1719	-67.0113
BLOCK27/SES274/SA274S24	SES129	-2.6889	-69.7002	-67.0113
BLOCK27/SES274/SA274S24	SES149	0.0953217	-66.916	-67.0113
BLOCK27/SES274/SA274S24	SES158	0.234528	-66.7767	-67.0113
BLOCK27/SES274/SA274S29	SES105	-1.38554	-67.2364	-65.8509
BLOCK27/SES274/SA274S29	SES106	0.115005	-65.7358	-65.8509
BLOCK27/SES274/SA274S29	SES120	-1.10772	-66.9586	-65.8509
BLOCK27/SES274/SA274S29	SES275	-1.72246	-67.5733	-65.8509
BLOCK27/SES276/SA276S16	SES148	0.373657	-67.966	-68.3397
BLOCK27/SES276/SA276S16	SES172	1.09949	-67.2402	-68.3397
BLOCK27/SES276/SA276S16	SES180	0.203903	-68.1358	-68.3397
BLOCK27/SES276/SA276S16	SES292	0.61055	-67.7291	-68.3397
BLOCK27/SES276/SA276S17	SES101	0.761131	-67.8037	-68.5648
BLOCK27/SES276/SA276S17	SES177	1.03641	-67.5284	-68.5648
BLOCK27/SES276/SA276S17	SES180	0.635017	-67.9298	-68.5648
BLOCK27/SES276/SA276S17	SES292	1.16333	-67.4015	-68.5648
BLOCK27/SES276/SA276S24	SES101	0.555717	-67.2454	-67.8011
BLOCK27/SES276/SA276S24	SES177	1.12534	-66.6758	-67.8011
BLOCK27/SES276/SA276S24	SES180	0.378433	-67.4227	-67.8011
BLOCK27/SES276/SA276S24	SES292	1.00766	-66.7935	-67.8011
BLOCK27/SES276/SA276S26	SES101	0.198051	-68.1463	-68.3444
BLOCK27/SES276/SA276S26	SES177	0.900192	-67.4442	-68.3444
BLOCK27/SES276/SA276S26	SES180	0.531197	-67.8132	-68.3444
BLOCK27/SES276/SA276S26	SES292	0.510292	-67.8341	-68.3444
BLOCK27/SES276/SA276S28	SES101	0.402649	-68.4475	-68.8502
BLOCK27/SES276/SA276S28	SES177	1.07029	-67.7799	-68.8502
BLOCK27/SES276/SA276S28	SES180	0.591759	-68.2584	-68.8502
BLOCK27/SES276/SA276S28	SES292	0.613495	-68.2367	-68.8502
BLOCK27/SES277/SA277S12	SES101	0.572891	-67.2505	-67.8234
BLOCK27/SES277/SA277S12	SES177	1.05307	-66.7703	-67.8234
BLOCK27/SES277/SA277S12	SES180	0.748474	-67.0749	-67.8234
BLOCK27/SES277/SA277S12	SES292	0.440445	-67.3829	-67.8234
BLOCK27/SES277/SA277S14	SES177	1.67506	-66.3658	-68.0409
BLOCK27/SES277/SA277S14	SES180	0.824089	-67.2168	-68.0409
BLOCK27/SES277/SA277S14	SES189	0.346977	-67.6939	-68.0409
BLOCK27/SES277/SA277S14	SES292	0.167488	-67.8734	-68.0409
BLOCK27/SES277/SA277S21	SES177	1.2458	-66.8256	-68.0714
BLOCK27/SES277/SA277S21	SES180	0.338135	-67.7332	-68.0714
BLOCK27/SES277/SA277S21	SES189	-0.285484	-68.3569	-68.0714
BLOCK27/SES277/SA277S21	SES292	0.142784	-67.9286	-68.0714
BLOCK27/SES277/SA277S24	SES144	0.344666	-68.0268	-68.3715
BLOCK27/SES277/SA277S24	SES177	1.36772	-67.0038	-68.3715
BLOCK27/SES277/SA277S24	SES180	0.600731	-67.7707	-68.3715
BLOCK27/SES277/SA277S24	SES189	-0.0850677	-68.4565	-68.3715
BLOCK27/SES277/SA277S29	SES177	1.61124	-65.5241	-67.1354
BLOCK27/SES277/SA277S29	SES180	0.839439	-66.2959	-67.1354
BLOCK27/SES277/SA277S29	SES202	0.759613	-66.3758	-67.1354
BLOCK27/SES277/SA277S29	SES292	0.550468	-66.5849	-67.1354
BLOCK27/SES279/SA279S09	SES120	-1.00986	-67.8996	-66.8897
BLOCK27/SES279/SA279S09	SES146	0.707855	-66.1819	-66.8897
BLOCK27/SES279/SA279S09	SES206	-0.738815	-67.6285	-66.8897
BLOCK27/SES279/SA279S09	SES226	-0.579269	-67.469	-66.8897
BLOCK27/SES279/SA279S10	SES099	-1.06718	-68.0406	-66.9734
BLOCK27/SES279/SA279S10	SES206	-0.639618	-67.6131	-66.9734
BLOCK27/SES279/SA279S10	SES226	-0.316101	-67.2896	-66.9734
BLOCK27/SES279/SA279S10	SES292	-0.414955	-67.3884	-66.9734
BLOCK27/SES279/SA279S20	SES099	-1.09911	-67.9024	-66.8033
BLOCK27/SES279/SA279S20	SES206	-0.441917	-67.2452	-66.8033
BLOCK27/SES279/SA279S20	SES226	-0.134895	-66.9381	-66.8033
BLOCK27/SES279/SA279S20	SES292	-0.161537	-66.9648	-66.8033
BLOCK27/SES279/SA279S26	SES099	-1.45455	-69.1303	-67.6758
BLOCK27/SES279/SA279S26	SES206	-0.899147	-68.5749	-67.6758
BLOCK27/SES279/SA279S26	SES226	-0.071701	-67.7475	-67.6758
BLOCK27/SES279/SA279S26	SES292	-0.378487	-68.0543	-67.6758
BLOCK27/SES279/SA279S28	SES099	-0.792625	-67.076	-66.2833
BLOCK27/SES279/SA279S28	SES120	-0.626678	-66.91	-66.2833
BLOCK27/SES279/SA279S28	SES177	-0.856552	-67.1399	-66.2833
BLOCK27/SES279/SA279S28	SES206	-0.564003	-66.8473	-66.2833
BLOCK29/SES290/SA290S12	SES162	1.6378	-66.0488	-67.6866
BLOCK29/SES290/SA290S12	SES177	1.66799	-66.0187	-67.6866
BLOCK29/SES290/SA290S12	SES180	1.17767	-66.509	-67.6866
BLOCK29/SES290/SA290S12	SES292	0.354088	-67.3326	-67.6866
BLOCK29/SES290/SA290S13	SES007	0.312202	-67.304	-67.6162
BLOCK29/SES290/SA290S13	SES162	1.3914	-66.2248	-67.6162
BLOCK29/SES290/SA290S13	SES177	1.3996	-66.2166	-67.6162
BLOCK29/SES290/SA290S13	SES180	0.94548	-66.6707	-67.6162
BLOCK29/SES290/SA290S22	SES177	1.84721	-65.462	-67.3092
BLOCK29/SES290/SA290S22	SES180	1.2297	-66.0795	-67.3092
BLOCK29/SES290/SA290S22	SES202	1.24268	-66.0665	-67.3092
BLOCK29/SES290/SA290S22	SES292	0.34993	-66.9593	-67.3092
BLOCK29/SES290/SA290S25	SES162	1.52322	-66.4282	-67.9514
BLOCK29/SES290/SA290S25	SES177	1.59801	-66.3534	-67.9514
BLOCK29/SES290/SA290S25	SES180	1.21855	-66.7328	-67.9514
BLOCK29/SES290/SA290S25	SES292	0.572334	-67.3791	-67.9514
BLOCK29/SES290/SA290S29	SES177	1.84269	-64.7751	-66.6178
BLOCK29/SES290/SA290S29	SES180	1.37024	-65.2476	-66.6178
BLOCK29/SES290/SA290S29	SES275	-0.489212	-67.107	-66.6178
BLOCK29/SES290/SA290S29	SES292	0.71183	-65.906	-66.6178
BLOCK29/SES291/SA291S11	SES105	-0.986	-67.2461	-66.2601
BLOCK29/SES291/SA291S11	SES125	0.173157	-66.0869	-66.2601
BLOCK29/SES291/SA291S11	SES158	0.2575	-66.0026	-66.2601
BLOCK29/SES291/SA291S11	SES275	-1.69261	-67.9527	-66.2601
BLOCK29/SES291/SA291S12	SES158	0.879433	-64.524	-65.4034
BLOCK29/SES291/SA291S12	SES226	0.00500488	-65.3984	-65.4034
BLOCK29/SES291/SA291S12	SES270	1.19373	-64.2097	-65.4034
BLOCK29/SES291/SA291S12	SES275	-1.66305	-67.0664	-65.4034
BLOCK29/SES291/SA291S22	SES082	1.42147	-64.9369	-66.3584
BLOCK29/SES291/SA291S22	SES158	0.800575	-65.5578	-66.3584
BLOCK29/SES291/SA291S22	SES259	-0.470901	-66.8293	-66.3584
BLOCK29/SES291/SA291S22	SES275	-1.60313	-67.9615	-66.3584
BLOCK29/SES291/SA291S24	SES104	0.708702	-65.1485	-65.8572
BLOCK29/SES291/SA291S24	SES125	0.485489	-65.3718	-65.8572
BLOCK29/SES291/SA291S24	SES158	0.620979	-65.2363	-65.8572
BLOCK29/SES291/SA291S24	SES275	-1.65601	-67.5133	-65.8572
BLOCK29/SES291/SA291S27	SES158	0.758057	-65.9063	-66.6643
BLOCK29/SES291/SA291S27	SES172	-1.58566	-68.25	-66.6643
BLOCK29/SES291/SA291S27	SES275	-1.68185	-68.3462	-66.6643
BLOCK29/SES291/SA291S27	SES292	-0.959373	-67.6237	-66.6643
