BLOCK00/SES002/SA002S12	SES002	3.35625	-50.9619	-54.3182
BLOCK00/SES002/SA002S13	SES002	3.08345	-51.6755	-54.759
BLOCK00/SES002/SA002S23	SES002	3.39927	-50.7008	-54.1001
BLOCK00/SES002/SA002S26	SES002	4.44524	-50.0809	-54.5262
BLOCK00/SES002/SA002S28	SES002	3.37896	-51.8757	-55.2547
BLOCK00/SES007/SA007S14	SES007	1.35253	-53.1994	-54.5519
BLOCK00/SES007/SA007S15	SES007	1.45377	-53.7095	-55.1633
BLOCK00/SES007/SA007S24	SES007	2.02576	-53.4286	-55.4543
BLOCK00/SES007/SA007S27	SES007	1.5546	-53.8242	-55.3788
BLOCK00/SES007/SA007S29	SES007	1.19886	-53.9374	-55.1363
BLOCK00/SES008/SA008S11	SES008	2.36971	-52.9701	-55.3398
BLOCK00/SES008/SA008S12	SES008	1.64433	-53.7341	-55.3785
BLOCK00/SES008/SA008S19	SES008	2.04363	-52.6432	-54.6868
BLOCK00/SES008/SA008S22	SES008	1.91652	-54.2929	-56.2094
BLOCK00/SES008/SA008S29	SES008	1.8817	-53.3663	-55.248
BLOCK01/SES014/SA014S10	SES014	2.50828	-51.7509	-54.2592
BLOCK01/SES014/SA014S12	SES014	3.33491	-49.988	-53.3229
BLOCK01/SES014/SA014S24	SES014	2.72924	-50.4287	-53.1579
BLOCK01/SES014/SA014S26	SES014	3.23857	-49.9118	-53.1504
BLOCK01/SES014/SA014S28	SES014	3.47455	-50.1963	-53.6709
BLOCK01/SES016/SA016S12	SES016	1.64034	-55.0999	-56.7402
BLOCK01/SES016/SA016S13	SES016	1.71299	-53.835	-55.548
BLOCK01/SES016/SA016S22	SES016	1.94286	-53.7041	-55.647
BLOCK01/SES016/SA016S25	SES016	1.34806	-52.6919	-54.04
BLOCK01/SES016/SA016S27	SES016	2.12127	-52.2896	-54.4108
BLOCK01/SES019/SA019S13	SES019	3.47629	-52.6717	-56.148
BLOCK01/SES019/SA019S14	SES019	2.77677	-52.8355	-55.6123
BLOCK01/SES019/SA019S22	SES019	2.75244	-52.2389	-54.9913
BLOCK01/SES019/SA019S25	SES019	3.21149	-53.1862	-56.3977
BLOCK01/SES019/SA019S29	SES019	4.08464	-53.3591	-57.4437
BLOCK02/SES029/SA029S11	SES029	2.38345	-53.0253	-55.4087
BLOCK02/SES029/SA029S12	SES029	1.96874	-53.5612	-55.5299
BLOCK02/SES029/SA029S20	SES029	1.69914	-54.7443	-56.4434
BLOCK02/SES029/SA029S25	SES029	1.32547	-53.1505	-54.4759
BLOCK02/SES029/SA029S28	SES029	1.55383	-52.9844	-54.5382
BLOCK04/SES042/SA042S12	SES042	4.82588	-50.5144	-55.3403
BLOCK04/SES042/SA042S15	SES042	4.40923	-50.4668	-54.8761
BLOCK04/SES042/SA042S22	SES042	6.29403	-49.4932	-55.7872
BLOCK04/SES042/SA042S25	SES042	5.21958	-51.5786	-56.7982
BLOCK04/SES042/SA042S27	SES042	4.67308	-50.9293	-55.6024
BLOCK04/SES048/SA048S11	SES048	2.4663	-53.9259	-56.3922
BLOCK04/SES048/SA048S12	SES048	0.414566	-55.5436	-55.9582
BLOCK04/SES048/SA048S20	SES048	1.85647	-53.0011	-54.8576
BLOCK04/SES048/SA048S23	SES048	2.92109	-53.1672	-56.0883
BLOCK04/SES048/SA048S27	SES048	1.47741	-53.6778	-55.1552
BLOCK06/SES060/SA060S11	SES060	1.8008	-54.1254	-55.9262
BLOCK06/SES060/SA060S12	SES060	-0.265144	-56.5211	-56.2559
BLOCK06/SES060/SA060S22	SES060	1.39445	-55.8928	-57.2872
BLOCK06/SES060/SA060S24	SES060	1.89322	-53.6379	-55.5311
BLOCK06/SES060/SA060S28	SES060	2.84761	-52.4071	-55.2547
BLOCK06/SES062/SA062S10	SES062	2.41494	-52.1786	-54.5935
BLOCK06/SES062/SA062S11	SES062	2.27078	-52.76	-55.0308
BLOCK06/SES062/SA062S21	SES062	2.08167	-52.0847	-54.1663
BLOCK06/SES062/SA062S26	SES062	2.0175	-52.4021	-54.4196
BLOCK06/SES062/SA062S29	SES062	1.93018	-52.6584	-54.5886
BLOCK06/SES068/SA068S14	SES068	1.52273	-53.5599	-55.0827
BLOCK06/SES068/SA068S15	SES068	1.70539	-52.7662	-54.4716
BLOCK06/SES068/SA068S23	SES068	1.08122	-53.6183	-54.6996
BLOCK06/SES068/SA068S27	SES068	1.9957	-52.6056	-54.6013
BLOCK06/SES068/SA068S29	SES068	2.00056	-52.5971	-54.5976
BLOCK08/SES082/SA082S12	SES082	2.37146	-52.8338	-55.2053
BLOCK08/SES082/SA082S14	SES082	2.07656	-53.0727	-55.1492
BLOCK08/SES082/SA082S21	SES082	2.06088	-53.4422	-55.503
BLOCK08/SES082/SA082S24	SES082	2.48035	-52.1183	-54.5987
BLOCK08/SES082/SA082S28	SES082	1.16039	-54.3494	-55.5098
BLOCK08/SES083/SA083S14	SES083	0.451805	-53.9659	-54.4177
BLOCK08/SES083/SA083S15	SES083	1.02464	-53.8216	-54.8462
BLOCK08/SES083/SA083S24	SES083	0.916687	-53.5636	-54.4802
BLOCK08/SES083/SA083S26	SES083	1.47274	-53.9429	-55.4157
BLOCK08/SES083/SA083S29	SES083	0.688358	-53.857	-54.5453
BLOCK08/SES085/SA085S10	SES085	1.19307	-53.9777	-55.1708
BLOCK08/SES085/SA085S13	SES085	1.45342	-54.494	-55.9474
BLOCK08/SES085/SA085S22	SES085	-0.46278	-56.0262	-55.5634
BLOCK08/SES085/SA085S26	SES085	0.919933	-55.0127	-55.9327
BLOCK08/SES085/SA085S28	SES085	1.82859	-54.4618	-56.2904
BLOCK08/SES087/SA087S15	SES087	3.65948	-53.0255	-56.685
BLOCK08/SES087/SA087S16	SES087	3.41626	-51.5772	-54.9935
BLOCK08/SES087/SA087S24	SES087	3.66903	-51.7905	-55.4595
BLOCK08/SES087/SA087S26	SES087	2.19259	-51.3077	-53.5003
BLOCK08/SES087/SA087S29	SES087	3.09243	-52.6468	-55.7392
BLOCK09/SES099/SA099S15	SES099	3.9571	-52.0863	-56.0434
BLOCK09/SES099/SA099S16	SES099	3.30371	-52.498	-55.8018
BLOCK09/SES099/SA099S24	SES099	2.66919	-52.2778	-54.947
BLOCK09/SES099/SA099S26	SES099	2.96633	-52.5126	-55.479
BLOCK09/SES099/SA099S29	SES099	2.9312	-51.8644	-54.7956
BLOCK10/SES101/SA101S11	SES101	2.1804	-53.4445	-55.6249
BLOCK10/SES101/SA101S13	SES101	2.12299	-53.406	-55.529
BLOCK10/SES101/SA101S22	SES101	1.75666	-53.9757	-55.7323
BLOCK10/SES101/SA101S24	SES101	2.7079	-52.7414	-55.4493
BLOCK10/SES101/SA101S28	SES101	1.24548	-55.5271	-56.7726
BLOCK10/SES104/SA104S11	SES104	0.987686	-53.7277	-54.7154
BLOCK10/SES104/SA104S12	SES104	3.37735	-50.9633	-54.3406
BLOCK10/SES104/SA104S21	SES104	2.29822	-52.8769	-55.1752
BLOCK10/SES104/SA104S24	SES104	2.50858	-52.4033	-54.9119
BLOCK10/SES104/SA104S28	SES104	1.96443	-53.296	-55.2605
BLOCK10/SES105/SA105S12	SES105	1.52356	-55.8959	-57.4195
BLOCK10/SES105/SA105S13	SES105	1.50824	-54.8439	-56.3522
BLOCK10/SES105/SA105S22	SES105	1.38832	-55.9467	-57.335
BLOCK10/SES105/SA105S26	SES105	2.53389	-55.3971	-57.931
BLOCK10/SES105/SA105S29	SES105	1.09928	-54.9323	-56.0316
BLOCK10/SES106/SA106S09	SES106	1.4858	-54.1596	-55.6454
BLOCK10/SES106/SA106S11	SES106	2.31129	-52.2518	-54.5631
BLOCK10/SES106/SA106S22	SES106	2.48102	-52.8938	-55.3748
BLOCK10/SES106/SA106S27	SES106	1.04465	-54.3811	-55.4258
BLOCK10/SES106/SA106S29	SES106	1.6838	-53.0087	-54.6925
BLOCK11/SES117/SA117S12	SES117	1.48719	-54.4925	-55.9797
BLOCK11/SES117/SA117S13	SES117	0.924541	-54.0531	-54.9777
BLOCK11/SES117/SA117S23	SES117	2.45024	-54.6567	-57.107
BLOCK11/SES117/SA117S25	SES117	2.63789	-53.6392	-56.2771
BLOCK11/SES117/SA117S28	SES117	2.13363	-53.7972	-55.9308
BLOCK12/SES120/SA120S08	SES120	1.15086	-56.1594	-57.3103
BLOCK12/SES120/SA120S11	SES120	0.832184	-55.7686	-56.6007
BLOCK12/SES120/SA120S22	SES120	1.14259	-53.5018	-54.6444
BLOCK12/SES120/SA120S24	SES120	1.35604	-54.8847	-56.2407
BLOCK12/SES120/SA120S28	SES120	1.59494	-56.2461	-57.841
BLOCK12/SES125/SA125S13	SES125	4.10767	-50.8293	-54.9369
BLOCK12/SES125/SA125S14	SES125	2.91306	-52.4249	-55.3379
BLOCK12/SES125/SA125S25	SES125	4.25857	-51.0689	-55.3275
BLOCK12/SES125/SA125S27	SES125	4.46985	-51.9428	-56.4127
BLOCK12/SES125/SA125S29	SES125	3.0584	-51.8805	-54.9389
BLOCK12/SES127/SA127S11	SES127	2.17409	-53.3088	-55.4829
BLOCK12/SES127/SA127S12	SES127	-0.0933113	-55.4596	-55.3663
BLOCK12/SES127/SA127S23	SES127	1.35929	-54.4707	-55.83
BLOCK12/SES127/SA127S25	SES127	-0.541332	-56.9388	-56.3974
BLOCK12/SES127/SA127S27	SES127	1.40659	-54.1658	-55.5724
BLOCK12/SES129/SA129S11	SES129	2.09537	-53.5252	-55.6206
BLOCK12/SES129/SA129S12	SES129	2.68414	-53.2674	-55.9515
BLOCK12/SES129/SA129S22	SES129	2.54526	-53.0816	-55.6268
BLOCK12/SES129/SA129S27	SES129	3.0978	-52.7138	-55.8116
BLOCK12/SES129/SA129S29	SES129	3.75626	-52.0364	-55.7927
BLOCK14/SES142/SA142S11	SES142	3.39022	-52.3809	-55.7711
BLOCK14/SES142/SA142S12	SES142	3.22299	-52.2258	-55.4488
BLOCK14/SES142/SA142S24	SES142	3.50031	-52.0761	-55.5764
BLOCK14/SES142/SA142S27	SES142	4.11257	-50.8402	-54.9527
BLOCK14/SES142/SA142S29	SES142	4.0164	-50.4009	-54.4173
BLOCK14/SES143/SA143S12	SES143	2.20868	-53.2256	-55.4343
BLOCK14/SES143/SA143S13	SES143	1.83413	-53.0817	-54.9159
BLOCK14/SES143/SA143S23	SES143	2.38302	-53.6337	-56.0168
BLOCK14/SES143/SA143S25	SES143	2.44773	-53.2605	-55.7082
BLOCK14/SES143/SA143S28	SES143	2.17999	-51.5344	-53.7144
BLOCK14/SES144/SA144S09	SES144	1.20917	-54.116	-55.3251
BLOCK14/SES144/SA144S11	SES144	2.15891	-53.8226	-55.9815
BLOCK14/SES144/SA144S21	SES144	1.28708	-54.4611	-55.7482
BLOCK14/SES144/SA144S25	SES144	1.0939	-55.3319	-56.4258
BLOCK14/SES144/SA144S29	SES144	0.889511	-53.4625	-54.352
BLOCK14/SES146/SA146S14	SES146	1.82077	-54.4042	-56.225
BLOCK14/SES146/SA146S15	SES146	0.986488	-54.4178	-55.4043
BLOCK14/SES146/SA146S24	SES146	1.48053	-55.0702	-56.5508
BLOCK14/SES146/SA146S26	SES146	2.03296	-56.1009	-58.1338
BLOCK14/SES146/SA146S29	SES146	1.88542	-54.882	-56.7674
BLOCK14/SES147/SA147S11	SES147	4.28447	-52.4375	-56.7219
BLOCK14/SES147/SA147S13	SES147	5.83997	-50.3117	-56.1516
BLOCK14/SES147/SA147S23	SES147	3.84615	-54.2396	-58.0858
BLOCK14/SES147/SA147S26	SES147	4.66156	-52.794	-57.4555
BLOCK14/SES147/SA147S28	SES147	4.59615	-52.0879	-56.6841
BLOCK14/SES148/SA148S10	SES148	1.7797	-53.3253	-55.105
BLOCK14/SES148/SA148S12	SES148	0.932961	-54.5271	-55.46
BLOCK14/SES148/SA148S22	SES148	2.18358	-53.4784	-55.662
BLOCK14/SES148/SA148S26	SES148	1.10983	-55.2357	-56.3455
BLOCK14/SES148/SA148S29	SES148	1.35807	-54.6164	-55.9745
BLOCK14/SES149/SA149S13	SES149	-0.15411	-55.6173	-55.4632
BLOCK14/SES149/SA149S14	SES149	0.860775	-53.8676	-54.7284
BLOCK14/SES149/SA149S24	SES149	1.94938	-53.6967	-55.6461
BLOCK14/SES149/SA149S26	SES149	2.86391	-52.6898	-55.5537
BLOCK14/SES149/SA149S28	SES149	2.67299	-53.1457	-55.8186
BLOCK15/SES158/SA158S13	SES158	2.27635	-53.1731	-55.4494
BLOCK15/SES158/SA158S14	SES158	2.38733	-54.0089	-56.3962
BLOCK15/SES158/SA158S23	SES158	1.86337	-53.1852	-55.0486
BLOCK15/SES158/SA158S26	SES158	3.61783	-52.5371	-56.155
BLOCK15/SES158/SA158S28	SES158	1.90209	-54.2623	-56.1644
BLOCK16/SES162/SA162S10	SES162	1.08024	-55.6967	-56.7769
BLOCK16/SES162/SA162S11	SES162	1.95136	-54.1267	-56.0781
BLOCK16/SES162/SA162S21	SES162	2.20771	-52.7446	-54.9523
BLOCK16/SES162/SA162S24	SES162	2.24412	-52.2307	-54.4748
BLOCK16/SES162/SA162S27	SES162	1.59876	-53.7557	-55.3545
BLOCK16/SES167/SA167S14	SES167	2.46699	-51.8325	-54.2994
BLOCK16/SES167/SA167S15	SES167	2.06741	-53.4279	-55.4953
BLOCK16/SES167/SA167S21	SES167	2.20562	-51.8474	-54.053
BLOCK16/SES167/SA167S25	SES167	3.1616	-53.1592	-56.3208
BLOCK16/SES167/SA167S29	SES167	3.62139	-50.94	-54.5614
BLOCK17/SES172/SA172S12	SES172	2.44437	-52.4633	-54.9076
BLOCK17/SES172/SA172S13	SES172	1.79868	-54.0141	-55.8128
BLOCK17/SES172/SA172S23	SES172	1.85851	-52.5724	-54.4309
BLOCK17/SES172/SA172S27	SES172	2.29794	-53.0364	-55.3343
BLOCK17/SES172/SA172S29	SES172	2.86731	-52.8025	-55.6699
BLOCK17/SES175/SA175S11	SES175	2.58363	-53.2039	-55.7876
BLOCK17/SES175/SA175S13	SES175	2.7002	-52.345	-55.0452
BLOCK17/SES175/SA175S23	SES175	2.72081	-53.3287	-56.0495
BLOCK17/SES175/SA175S25	SES175	2.11477	-54.011	-56.1257
BLOCK17/SES175/SA175S28	SES175	2.86001	-51.848	-54.708
BLOCK17/SES177/SA177S15	SES177	1.44666	-54.3602	-55.8069
BLOCK17/SES177/SA177S17	SES177	1.03378	-54.1612	-55.195
BLOCK17/SES177/SA177S23	SES177	1.62707	-53.5337	-55.1608
BLOCK17/SES177/SA177S26	SES177	1.44238	-52.2305	-53.6729
BLOCK17/SES177/SA177S28	SES177	1.20247	-53.0007	-54.2032
BLOCK18/SES180/SA180S13	SES180	2.32886	-53.4217	-55.7506
BLOCK18/SES180/SA180S15	SES180	2.30355	-53.2827	-55.5862
BLOCK18/SES180/SA180S24	SES180	2.13341	-52.6288	-54.7622
BLOCK18/SES180/SA180S26	SES180	2.2619	-53.0767	-55.3386
BLOCK18/SES180/SA180S29	SES180	2.60474	-54.3351	-56.9398
BLOCK18/SES183/SA183S13	SES183	1.86427	-54.2412	-56.1055
BLOCK18/SES183/SA183S14	SES183	0.928444	-55.7903	-56.7187
BLOCK18/SES183/SA183S24	SES183	2.38317	-54.2311	-56.6143
BLOCK18/SES183/SA183S27	SES183	1.87424	-54.1775	-56.0518
BLOCK18/SES183/SA183S29	SES183	1.05515	-54.122	-55.1771
BLOCK18/SES187/SA187S13	SES187	1.99653	-53.4112	-55.4077
BLOCK18/SES187/SA187S14	SES187	2.24938	-54.3402	-56.5896
BLOCK18/SES187/SA187S24	SES187	2.0818	-53.6933	-55.7751
BLOCK18/SES187/SA187S27	SES187	1.88861	-52.9351	-54.8237
BLOCK18/SES187/SA187S29	SES187	2.00531	-54.164	-56.1693
BLOCK18/SES189/SA189S10	SES189	4.11203	-55.3946	-59.5066
BLOCK18/SES189/SA189S13	SES189	4.07613	-55.0765	-59.1527
BLOCK18/SES189/SA189S24	SES189	3.61767	-54.0779	-57.6956
BLOCK18/SES189/SA189S26	SES189	2.14932	-54.0638	-56.2132
BLOCK18/SES189/SA189S29	SES189	3.67225	-54.6531	-58.3254
BLOCK20/SES202/SA202S12	SES202	2.66928	-54.0936	-56.7629
BLOCK20/SES202/SA202S14	SES202	3.94199	-51.871	-55.813
BLOCK20/SES202/SA202S24	SES202	2.58299	-53.2242	-55.8072
BLOCK20/SES202/SA202S27	SES202	3.34214	-51.2348	-54.5769
BLOCK20/SES202/SA202S29	SES202	3.63403	-51.2301	-54.8641
BLOCK20/SES206/SA206S15	SES206	0.785095	-53.1918	-53.9769
BLOCK20/SES206/SA206S17	SES206	3.38839	-51.4261	-54.8145
BLOCK20/SES206/SA206S24	SES206	4.05278	-51.3466	-55.3993
BLOCK20/SES206/SA206S27	SES206	2.3368	-53.38	-55.7168
BLOCK20/SES206/SA206S29	SES206	3.11641	-51.5312	-54.6477
BLOCK22/SES226/SA226S12	SES226	2.75034	-53.5153	-56.2657
BLOCK22/SES226/SA226S13	SES226	0.0881348	-54.632	-54.7201
BLOCK22/SES226/SA226S20	SES226	2.64901	-53.3833	-56.0323
BLOCK22/SES226/SA226S23	SES226	2.24	-52.8558	-55.0958
BLOCK22/SES226/SA226S28	SES226	2.69779	-52.8463	-55.5441
BLOCK25/SES259/SA259S13	SES259	4.16629	-51.3318	-55.4981
BLOCK25/SES259/SA259S14	SES259	3.06613	-52.07	-55.1361
BLOCK25/SES259/SA259S22	SES259	3.27478	-51.6496	-54.9243
BLOCK25/SES259/SA259S24	SES259	4.723	-51.2046	-55.9276
BLOCK25/SES259/SA259S28	SES259	3.27972	-51.2798	-54.5595
BLOCK27/SES270/SA270S14	SES270	4.41115	-52.5948	-57.006
BLOCK27/SES270/SA270S16	SES270	2.71681	-53.1965	-55.9133
BLOCK27/SES270/SA270S22	SES270	3.48409	-52.8541	-56.3382
BLOCK27/SES270/SA270S26	SES270	3.16299	-53.0732	-56.2362
BLOCK27/SES270/SA270S28	SES270	2.6916	-52.9286	-55.6202
BLOCK27/SES275/SA275S17	SES275	1.90876	-54.257	-56.1658
BLOCK27/SES275/SA275S18	SES275	0.960205	-54.5928	-55.553
BLOCK27/SES275/SA275S24	SES275	1.72491	-55.198	-56.9229
BLOCK27/SES275/SA275S26	SES275	1.91211	-53.7726	-55.6847
BLOCK27/SES275/SA275S28	SES275	0.565727	-55.0839	-55.6496
BLOCK29/SES292/SA292S10	SES292	1.45503	-53.4208	-54.8758
BLOCK29/SES292/SA292S12	SES292	0.812099	-54.9235	-55.7356
BLOCK29/SES292/SA292S22	SES292	1.81839	-54.3864	-56.2048
BLOCK29/SES292/SA292S24	SES292	1.31511	-53.4663	-54.7814
BLOCK29/SES292/SA292S27	SES292	1.3746	-53.5565	-54.9311
BLOCK00/SES001/SA001S14	SES062	-0.971928	-56.6182	-55.6463
BLOCK00/SES001/SA001S14	SES082	-1.2254	-56.8717	-55.6463
BLOCK00/SES001/SA001S14	SES106	-2.68609	-58.3324	-55.6463
BLOCK00/SES001/SA001S14	SES206	-4.18578	-59.8321	-55.6463
BLOCK00/SES001/SA001S15	SES062	-1.67217	-55.9703	-54.2981
BLOCK00/SES001/SA001S15	SES104	-2.79328	-57.0914	-54.2981
BLOCK00/SES001/SA001S15	SES106	-3.05856	-57.3567	-54.2981
BLOCK00/SES001/SA001S15	SES206	-4.12907	-58.4272	-54.2981
BLOCK00/SES001/SA001S24	SES062	-3.9562	-60.0882	-56.132
BLOCK00/SES001/SA001S24	SES082	-1.0024	-57.1344	-56.132
BLOCK00/SES001/SA001S24	SES087	-4.04609	-60.1781	-56.132
BLOCK00/SES001/SA001S24	SES206	-2.34804	-58.48	-56.132
BLOCK00/SES001/SA001S27	SES062	-1.59962	-55.7627	-54.1631
BLOCK00/SES001/SA001S27	SES082	-2.85823	-57.0213	-54.1631
BLOCK00/SES001/SA001S27	SES087	-4.2211	-58.3842	-54.1631
BLOCK00/SES001/SA001S27	SES206	-4.14507	-58.3082	-54.1631
BLOCK00/SES001/SA001S29	SES062	-1.59234	-57.0904	-55.4981
BLOCK00/SES001/SA001S29	SES082	-0.726109	-56.2242	-55.4981
BLOCK00/SES001/SA001S29	SES158	-2.21231	-57.7104	-55.4981
BLOCK00/SES001/SA001S29	SES206	-4.5251	-60.0232	-55.4981
BLOCK00/SES003/SA003S11	SES002	-5.38649	-60.3282	-54.9418
BLOCK00/SES003/SA003S11	SES019	-0.407902	-55.3497	-54.9418
BLOCK00/SES003/SA003S11	SES082	-0.0296211	-54.9714	-54.9418
BLOCK00/SES003/SA003S11	SES125	-2.5365	-57.4783	-54.9418
BLOCK00/SES003/SA003S15	SES016	-7.9975	-63.0063	-55.0088
BLOCK00/SES003/SA003S15	SES019	-1.02796	-56.0368	-55.0088
BLOCK00/SES003/SA003S15	SES062	-4.06007	-59.0689	-55.0088
BLOCK00/SES003/SA003S15	SES206	-2.17619	-57.185	-55.0088
BLOCK00/SES003/SA003S22	SES002	-7.32788	-62.5446	-55.2167
BLOCK00/SES003/SA003S22	SES062	-3.98059	-59.1973	-55.2167
BLOCK00/SES003/SA003S22	SES082	-1.21782	-56.4346	-55.2167
BLOCK00/SES003/SA003S22	SES087	-4.07536	-59.2921	-55.2167
BLOCK00/SES003/SA003S25	SES062	-7.18722	-64.6413	-57.4541
BLOCK00/SES003/SA003S25	SES082	0.955006	-56.4991	-57.4541
BLOCK00/SES003/SA003S25	SES087	-4.33832	-61.7924	-57.4541
BLOCK00/SES003/SA003S25	SES206	-3.4621	-60.9162	-57.4541
BLOCK00/SES003/SA003S29	SES002	-4.82724	-60.5201	-55.6928
BLOCK00/SES003/SA003S29	SES062	-4.04097	-59.7338	-55.6928
BLOCK00/SES003/SA003S29	SES082	-0.140278	-55.8331	-55.6928
BLOCK00/SES003/SA003S29	SES087	-2.20412	-57.897	-55.6928
BLOCK00/SES004/SA004S12	SES083	-0.214046	-55.3353	-55.1212
BLOCK00/SES004/SA004S12	SES148	-1.36708	-56.4883	-55.1212
BLOCK00/SES004/SA004S12	SES172	0.363853	-54.7574	-55.1212
BLOCK00/SES004/SA004S12	SES292	-1.17504	-56.2963	-55.1212
BLOCK00/SES004/SA004S17	SES083	-0.517551	-56.2368	-55.7193
BLOCK00/SES004/SA004S17	SES162	-0.999077	-56.7184	-55.7193
BLOCK00/SES004/SA004S17	SES172	-0.449314	-56.1686	-55.7193
BLOCK00/SES004/SA004S17	SES292	-0.371128	-56.0904	-55.7193
BLOCK00/SES004/SA004S24	SES083	-0.68391	-55.4266	-54.7427
BLOCK00/SES004/SA004S24	SES148	-1.11456	-55.8572	-54.7427
BLOCK00/SES004/SA004S24	SES172	0.225174	-54.5175	-54.7427
BLOCK00/SES004/SA004S24	SES292	-0.592113	-55.3348	-54.7427
BLOCK00/SES004/SA004S26	SES083	0.0422974	-54.0531	-54.0954
BLOCK00/SES004/SA004S26	SES127	-0.819901	-54.9153	-54.0954
BLOCK00/SES004/SA004S26	SES148	-0.945232	-55.0406	-54.0954
BLOCK00/SES004/SA004S26	SES292	-0.237804	-54.3332	-54.0954
BLOCK00/SES004/SA004S28	SES083	-0.617867	-55.2789	-54.661
BLOCK00/SES004/SA004S28	SES127	-1.68248	-56.3435	-54.661
BLOCK00/SES004/SA004S28	SES187	-0.521423	-55.1824	-54.661
BLOCK00/SES004/SA004S28	SES292	-1.38183	-56.0429	-54.661
BLOCK00/SES006/SA006S10	SES014	0.343388	-55.3995	-55.7429
BLOCK00/SES006/SA006S10	SES158	0.321556	-55.4214	-55.7429
BLOCK00/SES006/SA006S10	SES226	-1.04047	-56.7834	-55.7429
BLOCK00/SES006/SA006S10	SES270	0.673805	-55.0691	-55.7429
BLOCK00/SES006/SA006S11	SES158	0.165306	-55.3968	-55.5621
BLOCK00/SES006/SA006S11	SES226	-0.909859	-56.4719	-55.5621
BLOCK00/SES006/SA006S11	SES270	1.02192	-54.5402	-55.5621
BLOCK00/SES006/SA006S11	SES275	-5.13102	-60.6931	-55.5621
BLOCK00/SES006/SA006S23	SES062	-7.4758	-62.778	-55.3022
BLOCK00/SES006/SA006S23	SES105	-5.47603	-60.7782	-55.3022
BLOCK00/SES006/SA006S23	SES158	-0.776596	-56.0788	-55.3022
BLOCK00/SES006/SA006S23	SES275	-6.38192	-61.6841	-55.3022
BLOCK00/SES006/SA006S26	SES104	-0.473072	-54.6397	-54.1666
BLOCK00/SES006/SA006S26	SES158	0.0242157	-54.1424	-54.1666
BLOCK00/SES006/SA006S26	SES270	-1.73449	-55.9011	-54.1666
BLOCK00/SES006/SA006S26	SES275	-6.61277	-60.7794	-54.1666
BLOCK00/SES006/SA006S28	SES007	-4.16872	-59.5045	-55.3358
BLOCK00/SES006/SA006S28	SES105	-4.08239	-59.4182	-55.3358
BLOCK00/SES006/SA006S28	SES158	-0.0673027	-55.4031	-55.3358
BLOCK00/SES006/SA006S28	SES275	-4.96717	-60.303	-55.3358
BLOCK00/SES009/SA009S12	SES083	0.106056	-54.6708	-54.7769
BLOCK00/SES009/SA009S12	SES148	-1.00016	-55.777	-54.7769
BLOCK00/SES009/SA009S12	SES177	-2.12143	-56.8983	-54.7769
BLOCK00/SES009/SA009S12	SES292	-0.0342522	-54.8111	-54.7769
BLOCK00/SES009/SA009S15	SES007	1.41349	-53.3237	-54.7372
BLOCK00/SES009/SA009S15	SES099	-11.429	-66.1662	-54.7372
BLOCK00/SES009/SA009S15	SES148	-1.11778	-55.855	-54.7372
BLOCK00/SES009/SA009S15	SES172	-1.14699	-55.8842	-54.7372
BLOCK00/SES009/SA009S24	SES146	-1.04613	-56.3255	-55.2793
BLOCK00/SES009/SA009S24	SES148	-1.17405	-56.4534	-55.2793
BLOCK00/SES009/SA009S24	SES177	-2.07408	-57.3534	-55.2793
BLOCK00/SES009/SA009S24	SES292	0.3358	-54.9435	-55.2793
BLOCK00/SES009/SA009S26	SES083	-0.0125999	-55.3737	-55.3611
BLOCK00/SES009/SA009S26	SES101	-1.3907	-56.7518	-55.3611
BLOCK00/SES009/SA009S26	SES120	-0.816151	-56.1773	-55.3611
BLOCK00/SES009/SA009S26	SES177	-2.98267	-58.3438	-55.3611
BLOCK00/SES009/SA009S29	SES083	-0.0382042	-55.0873	-55.0491
BLOCK00/SES009/SA009S29	SES101	-1.33853	-56.3876	-55.0491
BLOCK00/SES009/SA009S29	SES177	-2.94446	-57.9936	-55.0491
BLOCK00/SES009/SA009S29	SES292	0.127064	-54.922	-55.0491
BLOCK01/SES011/SA011S10	SES019	-1.55649	-56.5939	-55.0374
BLOCK01/SES011/SA011S10	SES042	0.786694	-54.2507	-55.0374
BLOCK01/SES011/SA011S10	SES082	-0.614784	-55.6522	-55.0374
BLOCK01/SES011/SA011S10	SES206	-0.868717	-55.9061	-55.0374
BLOCK01/SES011/SA011S11	SES019	-0.0448265	-56.6063	-56.5615
BLOCK01/SES011/SA011S11	SES042	1.02587	-55.5356	-56.5615
BLOCK01/SES011/SA011S11	SES082	-1.68725	-58.2487	-56.5615
BLOCK01/SES011/SA011S11	SES206	-0.864792	-57.4263	-56.5615
BLOCK01/SES011/SA011S22	SES019	-1.48888	-57.4394	-55.9505
BLOCK01/SES011/SA011S22	SES042	1.75797	-54.1925	-55.9505
BLOCK01/SES011/SA011S22	SES082	-0.679813	-56.6303	-55.9505
BLOCK01/SES011/SA011S22	SES206	-1.6352	-57.5857	-55.9505
BLOCK01/SES011/SA011S24	SES019	-1.55883	-56.5173	-54.9585
BLOCK01/SES011/SA011S24	SES042	1.56855	-53.3899	-54.9585
BLOCK01/SES011/SA011S24	SES104	-1.28928	-56.2478	-54.9585
BLOCK01/SES011/SA011S24	SES206	-1.63327	-56.5918	-54.9585
BLOCK01/SES011/SA011S27	SES082	1.21022	-53.4135	-54.6238
BLOCK01/SES011/SA011S27	SES087	0.419334	-54.2044	-54.6238
BLOCK01/SES011/SA011S27	SES125	1.47625	-53.1475	-54.6238
BLOCK01/SES011/SA011S27	SES206	-0.0960541	-54.7198	-54.6238
BLOCK01/SES012/SA012S11	SES007	-4.74901	-58.554	-53.805
BLOCK01/SES012/SA012S11	SES082	-0.378048	-54.183	-53.805
BLOCK01/SES012/SA012S11	SES083	-4.98934	-58.7943	-53.805
BLOCK01/SES012/SA012S11	SES206	-0.972412	-54.7774	-53.805
BLOCK01/SES012/SA012S14	SES082	-1.34174	-56.7873	-55.4456
BLOCK01/SES012/SA012S14	SES087	-1.69125	-57.1368	-55.4456
BLOCK01/SES012/SA012S14	SES206	-1.17758	-56.6231	-55.4456
BLOCK01/SES012/SA012S14	SES292	-7.90145	-63.347	-55.4456
BLOCK01/SES012/SA012S24	SES082	1.66767	-52.8064	-54.4741
BLOCK01/SES012/SA012S24	SES087	-0.306587	-54.7807	-54.4741
BLOCK01/SES012/SA012S24	SES120	-6.5485	-61.0226	-54.4741
BLOCK01/SES012/SA012S24	SES206	0.272751	-54.2013	-54.4741
BLOCK01/SES012/SA012S26	SES019	-2.14888	-57.5032	-55.3543
BLOCK01/SES012/SA012S26	SES082	-1.00788	-56.3622	-55.3543
BLOCK01/SES012/SA012S26	SES206	-0.758209	-56.1125	-55.3543
BLOCK01/SES012/SA012S26	SES292	-8.22795	-63.5822	-55.3543
BLOCK01/SES012/SA012S29	SES062	-4.32322	-58.1127	-53.7895
BLOCK01/SES012/SA012S29	SES082	-0.481491	-54.271	-53.7895
BLOCK01/SES012/SA012S29	SES083	-3.91365	-57.7031	-53.7895
BLOCK01/SES012/SA012S29	SES206	-1.03785	-54.8273	-53.7895
BLOCK01/SES013/SA013S16	SES062	-9.26648	-65.0563	-55.7898
BLOCK01/SES013/SA013S16	SES106	0.967873	-54.8219	-55.7898
BLOCK01/SES013/SA013S16	SES206	-0.0892639	-55.8791	-55.7898
BLOCK01/SES013/SA013S16	SES226	-0.0426712	-55.8325	-55.7898
BLOCK01/SES013/SA013S17	SES062	-8.94494	-63.8981	-54.9531
BLOCK01/SES013/SA013S17	SES106	1.01763	-53.9355	-54.9531
BLOCK01/SES013/SA013S17	SES206	-0.07827	-55.0314	-54.9531
BLOCK01/SES013/SA013S17	SES226	0.376602	-54.5765	-54.9531
BLOCK01/SES013/SA013S23	SES104	-0.0194511	-55.0173	-54.9978
BLOCK01/SES013/SA013S23	SES106	1.72075	-53.2771	-54.9978
BLOCK01/SES013/SA013S23	SES206	0.868931	-54.1289	-54.9978
BLOCK01/SES013/SA013S23	SES270	-3.06186	-58.0597	-54.9978
BLOCK01/SES013/SA013S25	SES042	0.395996	-54.9243	-55.3203
BLOCK01/SES013/SA013S25	SES104	-0.040596	-55.3609	-55.3203
BLOCK01/SES013/SA013S25	SES106	1.80764	-53.5126	-55.3203
BLOCK01/SES013/SA013S25	SES206	0.19593	-55.1244	-55.3203
BLOCK01/SES013/SA013S29	SES062	-9.99007	-64.7113	-54.7212
BLOCK01/SES013/SA013S29	SES104	-0.14999	-54.8712	-54.7212
BLOCK01/SES013/SA013S29	SES106	1.39553	-53.3257	-54.7212
BLOCK01/SES013/SA013S29	SES206	0.151146	-54.5701	-54.7212
BLOCK02/SES021/SA021S13	SES016	-10.1465	-64.0787	-53.9322
BLOCK02/SES021/SA021S13	SES029	-7.60631	-61.5385	-53.9322
BLOCK02/SES021/SA021S13	SES087	-2.01759	-55.9498	-53.9322
BLOCK02/SES021/SA021S13	SES206	-0.615143	-54.5473	-53.9322
BLOCK02/SES021/SA021S15	SES087	-1.35134	-54.6713	-53.32
BLOCK02/SES021/SA021S15	SES125	-0.34705	-53.667	-53.32
BLOCK02/SES021/SA021S15	SES206	0.334316	-52.9856	-53.32
BLOCK02/SES021/SA021S15	SES226	0.139557	-53.1804	-53.32
BLOCK02/SES021/SA021S23	SES062	-4.75379	-60.2657	-55.5119
BLOCK02/SES021/SA021S23	SES087	-2.41061	-57.9225	-55.5119
BLOCK02/SES021/SA021S23	SES206	-0.676655	-56.1886	-55.5119
BLOCK02/SES021/SA021S23	SES226	-0.0525894	-55.5645	-55.5119
BLOCK02/SES021/SA021S27	SES002	-4.05141	-57.9317	-53.8803
BLOCK02/SES021/SA021S27	SES016	-7.4659	-61.3462	-53.8803
BLOCK02/SES021/SA021S27	SES019	-0.70364	-54.5839	-53.8803
BLOCK02/SES021/SA021S27	SES062	-2.7405	-56.6208	-53.8803
BLOCK02/SES021/SA021S29	SES087	-2.29834	-56.5549	-54.2565
BLOCK02/SES021/SA021S29	SES125	-1.25854	-55.5151	-54.2565
BLOCK02/SES021/SA021S29	SES206	-0.882553	-55.1391	-54.2565
BLOCK02/SES021/SA021S29	SES226	0.070488	-54.186	-54.2565
BLOCK04/SES043/SA043S09	SES083	0.157543	-57.1287	-57.2862
BLOCK04/SES043/SA043S09	SES101	-1.55264	-58.8388	-57.2862
BLOCK04/SES043/SA043S09	SES144	0.224094	-57.0621	-57.2862
BLOCK04/SES043/SA043S09	SES172	-2.13237	-59.4186	-57.2862
BLOCK04/SES043/SA043S11	SES083	-0.101688	-56.3969	-56.2952
BLOCK04/SES043/SA043S11	SES101	-1.23607	-57.5313	-56.2952
BLOCK04/SES043/SA043S11	SES144	-0.0818138	-56.3771	-56.2952
BLOCK04/SES043/SA043S11	SES172	-1.38274	-57.678	-56.2952
BLOCK04/SES043/SA043S23	SES083	0.632652	-55.5069	-56.1396
BLOCK04/SES043/SA043S23	SES144	-0.00411224	-56.1437	-56.1396
BLOCK04/SES043/SA043S23	SES177	-2.23277	-58.3723	-56.1396
BLOCK04/SES043/SA043S23	SES275	0.356873	-55.7827	-56.1396
BLOCK04/SES043/SA043S26	SES083	-0.286774	-56.6658	-56.379
BLOCK04/SES043/SA043S26	SES101	-1.26094	-57.64	-56.379
BLOCK04/SES043/SA043S26	SES144	0.00919724	-56.3698	-56.379
BLOCK04/SES043/SA043S26	SES177	-2.02194	-58.401	-56.379
BLOCK04/SES043/SA043S28	SES016	-0.776432	-55.4849	-54.7085
BLOCK04/SES043/SA043S28	SES083	-0.232136	-54.9406	-54.7085
BLOCK04/SES043/SA043S28	SES101	-0.701694	-55.4102	-54.7085
BLOCK04/SES043/SA043S28	SES144	-0.984089	-55.6925	-54.7085
BLOCK04/SES044/SA044S10	SES127	-1.33418	-58.9124	-57.5782
BLOCK04/SES044/SA044S10	SES144	-0.336826	-57.915	-57.5782
BLOCK04/SES044/SA044S10	SES147	-4.32878	-61.907	-57.5782
BLOCK04/SES044/SA044S10	SES148	-0.870255	-58.4484	-57.5782
BLOCK04/SES044/SA044S11	SES101	-0.92025	-58.4526	-57.5323
BLOCK04/SES044/SA044S11	SES144	0.540604	-56.9917	-57.5323
BLOCK04/SES044/SA044S11	SES147	-3.28165	-60.814	-57.5323
BLOCK04/SES044/SA044S11	SES177	-0.65464	-58.187	-57.5323
BLOCK04/SES044/SA044S24	SES007	-0.036972	-55.8167	-55.7797
BLOCK04/SES044/SA044S24	SES101	-0.329842	-56.1096	-55.7797
BLOCK04/SES044/SA044S24	SES147	-6.27051	-62.0503	-55.7797
BLOCK04/SES044/SA044S24	SES177	-1.69384	-57.4736	-55.7797
BLOCK04/SES044/SA044S26	SES007	-0.909096	-57.4111	-56.502
BLOCK04/SES044/SA044S26	SES016	0.0662727	-56.4357	-56.502
BLOCK04/SES044/SA044S26	SES101	-1.24616	-57.7482	-56.502
BLOCK04/SES044/SA044S26	SES147	-3.91103	-60.413	-56.502
BLOCK04/SES044/SA044S29	SES007	-0.717682	-55.6357	-54.918
BLOCK04/SES044/SA044S29	SES101	-0.509869	-55.4279	-54.918
BLOCK04/SES044/SA044S29	SES147	-4.83253	-59.7506	-54.918
BLOCK04/SES044/SA044S29	SES177	-0.415768	-55.3338	-54.918
BLOCK04/SES046/SA046S13	SES101	-1.0257	-57.1502	-56.1245
BLOCK04/SES046/SA046S13	SES144	0.702049	-55.4224	-56.1245
BLOCK04/SES046/SA046S13	SES147	-0.941273	-57.0658	-56.1245
BLOCK04/SES046/SA046S13	SES177	0.911457	-55.213	-56.1245
BLOCK04/SES046/SA046S15	SES048	-2.40297	-58.0141	-55.6111
BLOCK04/SES046/SA046S15	SES083	-0.579651	-56.1908	-55.6111
BLOCK04/SES046/SA046S15	SES120	-0.536461	-56.1476	-55.6111
BLOCK04/SES046/SA046S15	SES148	0.297501	-55.3136	-55.6111
BLOCK04/SES046/SA046S22	SES101	-1.38788	-57.8421	-56.4542
BLOCK04/SES046/SA046S22	SES144	-0.506634	-56.9608	-56.4542
BLOCK04/SES046/SA046S22	SES147	-1.04076	-57.495	-56.4542
BLOCK04/SES046/SA046S22	SES172	-0.431015	-56.8852	-56.4542
BLOCK04/SES046/SA046S25	SES083	-1.3452	-57.6866	-56.3413
BLOCK04/SES046/SA046S25	SES127	-1.63917	-57.9805	-56.3413
BLOCK04/SES046/SA046S25	SES144	-1.92079	-58.2621	-56.3413
BLOCK04/SES046/SA046S25	SES148	-0.539169	-56.8805	-56.3413
BLOCK04/SES046/SA046S28	SES007	-2.39545	-58.9687	-56.5733
BLOCK04/SES046/SA046S28	SES105	-2.66029	-59.2336	-56.5733
BLOCK04/SES046/SA046S28	SES147	-3.41612	-59.9894	-56.5733
BLOCK04/SES046/SA046S28	SES148	-0.299747	-56.873	-56.5733
BLOCK04/SES049/SA049S16	SES104	-0.87915	-57.4921	-56.6129
BLOCK04/SES049/SA049S16	SES106	0.430965	-56.182	-56.6129
BLOCK04/SES049/SA049S16	SES120	-7.82551	-64.4384	-56.6129
BLOCK04/SES049/SA049S16	SES206	-0.632843	-57.2458	-56.6129
BLOCK04/SES049/SA049S18	SES099	-3.03435	-61.9034	-58.8691
BLOCK04/SES049/SA049S18	SES104	-0.397556	-59.2666	-58.8691
BLOCK04/SES049/SA049S18	SES125	-0.81068	-59.6797	-58.8691
BLOCK04/SES049/SA049S18	SES206	-1.41231	-60.2814	-58.8691
BLOCK04/SES049/SA049S25	SES087	-1.12708	-57.8224	-56.6953
BLOCK04/SES049/SA049S25	SES104	-0.377697	-57.073	-56.6953
BLOCK04/SES049/SA049S25	SES125	-1.22318	-57.9185	-56.6953
BLOCK04/SES049/SA049S25	SES206	-0.271957	-56.9672	-56.6953
BLOCK04/SES049/SA049S27	SES099	-1.9664	-57.8464	-55.88
BLOCK04/SES049/SA049S27	SES104	-0.193081	-56.0731	-55.88
BLOCK04/SES049/SA049S27	SES125	-1.53255	-57.4126	-55.88
BLOCK04/SES049/SA049S27	SES206	-1.66373	-57.5438	-55.88
BLOCK04/SES049/SA049S29	SES099	-2.60473	-58.1517	-55.547
BLOCK04/SES049/SA049S29	SES104	-0.184994	-55.732	-55.547
BLOCK04/SES049/SA049S29	SES125	-1.01239	-56.5594	-55.547
BLOCK04/SES049/SA049S29	SES206	-0.647133	-56.1941	-55.547
BLOCK06/SES063/SA063S09	SES068	-0.123672	-56.0937	-55.9701
BLOCK06/SES063/SA063S09	SES083	0.500969	-55.4691	-55.9701
BLOCK06/SES063/SA063S09	SES177	0.197502	-55.7726	-55.9701
BLOCK06/SES063/SA063S09	SES187	-1.00317	-56.9732	-55.9701
BLOCK06/SES063/SA063S10	SES068	-0.68079	-56.6254	-55.9446
BLOCK06/SES063/SA063S10	SES083	0.542339	-55.4022	-55.9446
BLOCK06/SES063/SA063S10	SES172	1.78867	-54.1559	-55.9446
BLOCK06/SES063/SA063S10	SES187	-0.481258	-56.4258	-55.9446
BLOCK06/SES063/SA063S20	SES068	-1.03702	-56.67	-55.633
BLOCK06/SES063/SA063S20	SES083	-0.466404	-56.0994	-55.633
BLOCK06/SES063/SA063S20	SES172	-0.0760956	-55.7091	-55.633
BLOCK06/SES063/SA063S20	SES187	0.433239	-55.1997	-55.633
BLOCK06/SES063/SA063S24	SES029	-2.69683	-58.4111	-55.7143
BLOCK06/SES063/SA063S24	SES083	0.80344	-54.9108	-55.7143
BLOCK06/SES063/SA063S24	SES177	0.214188	-55.5001	-55.7143
BLOCK06/SES063/SA063S24	SES189	-2.18632	-57.9006	-55.7143
BLOCK06/SES063/SA063S27	SES083	0.220451	-56.5775	-56.798
BLOCK06/SES063/SA063S27	SES172	1.25307	-55.5449	-56.798
BLOCK06/SES063/SA063S27	SES187	-0.423016	-57.221	-56.798
BLOCK06/SES063/SA063S27	SES292	-0.677853	-57.4758	-56.798
BLOCK06/SES067/SA067S12	SES083	-1.71712	-56.4606	-54.7435
BLOCK06/SES067/SA067S12	SES172	-1.16101	-55.9045	-54.7435
BLOCK06/SES067/SA067S12	SES202	0.917706	-53.8258	-54.7435
BLOCK06/SES067/SA067S12	SES292	-1.58292	-56.3264	-54.7435
BLOCK06/SES067/SA067S14	SES085	-1.46697	-55.781	-54.314
BLOCK06/SES067/SA067S14	SES177	-1.33033	-55.6443	-54.314
BLOCK06/SES067/SA067S14	SES183	-1.12836	-55.4424	-54.314
BLOCK06/SES067/SA067S14	SES202	0.0454979	-54.2685	-54.314
BLOCK06/SES067/SA067S21	SES144	0.363667	-55.7817	-56.1454
BLOCK06/SES067/SA067S21	SES177	0.806328	-55.339	-56.1454
BLOCK06/SES067/SA067S21	SES183	-2.58054	-58.7259	-56.1454
BLOCK06/SES067/SA067S21	SES189	0.0782394	-56.0671	-56.1454
BLOCK06/SES067/SA067S25	SES085	-0.720081	-55.3321	-54.612
BLOCK06/SES067/SA067S25	SES177	0.0212364	-54.5908	-54.612
BLOCK06/SES067/SA067S25	SES183	-2.04436	-56.6564	-54.612
BLOCK06/SES067/SA067S25	SES202	1.2122	-53.3998	-54.612
BLOCK06/SES067/SA067S29	SES085	0.101086	-55.3121	-55.4132
BLOCK06/SES067/SA067S29	SES177	-0.368675	-55.7819	-55.4132
BLOCK06/SES067/SA067S29	SES183	-0.896702	-56.3099	-55.4132
BLOCK06/SES067/SA067S29	SES202	1.76588	-53.6473	-55.4132
BLOCK06/SES069/SA069S12	SES029	-2.54682	-57.5877	-55.0409
BLOCK06/SES069/SA069S12	SES082	-0.458294	-55.4992	-55.0409
BLOCK06/SES069/SA069S12	SES087	-2.90512	-57.946	-55.0409
BLOCK06/SES069/SA069S12	SES206	-0.968933	-56.0098	-55.0409
BLOCK06/SES069/SA069S13	SES029	-4.30317	-59.1227	-54.8195
BLOCK06/SES069/SA069S13	SES087	-2.40089	-57.2204	-54.8195
BLOCK06/SES069/SA069S13	SES206	-2.11857	-56.9381	-54.8195
BLOCK06/SES069/SA069S13	SES226	-1.20201	-56.0215	-54.8195
BLOCK06/SES069/SA069S23	SES029	-2.19938	-56.1715	-53.9722
BLOCK06/SES069/SA069S23	SES087	-3.25867	-57.2308	-53.9722
BLOCK06/SES069/SA069S23	SES206	-3.34041	-57.3126	-53.9722
BLOCK06/SES069/SA069S23	SES226	-0.944229	-54.9164	-53.9722
BLOCK06/SES069/SA069S25	SES087	-1.8206	-56.0634	-54.2428
BLOCK06/SES069/SA069S25	SES206	-1.64693	-55.8897	-54.2428
BLOCK06/SES069/SA069S25	SES226	-0.541679	-54.7845	-54.2428
BLOCK06/SES069/SA069S25	SES270	-4.30651	-58.5493	-54.2428
BLOCK06/SES069/SA069S27	SES087	-2.30268	-56.9517	-54.649
BLOCK06/SES069/SA069S27	SES206	-0.11261	-54.7617	-54.649
BLOCK06/SES069/SA069S27	SES226	0.503403	-54.1456	-54.649
BLOCK06/SES069/SA069S27	SES270	-2.50587	-57.1549	-54.649
BLOCK08/SES081/SA081S11	SES060	-0.0405426	-53.997	-53.9565
BLOCK08/SES081/SA081S11	SES062	-2.69613	-56.6526	-53.9565
BLOCK08/SES081/SA081S11	SES117	-2.28382	-56.2403	-53.9565
BLOCK08/SES081/SA081S11	SES162	-0.0368423	-53.9933	-53.9565
BLOCK08/SES081/SA081S13	SES016	0.613277	-54.033	-54.6462
BLOCK08/SES081/SA081S13	SES060	0.782005	-53.8642	-54.6462
BLOCK08/SES081/SA081S13	SES068	0.687988	-53.9583	-54.6462
BLOCK08/SES081/SA081S13	SES129	-1.42686	-56.0731	-54.6462
BLOCK08/SES081/SA081S24	SES060	0.265202	-54.7782	-55.0434
BLOCK08/SES081/SA081S24	SES068	0.597988	-54.4454	-55.0434
BLOCK08/SES081/SA081S24	SES117	-1.75788	-56.8013	-55.0434
BLOCK08/SES081/SA081S24	SES275	-2.47625	-57.5197	-55.0434
BLOCK08/SES081/SA081S27	SES007	-1.18319	-55.4392	-54.256
BLOCK08/SES081/SA081S27	SES060	-0.778488	-55.0344	-54.256
BLOCK08/SES081/SA081S27	SES117	-1.04491	-55.3009	-54.256
BLOCK08/SES081/SA081S27	SES275	-2.6618	-56.9178	-54.256
BLOCK08/SES081/SA081S29	SES007	-0.661716	-55.6389	-54.9772
BLOCK08/SES081/SA081S29	SES060	0.405319	-54.5719	-54.9772
BLOCK08/SES081/SA081S29	SES117	-1.97268	-56.9499	-54.9772
BLOCK08/SES081/SA081S29	SES275	-2.82942	-57.8066	-54.9772
BLOCK08/SES086/SA086S11	SES029	-7.35506	-63.3455	-55.9905
BLOCK08/SES086/SA086S11	SES082	-0.958	-56.9485	-55.9905
BLOCK08/SES086/SA086S11	SES087	1.07005	-54.9204	-55.9905
BLOCK08/SES086/SA086S11	SES206	-0.684978	-56.6754	-55.9905
BLOCK08/SES086/SA086S12	SES029	-7.88525	-63.9125	-56.0273
BLOCK08/SES086/SA086S12	SES082	0.210075	-55.8172	-56.0273
BLOCK08/SES086/SA086S12	SES087	2.06609	-53.9612	-56.0273
BLOCK08/SES086/SA086S12	SES206	-0.651424	-56.6787	-56.0273
BLOCK08/SES086/SA086S20	SES029	-9.54366	-64.7011	-55.1574
BLOCK08/SES086/SA086S20	SES082	-0.273582	-55.431	-55.1574
BLOCK08/SES086/SA086S20	SES087	0.836628	-54.3208	-55.1574
BLOCK08/SES086/SA086S20	SES206	-0.0220871	-55.1795	-55.1574
BLOCK08/SES086/SA086S24	SES087	1.17865	-55.2711	-56.4498
BLOCK08/SES086/SA086S24	SES104	-1.00106	-57.4508	-56.4498
BLOCK08/SES086/SA086S24	SES120	-8.72568	-65.1754	-56.4498
BLOCK08/SES086/SA086S24	SES206	0.388889	-56.0609	-56.4498
BLOCK08/SES086/SA086S28	SES029	-5.58481	-59.7598	-54.175
BLOCK08/SES086/SA086S28	SES082	0.200378	-53.9747	-54.175
BLOCK08/SES086/SA086S28	SES087	0.566181	-53.6089	-54.175
BLOCK08/SES086/SA086S28	SES206	0.232262	-53.9428	-54.175
BLOCK08/SES089/SA089S13	SES087	-2.79595	-58.4249	-55.6289
BLOCK08/SES089/SA089S13	SES206	-2.54827	-58.1772	-55.6289
BLOCK08/SES089/SA089S13	SES226	0.32935	-55.2996	-55.6289
BLOCK08/SES089/SA089S13	SES270	-8.16131	-63.7903	-55.6289
BLOCK08/SES089/SA089S14	SES062	-5.42775	-60.651	-55.2232
BLOCK08/SES089/SA089S14	SES087	-0.624931	-55.8481	-55.2232
BLOCK08/SES089/SA089S14	SES206	-1.00258	-56.2258	-55.2232
BLOCK08/SES089/SA089S14	SES226	0.461727	-54.7615	-55.2232
BLOCK08/SES089/SA089S23	SES087	-2.6256	-58.7329	-56.1073
BLOCK08/SES089/SA089S23	SES206	-2.70618	-58.8135	-56.1073
BLOCK08/SES089/SA089S23	SES226	0.19566	-55.9117	-56.1073
BLOCK08/SES089/SA089S23	SES270	-6.74105	-62.8484	-56.1073
BLOCK08/SES089/SA089S25	SES062	-5.8401	-62.4074	-56.5673
BLOCK08/SES089/SA089S25	SES087	-1.15362	-57.7209	-56.5673
BLOCK08/SES089/SA089S25	SES206	-2.42022	-58.9875	-56.5673
BLOCK08/SES089/SA089S25	SES226	1.69587	-54.8714	-56.5673
BLOCK08/SES089/SA089S28	SES062	-4.59357	-60.1727	-55.5791
BLOCK08/SES089/SA089S28	SES087	-1.5175	-57.0966	-55.5791
BLOCK08/SES089/SA089S28	SES206	-1.45895	-57.0381	-55.5791
BLOCK08/SES089/SA089S28	SES226	1.00812	-54.571	-55.5791
BLOCK09/SES097/SA097S11	SES099	1.44931	-54.4174	-55.8667
BLOCK09/SES097/SA097S11	SES125	-2.50554	-58.3722	-55.8667
BLOCK09/SES097/SA097S11	SES206	0.743057	-55.1236	-55.8667
BLOCK09/SES097/SA097S11	SES226	-1.0242	-56.8909	-55.8667
BLOCK09/SES097/SA097S14	SES062	-5.98783	-61.5361	-55.5482
BLOCK09/SES097/SA097S14	SES099	-2.02734	-57.5756	-55.5482
BLOCK09/SES097/SA097S14	SES104	-0.0931206	-55.6414	-55.5482
BLOCK09/SES097/SA097S14	SES206	-1.19696	-56.7452	-55.5482
BLOCK09/SES097/SA097S22	SES099	-0.852608	-56.3134	-55.4607
BLOCK09/SES097/SA097S22	SES206	-0.0227089	-55.4835	-55.4607
BLOCK09/SES097/SA097S22	SES226	-0.931595	-56.3923	-55.4607
BLOCK09/SES097/SA097S22	SES270	-0.319881	-55.7806	-55.4607
BLOCK09/SES097/SA097S26	SES099	-0.61684	-56.128	-55.5111
BLOCK09/SES097/SA097S26	SES120	-4.76848	-60.2796	-55.5111
BLOCK09/SES097/SA097S26	SES206	0.321285	-55.1898	-55.5111
BLOCK09/SES097/SA097S26	SES226	-2.47226	-57.9834	-55.5111
BLOCK09/SES097/SA097S28	SES099	-1.69514	-56.972	-55.2769
BLOCK09/SES097/SA097S28	SES120	-4.65129	-59.9282	-55.2769
BLOCK09/SES097/SA097S28	SES206	-1.40696	-56.6838	-55.2769
BLOCK09/SES097/SA097S28	SES226	-1.40997	-56.6868	-55.2769
BLOCK09/SES098/SA098S11	SES127	-2.04613	-59.0013	-56.9552
BLOCK09/SES098/SA098S11	SES144	-0.675117	-57.6303	-56.9552
BLOCK09/SES098/SA098S11	SES147	-3.40518	-60.3604	-56.9552
BLOCK09/SES098/SA098S11	SES148	-3.08107	-60.0362	-56.9552
BLOCK09/SES098/SA098S12	SES127	-2.43008	-60.0128	-57.5827
BLOCK09/SES098/SA098S12	SES144	-0.948883	-58.5316	-57.5827
BLOCK09/SES098/SA098S12	SES147	-2.17819	-59.7609	-57.5827
BLOCK09/SES098/SA098S12	SES189	-0.250111	-57.8328	-57.5827
BLOCK09/SES098/SA098S20	SES127	-2.8337	-59.229	-56.3953
BLOCK09/SES098/SA098S20	SES147	-2.32699	-58.7223	-56.3953
BLOCK09/SES098/SA098S20	SES148	-3.3357	-59.731	-56.3953
BLOCK09/SES098/SA098S20	SES292	-3.19241	-59.5877	-56.3953
BLOCK09/SES098/SA098S23	SES127	-1.26255	-56.8174	-55.5548
BLOCK09/SES098/SA098S23	SES147	-1.74422	-57.2991	-55.5548
BLOCK09/SES098/SA098S23	SES187	0.308048	-55.2468	-55.5548
BLOCK09/SES098/SA098S23	SES292	-1.83414	-57.389	-55.5548
BLOCK09/SES098/SA098S27	SES127	-1.78894	-57.3978	-55.6088
BLOCK09/SES098/SA098S27	SES147	-4.56833	-60.1771	-55.6088
BLOCK09/SES098/SA098S27	SES148	-4.18314	-59.792	-55.6088
BLOCK09/SES098/SA098S27	SES292	-2.12614	-57.735	-55.6088
BLOCK10/SES102/SA102S13	SES101	1.07842	-56.0117	-57.0902
BLOCK10/SES102/SA102S13	SES105	-0.56522	-57.6554	-57.0902
BLOCK10/SES102/SA102S13	SES120	-0.617573	-57.7077	-57.0902
BLOCK10/SES102/SA102S13	SES158	-10.3288	-67.4189	-57.0902
BLOCK10/SES102/SA102S14	SES007	-0.131241	-55.822	-55.6908
BLOCK10/SES102/SA102S14	SES101	1.60828	-54.0825	-55.6908
BLOCK10/SES102/SA102S14	SES105	-0.173775	-55.8646	-55.6908
BLOCK10/SES102/SA102S14	SES147	-6.13296	-61.8238	-55.6908
BLOCK10/SES102/SA102S22	SES007	0.0651703	-55.4928	-55.558
BLOCK10/SES102/SA102S22	SES101	0.902065	-54.6559	-55.558
BLOCK10/SES102/SA102S22	SES105	0.310806	-55.2472	-55.558
BLOCK10/SES102/SA102S22	SES158	-5.00298	-60.5609	-55.558
BLOCK10/SES102/SA102S25	SES007	-0.0235062	-56.5357	-56.5122
BLOCK10/SES102/SA102S25	SES101	0.432308	-56.0799	-56.5122
BLOCK10/SES102/SA102S25	SES105	-0.0556145	-56.5678	-56.5122
BLOCK10/SES102/SA102S25	SES147	-7.86609	-64.3783	-56.5122
BLOCK10/SES102/SA102S27	SES007	-0.0664635	-56.2791	-56.2126
BLOCK10/SES102/SA102S27	SES101	0.625481	-55.5871	-56.2126
BLOCK10/SES102/SA102S27	SES105	-0.151592	-56.3642	-56.2126
BLOCK10/SES102/SA102S27	SES147	-4.68406	-60.8967	-56.2126
BLOCK10/SES103/SA103S14	SES105	-6.28058	-62.8651	-56.5845
BLOCK10/SES103/SA103S14	SES106	0.641388	-55.9431	-56.5845
BLOCK10/SES103/SA103S14	SES120	-6.79643	-63.3809	-56.5845
BLOCK10/SES103/SA103S14	SES206	-0.422272	-57.0068	-56.5845
BLOCK10/SES103/SA103S15	SES099	-1.99905	-59.4644	-57.4654
BLOCK10/SES103/SA103S15	SES101	-8.81834	-66.2837	-57.4654
BLOCK10/SES103/SA103S15	SES104	0.745335	-56.72	-57.4654
BLOCK10/SES103/SA103S15	SES125	-0.579063	-58.0444	-57.4654
BLOCK10/SES103/SA103S24	SES104	-0.193813	-56.0572	-55.8634
BLOCK10/SES103/SA103S24	SES125	-1.9369	-57.8003	-55.8634
BLOCK10/SES103/SA103S24	SES148	-9.18715	-65.0505	-55.8634
BLOCK10/SES103/SA103S24	SES158	-2.50222	-58.3656	-55.8634
BLOCK10/SES103/SA103S26	SES104	-0.323811	-55.648	-55.3241
BLOCK10/SES103/SA103S26	SES106	0.464684	-54.8595	-55.3241
BLOCK10/SES103/SA103S26	SES125	-1.89498	-57.2191	-55.3241
BLOCK10/SES103/SA103S26	SES148	-8.3046	-63.6287	-55.3241
BLOCK10/SES103/SA103S28	SES104	-0.28809	-55.6755	-55.3874
BLOCK10/SES103/SA103S28	SES106	-1.16244	-56.5498	-55.3874
BLOCK10/SES103/SA103S28	SES125	-2.17455	-57.5619	-55.3874
BLOCK10/SES103/SA103S28	SES206	-1.47722	-56.8646	-55.3874
BLOCK12/SES121/SA121S12	SES042	-2.06382	-60.2601	-58.1963
BLOCK12/SES121/SA121S12	SES087	-1.05835	-59.2546	-58.1963
BLOCK12/SES121/SA121S12	SES105	-3.64997	-61.8462	-58.1963
BLOCK12/SES121/SA121S12	SES206	-0.820721	-59.017	-58.1963
BLOCK12/SES121/SA121S14	SES007	-7.93525	-66.4887	-58.5534
BLOCK12/SES121/SA121S14	SES105	-6.2206	-64.774	-58.5534
BLOCK12/SES121/SA121S14	SES106	-1.39639	-59.9498	-58.5534
BLOCK12/SES121/SA121S14	SES206	-2.00337	-60.5568	-58.5534
BLOCK12/SES121/SA121S23	SES105	-3.24969	-60.8444	-57.5947
BLOCK12/SES121/SA121S23	SES106	-0.511955	-58.1067	-57.5947
BLOCK12/SES121/SA121S23	SES120	-6.25448	-63.8492	-57.5947
BLOCK12/SES121/SA121S23	SES206	-0.202343	-57.797	-57.5947
BLOCK12/SES121/SA121S25	SES007	-6.74049	-65.3361	-58.5957
BLOCK12/SES121/SA121S25	SES105	-5.74831	-64.344	-58.5957
BLOCK12/SES121/SA121S25	SES106	-0.834213	-59.4299	-58.5957
BLOCK12/SES121/SA121S25	SES206	-0.68486	-59.2805	-58.5957
BLOCK12/SES121/SA121S27	SES087	-0.00235367	-56.7722	-56.7698
BLOCK12/SES121/SA121S27	SES105	-7.46224	-64.2321	-56.7698
BLOCK12/SES121/SA121S27	SES120	-10.6922	-67.462	-56.7698
BLOCK12/SES121/SA121S27	SES206	-1.14777	-57.9176	-56.7698
BLOCK12/SES124/SA124S16	SES042	1.27125	-54.1394	-55.4106
BLOCK12/SES124/SA124S16	SES082	0.374802	-55.0358	-55.4106
BLOCK12/SES124/SA124S16	SES183	-11.6842	-67.0949	-55.4106
BLOCK12/SES124/SA124S16	SES206	-0.800472	-56.2111	-55.4106
BLOCK12/SES124/SA124S17	SES105	-6.84872	-63.3146	-56.4658
BLOCK12/SES124/SA124S17	SES149	-2.16286	-58.6287	-56.4658
BLOCK12/SES124/SA124S17	SES158	-5.12872	-61.5946	-56.4658
BLOCK12/SES124/SA124S17	SES275	-8.61578	-65.0816	-56.4658
BLOCK12/SES124/SA124S23	SES105	-6.03939	-60.3425	-54.3031
BLOCK12/SES124/SA124S23	SES125	1.29443	-53.0087	-54.3031
BLOCK12/SES124/SA124S23	SES129	-8.93182	-63.2349	-54.3031
BLOCK12/SES124/SA124S23	SES158	-2.65937	-56.9625	-54.3031
BLOCK12/SES124/SA124S26	SES105	-9.04562	-64.1609	-55.1153
BLOCK12/SES124/SA124S26	SES125	2.26252	-52.8528	-55.1153
BLOCK12/SES124/SA124S26	SES129	-10.6337	-65.749	-55.1153
BLOCK12/SES124/SA124S26	SES158	-4.68284	-59.7981	-55.1153
BLOCK12/SES124/SA124S28	SES104	-0.701118	-55.6962	-54.9951
BLOCK12/SES124/SA124S28	SES106	0.501583	-54.4935	-54.9951
BLOCK12/SES124/SA124S28	SES125	2.12275	-52.8723	-54.9951
BLOCK12/SES124/SA124S28	SES275	-8.50317	-63.4982	-54.9951
BLOCK12/SES126/SA126S13	SES007	-1.73481	-57.9251	-56.1903
BLOCK12/SES126/SA126S13	SES162	0.65229	-55.538	-56.1903
BLOCK12/SES126/SA126S13	SES177	0.86385	-55.3265	-56.1903
BLOCK12/SES126/SA126S13	SES180	0.331783	-55.8585	-56.1903
BLOCK12/SES126/SA126S14	SES144	-0.0340385	-56.0846	-56.0506
BLOCK12/SES126/SA126S14	SES148	-0.878746	-56.9293	-56.0506
BLOCK12/SES126/SA126S14	SES177	1.37877	-54.6718	-56.0506
BLOCK12/SES126/SA126S14	SES180	0.547371	-55.5032	-56.0506
BLOCK12/SES126/SA126S20	SES007	-2.09165	-58.6759	-56.5843
BLOCK12/SES126/SA126S20	SES162	-1.8843	-58.4686	-56.5843
BLOCK12/SES126/SA126S20	SES172	-1.93329	-58.5175	-56.5843
BLOCK12/SES126/SA126S20	SES180	-1.07911	-57.6634	-56.5843
BLOCK12/SES126/SA126S24	SES120	-0.908035	-56.3931	-55.4851
BLOCK12/SES126/SA126S24	SES162	0.00149155	-55.4836	-55.4851
BLOCK12/SES126/SA126S24	SES177	0.330376	-55.1547	-55.4851
BLOCK12/SES126/SA126S24	SES180	0.734753	-54.7504	-55.4851
BLOCK12/SES126/SA126S26	SES120	-1.12014	-56.8094	-55.6893
BLOCK12/SES126/SA126S26	SES177	0.617641	-55.0716	-55.6893
BLOCK12/SES126/SA126S26	SES180	0.472977	-55.2163	-55.6893
BLOCK12/SES126/SA126S26	SES202	-2.58818	-58.2774	-55.6893
BLOCK12/SES128/SA128S10	SES087	-2.82092	-58.2219	-55.4009
BLOCK12/SES128/SA128S10	SES206	-1.65952	-57.0605	-55.4009
BLOCK12/SES128/SA128S10	SES226	-0.177456	-55.5784	-55.4009
BLOCK12/SES128/SA128S10	SES270	-2.82092	-58.2219	-55.4009
BLOCK12/SES128/SA128S12	SES120	-6.20524	-61.8726	-55.6673
BLOCK12/SES128/SA128S12	SES158	-1.51432	-57.1816	-55.6673
BLOCK12/SES128/SA128S12	SES206	-1.4209	-57.0882	-55.6673
BLOCK12/SES128/SA128S12	SES226	-0.232758	-55.9001	-55.6673
BLOCK12/SES128/SA128S21	SES106	-2.72705	-58.0423	-55.3152
BLOCK12/SES128/SA128S21	SES120	-5.31664	-60.6319	-55.3152
BLOCK12/SES128/SA128S21	SES206	-2.98418	-58.2994	-55.3152
BLOCK12/SES128/SA128S21	SES226	0.00741577	-55.3078	-55.3152
BLOCK12/SES128/SA128S24	SES087	-4.87028	-61.5029	-56.6326
BLOCK12/SES128/SA128S24	SES120	-3.06874	-59.7014	-56.6326
BLOCK12/SES128/SA128S24	SES206	-3.06395	-59.6966	-56.6326
BLOCK12/SES128/SA128S24	SES226	-2.07211	-58.7047	-56.6326
BLOCK12/SES128/SA128S27	SES099	-4.37872	-59.6705	-55.2918
BLOCK12/SES128/SA128S27	SES120	-3.80704	-59.0988	-55.2918
BLOCK12/SES128/SA128S27	SES206	-2.45809	-57.7498	-55.2918
BLOCK12/SES128/SA128S27	SES226	-0.668743	-55.9605	-55.2918
BLOCK13/SES130/SA130S13	SES143	-4.00032	-62.9884	-58.9881
BLOCK13/SES130/SA130S13	SES144	1.17645	-57.8116	-58.9881
BLOCK13/SES130/SA130S13	SES146	1.02942	-57.9587	-58.9881
BLOCK13/SES130/SA130S13	SES275	-1.61339	-60.6015	-58.9881
BLOCK13/SES130/SA130S15	SES143	-2.57785	-59.3633	-56.7854
BLOCK13/SES130/SA130S15	SES144	0.56477	-56.2207	-56.7854
BLOCK13/SES130/SA130S15	SES146	0.0526428	-56.7328	-56.7854
BLOCK13/SES130/SA130S15	SES275	-0.341747	-57.1272	-56.7854
BLOCK13/SES130/SA130S23	SES127	-3.33554	-62.1103	-58.7747
BLOCK13/SES130/SA130S23	SES144	-0.677223	-59.452	-58.7747
BLOCK13/SES130/SA130S23	SES146	0.927853	-57.8469	-58.7747
BLOCK13/SES130/SA130S23	SES162	-2.11256	-60.8873	-58.7747
BLOCK13/SES130/SA130S25	SES127	-2.11595	-59.049	-56.9331
BLOCK13/SES130/SA130S25	SES144	0.773296	-56.1598	-56.9331
BLOCK13/SES130/SA130S25	SES146	0.492569	-56.4405	-56.9331
BLOCK13/SES130/SA130S25	SES275	0.531162	-56.4019	-56.9331
BLOCK13/SES130/SA130S28	SES127	-0.641083	-57.5019	-56.8608
BLOCK13/SES130/SA130S28	SES144	0.00984573	-56.851	-56.8608
BLOCK13/SES130/SA130S28	SES146	-0.0242157	-56.885	-56.8608
BLOCK13/SES130/SA130S28	SES275	0.132893	-56.7279	-56.8608
BLOCK13/SES131/SA131S13	SES002	-2.9484	-60.6252	-57.6768
BLOCK13/SES131/SA131S13	SES007	-7.27793	-64.9548	-57.6768
BLOCK13/SES131/SA131S13	SES099	-3.49717	-61.174	-57.6768
BLOCK13/SES131/SA131S13	SES105	-5.4029	-63.0797	-57.6768
BLOCK13/SES131/SA131S14	SES104	-1.23071	-58.2109	-56.9802
BLOCK13/SES131/SA131S14	SES106	-0.923603	-57.9038	-56.9802
BLOCK13/SES131/SA131S14	SES125	-1.77461	-58.7548	-56.9802
BLOCK13/SES131/SA131S14	SES148	-3.9703	-60.9505	-56.9802
BLOCK13/SES131/SA131S20	SES104	-1.99793	-58.4808	-56.4828
BLOCK13/SES131/SA131S20	SES106	-0.47633	-56.9592	-56.4828
BLOCK13/SES131/SA131S20	SES125	-1.22505	-57.7079	-56.4828
BLOCK13/SES131/SA131S20	SES148	-9.29648	-65.7793	-56.4828
BLOCK13/SES131/SA131S22	SES099	-2.21857	-58.2938	-56.0752
BLOCK13/SES131/SA131S22	SES104	-1.40355	-57.4788	-56.0752
BLOCK13/SES131/SA131S22	SES125	0.18684	-55.8884	-56.0752
BLOCK13/SES131/SA131S22	SES206	-1.73846	-57.8137	-56.0752
BLOCK13/SES131/SA131S29	SES087	0.40918	-56.3148	-56.7239
BLOCK13/SES131/SA131S29	SES104	-2.62991	-59.3538	-56.7239
BLOCK13/SES131/SA131S29	SES125	-0.889023	-57.613	-56.7239
BLOCK13/SES131/SA131S29	SES206	-1.77099	-58.4949	-56.7239
BLOCK13/SES132/SA132S11	SES083	-0.528645	-55.8294	-55.3008
BLOCK13/SES132/SA132S11	SES120	0.694397	-54.6064	-55.3008
BLOCK13/SES132/SA132S11	SES127	0.261497	-55.0393	-55.3008
BLOCK13/SES132/SA132S11	SES275	-1.80454	-57.1053	-55.3008
BLOCK13/SES132/SA132S12	SES083	-0.6992	-55.7633	-55.0641
BLOCK13/SES132/SA132S12	SES143	-2.35518	-57.4193	-55.0641
BLOCK13/SES132/SA132S12	SES144	0.422939	-54.6412	-55.0641
BLOCK13/SES132/SA132S12	SES148	-0.219608	-55.2837	-55.0641
BLOCK13/SES132/SA132S22	SES062	0.0431404	-54.8135	-54.8567
BLOCK13/SES132/SA132S22	SES083	0.424225	-54.4324	-54.8567
BLOCK13/SES132/SA132S22	SES127	0.611725	-54.2449	-54.8567
BLOCK13/SES132/SA132S22	SES275	-0.838333	-55.695	-54.8567
BLOCK13/SES132/SA132S24	SES007	-0.0249901	-54.8878	-54.8628
BLOCK13/SES132/SA132S24	SES083	-0.301514	-55.1643	-54.8628
BLOCK13/SES132/SA132S24	SES127	-0.321411	-55.1842	-54.8628
BLOCK13/SES132/SA132S24	SES275	-1.32293	-56.1857	-54.8628
BLOCK13/SES132/SA132S27	SES083	-0.684097	-55.9856	-55.3015
BLOCK13/SES132/SA132S27	SES120	0.716953	-54.5845	-55.3015
BLOCK13/SES132/SA132S27	SES127	-0.462955	-55.7644	-55.3015
BLOCK13/SES132/SA132S27	SES275	-1.81074	-57.1122	-55.3015
BLOCK14/SES141/SA141S09	SES143	-0.270641	-55.8766	-55.606
BLOCK14/SES141/SA141S09	SES144	0.0401077	-55.5659	-55.606
BLOCK14/SES141/SA141S09	SES162	0.811646	-54.7943	-55.606
BLOCK14/SES141/SA141S09	SES180	0.536861	-55.0691	-55.606
BLOCK14/SES141/SA141S15	SES127	-0.458038	-56.2641	-55.8061
BLOCK14/SES141/SA141S15	SES144	0.210011	-55.5961	-55.8061
BLOCK14/SES141/SA141S15	SES162	0.376801	-55.4293	-55.8061
BLOCK14/SES141/SA141S15	SES180	0.667732	-55.1384	-55.8061
BLOCK14/SES141/SA141S24	SES127	0.439121	-55.3857	-55.8249
BLOCK14/SES141/SA141S24	SES144	-0.287189	-56.1121	-55.8249
BLOCK14/SES141/SA141S24	SES162	1.2517	-54.5732	-55.8249
BLOCK14/SES141/SA141S24	SES183	-1.96216	-57.787	-55.8249
BLOCK14/SES141/SA141S26	SES142	-0.2015	-56.9218	-56.7203
BLOCK14/SES141/SA141S26	SES144	0.386799	-56.3335	-56.7203
BLOCK14/SES141/SA141S26	SES172	0.0198784	-56.7004	-56.7203
BLOCK14/SES141/SA141S26	SES180	1.02759	-55.6927	-56.7203
BLOCK14/SES141/SA141S29	SES127	0.379925	-55.0529	-55.4328
BLOCK14/SES141/SA141S29	SES142	1.40286	-54.03	-55.4328
BLOCK14/SES141/SA141S29	SES144	-0.523518	-55.9563	-55.4328
BLOCK14/SES141/SA141S29	SES180	1.3786	-54.0542	-55.4328
BLOCK15/SES157/SA157S08	SES083	-0.420322	-56.8354	-56.4151
BLOCK15/SES157/SA157S08	SES127	-1.49918	-57.9143	-56.4151
BLOCK15/SES157/SA157S08	SES148	0.240177	-56.1749	-56.4151
BLOCK15/SES157/SA157S08	SES292	-0.780369	-57.1955	-56.4151
BLOCK15/SES157/SA157S11	SES083	-0.453381	-56.7915	-56.3381
BLOCK15/SES157/SA157S11	SES127	-2.67001	-59.0081	-56.3381
BLOCK15/SES157/SA157S11	SES148	-0.793583	-57.1317	-56.3381
BLOCK15/SES157/SA157S11	SES292	-0.827797	-57.1659	-56.3381
BLOCK15/SES157/SA157S21	SES127	-4.48712	-61.0644	-56.5773
BLOCK15/SES157/SA157S21	SES148	-0.862228	-57.4396	-56.5773
BLOCK15/SES157/SA157S21	SES158	-6.06527	-62.6426	-56.5773
BLOCK15/SES157/SA157S21	SES292	-0.228073	-56.8054	-56.5773
BLOCK15/SES157/SA157S24	SES127	-2.83702	-59.3899	-56.5528
BLOCK15/SES157/SA157S24	SES148	-0.33614	-56.889	-56.5528
BLOCK15/SES157/SA157S24	SES183	-0.999752	-57.5526	-56.5528
BLOCK15/SES157/SA157S24	SES292	-0.198734	-56.7516	-56.5528
BLOCK15/SES157/SA157S26	SES007	0.00648499	-56.052	-56.0585
BLOCK15/SES157/SA157S26	SES127	-0.717808	-56.7763	-56.0585
BLOCK15/SES157/SA157S26	SES147	-6.48789	-62.5464	-56.0585
BLOCK15/SES157/SA157S26	SES148	-0.0519524	-56.1104	-56.0585
BLOCK16/SES161/SA161S10	SES007	-2.22276	-60.1149	-57.8921
BLOCK16/SES161/SA161S10	SES105	-0.523628	-58.4157	-57.8921
BLOCK16/SES161/SA161S10	SES158	-1.62799	-59.5201	-57.8921
BLOCK16/SES161/SA161S10	SES275	-1.5066	-59.3987	-57.8921
BLOCK16/SES161/SA161S12	SES007	-1.59424	-58.6902	-57.0959
BLOCK16/SES161/SA161S12	SES105	-2.19329	-59.2892	-57.0959
BLOCK16/SES161/SA161S12	SES158	-2.17493	-59.2709	-57.0959
BLOCK16/SES161/SA161S12	SES275	-2.406	-59.5019	-57.0959
BLOCK16/SES161/SA161S20	SES007	-4.35536	-62.632	-58.2766
BLOCK16/SES161/SA161S20	SES105	-3.59504	-61.8716	-58.2766
BLOCK16/SES161/SA161S20	SES158	-4.28521	-62.5618	-58.2766
BLOCK16/SES161/SA161S20	SES275	-4.09803	-62.3746	-58.2766
BLOCK16/SES161/SA161S23	SES007	-2.65847	-59.7623	-57.1038
BLOCK16/SES161/SA161S23	SES105	-1.37832	-58.4821	-57.1038
BLOCK16/SES161/SA161S23	SES148	-4.62677	-61.7306	-57.1038
BLOCK16/SES161/SA161S23	SES158	-1.75493	-58.8587	-57.1038
BLOCK16/SES161/SA161S28	SES007	-2.36402	-58.9085	-56.5445
BLOCK16/SES161/SA161S28	SES105	-3.14883	-59.6933	-56.5445
BLOCK16/SES161/SA161S28	SES158	-0.979549	-57.5241	-56.5445
BLOCK16/SES161/SA161S28	SES206	-1.57002	-58.1145	-56.5445
BLOCK16/SES164/SA164S11	SES104	-1.67205	-56.033	-54.3609
BLOCK16/SES164/SA164S11	SES125	-0.392281	-54.7532	-54.3609
BLOCK16/SES164/SA164S11	SES158	-2.20429	-56.5652	-54.3609
BLOCK16/SES164/SA164S11	SES206	0.0390778	-54.3219	-54.3609
BLOCK16/SES164/SA164S13	SES099	0.974209	-54.6229	-55.5971
BLOCK16/SES164/SA164S13	SES104	-1.20371	-56.8008	-55.5971
BLOCK16/SES164/SA164S13	SES125	-1.3543	-56.9514	-55.5971
BLOCK16/SES164/SA164S13	SES206	0.455879	-55.1412	-55.5971
BLOCK16/SES164/SA164S24	SES002	2.10554	-52.8335	-54.9391
BLOCK16/SES164/SA164S24	SES099	1.48041	-53.4587	-54.9391
BLOCK16/SES164/SA164S24	SES125	-0.506001	-55.4451	-54.9391
BLOCK16/SES164/SA164S24	SES226	-0.408741	-55.3478	-54.9391
BLOCK16/SES164/SA164S27	SES087	-1.4882	-57.1886	-55.7004
BLOCK16/SES164/SA164S27	SES125	-0.220989	-55.9214	-55.7004
BLOCK16/SES164/SA164S27	SES206	0.999329	-54.7011	-55.7004
BLOCK16/SES164/SA164S27	SES226	-0.918774	-56.6192	-55.7004
BLOCK16/SES164/SA164S29	SES002	0.346584	-54.7856	-55.1322
BLOCK16/SES164/SA164S29	SES019	0.420933	-54.7113	-55.1322
BLOCK16/SES164/SA164S29	SES125	-1.26252	-56.3947	-55.1322
BLOCK16/SES164/SA164S29	SES226	-1.23136	-56.3635	-55.1322
BLOCK16/SES169/SA169S13	SES117	-2.6042	-59.133	-56.5288
BLOCK16/SES169/SA169S13	SES144	-0.093605	-56.6224	-56.5288
BLOCK16/SES169/SA169S13	SES146	-0.274895	-56.8037	-56.5288
BLOCK16/SES169/SA169S13	SES162	-2.03502	-58.5638	-56.5288
BLOCK16/SES169/SA169S14	SES144	-0.306339	-54.165	-53.8586
BLOCK16/SES169/SA169S14	SES148	-0.330799	-54.1894	-53.8586
BLOCK16/SES169/SA169S14	SES177	-0.454369	-54.313	-53.8586
BLOCK16/SES169/SA169S14	SES180	-2.37503	-56.2337	-53.8586
BLOCK16/SES169/SA169S24	SES117	-2.42107	-58.7492	-56.3281
BLOCK16/SES169/SA169S24	SES144	0.0431519	-56.285	-56.3281
BLOCK16/SES169/SA169S24	SES146	-0.209541	-56.5377	-56.3281
BLOCK16/SES169/SA169S24	SES162	-1.76904	-58.0972	-56.3281
BLOCK16/SES169/SA169S27	SES127	-0.696354	-56.4841	-55.7877
BLOCK16/SES169/SA169S27	SES129	0.132206	-55.6555	-55.7877
BLOCK16/SES169/SA169S27	SES144	-0.633457	-56.4212	-55.7877
BLOCK16/SES169/SA169S27	SES146	0.520493	-55.2672	-55.7877
BLOCK16/SES169/SA169S29	SES144	-0.34951	-55.5904	-55.2408
BLOCK16/SES169/SA169S29	SES162	-1.85193	-57.0928	-55.2408
BLOCK16/SES169/SA169S29	SES177	-2.31453	-57.5554	-55.2408
BLOCK16/SES169/SA169S29	SES180	-2.32148	-57.5623	-55.2408
BLOCK17/SES171/SA171S12	SES083	-0.453121	-56.8956	-56.4425
BLOCK17/SES171/SA171S12	SES148	-0.741375	-57.1838	-56.4425
BLOCK17/SES171/SA171S12	SES172	0.792244	-55.6502	-56.4425
BLOCK17/SES171/SA171S12	SES292	-1.65965	-58.1021	-56.4425
BLOCK17/SES171/SA171S15	SES148	-0.869267	-57.9389	-57.0697
BLOCK17/SES171/SA171S15	SES177	-0.454674	-57.5244	-57.0697
BLOCK17/SES171/SA171S15	SES180	-2.59136	-59.661	-57.0697
BLOCK17/SES171/SA171S15	SES292	-2.75793	-59.8276	-57.0697
BLOCK17/SES171/SA171S22	SES007	-0.974506	-56.5992	-55.6247
BLOCK17/SES171/SA171S22	SES148	-0.564053	-56.1888	-55.6247
BLOCK17/SES171/SA171S22	SES177	0.658134	-54.9666	-55.6247
BLOCK17/SES171/SA171S22	SES180	-1.66656	-57.2913	-55.6247
BLOCK17/SES171/SA171S25	SES101	-1.31197	-58.1205	-56.8085
BLOCK17/SES171/SA171S25	SES120	-1.59835	-58.4069	-56.8085
BLOCK17/SES171/SA171S25	SES177	0.17416	-56.6344	-56.8085
BLOCK17/SES171/SA171S25	SES180	-1.55218	-58.3607	-56.8085
BLOCK17/SES171/SA171S27	SES177	0.694992	-55.8535	-56.5485
BLOCK17/SES171/SA171S27	SES180	-1.89777	-58.4463	-56.5485
BLOCK17/SES171/SA171S27	SES189	-0.232464	-56.781	-56.5485
BLOCK17/SES171/SA171S27	SES292	-1.80599	-58.3545	-56.5485
BLOCK17/SES173/SA173S13	SES162	0.160404	-56.5448	-56.7052
BLOCK17/SES173/SA173S13	SES177	0.0188675	-56.6863	-56.7052
BLOCK17/SES173/SA173S13	SES180	-1.06667	-57.7719	-56.7052
BLOCK17/SES173/SA173S13	SES292	-2.00599	-58.7112	-56.7052
BLOCK17/SES173/SA173S14	SES007	-1.65119	-58.1056	-56.4544
BLOCK17/SES173/SA173S14	SES162	-0.14307	-56.5975	-56.4544
BLOCK17/SES173/SA173S14	SES177	-0.463013	-56.9174	-56.4544
BLOCK17/SES173/SA173S14	SES180	-1.05511	-57.5095	-56.4544
BLOCK17/SES173/SA173S24	SES144	-0.115257	-57.2461	-57.1308
BLOCK17/SES173/SA173S24	SES162	-0.789211	-57.92	-57.1308
BLOCK17/SES173/SA173S24	SES177	-0.0431366	-57.174	-57.1308
BLOCK17/SES173/SA173S24	SES180	-1.29868	-58.4295	-57.1308
BLOCK17/SES173/SA173S27	SES162	0.000591278	-55.7503	-55.7509
BLOCK17/SES173/SA173S27	SES177	0.0698318	-55.681	-55.7509
BLOCK17/SES173/SA173S27	SES180	-0.269218	-56.0201	-55.7509
BLOCK17/SES173/SA173S27	SES292	-2.35207	-58.1029	-55.7509
BLOCK17/SES173/SA173S29	SES162	-0.50769	-57.2365	-56.7288
BLOCK17/SES173/SA173S29	SES175	-0.0149536	-56.7437	-56.7288
BLOCK17/SES173/SA173S29	SES177	0.477695	-56.2511	-56.7288
BLOCK17/SES173/SA173S29	SES292	-2.58875	-59.3175	-56.7288
BLOCK18/SES182/SA182S10	SES144	0.693245	-56.1042	-56.7974
BLOCK18/SES182/SA182S10	SES177	-1.4102	-58.2076	-56.7974
BLOCK18/SES182/SA182S10	SES180	-0.754833	-57.5522	-56.7974
BLOCK18/SES182/SA182S10	SES275	0.669376	-56.128	-56.7974
BLOCK18/SES182/SA182S12	SES144	0.670219	-54.2221	-54.8923
BLOCK18/SES182/SA182S12	SES177	0.0190697	-54.8732	-54.8923
BLOCK18/SES182/SA182S12	SES180	-0.649197	-55.5415	-54.8923
BLOCK18/SES182/SA182S12	SES275	-1.14854	-56.0408	-54.8923
BLOCK18/SES182/SA182S21	SES117	-0.443256	-56.6829	-56.2396
BLOCK18/SES182/SA182S21	SES144	0.424019	-55.8156	-56.2396
BLOCK18/SES182/SA182S21	SES162	1.10517	-55.1344	-56.2396
BLOCK18/SES182/SA182S21	SES180	0.394249	-55.8454	-56.2396
BLOCK18/SES182/SA182S23	SES117	-0.538414	-56.6572	-56.1188
BLOCK18/SES182/SA182S23	SES144	-0.630302	-56.7491	-56.1188
BLOCK18/SES182/SA182S23	SES180	-0.631668	-56.7504	-56.1188
BLOCK18/SES182/SA182S23	SES275	-1.04894	-57.1677	-56.1188
BLOCK18/SES182/SA182S25	SES007	-0.496399	-57.1976	-56.7012
BLOCK18/SES182/SA182S25	SES162	0.84885	-55.8524	-56.7012
BLOCK18/SES182/SA182S25	SES177	0.090435	-56.6108	-56.7012
BLOCK18/SES182/SA182S25	SES180	0.106564	-56.5947	-56.7012
BLOCK18/SES184/SA184S12	SES177	0.399254	-58.4288	-58.8281
BLOCK18/SES184/SA184S12	SES180	-1.3041	-60.1322	-58.8281
BLOCK18/SES184/SA184S12	SES189	-1.46797	-60.296	-58.8281
BLOCK18/SES184/SA184S12	SES292	-0.846748	-59.6748	-58.8281
BLOCK18/SES184/SA184S13	SES101	-0.548069	-56.351	-55.8029
BLOCK18/SES184/SA184S13	SES177	-0.0933952	-55.8963	-55.8029
BLOCK18/SES184/SA184S13	SES180	-0.788116	-56.591	-55.8029
BLOCK18/SES184/SA184S13	SES292	-0.356876	-56.1598	-55.8029
BLOCK18/SES184/SA184S22	SES177	0.74791	-55.521	-56.2689
BLOCK18/SES184/SA184S22	SES180	0.281837	-55.9871	-56.2689
BLOCK18/SES184/SA184S22	SES189	-2.07041	-58.3393	-56.2689
BLOCK18/SES184/SA184S22	SES292	-0.149658	-56.4186	-56.2689
BLOCK18/SES184/SA184S25	SES101	-0.542095	-54.7168	-54.1747
BLOCK18/SES184/SA184S25	SES177	-0.146633	-54.3214	-54.1747
BLOCK18/SES184/SA184S25	SES180	-1.14297	-55.3177	-54.1747
BLOCK18/SES184/SA184S25	SES292	-0.0020752	-54.1768	-54.1747
BLOCK18/SES184/SA184S27	SES083	-0.54039	-55.7668	-55.2264
BLOCK18/SES184/SA184S27	SES177	-0.32378	-55.5502	-55.2264
BLOCK18/SES184/SA184S27	SES202	-2.87849	-58.1049	-55.2264
BLOCK18/SES184/SA184S27	SES292	-0.290916	-55.5173	-55.2264
BLOCK20/SES204/SA204S12	SES062	-5.17019	-59.8172	-54.647
BLOCK20/SES204/SA204S12	SES083	-4.26831	-58.9153	-54.647
BLOCK20/SES204/SA204S12	SES206	-1.05313	-55.7001	-54.647
BLOCK20/SES204/SA204S12	SES226	-1.16437	-55.8114	-54.647
BLOCK20/SES204/SA204S14	SES068	-6.89265	-60.5711	-53.6784
BLOCK20/SES204/SA204S14	SES087	-0.53017	-54.2086	-53.6784
BLOCK20/SES204/SA204S14	SES206	-1.74458	-55.423	-53.6784
BLOCK20/SES204/SA204S14	SES226	-0.589767	-54.2682	-53.6784
BLOCK20/SES204/SA204S22	SES068	-6.74329	-61.9313	-55.1881
BLOCK20/SES204/SA204S22	SES082	-2.42912	-57.6172	-55.1881
BLOCK20/SES204/SA204S22	SES083	-5.31954	-60.5076	-55.1881
BLOCK20/SES204/SA204S22	SES206	-1.0917	-56.2798	-55.1881
BLOCK20/SES204/SA204S25	SES062	-5.93633	-60.5778	-54.6414
BLOCK20/SES204/SA204S25	SES083	-4.96908	-59.6105	-54.6414
BLOCK20/SES204/SA204S25	SES206	0.258331	-54.3831	-54.6414
BLOCK20/SES204/SA204S25	SES226	-0.556267	-55.1977	-54.6414
BLOCK20/SES204/SA204S27	SES068	-8.75673	-64.2134	-55.4567
BLOCK20/SES204/SA204S27	SES082	-1.00578	-56.4625	-55.4567
BLOCK20/SES204/SA204S27	SES087	0.156551	-55.3001	-55.4567
BLOCK20/SES204/SA204S27	SES206	-0.689583	-56.1463	-55.4567
BLOCK20/SES207/SA207S10	SES127	-1.28074	-56.9769	-55.6961
BLOCK20/SES207/SA207S10	SES183	-1.41787	-57.114	-55.6961
BLOCK20/SES207/SA207S10	SES189	-1.04558	-56.7417	-55.6961
BLOCK20/SES207/SA207S10	SES292	-1.04332	-56.7395	-55.6961
BLOCK20/SES207/SA207S11	SES127	-2.02803	-58.5462	-56.5181
BLOCK20/SES207/SA207S11	SES183	-0.0516968	-56.5698	-56.5181
BLOCK20/SES207/SA207S11	SES187	-0.536232	-57.0544	-56.5181
BLOCK20/SES207/SA207S11	SES292	-1.02177	-57.5399	-56.5181
BLOCK20/SES207/SA207S25	SES068	-0.309429	-56.7664	-56.457
BLOCK20/SES207/SA207S25	SES083	-0.921822	-57.3788	-56.457
BLOCK20/SES207/SA207S25	SES127	-0.690731	-57.1478	-56.457
BLOCK20/SES207/SA207S25	SES187	0.998325	-55.4587	-56.457
BLOCK20/SES207/SA207S27	SES127	-1.3271	-58.0937	-56.7666
BLOCK20/SES207/SA207S27	SES183	-0.306797	-57.0734	-56.7666
BLOCK20/SES207/SA207S27	SES187	0.194504	-56.5721	-56.7666
BLOCK20/SES207/SA207S27	SES292	-1.24239	-58.009	-56.7666
BLOCK20/SES207/SA207S29	SES083	-0.752689	-57.1911	-56.4384
BLOCK20/SES207/SA207S29	SES085	-0.0325813	-56.471	-56.4384
BLOCK20/SES207/SA207S29	SES172	0.649559	-55.7889	-56.4384
BLOCK20/SES207/SA207S29	SES189	-1.66687	-58.1053	-56.4384
BLOCK22/SES221/SA221S12	SES068	-1.07309	-56.5043	-55.4313
BLOCK22/SES221/SA221S12	SES143	-1.40706	-56.8383	-55.4313
BLOCK22/SES221/SA221S12	SES175	0.361568	-55.0697	-55.4313
BLOCK22/SES221/SA221S12	SES202	0.724602	-54.7067	-55.4313
BLOCK22/SES221/SA221S15	SES085	-1.39815	-57.6391	-56.2409
BLOCK22/SES221/SA221S15	SES143	-2.02157	-58.2625	-56.2409
BLOCK22/SES221/SA221S15	SES175	-0.186874	-56.4278	-56.2409
BLOCK22/SES221/SA221S15	SES187	1.09653	-55.1444	-56.2409
BLOCK22/SES221/SA221S23	SES068	-0.978546	-56.6959	-55.7174
BLOCK22/SES221/SA221S23	SES143	-2.04268	-57.7601	-55.7174
BLOCK22/SES221/SA221S23	SES175	0.67622	-55.0412	-55.7174
BLOCK22/SES221/SA221S23	SES189	1.47759	-54.2398	-55.7174
BLOCK22/SES221/SA221S27	SES085	-1.14371	-57.1237	-55.98
BLOCK22/SES221/SA221S27	SES143	-1.08545	-57.0655	-55.98
BLOCK22/SES221/SA221S27	SES175	-0.13802	-56.118	-55.98
BLOCK22/SES221/SA221S27	SES189	2.16956	-53.8105	-55.98
BLOCK22/SES221/SA221S29	SES085	-0.816032	-57.9266	-57.1105
BLOCK22/SES221/SA221S29	SES143	-0.904415	-58.0149	-57.1105
BLOCK22/SES221/SA221S29	SES175	1.22058	-55.8899	-57.1105
BLOCK22/SES221/SA221S29	SES187	1.96044	-55.1501	-57.1105
BLOCK22/SES223/SA223S11	SES143	-1.26724	-58.0265	-56.7592
BLOCK22/SES223/SA223S11	SES144	-1.6193	-58.3785	-56.7592
BLOCK22/SES223/SA223S11	SES175	0.59256	-56.1667	-56.7592
BLOCK22/SES223/SA223S11	SES187	0.324146	-56.4351	-56.7592
BLOCK22/SES223/SA223S13	SES068	-0.524082	-58.6954	-58.1714
BLOCK22/SES223/SA223S13	SES143	-2.30471	-60.4761	-58.1714
BLOCK22/SES223/SA223S13	SES146	-3.74884	-61.9202	-58.1714
BLOCK22/SES223/SA223S13	SES202	-1.31443	-59.4858	-58.1714
BLOCK22/SES223/SA223S22	SES143	-1.18802	-57.9273	-56.7393
BLOCK22/SES223/SA223S22	SES144	-1.57815	-58.3175	-56.7393
BLOCK22/SES223/SA223S22	SES175	-0.478836	-57.2182	-56.7393
BLOCK22/SES223/SA223S22	SES187	0.22316	-56.5162	-56.7393
BLOCK22/SES223/SA223S25	SES068	-0.999817	-57.2807	-56.2809
BLOCK22/SES223/SA223S25	SES143	-1.83109	-58.112	-56.2809
BLOCK22/SES223/SA223S25	SES175	0.508392	-55.7725	-56.2809
BLOCK22/SES223/SA223S25	SES187	0.23661	-56.0443	-56.2809
BLOCK22/SES223/SA223S27	SES143	-0.412025	-57.0378	-56.6258
BLOCK22/SES223/SA223S27	SES146	-1.39349	-58.0193	-56.6258
BLOCK22/SES223/SA223S27	SES187	0.376713	-56.2491	-56.6258
BLOCK22/SES223/SA223S27	SES292	-1.9442	-58.57	-56.6258
BLOCK27/SES273/SA273S12	SES099	-0.730495	-55.0784	-54.3479
BLOCK27/SES273/SA273S12	SES104	0.129803	-54.2181	-54.3479
BLOCK27/SES273/SA273S12	SES125	-1.10775	-55.4556	-54.3479
BLOCK27/SES273/SA273S12	SES206	0.535423	-53.8124	-54.3479
BLOCK27/SES273/SA273S13	SES099	-0.213993	-54.5807	-54.3667
BLOCK27/SES273/SA273S13	SES104	-0.167095	-54.5338	-54.3667
BLOCK27/SES273/SA273S13	SES206	-0.106728	-54.4734	-54.3667
BLOCK27/SES273/SA273S13	SES292	-7.07676	-61.4435	-54.3667
BLOCK27/SES273/SA273S21	SES099	0.657631	-54.4274	-55.085
BLOCK27/SES273/SA273S21	SES148	-9.31513	-64.4002	-55.085
BLOCK27/SES273/SA273S21	SES149	0.0665054	-55.0185	-55.085
BLOCK27/SES273/SA273S21	SES177	-8.15923	-63.2443	-55.085
BLOCK27/SES273/SA273S25	SES104	0.271225	-53.8517	-54.123
BLOCK27/SES273/SA273S25	SES125	-1.01587	-55.1388	-54.123
BLOCK27/SES273/SA273S25	SES158	1.21956	-52.9034	-54.123
BLOCK27/SES273/SA273S25	SES206	1.15688	-52.9661	-54.123
BLOCK27/SES273/SA273S27	SES099	-0.238384	-53.8186	-53.5802
BLOCK27/SES273/SA273S27	SES104	-1.13073	-54.7109	-53.5802
BLOCK27/SES273/SA273S27	SES149	-0.466419	-54.0466	-53.5802
BLOCK27/SES273/SA273S27	SES275	-4.07319	-57.6534	-53.5802
BLOCK27/SES274/SA274S10	SES105	-5.42328	-59.6736	-54.2503
BLOCK27/SES274/SA274S10	SES125	0.410732	-53.8396	-54.2503
BLOCK27/SES274/SA274S10	SES129	-6.08143	-60.3317	-54.2503
BLOCK27/SES274/SA274S10	SES158	-2.71271	-56.963	-54.2503
BLOCK27/SES274/SA274S11	SES105	-5.03846	-59.8452	-54.8067
BLOCK27/SES274/SA274S11	SES149	-0.172031	-54.9787	-54.8067
BLOCK27/SES274/SA274S11	SES158	-2.50875	-57.3155	-54.8067
BLOCK27/SES274/SA274S11	SES275	-5.23267	-60.0394	-54.8067
BLOCK27/SES274/SA274S21	SES105	-5.08587	-60.4477	-55.3619
BLOCK27/SES274/SA274S21	SES129	-5.03662	-60.3985	-55.3619
BLOCK27/SES274/SA274S21	SES149	0.000873566	-55.361	-55.3619
BLOCK27/SES274/SA274S21	SES158	-4.44081	-59.8027	-55.3619
BLOCK27/SES274/SA274S24	SES105	-7.89145	-62.0254	-54.134
BLOCK27/SES274/SA274S24	SES129	-7.0319	-61.1659	-54.134
BLOCK27/SES274/SA274S24	SES149	-2.07579	-56.2097	-54.134
BLOCK27/SES274/SA274S24	SES158	-5.18332	-59.3173	-54.134
BLOCK27/SES274/SA274S29	SES105	-4.86544	-59.5102	-54.6447
BLOCK27/SES274/SA274S29	SES106	-0.345387	-54.9901	-54.6447
BLOCK27/SES274/SA274S29	SES120	-4.49768	-59.1424	-54.6447
BLOCK27/SES274/SA274S29	SES275	-4.54108	-59.1858	-54.6447
BLOCK27/SES276/SA276S16	SES148	-0.572083	-58.0793	-57.5072
BLOCK27/SES276/SA276S16	SES172	-0.92487	-58.4321	-57.5072
BLOCK27/SES276/SA276S16	SES180	-2.92396	-60.4312	-57.5072
BLOCK27/SES276/SA276S16	SES292	0.957848	-56.5494	-57.5072
BLOCK27/SES276/SA276S17	SES101	-1.55629	-58.1998	-56.6435
BLOCK27/SES276/SA276S17	SES177	-0.122574	-56.766	-56.6435
BLOCK27/SES276/SA276S17	SES180	-1.33629	-57.9798	-56.6435
BLOCK27/SES276/SA276S17	SES292	0.575562	-56.0679	-56.6435
BLOCK27/SES276/SA276S24	SES101	-1.65469	-56.9331	-55.2784
BLOCK27/SES276/SA276S24	SES177	-0.0501022	-55.3285	-55.2784
BLOCK27/SES276/SA276S24	SES180	-2.24606	-57.5245	-55.2784
BLOCK27/SES276/SA276S24	SES292	0.0495644	-55.2288	-55.2784
BLOCK27/SES276/SA276S26	SES101	-2.44073	-59.2601	-56.8194
BLOCK27/SES276/SA276S26	SES177	-0.893238	-57.7126	-56.8194
BLOCK27/SES276/SA276S26	SES180	-0.811394	-57.6308	-56.8194
BLOCK27/SES276/SA276S26	SES292	0.363026	-56.4564	-56.8194
BLOCK27/SES276/SA276S28	SES101	-1.54657	-58.373	-56.8265
BLOCK27/SES276/SA276S28	SES177	-1.16107	-57.9875	-56.8265
BLOCK27/SES276/SA276S28	SES180	-0.71629	-57.5427	-56.8265
BLOCK27/SES276/SA276S28	SES292	-0.0185471	-56.845	-56.8265
BLOCK27/SES277/SA277S12	SES101	-0.422821	-58.0286	-57.6057
BLOCK27/SES277/SA277S12	SES177	-1.2728	-58.8785	-57.6057
BLOCK27/SES277/SA277S12	SES180	-0.00686646	-57.6126	-57.6057
BLOCK27/SES277/SA277S12	SES292	-0.896965	-58.5027	-57.6057
BLOCK27/SES277/SA277S14	SES177	1.26306	-55.7161	-56.9792
BLOCK27/SES277/SA277S14	SES180	-1.46472	-58.4439	-56.9792
BLOCK27/SES277/SA277S14	SES189	0.997803	-55.9814	-56.9792
BLOCK27/SES277/SA277S14	SES292	-1.71719	-58.6964	-56.9792
BLOCK27/SES277/SA277S21	SES177	0.493343	-55.0464	-55.5398
BLOCK27/SES277/SA277S21	SES180	-1.60138	-57.1411	-55.5398
BLOCK27/SES277/SA277S21	SES189	0.224445	-55.3153	-55.5398
BLOCK27/SES277/SA277S21	SES292	-1.48631	-57.0261	-55.5398
BLOCK27/SES277/SA277S24	SES144	-1.44937	-58.7599	-57.3105
BLOCK27/SES277/SA277S24	SES177	0.129536	-57.181	-57.3105
BLOCK27/SES277/SA277S24	SES180	-1.81302	-59.1236	-57.3105
BLOCK27/SES277/SA277S24	SES189	0.391918	-56.9186	-57.3105
BLOCK27/SES277/SA277S29	SES177	0.61573	-54.1625	-54.7782
BLOCK27/SES277/SA277S29	SES180	-1.11862	-55.8968	-54.7782
BLOCK27/SES277/SA277S29	SES202	-1.0731	-55.8513	-54.7782
BLOCK27/SES277/SA277S29	SES292	-1.29721	-56.0754	-54.7782
BLOCK27/SES279/SA279S09	SES120	-1.96621	-58.1725	-56.2063
BLOCK27/SES279/SA279S09	SES146	-0.828926	-57.0352	-56.2063
BLOCK27/SES279/SA279S09	SES206	-3.33667	-59.5429	-56.2063
BLOCK27/SES279/SA279S09	SES226	-2.81497	-59.0212	-56.2063
BLOCK27/SES279/SA279S10	SES099	-4.1148	-60.6291	-56.5143
BLOCK27/SES279/SA279S10	SES206	-2.59671	-59.111	-56.5143
BLOCK27/SES279/SA279S10	SES226	-1.56643	-58.0807	-56.5143
BLOCK27/SES279/SA279S10	SES292	-1.40567	-57.92	-56.5143
BLOCK27/SES279/SA279S20	SES099	-4.09801	-60.0649	-55.9669
BLOCK27/SES279/SA279S20	SES206	-2.67512	-58.642	-55.9669
BLOCK27/SES279/SA279S20	SES226	-0.689793	-56.6567	-55.9669
BLOCK27/SES279/SA279S20	SES292	-1.73904	-57.7059	-55.9669
BLOCK27/SES279/SA279S26	SES099	-6.22966	-62.5194	-56.2897
BLOCK27/SES279/SA279S26	SES206	-2.51122	-58.8009	-56.2897
BLOCK27/SES279/SA279S26	SES226	-1.63233	-57.922	-56.2897
BLOCK27/SES279/SA279S26	SES292	-1.28513	-57.5748	-56.2897
BLOCK27/SES279/SA279S28	SES099	-3.84317	-58.4351	-54.5919
BLOCK27/SES279/SA279S28	SES120	-2.95963	-57.5516	-54.5919
BLOCK27/SES279/SA279S28	SES177	-6.13022	-60.7221	-54.5919
BLOCK27/SES279/SA279S28	SES206	-3.02215	-57.6141	-54.5919
BLOCK29/SES290/SA290S12	SES162	-0.303146	-55.2296	-54.9265
BLOCK29/SES290/SA290S12	SES177	0.398891	-54.5276	-54.9265
BLOCK29/SES290/SA290S12	SES180	-0.62447	-55.551	-54.9265
BLOCK29/SES290/SA290S12	SES292	-0.929764	-55.8563	-54.9265
BLOCK29/SES290/SA290S13	SES007	-2.53672	-58.4394	-55.9027
BLOCK29/SES290/SA290S13	SES162	-0.868736	-56.7714	-55.9027
BLOCK29/SES290/SA290S13	SES177	0.28289	-55.6198	-55.9027
BLOCK29/SES290/SA290S13	SES180	-0.681416	-56.5841	-55.9027
BLOCK29/SES290/SA290S22	SES177	1.11421	-54.8051	-55.9193
BLOCK29/SES290/SA290S22	SES180	-0.234165	-56.1534	-55.9193
BLOCK29/SES290/SA290S22	SES202	-0.000614166	-55.9199	-55.9193
BLOCK29/SES290/SA290S22	SES292	-1.65593	-57.5752	-55.9193
BLOCK29/SES290/SA290S25	SES162	-0.405201	-55.6017	-55.1965
BLOCK29/SES290/SA290S25	SES177	0.126278	-55.0702	-55.1965
BLOCK29/SES290/SA290S25	SES180	-0.701466	-55.8979	-55.1965
BLOCK29/SES290/SA290S25	SES292	-0.521374	-55.7178	-55.1965
BLOCK29/SES290/SA290S29	SES177	0.89743	-53.1937	-54.0912
BLOCK29/SES290/SA290S29	SES180	0.589485	-53.5017	-54.0912
BLOCK29/SES290/SA290S29	SES275	-1.31969	-55.4108	-54.0912
BLOCK29/SES290/SA290S29	SES292	0.119617	-53.9715	-54.0912
BLOCK29/SES291/SA291S11	SES105	-5.51659	-61.5025	-55.9859
BLOCK29/SES291/SA291S11	SES125	0.65073	-55.3352	-55.9859
BLOCK29/SES291/SA291S11	SES158	-2.64861	-58.6345	-55.9859
BLOCK29/SES291/SA291S11	SES275	-6.58331	-62.5692	-55.9859
BLOCK29/SES291/SA291S12	SES158	-0.630257	-55.133	-54.5028
BLOCK29/SES291/SA291S12	SES226	-0.884914	-55.3877	-54.5028
BLOCK29/SES291/SA291S12	SES270	0.254162	-54.2486	-54.5028
BLOCK29/SES291/SA291S12	SES275	-5.22324	-59.726	-54.5028
BLOCK29/SES291/SA291S22	SES082	-0.966705	-55.6623	-54.6956
BLOCK29/SES291/SA291S22	SES158	-2.44176	-57.1374	-54.6956
BLOCK29/SES291/SA291S22	SES259	-2.86539	-57.561	-54.6956
BLOCK29/SES291/SA291S22	SES275	-6.57116	-61.2668	-54.6956
BLOCK29/SES291/SA291S24	SES104	-0.313091	-54.6077	-54.2947
BLOCK29/SES291/SA291S24	SES125	0.459435	-53.8352	-54.2947
BLOCK29/SES291/SA291S24	SES158	-1.74426	-56.0389	-54.2947
BLOCK29/SES291/SA291S24	SES275	-7.12953	-61.4242	-54.2947
BLOCK29/SES291/SA291S27	SES158	-0.61467	-54.6973	-54.0827
BLOCK29/SES291/SA291S27	SES172	-9.18937	-63.272	-54.0827
BLOCK29/SES291/SA291S27	SES275	-7.87314	-61.9558	-54.0827
BLOCK29/SES291/SA291S27	SES292	-7.50944	-61.5921	-54.0827
