BLOCK00/SES002/SA002S12	SES002	0.713987	-7.96762	-8.68161
BLOCK00/SES002/SA002S13	SES002	1.78755	-8.08432	-9.87188
BLOCK00/SES002/SA002S23	SES002	0.908807	-7.98975	-8.89855
BLOCK00/SES002/SA002S26	SES002	0.347558	-9.69619	-10.0437
BLOCK00/SES002/SA002S28	SES002	0.547217	-8.43379	-8.98101
BLOCK00/SES007/SA007S14	SES007	0.57276	-7.19564	-7.76839
BLOCK00/SES007/SA007S15	SES007	0.397254	-8.1208	-8.51805
BLOCK00/SES007/SA007S24	SES007	0.304078	-7.5512	-7.85527
BLOCK00/SES007/SA007S27	SES007	-0.0421667	-9.2277	-9.18554
BLOCK00/SES007/SA007S29	SES007	-0.0820475	-7.83719	-7.75515
BLOCK00/SES008/SA008S11	SES008	1.68171	-6.83339	-8.5151
BLOCK00/SES008/SA008S12	SES008	0.686485	-7.66325	-8.34974
BLOCK00/SES008/SA008S19	SES008	1.12354	-7.64328	-8.76682
BLOCK00/SES008/SA008S22	SES008	0.417536	-8.10309	-8.52063
BLOCK00/SES008/SA008S29	SES008	1.15518	-7.23554	-8.39072
BLOCK01/SES014/SA014S10	SES014	0.924433	-8.05719	-8.98162
BLOCK01/SES014/SA014S12	SES014	1.14229	-7.66998	-8.81227
BLOCK01/SES014/SA014S24	SES014	1.55472	-7.75505	-9.30976
BLOCK01/SES014/SA014S26	SES014	0.853374	-7.66891	-8.52228
BLOCK01/SES014/SA014S28	SES014	2.10615	-6.68133	-8.78748
BLOCK01/SES016/SA016S12	SES016	1.87887	-9.23293	-11.1118
BLOCK01/SES016/SA016S13	SES016	1.00202	-7.88953	-8.89155
BLOCK01/SES016/SA016S22	SES016	1.15763	-7.54557	-8.7032
BLOCK01/SES016/SA016S25	SES016	1.1837	-6.25729	-7.44099
BLOCK01/SES016/SA016S27	SES016	1.26752	-7.60554	-8.87306
BLOCK01/SES019/SA019S13	SES019	2.70187	-7.02277	-9.72464
BLOCK01/SES019/SA019S14	SES019	0.975444	-8.90357	-9.87902
BLOCK01/SES019/SA019S22	SES019	2.03543	-7.16695	-9.20238
BLOCK01/SES019/SA019S25	SES019	1.70381	-7.81994	-9.52376
BLOCK01/SES019/SA019S29	SES019	3.36012	-7.60638	-10.9665
BLOCK02/SES029/SA029S11	SES029	0.789649	-7.05516	-7.84481
BLOCK02/SES029/SA029S12	SES029	0.283354	-7.54357	-7.82692
BLOCK02/SES029/SA029S20	SES029	0.634242	-7.03833	-7.67257
BLOCK02/SES029/SA029S25	SES029	0.644677	-7.90511	-8.54979
BLOCK02/SES029/SA029S28	SES029	0.322319	-7.8618	-8.18411
BLOCK04/SES042/SA042S12	SES042	0.857765	-7.80533	-8.66309
BLOCK04/SES042/SA042S15	SES042	0.94497	-6.81635	-7.76132
BLOCK04/SES042/SA042S22	SES042	1.97997	-8.17313	-10.1531
BLOCK04/SES042/SA042S25	SES042	0.693334	-9.69255	-10.3859
BLOCK04/SES042/SA042S27	SES042	1.58307	-8.42421	-10.0073
BLOCK04/SES048/SA048S11	SES048	0.885303	-6.82538	-7.71068
BLOCK04/SES048/SA048S12	SES048	0.37988	-8.6644	-9.04428
BLOCK04/SES048/SA048S20	SES048	0.379465	-7.2619	-7.64136
BLOCK04/SES048/SA048S23	SES048	0.89868	-7.82029	-8.71897
BLOCK04/SES048/SA048S27	SES048	-0.0566568	-8.14106	-8.0844
BLOCK06/SES060/SA060S11	SES060	0.947988	-7.91696	-8.86495
BLOCK06/SES060/SA060S12	SES060	0.619557	-8.73475	-9.35431
BLOCK06/SES060/SA060S22	SES060	-1.33974	-10.8247	-9.48496
BLOCK06/SES060/SA060S24	SES060	1.0312	-6.61654	-7.64774
BLOCK06/SES060/SA060S28	SES060	1.0398	-6.30082	-7.34062
BLOCK06/SES062/SA062S10	SES062	0.445107	-7.85239	-8.2975
BLOCK06/SES062/SA062S11	SES062	0.490489	-8.54676	-9.03725
BLOCK06/SES062/SA062S21	SES062	0.806786	-6.14306	-6.94984
BLOCK06/SES062/SA062S26	SES062	0.408773	-7.99629	-8.40506
BLOCK06/SES062/SA062S29	SES062	0.840401	-6.99846	-7.83886
BLOCK06/SES068/SA068S14	SES068	0.137185	-8.40206	-8.53925
BLOCK06/SES068/SA068S15	SES068	0.831318	-7.87089	-8.70221
BLOCK06/SES068/SA068S23	SES068	0.468755	-7.99796	-8.46672
BLOCK06/SES068/SA068S27	SES068	1.6764	-7.01355	-8.68995
BLOCK06/SES068/SA068S29	SES068	0.82484	-7.84437	-8.66921
BLOCK08/SES082/SA082S12	SES082	0.292833	-8.61549	-8.90832
BLOCK08/SES082/SA082S14	SES082	0.39209	-8.45813	-8.85022
BLOCK08/SES082/SA082S21	SES082	0.778261	-7.67259	-8.45085
BLOCK08/SES082/SA082S24	SES082	0.646655	-8.26288	-8.90954
BLOCK08/SES082/SA082S28	SES082	0.631663	-8.20409	-8.83575
BLOCK08/SES083/SA083S14	SES083	-0.115531	-8.29022	-8.17469
BLOCK08/SES083/SA083S15	SES083	0.614089	-7.48423	-8.09832
BLOCK08/SES083/SA083S24	SES083	0.264272	-8.13019	-8.39446
BLOCK08/SES083/SA083S26	SES083	0.448532	-8.71336	-9.16189
BLOCK08/SES083/SA083S29	SES083	0.297247	-8.52304	-8.82029
BLOCK08/SES085/SA085S10	SES085	1.02462	-6.68231	-7.70692
BLOCK08/SES085/SA085S13	SES085	0.142233	-8.81737	-8.9596
BLOCK08/SES085/SA085S22	SES085	1.08053	-7.52905	-8.60958
BLOCK08/SES085/SA085S26	SES085	-0.0761948	-8.66053	-8.58433
BLOCK08/SES085/SA085S28	SES085	0.434333	-7.67965	-8.11399
BLOCK08/SES087/SA087S15	SES087	1.24403	-8.38025	-9.62428
BLOCK08/SES087/SA087S16	SES087	1.49516	-8.25988	-9.75505
BLOCK08/SES087/SA087S24	SES087	1.49854	-8.06967	-9.56821
BLOCK08/SES087/SA087S26	SES087	0.942741	-7.41892	-8.36166
BLOCK08/SES087/SA087S29	SES087	1.22484	-7.33307	-8.55791
BLOCK09/SES099/SA099S15	SES099	0.979793	-8.67063	-9.65042
BLOCK09/SES099/SA099S16	SES099	1.15095	-7.93233	-9.08328
BLOCK09/SES099/SA099S24	SES099	0.958218	-8.46475	-9.42297
BLOCK09/SES099/SA099S26	SES099	0.889789	-8.05975	-8.94954
BLOCK09/SES099/SA099S29	SES099	0.623962	-8.76509	-9.38905
BLOCK10/SES101/SA101S11	SES101	0.301684	-7.26643	-7.56811
BLOCK10/SES101/SA101S13	SES101	-0.0549927	-6.73712	-6.68213
BLOCK10/SES101/SA101S22	SES101	0.634923	-8.5233	-9.15822
BLOCK10/SES101/SA101S24	SES101	0.700031	-7.25071	-7.95075
BLOCK10/SES101/SA101S28	SES101	0.669858	-7.92707	-8.59693
BLOCK10/SES104/SA104S11	SES104	0.709476	-7.55305	-8.26253
BLOCK10/SES104/SA104S12	SES104	0.417826	-8.2746	-8.69243
BLOCK10/SES104/SA104S21	SES104	0.539684	-8.47379	-9.01348
BLOCK10/SES104/SA104S24	SES104	0.229797	-8.87472	-9.10452
BLOCK10/SES104/SA104S28	SES104	0.863811	-8.13995	-9.00377
BLOCK10/SES105/SA105S12	SES105	0.88107	-8.39195	-9.27302
BLOCK10/SES105/SA105S13	SES105	0.0394711	-7.95739	-7.99686
BLOCK10/SES105/SA105S22	SES105	0.796247	-8.55369	-9.34993
BLOCK10/SES105/SA105S26	SES105	0.913603	-8.54302	-9.45662
BLOCK10/SES105/SA105S29	SES105	1.07116	-7.09644	-8.1676
BLOCK10/SES106/SA106S09	SES106	0.5668	-8.78689	-9.35369
BLOCK10/SES106/SA106S11	SES106	0.555196	-7.81083	-8.36603
BLOCK10/SES106/SA106S22	SES106	1.26041	-8.62248	-9.88288
BLOCK10/SES106/SA106S27	SES106	0.872904	-7.72352	-8.59642
BLOCK10/SES106/SA106S29	SES106	0.198242	-7.43974	-7.63798
BLOCK11/SES117/SA117S12	SES117	0.396285	-8.82113	-9.21742
BLOCK11/SES117/SA117S13	SES117	0.408558	-8.79517	-9.20373
BLOCK11/SES117/SA117S23	SES117	1.07203	-9.04699	-10.119
BLOCK11/SES117/SA117S25	SES117	0.744932	-8.34901	-9.09395
BLOCK11/SES117/SA117S28	SES117	0.612013	-8.4374	-9.04941
BLOCK12/SES120/SA120S08	SES120	0.596356	-8.37728	-8.97363
BLOCK12/SES120/SA120S11	SES120	1.70072	-10.7855	-12.4862
BLOCK12/SES120/SA120S22	SES120	0.464051	-7.74027	-8.20432
BLOCK12/SES120/SA120S24	SES120	0.712093	-8.6068	-9.31889
BLOCK12/SES120/SA120S28	SES120	0.647825	-8.32736	-8.97518
BLOCK12/SES125/SA125S13	SES125	0.979129	-7.83653	-8.81566
BLOCK12/SES125/SA125S14	SES125	0.841533	-8.47376	-9.3153
BLOCK12/SES125/SA125S25	SES125	1.02123	-8.57599	-9.59722
BLOCK12/SES125/SA125S27	SES125	0.759163	-7.54912	-8.30828
BLOCK12/SES125/SA125S29	SES125	0.822584	-7.80091	-8.62349
BLOCK12/SES127/SA127S11	SES127	0.787086	-7.95791	-8.745
BLOCK12/SES127/SA127S12	SES127	0.573143	-6.41897	-6.99212
BLOCK12/SES127/SA127S23	SES127	0.539674	-7.06964	-7.60931
BLOCK12/SES127/SA127S25	SES127	0.583238	-7.11356	-7.6968
BLOCK12/SES127/SA127S27	SES127	0.903895	-7.43387	-8.33777
BLOCK12/SES129/SA129S11	SES129	0.944559	-6.80718	-7.75174
BLOCK12/SES129/SA129S12	SES129	0.590601	-6.7526	-7.3432
BLOCK12/SES129/SA129S22	SES129	1.10839	-7.54693	-8.65531
BLOCK12/SES129/SA129S27	SES129	1.28691	-7.06462	-8.35153
BLOCK12/SES129/SA129S29	SES129	0.535527	-8.59552	-9.13104
BLOCK14/SES142/SA142S11	SES142	1.18925	-6.82695	-8.0162
BLOCK14/SES142/SA142S12	SES142	0.433146	-8.09726	-8.5304
BLOCK14/SES142/SA142S24	SES142	0.716862	-7.23652	-7.95338
BLOCK14/SES142/SA142S27	SES142	0.915407	-7.16196	-8.07737
BLOCK14/SES142/SA142S29	SES142	1.23914	-6.73656	-7.9757
BLOCK14/SES143/SA143S12	SES143	1.12233	-7.51738	-8.63971
BLOCK14/SES143/SA143S13	SES143	1.07255	-7.65577	-8.72831
BLOCK14/SES143/SA143S23	SES143	0.683092	-7.78054	-8.46363
BLOCK14/SES143/SA143S25	SES143	0.949584	-8.11178	-9.06137
BLOCK14/SES143/SA143S28	SES143	1.16376	-7.67999	-8.84375
BLOCK14/SES144/SA144S09	SES144	0.670084	-7.96859	-8.63867
BLOCK14/SES144/SA144S11	SES144	-0.0531836	-8.02915	-7.97597
BLOCK14/SES144/SA144S21	SES144	-0.117254	-8.78263	-8.66538
BLOCK14/SES144/SA144S25	SES144	0.725412	-8.18684	-8.91225
BLOCK14/SES144/SA144S29	SES144	-0.464555	-9.21121	-8.74666
BLOCK14/SES146/SA146S14	SES146	0.348637	-8.50837	-8.85701
BLOCK14/SES146/SA146S15	SES146	0.245461	-8.65318	-8.89864
BLOCK14/SES146/SA146S24	SES146	0.532803	-8.21684	-8.74965
BLOCK14/SES146/SA146S26	SES146	0.52229	-8.3341	-8.85639
BLOCK14/SES146/SA146S29	SES146	0.527763	-8.56389	-9.09166
BLOCK14/SES147/SA147S11	SES147	0.148375	-8.34844	-8.49682
BLOCK14/SES147/SA147S13	SES147	0.811977	-7.26631	-8.07829
BLOCK14/SES147/SA147S23	SES147	0.856183	-8.0288	-8.88498
BLOCK14/SES147/SA147S26	SES147	1.21232	-7.67103	-8.88336
BLOCK14/SES147/SA147S28	SES147	0.983119	-7.17212	-8.15524
BLOCK14/SES148/SA148S10	SES148	0.454802	-7.17382	-7.62862
BLOCK14/SES148/SA148S12	SES148	0.389084	-8.42958	-8.81866
BLOCK14/SES148/SA148S22	SES148	0.700529	-7.28092	-7.98145
BLOCK14/SES148/SA148S26	SES148	0.368758	-6.88891	-7.25767
BLOCK14/SES148/SA148S29	SES148	0.162726	-8.16723	-8.32996
BLOCK14/SES149/SA149S13	SES149	0.242565	-7.49157	-7.73413
BLOCK14/SES149/SA149S14	SES149	0.267271	-7.05908	-7.32635
BLOCK14/SES149/SA149S24	SES149	0.92186	-7.4376	-8.35946
BLOCK14/SES149/SA149S26	SES149	0.817681	-6.72112	-7.5388
BLOCK14/SES149/SA149S28	SES149	1.68418	-6.14974	-7.83392
BLOCK15/SES158/SA158S13	SES158	0.938579	-7.53587	-8.47444
BLOCK15/SES158/SA158S14	SES158	0.782466	-8.843	-9.62547
BLOCK15/SES158/SA158S23	SES158	0.712949	-6.92448	-7.63742
BLOCK15/SES158/SA158S26	SES158	1.08826	-8.05647	-9.14474
BLOCK15/SES158/SA158S28	SES158	0.729025	-8.03438	-8.76341
BLOCK16/SES162/SA162S10	SES162	0.402891	-8.76541	-9.1683
BLOCK16/SES162/SA162S11	SES162	0.636915	-7.27102	-7.90793
BLOCK16/SES162/SA162S21	SES162	0.740265	-7.56935	-8.30961
BLOCK16/SES162/SA162S24	SES162	1.04684	-7.45904	-8.50588
BLOCK16/SES162/SA162S27	SES162	1.07054	-8.93613	-10.0067
BLOCK16/SES167/SA167S14	SES167	1.23203	-6.95056	-8.18259
BLOCK16/SES167/SA167S15	SES167	2.018	-6.47948	-8.49748
BLOCK16/SES167/SA167S21	SES167	1.61085	-6.47715	-8.088
BLOCK16/SES167/SA167S25	SES167	2.15765	-6.77187	-8.92952
BLOCK16/SES167/SA167S29	SES167	1.97249	-6.28776	-8.26025
BLOCK17/SES172/SA172S12	SES172	1.27507	-8.27983	-9.5549
BLOCK17/SES172/SA172S13	SES172	1.19699	-8.34422	-9.54121
BLOCK17/SES172/SA172S23	SES172	0.79181	-7.53214	-8.32395
BLOCK17/SES172/SA172S27	SES172	0.644002	-9.03199	-9.67599
BLOCK17/SES172/SA172S29	SES172	1.41724	-7.87874	-9.29598
BLOCK17/SES175/SA175S11	SES175	0.505939	-8.27632	-8.78226
BLOCK17/SES175/SA175S13	SES175	0.613152	-5.98975	-6.6029
BLOCK17/SES175/SA175S23	SES175	0.832075	-6.81375	-7.64583
BLOCK17/SES175/SA175S25	SES175	0.283689	-8.69825	-8.98194
BLOCK17/SES175/SA175S28	SES175	0.548414	-7.40092	-7.94933
BLOCK17/SES177/SA177S15	SES177	0.239943	-8.78097	-9.02092
BLOCK17/SES177/SA177S17	SES177	0.333949	-8.48813	-8.82208
BLOCK17/SES177/SA177S23	SES177	0.0816603	-8.62153	-8.70319
BLOCK17/SES177/SA177S26	SES177	0.478318	-6.61848	-7.0968
BLOCK17/SES177/SA177S28	SES177	0.767155	-8.36986	-9.13701
BLOCK18/SES180/SA180S13	SES180	0.0976229	-9.07611	-9.17373
BLOCK18/SES180/SA180S15	SES180	0.373428	-7.84363	-8.21706
BLOCK18/SES180/SA180S24	SES180	0.494322	-6.81442	-7.30874
BLOCK18/SES180/SA180S26	SES180	0.403111	-7.37921	-7.78233
BLOCK18/SES180/SA180S29	SES180	-0.0879946	-8.81425	-8.72625
BLOCK18/SES183/SA183S13	SES183	0.658669	-7.97224	-8.63091
BLOCK18/SES183/SA183S14	SES183	-0.0206251	-8.20373	-8.1831
BLOCK18/SES183/SA183S24	SES183	0.989116	-8.34651	-9.33563
BLOCK18/SES183/SA183S27	SES183	0.836656	-8.65013	-9.48679
BLOCK18/SES183/SA183S29	SES183	0.846894	-7.75393	-8.60082
BLOCK18/SES187/SA187S13	SES187	0.243811	-9.28872	-9.53253
BLOCK18/SES187/SA187S14	SES187	0.127563	-9.14088	-9.26844
BLOCK18/SES187/SA187S24	SES187	0.82153	-8.80813	-9.62966
BLOCK18/SES187/SA187S27	SES187	0.0466022	-9.50479	-9.55139
BLOCK18/SES187/SA187S29	SES187	0.0562038	-9.64226	-9.69846
BLOCK18/SES189/SA189S10	SES189	1.19965	-8.45531	-9.65496
BLOCK18/SES189/SA189S13	SES189	0.991105	-9.80381	-10.7949
BLOCK18/SES189/SA189S24	SES189	0.464302	-7.71062	-8.17493
BLOCK18/SES189/SA189S26	SES189	0.686491	-8.00185	-8.68834
BLOCK18/SES189/SA189S29	SES189	1.11209	-7.55103	-8.66312
BLOCK20/SES202/SA202S12	SES202	0.640414	-8.04806	-8.68847
BLOCK20/SES202/SA202S14	SES202	0.73029	-7.87587	-8.60616
BLOCK20/SES202/SA202S24	SES202	0.417871	-8.59653	-9.0144
BLOCK20/SES202/SA202S27	SES202	0.665986	-7.67033	-8.33632
BLOCK20/SES202/SA202S29	SES202	0.660601	-7.82013	-8.48073
BLOCK20/SES206/SA206S15	SES206	-0.343374	-7.93921	-7.59584
BLOCK20/SES206/SA206S17	SES206	0.6742	-8.39616	-9.07036
BLOCK20/SES206/SA206S24	SES206	0.813571	-6.98341	-7.79698
BLOCK20/SES206/SA206S27	SES206	0.945933	-8.4731	-9.41903
BLOCK20/SES206/SA206S29	SES206	1.38689	-6.88544	-8.27233
BLOCK22/SES226/SA226S12	SES226	0.871151	-8.21962	-9.09078
BLOCK22/SES226/SA226S13	SES226	0.151066	-9.20133	-9.35239
BLOCK22/SES226/SA226S20	SES226	0.450512	-8.31233	-8.76285
BLOCK22/SES226/SA226S23	SES226	0.526886	-7.49605	-8.02294
BLOCK22/SES226/SA226S28	SES226	1.06839	-7.11882	-8.18721
BLOCK25/SES259/SA259S13	SES259	1.42518	-7.44821	-8.87339
BLOCK25/SES259/SA259S14	SES259	1.25397	-7.20907	-8.46305
BLOCK25/SES259/SA259S22	SES259	1.32015	-7.28771	-8.60786
BLOCK25/SES259/SA259S24	SES259	0.720188	-8.02908	-8.74927
BLOCK25/SES259/SA259S28	SES259	0.417605	-8.0415	-8.4591
BLOCK27/SES270/SA270S14	SES270	1.5994	-8.01371	-9.61311
BLOCK27/SES270/SA270S16	SES270	0.733191	-7.44367	-8.17686
BLOCK27/SES270/SA270S22	SES270	2.14512	-7.12398	-9.2691
BLOCK27/SES270/SA270S26	SES270	1.47656	-7.72133	-9.19789
BLOCK27/SES270/SA270S28	SES270	1.24031	-7.56943	-8.80974
BLOCK27/SES275/SA275S17	SES275	0.40235	-7.60514	-8.00749
BLOCK27/SES275/SA275S18	SES275	0.29792	-7.96494	-8.26286
BLOCK27/SES275/SA275S24	SES275	0.366148	-8.38627	-8.75242
BLOCK27/SES275/SA275S26	SES275	0.771535	-7.70665	-8.47818
BLOCK27/SES275/SA275S28	SES275	0.571681	-8.05572	-8.6274
BLOCK29/SES292/SA292S10	SES292	-0.186062	-7.71765	-7.53159
BLOCK29/SES292/SA292S12	SES292	0.392148	-9.07572	-9.46787
BLOCK29/SES292/SA292S22	SES292	0.319801	-8.50559	-8.82539
BLOCK29/SES292/SA292S24	SES292	0.195297	-8.22304	-8.41834
BLOCK29/SES292/SA292S27	SES292	-0.00755072	-7.8861	-7.87855
BLOCK00/SES001/SA001S14	SES062	-2.03966	-11.0424	-9.00272
BLOCK00/SES001/SA001S14	SES082	-0.511171	-9.51389	-9.00272
BLOCK00/SES001/SA001S14	SES106	-1.31086	-10.3136	-9.00272
BLOCK00/SES001/SA001S14	SES206	-1.22037	-10.2231	-9.00272
BLOCK00/SES001/SA001S15	SES062	-1.53929	-9.7062	-8.16691
BLOCK00/SES001/SA001S15	SES104	-0.547126	-8.71404	-8.16691
BLOCK00/SES001/SA001S15	SES106	-0.984733	-9.15164	-8.16691
BLOCK00/SES001/SA001S15	SES206	-1.56882	-9.73573	-8.16691
BLOCK00/SES001/SA001S24	SES062	-0.20132	-8.87077	-8.66945
BLOCK00/SES001/SA001S24	SES082	0.215151	-8.4543	-8.66945
BLOCK00/SES001/SA001S24	SES087	-0.472195	-9.14165	-8.66945
BLOCK00/SES001/SA001S24	SES206	0.252169	-8.41728	-8.66945
BLOCK00/SES001/SA001S27	SES062	-0.526722	-7.33124	-6.80452
BLOCK00/SES001/SA001S27	SES082	-0.196774	-7.00129	-6.80452
BLOCK00/SES001/SA001S27	SES087	-0.190665	-6.99518	-6.80452
BLOCK00/SES001/SA001S27	SES206	-1.27378	-8.0783	-6.80452
BLOCK00/SES001/SA001S29	SES062	-1.32115	-9.81002	-8.48886
BLOCK00/SES001/SA001S29	SES082	-0.40414	-8.893	-8.48886
BLOCK00/SES001/SA001S29	SES158	-0.440148	-8.92901	-8.48886
BLOCK00/SES001/SA001S29	SES206	-1.22342	-9.71229	-8.48886
BLOCK00/SES003/SA003S11	SES002	0.40628	-8.49585	-8.90213
BLOCK00/SES003/SA003S11	SES019	-0.997886	-9.90002	-8.90213
BLOCK00/SES003/SA003S11	SES082	-0.147552	-9.04968	-8.90213
BLOCK00/SES003/SA003S11	SES125	-0.102579	-9.00471	-8.90213
BLOCK00/SES003/SA003S15	SES016	-0.517626	-8.32348	-7.80585
BLOCK00/SES003/SA003S15	SES019	-3.82436	-11.6302	-7.80585
BLOCK00/SES003/SA003S15	SES062	0.0709667	-7.73489	-7.80585
BLOCK00/SES003/SA003S15	SES206	-0.456596	-8.26245	-7.80585
BLOCK00/SES003/SA003S22	SES002	0.192818	-8.29504	-8.48785
BLOCK00/SES003/SA003S22	SES062	0.401429	-8.08643	-8.48785
BLOCK00/SES003/SA003S22	SES082	0.042798	-8.44506	-8.48785
BLOCK00/SES003/SA003S22	SES087	-0.120293	-8.60815	-8.48785
BLOCK00/SES003/SA003S25	SES062	-0.383251	-10.6073	-10.224
BLOCK00/SES003/SA003S25	SES082	-0.629292	-10.8533	-10.224
BLOCK00/SES003/SA003S25	SES087	-0.246106	-10.4701	-10.224
BLOCK00/SES003/SA003S25	SES206	-0.226681	-10.4507	-10.224
BLOCK00/SES003/SA003S29	SES002	-0.0504208	-9.17421	-9.12379
BLOCK00/SES003/SA003S29	SES062	-0.851862	-9.97565	-9.12379
BLOCK00/SES003/SA003S29	SES082	-0.748701	-9.87249	-9.12379
BLOCK00/SES003/SA003S29	SES087	-0.942173	-10.066	-9.12379
BLOCK00/SES004/SA004S12	SES083	-0.54456	-8.37471	-7.83015
BLOCK00/SES004/SA004S12	SES148	-0.289164	-8.11931	-7.83015
BLOCK00/SES004/SA004S12	SES172	0.270439	-7.55971	-7.83015
BLOCK00/SES004/SA004S12	SES292	-0.517156	-8.34731	-7.83015
BLOCK00/SES004/SA004S17	SES083	-0.632631	-8.83162	-8.19899
BLOCK00/SES004/SA004S17	SES162	-0.215284	-8.41427	-8.19899
BLOCK00/SES004/SA004S17	SES172	-0.0166864	-8.21567	-8.19899
BLOCK00/SES004/SA004S17	SES292	-0.66346	-8.86244	-8.19899
BLOCK00/SES004/SA004S24	SES083	-0.519874	-8.20816	-7.68828
BLOCK00/SES004/SA004S24	SES148	-1.0711	-8.75938	-7.68828
BLOCK00/SES004/SA004S24	SES172	-0.247964	-7.93625	-7.68828
BLOCK00/SES004/SA004S24	SES292	-0.514128	-8.20241	-7.68828
BLOCK00/SES004/SA004S26	SES083	-0.875774	-9.63431	-8.75853
BLOCK00/SES004/SA004S26	SES127	0.26596	-8.49257	-8.75853
BLOCK00/SES004/SA004S26	SES148	-1.45978	-10.2183	-8.75853
BLOCK00/SES004/SA004S26	SES292	-1.21205	-9.97058	-8.75853
BLOCK00/SES004/SA004S28	SES083	-0.350847	-8.74772	-8.39687
BLOCK00/SES004/SA004S28	SES127	0.785139	-7.61173	-8.39687
BLOCK00/SES004/SA004S28	SES187	0.919191	-7.47768	-8.39687
BLOCK00/SES004/SA004S28	SES292	-0.166399	-8.56327	-8.39687
BLOCK00/SES006/SA006S10	SES014	-1.0598	-10.8989	-9.83914
BLOCK00/SES006/SA006S10	SES158	-0.458631	-10.2978	-9.83914
BLOCK00/SES006/SA006S10	SES226	-2.1914	-12.0305	-9.83914
BLOCK00/SES006/SA006S10	SES270	0.0568514	-9.78229	-9.83914
BLOCK00/SES006/SA006S11	SES158	-0.763775	-10.369	-9.60526
BLOCK00/SES006/SA006S11	SES226	-1.46824	-11.0735	-9.60526
BLOCK00/SES006/SA006S11	SES270	0.420611	-9.18465	-9.60526
BLOCK00/SES006/SA006S11	SES275	-1.36355	-10.9688	-9.60526
BLOCK00/SES006/SA006S23	SES062	-3.4984	-13.2893	-9.7909
BLOCK00/SES006/SA006S23	SES105	-3.29213	-13.083	-9.7909
BLOCK00/SES006/SA006S23	SES158	-0.966603	-10.7575	-9.7909
BLOCK00/SES006/SA006S23	SES275	-2.11751	-11.9084	-9.7909
BLOCK00/SES006/SA006S26	SES104	-1.84582	-11.4387	-9.59289
BLOCK00/SES006/SA006S26	SES158	-1.19555	-10.7884	-9.59289
BLOCK00/SES006/SA006S26	SES270	-0.0289268	-9.62182	-9.59289
BLOCK00/SES006/SA006S26	SES275	-1.88664	-11.4795	-9.59289
BLOCK00/SES006/SA006S28	SES007	-1.98284	-11.9355	-9.95263
BLOCK00/SES006/SA006S28	SES105	-2.14067	-12.0933	-9.95263
BLOCK00/SES006/SA006S28	SES158	-0.82428	-10.7769	-9.95263
BLOCK00/SES006/SA006S28	SES275	-1.69134	-11.644	-9.95263
BLOCK00/SES009/SA009S12	SES083	-1.39261	-9.93772	-8.54511
BLOCK00/SES009/SA009S12	SES148	-2.37435	-10.9195	-8.54511
BLOCK00/SES009/SA009S12	SES177	-0.149886	-8.695	-8.54511
BLOCK00/SES009/SA009S12	SES292	-0.347144	-8.89225	-8.54511
BLOCK00/SES009/SA009S15	SES007	0.169659	-7.85801	-8.02766
BLOCK00/SES009/SA009S15	SES099	-2.53547	-10.5631	-8.02766
BLOCK00/SES009/SA009S15	SES148	-1.15239	-9.18006	-8.02766
BLOCK00/SES009/SA009S15	SES172	-0.660581	-8.68824	-8.02766
BLOCK00/SES009/SA009S24	SES146	-0.00558376	-8.78459	-8.77901
BLOCK00/SES009/SA009S24	SES148	-1.77422	-10.5532	-8.77901
BLOCK00/SES009/SA009S24	SES177	0.00583172	-8.77317	-8.77901
BLOCK00/SES009/SA009S24	SES292	-0.380731	-9.15974	-8.77901
BLOCK00/SES009/SA009S26	SES083	-1.44851	-9.99891	-8.55039
BLOCK00/SES009/SA009S26	SES101	-1.38524	-9.93563	-8.55039
BLOCK00/SES009/SA009S26	SES120	-0.0611858	-8.61158	-8.55039
BLOCK00/SES009/SA009S26	SES177	-0.139194	-8.68958	-8.55039
BLOCK00/SES009/SA009S29	SES083	-1.3323	-9.72545	-8.39315
BLOCK00/SES009/SA009S29	SES101	-1.08619	-9.47934	-8.39315
BLOCK00/SES009/SA009S29	SES177	-0.235984	-8.62913	-8.39315
BLOCK00/SES009/SA009S29	SES292	-0.389514	-8.78266	-8.39315
BLOCK01/SES011/SA011S10	SES019	-3.11	-13.1411	-10.0311
BLOCK01/SES011/SA011S10	SES042	1.31779	-8.71327	-10.0311
BLOCK01/SES011/SA011S10	SES082	-0.191862	-10.2229	-10.0311
BLOCK01/SES011/SA011S10	SES206	0.132799	-9.89826	-10.0311
BLOCK01/SES011/SA011S11	SES019	-2.56093	-12.1387	-9.57782
BLOCK01/SES011/SA011S11	SES042	1.09889	-8.47893	-9.57782
BLOCK01/SES011/SA011S11	SES082	0.043189	-9.53463	-9.57782
BLOCK01/SES011/SA011S11	SES206	-0.424523	-10.0023	-9.57782
BLOCK01/SES011/SA011S22	SES019	-2.31486	-11.842	-9.52717
BLOCK01/SES011/SA011S22	SES042	0.870622	-8.65655	-9.52717
BLOCK01/SES011/SA011S22	SES082	-0.437638	-9.96481	-9.52717
BLOCK01/SES011/SA011S22	SES206	-0.98643	-10.5136	-9.52717
BLOCK01/SES011/SA011S24	SES019	-2.94247	-11.758	-8.81549
BLOCK01/SES011/SA011S24	SES042	1.16972	-7.64577	-8.81549
BLOCK01/SES011/SA011S24	SES104	0.387236	-8.42826	-8.81549
BLOCK01/SES011/SA011S24	SES206	0.0861683	-8.72932	-8.81549
BLOCK01/SES011/SA011S27	SES082	-0.0562973	-8.81746	-8.76116
BLOCK01/SES011/SA011S27	SES087	-1.19723	-9.95839	-8.76116
BLOCK01/SES011/SA011S27	SES125	0.220183	-8.54098	-8.76116
BLOCK01/SES011/SA011S27	SES206	-0.250441	-9.01161	-8.76116
BLOCK01/SES012/SA012S11	SES007	0.39657	-7.38827	-7.78484
BLOCK01/SES012/SA012S11	SES082	0.330334	-7.4545	-7.78484
BLOCK01/SES012/SA012S11	SES083	-0.878132	-8.66297	-7.78484
BLOCK01/SES012/SA012S11	SES206	0.0128236	-7.77201	-7.78484
BLOCK01/SES012/SA012S14	SES082	0.110141	-8.8359	-8.94604
BLOCK01/SES012/SA012S14	SES087	-0.648943	-9.59498	-8.94604
BLOCK01/SES012/SA012S14	SES206	0.124299	-8.82174	-8.94604
BLOCK01/SES012/SA012S14	SES292	-0.556889	-9.50292	-8.94604
BLOCK01/SES012/SA012S24	SES082	0.385158	-9.10145	-9.48661
BLOCK01/SES012/SA012S24	SES087	-0.590523	-10.0771	-9.48661
BLOCK01/SES012/SA012S24	SES120	-0.965136	-10.4517	-9.48661
BLOCK01/SES012/SA012S24	SES206	0.0712671	-9.41534	-9.48661
BLOCK01/SES012/SA012S26	SES019	-5.46902	-15.1882	-9.7192
BLOCK01/SES012/SA012S26	SES082	-0.413632	-10.1328	-9.7192
BLOCK01/SES012/SA012S26	SES206	1.08188	-8.63732	-9.7192
BLOCK01/SES012/SA012S26	SES292	0.00216579	-9.71703	-9.7192
BLOCK01/SES012/SA012S29	SES062	-0.79121	-8.15215	-7.36094
BLOCK01/SES012/SA012S29	SES082	0.436403	-6.92453	-7.36094
BLOCK01/SES012/SA012S29	SES083	-1.19118	-8.55211	-7.36094
BLOCK01/SES012/SA012S29	SES206	0.287361	-7.07357	-7.36094
BLOCK01/SES013/SA013S16	SES062	-2.44273	-12.632	-10.1893
BLOCK01/SES013/SA013S16	SES106	-0.822541	-11.0118	-10.1893
BLOCK01/SES013/SA013S16	SES206	-0.517803	-10.7071	-10.1893
BLOCK01/SES013/SA013S16	SES226	-0.441217	-10.6305	-10.1893
BLOCK01/SES013/SA013S17	SES062	-0.942144	-9.8825	-8.94036
BLOCK01/SES013/SA013S17	SES106	-1.11265	-10.053	-8.94036
BLOCK01/SES013/SA013S17	SES206	-0.108829	-9.04919	-8.94036
BLOCK01/SES013/SA013S17	SES226	-0.173547	-9.11391	-8.94036
BLOCK01/SES013/SA013S23	SES104	-0.0710344	-10.2307	-10.1597
BLOCK01/SES013/SA013S23	SES106	0.194071	-9.96564	-10.1597
BLOCK01/SES013/SA013S23	SES206	-1.51958	-11.6793	-10.1597
BLOCK01/SES013/SA013S23	SES270	-0.20863	-10.3683	-10.1597
BLOCK01/SES013/SA013S25	SES042	-1.81218	-11.2719	-9.45973
BLOCK01/SES013/SA013S25	SES104	0.239964	-9.21977	-9.45973
BLOCK01/SES013/SA013S25	SES106	-0.117079	-9.57681	-9.45973
BLOCK01/SES013/SA013S25	SES206	-1.05169	-10.5114	-9.45973
BLOCK01/SES013/SA013S29	SES062	-1.95433	-11.5637	-9.60934
BLOCK01/SES013/SA013S29	SES104	-0.377146	-9.98648	-9.60934
BLOCK01/SES013/SA013S29	SES106	-0.322098	-9.93144	-9.60934
BLOCK01/SES013/SA013S29	SES206	-2.02545	-11.6348	-9.60934
BLOCK02/SES021/SA021S13	SES016	-1.04538	-9.83353	-8.78815
BLOCK02/SES021/SA021S13	SES029	-0.0871506	-8.8753	-8.78815
BLOCK02/SES021/SA021S13	SES087	-1.83154	-10.6197	-8.78815
BLOCK02/SES021/SA021S13	SES206	-1.60061	-10.3888	-8.78815
BLOCK02/SES021/SA021S15	SES087	-0.773985	-9.24367	-8.46968
BLOCK02/SES021/SA021S15	SES125	-0.202322	-8.672	-8.46968
BLOCK02/SES021/SA021S15	SES206	-0.75741	-9.22709	-8.46968
BLOCK02/SES021/SA021S15	SES226	-0.360571	-8.83025	-8.46968
BLOCK02/SES021/SA021S23	SES062	-1.78335	-11.4206	-9.63727
BLOCK02/SES021/SA021S23	SES087	-0.131653	-9.76892	-9.63727
BLOCK02/SES021/SA021S23	SES206	-0.407606	-10.0449	-9.63727
BLOCK02/SES021/SA021S23	SES226	-0.280582	-9.91785	-9.63727
BLOCK02/SES021/SA021S27	SES002	-0.530703	-8.56945	-8.03875
BLOCK02/SES021/SA021S27	SES016	-1.957	-9.99575	-8.03875
BLOCK02/SES021/SA021S27	SES019	-1.46793	-9.50668	-8.03875
BLOCK02/SES021/SA021S27	SES062	-1.01132	-9.05007	-8.03875
BLOCK02/SES021/SA021S29	SES087	-0.477404	-9.88548	-9.40808
BLOCK02/SES021/SA021S29	SES125	-1.00968	-10.4178	-9.40808
BLOCK02/SES021/SA021S29	SES206	-0.0990152	-9.50709	-9.40808
BLOCK02/SES021/SA021S29	SES226	-0.221755	-9.62983	-9.40808
BLOCK04/SES043/SA043S09	SES083	0.31503	-8.9465	-9.26153
BLOCK04/SES043/SA043S09	SES101	-0.0639982	-9.32553	-9.26153
BLOCK04/SES043/SA043S09	SES144	0.162916	-9.09862	-9.26153
BLOCK04/SES043/SA043S09	SES172	-0.466775	-9.72831	-9.26153
BLOCK04/SES043/SA043S11	SES083	0.546153	-7.71159	-8.25774
BLOCK04/SES043/SA043S11	SES101	0.0164804	-8.24126	-8.25774
BLOCK04/SES043/SA043S11	SES144	0.367159	-7.89058	-8.25774
BLOCK04/SES043/SA043S11	SES172	-0.335728	-8.59347	-8.25774
BLOCK04/SES043/SA043S23	SES083	0.442025	-8.34636	-8.78838
BLOCK04/SES043/SA043S23	SES144	0.37802	-8.41036	-8.78838
BLOCK04/SES043/SA043S23	SES177	-0.247185	-9.03557	-8.78838
BLOCK04/SES043/SA043S23	SES275	-0.0969906	-8.88537	-8.78838
BLOCK04/SES043/SA043S26	SES083	-0.182009	-10.0476	-9.8656
BLOCK04/SES043/SA043S26	SES101	0.00175095	-9.86385	-9.8656
BLOCK04/SES043/SA043S26	SES144	0.46466	-9.40094	-9.8656
BLOCK04/SES043/SA043S26	SES177	-1.15637	-11.022	-9.8656
BLOCK04/SES043/SA043S28	SES016	-0.794426	-9.41852	-8.62409
BLOCK04/SES043/SA043S28	SES083	0.248439	-8.37565	-8.62409
BLOCK04/SES043/SA043S28	SES101	-0.224558	-8.84865	-8.62409
BLOCK04/SES043/SA043S28	SES144	-0.260304	-8.8844	-8.62409
BLOCK04/SES044/SA044S10	SES127	-1.872	-11.3879	-9.51585
BLOCK04/SES044/SA044S10	SES144	0.746902	-8.76895	-9.51585
BLOCK04/SES044/SA044S10	SES147	-1.8683	-11.3841	-9.51585
BLOCK04/SES044/SA044S10	SES148	-1.4496	-10.9654	-9.51585
BLOCK04/SES044/SA044S11	SES101	-0.196093	-8.77015	-8.57406
BLOCK04/SES044/SA044S11	SES144	0.24413	-8.32993	-8.57406
BLOCK04/SES044/SA044S11	SES147	-1.19874	-9.7728	-8.57406
BLOCK04/SES044/SA044S11	SES177	-0.641961	-9.21602	-8.57406
BLOCK04/SES044/SA044S24	SES007	-3.0953	-11.7672	-8.6719
BLOCK04/SES044/SA044S24	SES101	0.0430279	-8.62887	-8.6719
BLOCK04/SES044/SA044S24	SES147	-0.955112	-9.62701	-8.6719
BLOCK04/SES044/SA044S24	SES177	-0.436966	-9.10887	-8.6719
BLOCK04/SES044/SA044S26	SES007	-1.33179	-9.41035	-8.07856
BLOCK04/SES044/SA044S26	SES016	-0.399445	-8.478	-8.07856
BLOCK04/SES044/SA044S26	SES101	-0.555184	-8.63374	-8.07856
BLOCK04/SES044/SA044S26	SES147	0.0741043	-8.00446	-8.07856
BLOCK04/SES044/SA044S29	SES007	-1.70351	-9.89902	-8.19552
BLOCK04/SES044/SA044S29	SES101	-0.149466	-8.34498	-8.19552
BLOCK04/SES044/SA044S29	SES147	-0.565263	-8.76078	-8.19552
BLOCK04/SES044/SA044S29	SES177	-1.1592	-9.35472	-8.19552
BLOCK04/SES046/SA046S13	SES101	0.238051	-9.72716	-9.96521
BLOCK04/SES046/SA046S13	SES144	0.134481	-9.83073	-9.96521
BLOCK04/SES046/SA046S13	SES147	-1.09336	-11.0586	-9.96521
BLOCK04/SES046/SA046S13	SES177	-0.309646	-10.2749	-9.96521
BLOCK04/SES046/SA046S15	SES048	-0.01055	-7.20827	-7.19772
BLOCK04/SES046/SA046S15	SES083	-0.503444	-7.70116	-7.19772
BLOCK04/SES046/SA046S15	SES120	-1.62248	-8.8202	-7.19772
BLOCK04/SES046/SA046S15	SES148	-0.677476	-7.8752	-7.19772
BLOCK04/SES046/SA046S22	SES101	0.170121	-8.97578	-9.1459
BLOCK04/SES046/SA046S22	SES144	0.638641	-8.50726	-9.1459
BLOCK04/SES046/SA046S22	SES147	-0.974514	-10.1204	-9.1459
BLOCK04/SES046/SA046S22	SES172	0.251259	-8.89464	-9.1459
BLOCK04/SES046/SA046S25	SES083	-0.247416	-8.45823	-8.21082
BLOCK04/SES046/SA046S25	SES127	-0.756389	-8.96721	-8.21082
BLOCK04/SES046/SA046S25	SES144	-0.0861301	-8.29695	-8.21082
BLOCK04/SES046/SA046S25	SES148	-1.14991	-9.36073	-8.21082
BLOCK04/SES046/SA046S28	SES007	-1.49048	-9.67427	-8.18379
BLOCK04/SES046/SA046S28	SES105	-1.10574	-9.28953	-8.18379
BLOCK04/SES046/SA046S28	SES147	-0.0497227	-8.23351	-8.18379
BLOCK04/SES046/SA046S28	SES148	-1.39636	-9.58015	-8.18379
BLOCK04/SES049/SA049S16	SES104	-0.43337	-10.6484	-10.2151
BLOCK04/SES049/SA049S16	SES106	-2.33303	-12.5481	-10.2151
BLOCK04/SES049/SA049S16	SES120	-1.00607	-11.2211	-10.2151
BLOCK04/SES049/SA049S16	SES206	-1.16721	-11.3823	-10.2151
BLOCK04/SES049/SA049S18	SES099	0.619747	-8.79057	-9.41032
BLOCK04/SES049/SA049S18	SES104	-0.773465	-10.1838	-9.41032
BLOCK04/SES049/SA049S18	SES125	-0.685061	-10.0954	-9.41032
BLOCK04/SES049/SA049S18	SES206	-1.02604	-10.4364	-9.41032
BLOCK04/SES049/SA049S25	SES087	-0.838159	-11.4962	-10.658
BLOCK04/SES049/SA049S25	SES104	0.206486	-10.4515	-10.658
BLOCK04/SES049/SA049S25	SES125	-0.68732	-11.3454	-10.658
BLOCK04/SES049/SA049S25	SES206	-0.19262	-10.8507	-10.658
BLOCK04/SES049/SA049S27	SES099	-1.11707	-9.87473	-8.75766
BLOCK04/SES049/SA049S27	SES104	0.0781298	-8.67953	-8.75766
BLOCK04/SES049/SA049S27	SES125	-0.894329	-9.65199	-8.75766
BLOCK04/SES049/SA049S27	SES206	-1.01202	-9.76969	-8.75766
BLOCK04/SES049/SA049S29	SES099	-0.291437	-9.14124	-8.8498
BLOCK04/SES049/SA049S29	SES104	0.388303	-8.4615	-8.8498
BLOCK04/SES049/SA049S29	SES125	0.247612	-8.60219	-8.8498
BLOCK04/SES049/SA049S29	SES206	-0.806826	-9.65663	-8.8498
BLOCK06/SES063/SA063S09	SES068	-2.09086	-12.0696	-9.97878
BLOCK06/SES063/SA063S09	SES083	-0.142501	-10.1213	-9.97878
BLOCK06/SES063/SA063S09	SES177	-0.982543	-10.9613	-9.97878
BLOCK06/SES063/SA063S09	SES187	-0.744382	-10.7232	-9.97878
BLOCK06/SES063/SA063S10	SES068	-1.14725	-10.5556	-9.40837
BLOCK06/SES063/SA063S10	SES083	-0.775139	-10.1835	-9.40837
BLOCK06/SES063/SA063S10	SES172	-0.471568	-9.87993	-9.40837
BLOCK06/SES063/SA063S10	SES187	-0.831103	-10.2395	-9.40837
BLOCK06/SES063/SA063S20	SES068	-1.95911	-11.8807	-9.92156
BLOCK06/SES063/SA063S20	SES083	-0.756718	-10.6783	-9.92156
BLOCK06/SES063/SA063S20	SES172	-0.306135	-10.2277	-9.92156
BLOCK06/SES063/SA063S20	SES187	-0.492839	-10.4144	-9.92156
BLOCK06/SES063/SA063S24	SES029	-0.714791	-11.4806	-10.7658
BLOCK06/SES063/SA063S24	SES083	0.312411	-10.4534	-10.7658
BLOCK06/SES063/SA063S24	SES177	-0.891005	-11.6568	-10.7658
BLOCK06/SES063/SA063S24	SES189	0.799488	-9.96628	-10.7658
BLOCK06/SES063/SA063S27	SES083	-0.0599222	-9.73077	-9.67085
BLOCK06/SES063/SA063S27	SES172	-0.835733	-10.5066	-9.67085
BLOCK06/SES063/SA063S27	SES187	-0.39465	-10.0655	-9.67085
BLOCK06/SES063/SA063S27	SES292	-0.818439	-10.4893	-9.67085
BLOCK06/SES067/SA067S12	SES083	-1.00191	-8.88316	-7.88125
BLOCK06/SES067/SA067S12	SES172	-1.43793	-9.31918	-7.88125
BLOCK06/SES067/SA067S12	SES202	-0.355786	-8.23704	-7.88125
BLOCK06/SES067/SA067S12	SES292	-1.15888	-9.04014	-7.88125
BLOCK06/SES067/SA067S14	SES085	-1.20149	-7.88583	-6.68435
BLOCK06/SES067/SA067S14	SES177	-1.76483	-8.44917	-6.68435
BLOCK06/SES067/SA067S14	SES183	0.549272	-6.13507	-6.68435
BLOCK06/SES067/SA067S14	SES202	-0.337393	-7.02174	-6.68435
BLOCK06/SES067/SA067S21	SES144	-0.667287	-9.5508	-8.88351
BLOCK06/SES067/SA067S21	SES177	-0.953341	-9.83685	-8.88351
BLOCK06/SES067/SA067S21	SES183	-0.699064	-9.58258	-8.88351
BLOCK06/SES067/SA067S21	SES189	-1.06779	-9.9513	-8.88351
BLOCK06/SES067/SA067S25	SES085	-1.89912	-9.78033	-7.88121
BLOCK06/SES067/SA067S25	SES177	-0.708006	-8.58922	-7.88121
BLOCK06/SES067/SA067S25	SES183	-0.6835	-8.56471	-7.88121
BLOCK06/SES067/SA067S25	SES202	-1.46289	-9.3441	-7.88121
BLOCK06/SES067/SA067S29	SES085	-2.31529	-11.1616	-8.84628
BLOCK06/SES067/SA067S29	SES177	-1.54986	-10.3961	-8.84628
BLOCK06/SES067/SA067S29	SES183	-0.789061	-9.63534	-8.84628
BLOCK06/SES067/SA067S29	SES202	-0.301073	-9.14735	-8.84628
BLOCK06/SES069/SA069S12	SES029	-0.958985	-9.03464	-8.07566
BLOCK06/SES069/SA069S12	SES082	-0.405725	-8.48138	-8.07566
BLOCK06/SES069/SA069S12	SES087	-0.903233	-8.97889	-8.07566
BLOCK06/SES069/SA069S12	SES206	-0.224628	-8.30028	-8.07566
BLOCK06/SES069/SA069S13	SES029	-1.71204	-9.73462	-8.02258
BLOCK06/SES069/SA069S13	SES087	-0.824299	-8.84688	-8.02258
BLOCK06/SES069/SA069S13	SES206	-1.35354	-9.37613	-8.02258
BLOCK06/SES069/SA069S13	SES226	0.216219	-7.80636	-8.02258
BLOCK06/SES069/SA069S23	SES029	0.137888	-7.3573	-7.49518
BLOCK06/SES069/SA069S23	SES087	0.350721	-7.14446	-7.49518
BLOCK06/SES069/SA069S23	SES206	-0.606152	-8.10134	-7.49518
BLOCK06/SES069/SA069S23	SES226	0.320648	-7.17454	-7.49518
BLOCK06/SES069/SA069S25	SES087	-0.657116	-8.83036	-8.17325
BLOCK06/SES069/SA069S25	SES206	-1.88275	-10.056	-8.17325
BLOCK06/SES069/SA069S25	SES226	0.141632	-8.03161	-8.17325
BLOCK06/SES069/SA069S25	SES270	-0.757249	-8.9305	-8.17325
BLOCK06/SES069/SA069S27	SES087	-1.00628	-9.70133	-8.69505
BLOCK06/SES069/SA069S27	SES206	-0.223287	-8.91833	-8.69505
BLOCK06/SES069/SA069S27	SES226	0.208928	-8.48612	-8.69505
BLOCK06/SES069/SA069S27	SES270	-0.981369	-9.67642	-8.69505
BLOCK08/SES081/SA081S11	SES060	-1.226	-9.95742	-8.73142
BLOCK08/SES081/SA081S11	SES062	-0.308191	-9.03961	-8.73142
BLOCK08/SES081/SA081S11	SES117	-1.51358	-10.245	-8.73142
BLOCK08/SES081/SA081S11	SES162	-1.36978	-10.1012	-8.73142
BLOCK08/SES081/SA081S13	SES016	0.270928	-7.71103	-7.98196
BLOCK08/SES081/SA081S13	SES060	0.225617	-7.75635	-7.98196
BLOCK08/SES081/SA081S13	SES068	-0.0746012	-8.05656	-7.98196
BLOCK08/SES081/SA081S13	SES129	-0.873409	-8.85537	-7.98196
BLOCK08/SES081/SA081S24	SES060	0.0535269	-8.5434	-8.59692
BLOCK08/SES081/SA081S24	SES068	0.0105791	-8.58634	-8.59692
BLOCK08/SES081/SA081S24	SES117	-0.670385	-9.26731	-8.59692
BLOCK08/SES081/SA081S24	SES275	-0.625613	-9.22254	-8.59692
BLOCK08/SES081/SA081S27	SES007	-0.141381	-9.19875	-9.05737
BLOCK08/SES081/SA081S27	SES060	-1.0842	-10.1416	-9.05737
BLOCK08/SES081/SA081S27	SES117	-1.08353	-10.1409	-9.05737
BLOCK08/SES081/SA081S27	SES275	-1.60845	-10.6658	-9.05737
BLOCK08/SES081/SA081S29	SES007	0.297415	-9.45698	-9.7544
BLOCK08/SES081/SA081S29	SES060	0.33094	-9.42346	-9.7544
BLOCK08/SES081/SA081S29	SES117	-0.470438	-10.2248	-9.7544
BLOCK08/SES081/SA081S29	SES275	-1.43489	-11.1893	-9.7544
BLOCK08/SES086/SA086S11	SES029	-1.87211	-12.3412	-10.4691
BLOCK08/SES086/SA086S11	SES082	-0.735132	-11.2042	-10.4691
BLOCK08/SES086/SA086S11	SES087	0.456579	-10.0125	-10.4691
BLOCK08/SES086/SA086S11	SES206	-0.652738	-11.1218	-10.4691
BLOCK08/SES086/SA086S12	SES029	-1.12525	-10.6592	-9.53399
BLOCK08/SES086/SA086S12	SES082	-0.748446	-10.2824	-9.53399
BLOCK08/SES086/SA086S12	SES087	0.840412	-8.69358	-9.53399
BLOCK08/SES086/SA086S12	SES206	-0.499513	-10.0335	-9.53399
BLOCK08/SES086/SA086S20	SES029	-1.63992	-10.7499	-9.10996
BLOCK08/SES086/SA086S20	SES082	-0.653456	-9.76342	-9.10996
BLOCK08/SES086/SA086S20	SES087	0.323668	-8.7863	-9.10996
BLOCK08/SES086/SA086S20	SES206	-0.144285	-9.25425	-9.10996
BLOCK08/SES086/SA086S24	SES087	0.685768	-9.9028	-10.5886
BLOCK08/SES086/SA086S24	SES104	-0.300152	-10.8887	-10.5886
BLOCK08/SES086/SA086S24	SES120	-0.158279	-10.7468	-10.5886
BLOCK08/SES086/SA086S24	SES206	0.205972	-10.3826	-10.5886
BLOCK08/SES086/SA086S28	SES029	-1.58891	-10.4712	-8.8823
BLOCK08/SES086/SA086S28	SES082	-0.286565	-9.16886	-8.8823
BLOCK08/SES086/SA086S28	SES087	0.317086	-8.56521	-8.8823
BLOCK08/SES086/SA086S28	SES206	-0.174853	-9.05715	-8.8823
BLOCK08/SES089/SA089S13	SES087	-0.256698	-9.87082	-9.61413
BLOCK08/SES089/SA089S13	SES206	-0.922648	-10.5368	-9.61413
BLOCK08/SES089/SA089S13	SES226	-0.349777	-9.9639	-9.61413
BLOCK08/SES089/SA089S13	SES270	-0.573973	-10.1881	-9.61413
BLOCK08/SES089/SA089S14	SES062	-0.584465	-9.66243	-9.07796
BLOCK08/SES089/SA089S14	SES087	0.33088	-8.74708	-9.07796
BLOCK08/SES089/SA089S14	SES206	-0.569375	-9.64734	-9.07796
BLOCK08/SES089/SA089S14	SES226	-0.710595	-9.78856	-9.07796
BLOCK08/SES089/SA089S23	SES087	-0.482705	-11.7878	-11.3051
BLOCK08/SES089/SA089S23	SES206	-0.431329	-11.7364	-11.3051
BLOCK08/SES089/SA089S23	SES226	-0.256107	-11.5612	-11.3051
BLOCK08/SES089/SA089S23	SES270	-1.87667	-13.1818	-11.3051
BLOCK08/SES089/SA089S25	SES062	-0.254921	-9.80891	-9.55398
BLOCK08/SES089/SA089S25	SES087	0.346804	-9.20718	-9.55398
BLOCK08/SES089/SA089S25	SES206	-1.14237	-10.6964	-9.55398
BLOCK08/SES089/SA089S25	SES226	-0.117702	-9.67169	-9.55398
BLOCK08/SES089/SA089S28	SES062	-0.433479	-9.82595	-9.39247
BLOCK08/SES089/SA089S28	SES087	0.54934	-8.84313	-9.39247
BLOCK08/SES089/SA089S28	SES206	-0.598424	-9.99089	-9.39247
BLOCK08/SES089/SA089S28	SES226	0.263204	-9.12926	-9.39247
BLOCK09/SES097/SA097S11	SES099	-0.181884	-10.3222	-10.1403
BLOCK09/SES097/SA097S11	SES125	-0.60657	-10.7469	-10.1403
BLOCK09/SES097/SA097S11	SES206	-0.362755	-10.5031	-10.1403
BLOCK09/SES097/SA097S11	SES226	1.19297	-8.94734	-10.1403
BLOCK09/SES097/SA097S14	SES062	-2.25788	-11.3813	-9.12343
BLOCK09/SES097/SA097S14	SES099	-0.837165	-9.9606	-9.12343
BLOCK09/SES097/SA097S14	SES104	0.0595627	-9.06387	-9.12343
BLOCK09/SES097/SA097S14	SES206	-1.70646	-10.8299	-9.12343
BLOCK09/SES097/SA097S22	SES099	0.0743141	-9.63033	-9.70464
BLOCK09/SES097/SA097S22	SES206	-0.806836	-10.5115	-9.70464
BLOCK09/SES097/SA097S22	SES226	0.266018	-9.43863	-9.70464
BLOCK09/SES097/SA097S22	SES270	-0.330994	-10.0356	-9.70464
BLOCK09/SES097/SA097S26	SES099	0.271338	-9.89721	-10.1685
BLOCK09/SES097/SA097S26	SES120	-0.706449	-10.875	-10.1685
BLOCK09/SES097/SA097S26	SES206	-1.36217	-11.5307	-10.1685
BLOCK09/SES097/SA097S26	SES226	0.306173	-9.86238	-10.1685
BLOCK09/SES097/SA097S28	SES099	0.246576	-8.71797	-8.96455
BLOCK09/SES097/SA097S28	SES120	-0.356777	-9.32132	-8.96455
BLOCK09/SES097/SA097S28	SES206	-0.550685	-9.51523	-8.96455
BLOCK09/SES097/SA097S28	SES226	0.045455	-8.91909	-8.96455
BLOCK09/SES098/SA098S11	SES127	-0.310691	-8.69654	-8.38585
BLOCK09/SES098/SA098S11	SES144	-0.192663	-8.57852	-8.38585
BLOCK09/SES098/SA098S11	SES147	-0.106775	-8.49263	-8.38585
BLOCK09/SES098/SA098S11	SES148	-1.4842	-9.87005	-8.38585
BLOCK09/SES098/SA098S12	SES127	-1.55607	-11.2591	-9.70302
BLOCK09/SES098/SA098S12	SES144	-1.41344	-11.1165	-9.70302
BLOCK09/SES098/SA098S12	SES147	-1.40877	-11.1118	-9.70302
BLOCK09/SES098/SA098S12	SES189	-1.20842	-10.9114	-9.70302
BLOCK09/SES098/SA098S20	SES127	-1.71055	-11.2019	-9.49131
BLOCK09/SES098/SA098S20	SES147	-1.12759	-10.6189	-9.49131
BLOCK09/SES098/SA098S20	SES148	-4.4378	-13.9291	-9.49131
BLOCK09/SES098/SA098S20	SES292	-0.470501	-9.96181	-9.49131
BLOCK09/SES098/SA098S23	SES127	-0.998784	-9.99542	-8.99664
BLOCK09/SES098/SA098S23	SES147	-1.08739	-10.084	-8.99664
BLOCK09/SES098/SA098S23	SES187	-0.499205	-9.49584	-8.99664
BLOCK09/SES098/SA098S23	SES292	-0.947081	-9.94372	-8.99664
BLOCK09/SES098/SA098S27	SES127	-1.9694	-10.9071	-8.9377
BLOCK09/SES098/SA098S27	SES147	-2.23587	-11.1736	-8.9377
BLOCK09/SES098/SA098S27	SES148	-2.59572	-11.5334	-8.9377
BLOCK09/SES098/SA098S27	SES292	-0.283264	-9.22097	-8.9377
BLOCK10/SES102/SA102S13	SES101	0.531916	-9.74885	-10.2808
BLOCK10/SES102/SA102S13	SES105	-0.942584	-11.2234	-10.2808
BLOCK10/SES102/SA102S13	SES120	-1.14688	-11.4276	-10.2808
BLOCK10/SES102/SA102S13	SES158	-0.386527	-10.6673	-10.2808
BLOCK10/SES102/SA102S14	SES007	0.430771	-6.94922	-7.37999
BLOCK10/SES102/SA102S14	SES101	-0.333553	-7.71354	-7.37999
BLOCK10/SES102/SA102S14	SES105	-0.593281	-7.97327	-7.37999
BLOCK10/SES102/SA102S14	SES147	-1.50329	-8.88328	-7.37999
BLOCK10/SES102/SA102S22	SES007	-1.81752	-9.92411	-8.10659
BLOCK10/SES102/SA102S22	SES101	-0.207008	-8.31359	-8.10659
BLOCK10/SES102/SA102S22	SES105	-0.763458	-8.87004	-8.10659
BLOCK10/SES102/SA102S22	SES158	-1.16546	-9.27204	-8.10659
BLOCK10/SES102/SA102S25	SES007	-0.297722	-8.30734	-8.00962
BLOCK10/SES102/SA102S25	SES101	-0.0987663	-8.10838	-8.00962
BLOCK10/SES102/SA102S25	SES105	-0.653159	-8.66278	-8.00962
BLOCK10/SES102/SA102S25	SES147	-1.64264	-9.65226	-8.00962
BLOCK10/SES102/SA102S27	SES007	-0.0350075	-8.51865	-8.48364
BLOCK10/SES102/SA102S27	SES101	0.332492	-8.15115	-8.48364
BLOCK10/SES102/SA102S27	SES105	-1.2178	-9.70144	-8.48364
BLOCK10/SES102/SA102S27	SES147	-1.52155	-10.0052	-8.48364
BLOCK10/SES103/SA103S14	SES105	-1.20553	-10.9482	-9.74266
BLOCK10/SES103/SA103S14	SES106	-1.20841	-10.9511	-9.74266
BLOCK10/SES103/SA103S14	SES120	-1.65411	-11.3968	-9.74266
BLOCK10/SES103/SA103S14	SES206	-0.86632	-10.609	-9.74266
BLOCK10/SES103/SA103S15	SES099	-0.688739	-11.7351	-11.0464
BLOCK10/SES103/SA103S15	SES101	-1.27907	-12.3254	-11.0464
BLOCK10/SES103/SA103S15	SES104	-0.807336	-11.8537	-11.0464
BLOCK10/SES103/SA103S15	SES125	-0.841483	-11.8878	-11.0464
BLOCK10/SES103/SA103S24	SES104	-1.06359	-10.521	-9.45737
BLOCK10/SES103/SA103S24	SES125	-2.50053	-11.9579	-9.45737
BLOCK10/SES103/SA103S24	SES148	-1.66704	-11.1244	-9.45737
BLOCK10/SES103/SA103S24	SES158	-0.692079	-10.1494	-9.45737
BLOCK10/SES103/SA103S26	SES104	-0.872257	-10.0676	-9.19532
BLOCK10/SES103/SA103S26	SES106	-1.3812	-10.5765	-9.19532
BLOCK10/SES103/SA103S26	SES125	-0.765609	-9.96093	-9.19532
BLOCK10/SES103/SA103S26	SES148	-1.73908	-10.9344	-9.19532
BLOCK10/SES103/SA103S28	SES104	-0.472894	-10.1689	-9.696
BLOCK10/SES103/SA103S28	SES106	-2.02165	-11.7177	-9.696
BLOCK10/SES103/SA103S28	SES125	-2.0198	-11.7158	-9.696
BLOCK10/SES103/SA103S28	SES206	-1.63019	-11.3262	-9.696
BLOCK12/SES121/SA121S12	SES042	-0.832717	-10.1771	-9.34442
BLOCK12/SES121/SA121S12	SES087	-0.569683	-9.9141	-9.34442
BLOCK12/SES121/SA121S12	SES105	-0.433371	-9.77779	-9.34442
BLOCK12/SES121/SA121S12	SES206	-0.00992393	-9.35434	-9.34442
BLOCK12/SES121/SA121S14	SES007	-0.548224	-13.1921	-12.6438
BLOCK12/SES121/SA121S14	SES105	-1.55778	-14.2016	-12.6438
BLOCK12/SES121/SA121S14	SES106	-0.583312	-13.2272	-12.6438
BLOCK12/SES121/SA121S14	SES206	-0.420837	-13.0647	-12.6438
BLOCK12/SES121/SA121S23	SES105	-1.29404	-13.4749	-12.1809
BLOCK12/SES121/SA121S23	SES106	-1.09497	-13.2759	-12.1809
BLOCK12/SES121/SA121S23	SES120	-1.15726	-13.3382	-12.1809
BLOCK12/SES121/SA121S23	SES206	0.268782	-11.9121	-12.1809
BLOCK12/SES121/SA121S25	SES007	-0.0593014	-12.6429	-12.5836
BLOCK12/SES121/SA121S25	SES105	-1.64674	-14.2303	-12.5836
BLOCK12/SES121/SA121S25	SES106	0.62896	-11.9546	-12.5836
BLOCK12/SES121/SA121S25	SES206	-0.473277	-13.0569	-12.5836
BLOCK12/SES121/SA121S27	SES087	1.27857	-10.5335	-11.8121
BLOCK12/SES121/SA121S27	SES105	-2.40602	-14.2181	-11.8121
BLOCK12/SES121/SA121S27	SES120	0.433107	-11.379	-11.8121
BLOCK12/SES121/SA121S27	SES206	-0.228947	-12.041	-11.8121
BLOCK12/SES124/SA124S16	SES042	0.0728641	-7.49969	-7.57255
BLOCK12/SES124/SA124S16	SES082	-0.335093	-7.90765	-7.57255
BLOCK12/SES124/SA124S16	SES183	-0.693342	-8.26589	-7.57255
BLOCK12/SES124/SA124S16	SES206	-0.542207	-8.11476	-7.57255
BLOCK12/SES124/SA124S17	SES105	-0.91687	-9.66216	-8.74529
BLOCK12/SES124/SA124S17	SES149	-0.573674	-9.31896	-8.74529
BLOCK12/SES124/SA124S17	SES158	-1.18654	-9.93183	-8.74529
BLOCK12/SES124/SA124S17	SES275	-0.73415	-9.47944	-8.74529
BLOCK12/SES124/SA124S23	SES105	-1.6516	-8.81888	-7.16728
BLOCK12/SES124/SA124S23	SES125	0.654202	-6.51308	-7.16728
BLOCK12/SES124/SA124S23	SES129	-1.55475	-8.72203	-7.16728
BLOCK12/SES124/SA124S23	SES158	-0.59265	-7.75993	-7.16728
BLOCK12/SES124/SA124S26	SES105	-1.54788	-9.88423	-8.33635
BLOCK12/SES124/SA124S26	SES125	0.0163708	-8.31998	-8.33635
BLOCK12/SES124/SA124S26	SES129	-1.4062	-9.74255	-8.33635
BLOCK12/SES124/SA124S26	SES158	-0.267797	-8.60415	-8.33635
BLOCK12/SES124/SA124S28	SES104	0.166552	-7.57727	-7.74382
BLOCK12/SES124/SA124S28	SES106	-0.929373	-8.67319	-7.74382
BLOCK12/SES124/SA124S28	SES125	0.52184	-7.22198	-7.74382
BLOCK12/SES124/SA124S28	SES275	-0.458937	-8.20276	-7.74382
BLOCK12/SES126/SA126S13	SES007	-0.348035	-9.22178	-8.87375
BLOCK12/SES126/SA126S13	SES162	-0.896257	-9.77001	-8.87375
BLOCK12/SES126/SA126S13	SES177	-0.170327	-9.04408	-8.87375
BLOCK12/SES126/SA126S13	SES180	-1.19813	-10.0719	-8.87375
BLOCK12/SES126/SA126S14	SES144	0.108653	-8.35655	-8.46521
BLOCK12/SES126/SA126S14	SES148	-0.731658	-9.19686	-8.46521
BLOCK12/SES126/SA126S14	SES177	-0.486519	-8.95173	-8.46521
BLOCK12/SES126/SA126S14	SES180	-0.493139	-8.95835	-8.46521
BLOCK12/SES126/SA126S20	SES007	-0.858584	-8.39062	-7.53204
BLOCK12/SES126/SA126S20	SES162	-0.786352	-8.31839	-7.53204
BLOCK12/SES126/SA126S20	SES172	-0.865156	-8.39719	-7.53204
BLOCK12/SES126/SA126S20	SES180	-0.460653	-7.99269	-7.53204
BLOCK12/SES126/SA126S24	SES120	-0.00787163	-8.22968	-8.2218
BLOCK12/SES126/SA126S24	SES162	-0.667629	-8.88943	-8.2218
BLOCK12/SES126/SA126S24	SES177	0.0156136	-8.20619	-8.2218
BLOCK12/SES126/SA126S24	SES180	-0.190868	-8.41267	-8.2218
BLOCK12/SES126/SA126S26	SES120	0.206223	-8.4941	-8.70033
BLOCK12/SES126/SA126S26	SES177	-0.624743	-9.32507	-8.70033
BLOCK12/SES126/SA126S26	SES180	-0.276893	-8.97722	-8.70033
BLOCK12/SES126/SA126S26	SES202	-0.535382	-9.23571	-8.70033
BLOCK12/SES128/SA128S10	SES087	-1.18094	-10.316	-9.13506
BLOCK12/SES128/SA128S10	SES206	-0.317204	-9.45227	-9.13506
BLOCK12/SES128/SA128S10	SES226	0.160808	-8.97426	-9.13506
BLOCK12/SES128/SA128S10	SES270	-0.252109	-9.38717	-9.13506
BLOCK12/SES128/SA128S12	SES120	-0.00390244	-8.85245	-8.84855
BLOCK12/SES128/SA128S12	SES158	-0.177387	-9.02593	-8.84855
BLOCK12/SES128/SA128S12	SES206	-0.0467196	-8.89527	-8.84855
BLOCK12/SES128/SA128S12	SES226	-1.05942	-9.90797	-8.84855
BLOCK12/SES128/SA128S21	SES106	-1.16097	-10.2654	-9.10439
BLOCK12/SES128/SA128S21	SES120	0.119088	-8.9853	-9.10439
BLOCK12/SES128/SA128S21	SES206	-0.0987635	-9.20315	-9.10439
BLOCK12/SES128/SA128S21	SES226	1.14488	-7.95951	-9.10439
BLOCK12/SES128/SA128S24	SES087	-0.504026	-10.0821	-9.57807
BLOCK12/SES128/SA128S24	SES120	-0.189274	-9.76735	-9.57807
BLOCK12/SES128/SA128S24	SES206	0.067543	-9.51053	-9.57807
BLOCK12/SES128/SA128S24	SES226	-0.660161	-10.2382	-9.57807
BLOCK12/SES128/SA128S27	SES099	0.233173	-8.24329	-8.47647
BLOCK12/SES128/SA128S27	SES120	0.219602	-8.25687	-8.47647
BLOCK12/SES128/SA128S27	SES206	-0.0225992	-8.49907	-8.47647
BLOCK12/SES128/SA128S27	SES226	-0.63323	-9.1097	-8.47647
BLOCK13/SES130/SA130S13	SES143	0.0560188	-9.75044	-9.80645
BLOCK13/SES130/SA130S13	SES144	0.729487	-9.07697	-9.80645
BLOCK13/SES130/SA130S13	SES146	-1.67075	-11.4772	-9.80645
BLOCK13/SES130/SA130S13	SES275	-1.86119	-11.6676	-9.80645
BLOCK13/SES130/SA130S15	SES143	-0.130976	-8.57474	-8.44376
BLOCK13/SES130/SA130S15	SES144	0.652784	-7.79098	-8.44376
BLOCK13/SES130/SA130S15	SES146	-0.24824	-8.692	-8.44376
BLOCK13/SES130/SA130S15	SES275	-0.588989	-9.03275	-8.44376
BLOCK13/SES130/SA130S23	SES127	-0.120049	-9.13674	-9.0167
BLOCK13/SES130/SA130S23	SES144	0.298178	-8.71852	-9.0167
BLOCK13/SES130/SA130S23	SES146	-0.307309	-9.324	-9.0167
BLOCK13/SES130/SA130S23	SES162	-0.184892	-9.20159	-9.0167
BLOCK13/SES130/SA130S25	SES127	-0.324493	-7.79331	-7.46881
BLOCK13/SES130/SA130S25	SES144	-0.0375896	-7.5064	-7.46881
BLOCK13/SES130/SA130S25	SES146	-0.759043	-8.22786	-7.46881
BLOCK13/SES130/SA130S25	SES275	-0.851244	-8.32006	-7.46881
BLOCK13/SES130/SA130S28	SES127	0.161282	-8.8377	-8.99898
BLOCK13/SES130/SA130S28	SES144	0.0470238	-8.95196	-8.99898
BLOCK13/SES130/SA130S28	SES146	0.0608349	-8.93815	-8.99898
BLOCK13/SES130/SA130S28	SES275	-0.360783	-9.35976	-8.99898
BLOCK13/SES131/SA131S13	SES002	-0.39298	-9.77308	-9.3801
BLOCK13/SES131/SA131S13	SES007	-0.780413	-10.1605	-9.3801
BLOCK13/SES131/SA131S13	SES099	0.381146	-8.99895	-9.3801
BLOCK13/SES131/SA131S13	SES105	-0.692525	-10.0726	-9.3801
BLOCK13/SES131/SA131S14	SES104	-0.41332	-7.24178	-6.82846
BLOCK13/SES131/SA131S14	SES106	-2.26265	-9.09111	-6.82846
BLOCK13/SES131/SA131S14	SES125	-0.853181	-7.68164	-6.82846
BLOCK13/SES131/SA131S14	SES148	0.209271	-6.61918	-6.82846
BLOCK13/SES131/SA131S20	SES104	-0.619153	-10.1895	-9.57034
BLOCK13/SES131/SA131S20	SES106	-1.49318	-11.0635	-9.57034
BLOCK13/SES131/SA131S20	SES125	-0.566056	-10.1364	-9.57034
BLOCK13/SES131/SA131S20	SES148	-1.29423	-10.8646	-9.57034
BLOCK13/SES131/SA131S22	SES099	-0.169247	-8.18939	-8.02015
BLOCK13/SES131/SA131S22	SES104	-0.351139	-8.37128	-8.02015
BLOCK13/SES131/SA131S22	SES125	0.0930324	-7.92711	-8.02015
BLOCK13/SES131/SA131S22	SES206	-0.457816	-8.47796	-8.02015
BLOCK13/SES131/SA131S29	SES087	-1.23948	-11.1148	-9.87529
BLOCK13/SES131/SA131S29	SES104	-1.41453	-11.2898	-9.87529
BLOCK13/SES131/SA131S29	SES125	-3.02403	-12.8993	-9.87529
BLOCK13/SES131/SA131S29	SES206	-1.52081	-11.3961	-9.87529
BLOCK13/SES132/SA132S11	SES083	-1.07548	-9.70762	-8.63214
BLOCK13/SES132/SA132S11	SES120	0.132371	-8.49976	-8.63214
BLOCK13/SES132/SA132S11	SES127	-1.54496	-10.1771	-8.63214
BLOCK13/SES132/SA132S11	SES275	-0.805178	-9.43731	-8.63214
BLOCK13/SES132/SA132S12	SES083	-1.26547	-9.51117	-8.24571
BLOCK13/SES132/SA132S12	SES143	-1.83025	-10.076	-8.24571
BLOCK13/SES132/SA132S12	SES144	-0.510707	-8.75642	-8.24571
BLOCK13/SES132/SA132S12	SES148	-1.54014	-9.78584	-8.24571
BLOCK13/SES132/SA132S22	SES062	-0.480623	-9.38913	-8.90851
BLOCK13/SES132/SA132S22	SES083	-0.955463	-9.86397	-8.90851
BLOCK13/SES132/SA132S22	SES127	-1.48268	-10.3912	-8.90851
BLOCK13/SES132/SA132S22	SES275	-0.719606	-9.62812	-8.90851
BLOCK13/SES132/SA132S24	SES007	-0.237345	-8.11059	-7.87325
BLOCK13/SES132/SA132S24	SES083	-1.02485	-8.8981	-7.87325
BLOCK13/SES132/SA132S24	SES127	-1.76291	-9.63616	-7.87325
BLOCK13/SES132/SA132S24	SES275	-1.12929	-9.00254	-7.87325
BLOCK13/SES132/SA132S27	SES083	-1.49461	-11.0109	-9.51626
BLOCK13/SES132/SA132S27	SES120	0.774837	-8.74142	-9.51626
BLOCK13/SES132/SA132S27	SES127	-3.0306	-12.5469	-9.51626
BLOCK13/SES132/SA132S27	SES275	-1.51445	-11.0307	-9.51626
BLOCK14/SES141/SA141S09	SES143	-0.614695	-8.38069	-7.76599
BLOCK14/SES141/SA141S09	SES144	0.0318575	-7.73413	-7.76599
BLOCK14/SES141/SA141S09	SES162	-0.599359	-8.36535	-7.76599
BLOCK14/SES141/SA141S09	SES180	-0.519521	-8.28551	-7.76599
BLOCK14/SES141/SA141S15	SES127	-0.844176	-9.41392	-8.56974
BLOCK14/SES141/SA141S15	SES144	-0.500395	-9.07014	-8.56974
BLOCK14/SES141/SA141S15	SES162	-0.883042	-9.45278	-8.56974
BLOCK14/SES141/SA141S15	SES180	-0.630338	-9.20008	-8.56974
BLOCK14/SES141/SA141S24	SES127	-0.877535	-9.22053	-8.34299
BLOCK14/SES141/SA141S24	SES144	-1.12958	-9.47257	-8.34299
BLOCK14/SES141/SA141S24	SES162	-1.20535	-9.54835	-8.34299
BLOCK14/SES141/SA141S24	SES183	-1.38653	-9.72952	-8.34299
BLOCK14/SES141/SA141S26	SES142	0.174871	-8.768	-8.94287
BLOCK14/SES141/SA141S26	SES144	-0.856973	-9.79984	-8.94287
BLOCK14/SES141/SA141S26	SES172	-0.966974	-9.90984	-8.94287
BLOCK14/SES141/SA141S26	SES180	-0.776875	-9.71974	-8.94287
BLOCK14/SES141/SA141S29	SES127	-0.0837889	-8.21097	-8.12718
BLOCK14/SES141/SA141S29	SES142	0.364347	-7.76283	-8.12718
BLOCK14/SES141/SA141S29	SES144	-0.00804329	-8.13522	-8.12718
BLOCK14/SES141/SA141S29	SES180	0.0873127	-8.03987	-8.12718
BLOCK15/SES157/SA157S08	SES083	-0.65157	-8.37539	-7.72382
BLOCK15/SES157/SA157S08	SES127	-0.451128	-8.17495	-7.72382
BLOCK15/SES157/SA157S08	SES148	-0.349485	-8.0733	-7.72382
BLOCK15/SES157/SA157S08	SES292	-0.681739	-8.40556	-7.72382
BLOCK15/SES157/SA157S11	SES083	-0.71727	-9.34064	-8.62337
BLOCK15/SES157/SA157S11	SES127	-0.479443	-9.10281	-8.62337
BLOCK15/SES157/SA157S11	SES148	-1.13201	-9.75538	-8.62337
BLOCK15/SES157/SA157S11	SES292	-0.898484	-9.52186	-8.62337
BLOCK15/SES157/SA157S21	SES127	0.264216	-7.51677	-7.78098
BLOCK15/SES157/SA157S21	SES148	0.553144	-7.22784	-7.78098
BLOCK15/SES157/SA157S21	SES158	-2.46739	-10.2484	-7.78098
BLOCK15/SES157/SA157S21	SES292	-0.315955	-8.09694	-7.78098
BLOCK15/SES157/SA157S24	SES127	-0.187075	-8.80242	-8.61535
BLOCK15/SES157/SA157S24	SES148	-0.498981	-9.11433	-8.61535
BLOCK15/SES157/SA157S24	SES183	-0.806389	-9.42174	-8.61535
BLOCK15/SES157/SA157S24	SES292	-0.901059	-9.51641	-8.61535
BLOCK15/SES157/SA157S26	SES007	-0.5852	-8.61541	-8.03021
BLOCK15/SES157/SA157S26	SES127	0.162087	-7.86812	-8.03021
BLOCK15/SES157/SA157S26	SES147	-0.524793	-8.555	-8.03021
BLOCK15/SES157/SA157S26	SES148	-0.5913	-8.62151	-8.03021
BLOCK16/SES161/SA161S10	SES007	-0.513907	-8.99943	-8.48552
BLOCK16/SES161/SA161S10	SES105	-0.521831	-9.00735	-8.48552
BLOCK16/SES161/SA161S10	SES158	-0.784744	-9.27027	-8.48552
BLOCK16/SES161/SA161S10	SES275	-0.501069	-8.98659	-8.48552
BLOCK16/SES161/SA161S12	SES007	-1.781	-12.2652	-10.4842
BLOCK16/SES161/SA161S12	SES105	-2.21694	-12.7011	-10.4842
BLOCK16/SES161/SA161S12	SES158	-0.274887	-10.759	-10.4842
BLOCK16/SES161/SA161S12	SES275	-3.17653	-13.6607	-10.4842
BLOCK16/SES161/SA161S20	SES007	-0.0862989	-10.3659	-10.2796
BLOCK16/SES161/SA161S20	SES105	-1.58923	-11.8688	-10.2796
BLOCK16/SES161/SA161S20	SES158	0.210316	-10.0693	-10.2796
BLOCK16/SES161/SA161S20	SES275	-1.79169	-12.0713	-10.2796
BLOCK16/SES161/SA161S23	SES007	-2.5823	-13.035	-10.4527
BLOCK16/SES161/SA161S23	SES105	-1.19385	-11.6466	-10.4527
BLOCK16/SES161/SA161S23	SES148	-1.66439	-12.1171	-10.4527
BLOCK16/SES161/SA161S23	SES158	-2.26904	-12.7218	-10.4527
BLOCK16/SES161/SA161S28	SES007	-0.775483	-10.501	-9.72549
BLOCK16/SES161/SA161S28	SES105	-2.16305	-11.8885	-9.72549
BLOCK16/SES161/SA161S28	SES158	0.137538	-9.58795	-9.72549
BLOCK16/SES161/SA161S28	SES206	-0.36538	-10.0909	-9.72549
BLOCK16/SES164/SA164S11	SES104	-0.774796	-9.50694	-8.73214
BLOCK16/SES164/SA164S11	SES125	0.0600863	-8.67206	-8.73214
BLOCK16/SES164/SA164S11	SES158	-0.697512	-9.42965	-8.73214
BLOCK16/SES164/SA164S11	SES206	-2.33841	-11.0705	-8.73214
BLOCK16/SES164/SA164S13	SES099	-2.14347	-11.0775	-8.93399
BLOCK16/SES164/SA164S13	SES104	-0.316693	-9.25068	-8.93399
BLOCK16/SES164/SA164S13	SES125	-0.774177	-9.70817	-8.93399
BLOCK16/SES164/SA164S13	SES206	-2.42262	-11.3566	-8.93399
BLOCK16/SES164/SA164S24	SES002	0.64986	-8.06189	-8.71175
BLOCK16/SES164/SA164S24	SES099	-1.01594	-9.7277	-8.71175
BLOCK16/SES164/SA164S24	SES125	-0.111417	-8.82317	-8.71175
BLOCK16/SES164/SA164S24	SES226	0.7501	-7.96165	-8.71175
BLOCK16/SES164/SA164S27	SES087	-1.84156	-10.9639	-9.12239
BLOCK16/SES164/SA164S27	SES125	-0.678221	-9.80061	-9.12239
BLOCK16/SES164/SA164S27	SES206	-2.62173	-11.7441	-9.12239
BLOCK16/SES164/SA164S27	SES226	0.198851	-8.92354	-9.12239
BLOCK16/SES164/SA164S29	SES002	0.108317	-8.82255	-8.93087
BLOCK16/SES164/SA164S29	SES019	-0.895947	-9.82682	-8.93087
BLOCK16/SES164/SA164S29	SES125	-0.242998	-9.17387	-8.93087
BLOCK16/SES164/SA164S29	SES226	-0.213063	-9.14393	-8.93087
BLOCK16/SES169/SA169S13	SES117	-0.752128	-9.55507	-8.80294
BLOCK16/SES169/SA169S13	SES144	-0.288033	-9.09097	-8.80294
BLOCK16/SES169/SA169S13	SES146	-0.120156	-8.92309	-8.80294
BLOCK16/SES169/SA169S13	SES162	-0.152852	-8.95579	-8.80294
BLOCK16/SES169/SA169S14	SES144	-0.534653	-7.96077	-7.42612
BLOCK16/SES169/SA169S14	SES148	-0.0165634	-7.44268	-7.42612
BLOCK16/SES169/SA169S14	SES177	-0.395926	-7.82204	-7.42612
BLOCK16/SES169/SA169S14	SES180	-0.255523	-7.68164	-7.42612
BLOCK16/SES169/SA169S24	SES117	-0.481364	-9.71871	-9.23734
BLOCK16/SES169/SA169S24	SES144	-0.236473	-9.47381	-9.23734
BLOCK16/SES169/SA169S24	SES146	-0.267206	-9.50455	-9.23734
BLOCK16/SES169/SA169S24	SES162	-0.456377	-9.69372	-9.23734
BLOCK16/SES169/SA169S27	SES127	-0.288085	-8.65094	-8.36285
BLOCK16/SES169/SA169S27	SES129	-0.301697	-8.66455	-8.36285
BLOCK16/SES169/SA169S27	SES144	-0.524799	-8.88765	-8.36285
BLOCK16/SES169/SA169S27	SES146	-0.230448	-8.5933	-8.36285
BLOCK16/SES169/SA169S29	SES144	-0.0652447	-7.53479	-7.46954
BLOCK16/SES169/SA169S29	SES162	-0.037816	-7.50736	-7.46954
BLOCK16/SES169/SA169S29	SES177	-0.731789	-8.20133	-7.46954
BLOCK16/SES169/SA169S29	SES180	-0.532793	-8.00233	-7.46954
BLOCK17/SES171/SA171S12	SES083	-0.496381	-9.87261	-9.37622
BLOCK17/SES171/SA171S12	SES148	-2.19925	-11.5755	-9.37622
BLOCK17/SES171/SA171S12	SES172	-0.830455	-10.2067	-9.37622
BLOCK17/SES171/SA171S12	SES292	-2.01617	-11.3924	-9.37622
BLOCK17/SES171/SA171S15	SES148	-0.868061	-9.37055	-8.50249
BLOCK17/SES171/SA171S15	SES177	-0.862071	-9.36456	-8.50249
BLOCK17/SES171/SA171S15	SES180	-1.84742	-10.3499	-8.50249
BLOCK17/SES171/SA171S15	SES292	-1.09942	-9.6019	-8.50249
BLOCK17/SES171/SA171S22	SES007	-0.497878	-7.49961	-7.00173
BLOCK17/SES171/SA171S22	SES148	-0.363702	-7.36543	-7.00173
BLOCK17/SES171/SA171S22	SES177	-0.391235	-7.39296	-7.00173
BLOCK17/SES171/SA171S22	SES180	-1.19601	-8.19774	-7.00173
BLOCK17/SES171/SA171S25	SES101	-0.730334	-10.1006	-9.3703
BLOCK17/SES171/SA171S25	SES120	-1.29628	-10.6666	-9.3703
BLOCK17/SES171/SA171S25	SES177	-0.399095	-9.7694	-9.3703
BLOCK17/SES171/SA171S25	SES180	-0.644604	-10.0149	-9.3703
BLOCK17/SES171/SA171S27	SES177	-0.538745	-9.7665	-9.22775
BLOCK17/SES171/SA171S27	SES180	-2.24066	-11.4684	-9.22775
BLOCK17/SES171/SA171S27	SES189	-0.446946	-9.6747	-9.22775
BLOCK17/SES171/SA171S27	SES292	-1.62051	-10.8483	-9.22775
BLOCK17/SES173/SA173S13	SES162	-1.56554	-9.9719	-8.40636
BLOCK17/SES173/SA173S13	SES177	-0.835165	-9.24152	-8.40636
BLOCK17/SES173/SA173S13	SES180	-1.24451	-9.65086	-8.40636
BLOCK17/SES173/SA173S13	SES292	0.377913	-8.02844	-8.40636
BLOCK17/SES173/SA173S14	SES007	-0.774125	-8.81313	-8.039
BLOCK17/SES173/SA173S14	SES162	-2.14548	-10.1845	-8.039
BLOCK17/SES173/SA173S14	SES177	-0.869715	-8.90872	-8.039
BLOCK17/SES173/SA173S14	SES180	-1.25296	-9.29196	-8.039
BLOCK17/SES173/SA173S24	SES144	-1.57449	-10.4516	-8.87707
BLOCK17/SES173/SA173S24	SES162	-1.88193	-10.759	-8.87707
BLOCK17/SES173/SA173S24	SES177	-0.280459	-9.15753	-8.87707
BLOCK17/SES173/SA173S24	SES180	-1.50244	-10.3795	-8.87707
BLOCK17/SES173/SA173S27	SES162	-2.53812	-11.6395	-9.10137
BLOCK17/SES173/SA173S27	SES177	-0.729119	-9.83049	-9.10137
BLOCK17/SES173/SA173S27	SES180	-0.533599	-9.63497	-9.10137
BLOCK17/SES173/SA173S27	SES292	0.50288	-8.59849	-9.10137
BLOCK17/SES173/SA173S29	SES162	-0.934611	-9.75389	-8.81927
BLOCK17/SES173/SA173S29	SES175	-0.297171	-9.11644	-8.81927
BLOCK17/SES173/SA173S29	SES177	-0.306993	-9.12627	-8.81927
BLOCK17/SES173/SA173S29	SES292	-0.143259	-8.96253	-8.81927
BLOCK18/SES182/SA182S10	SES144	-0.867317	-8.47888	-7.61156
BLOCK18/SES182/SA182S10	SES177	-0.985655	-8.59721	-7.61156
BLOCK18/SES182/SA182S10	SES180	-1.61163	-9.22319	-7.61156
BLOCK18/SES182/SA182S10	SES275	-0.722374	-8.33393	-7.61156
BLOCK18/SES182/SA182S12	SES144	-0.986647	-8.5132	-7.52655
BLOCK18/SES182/SA182S12	SES177	-1.14349	-8.67004	-7.52655
BLOCK18/SES182/SA182S12	SES180	-1.95536	-9.48191	-7.52655
BLOCK18/SES182/SA182S12	SES275	-0.730613	-8.25717	-7.52655
BLOCK18/SES182/SA182S21	SES117	-1.30799	-10.8135	-9.50554
BLOCK18/SES182/SA182S21	SES144	-0.824385	-10.3299	-9.50554
BLOCK18/SES182/SA182S21	SES162	-0.570322	-10.0759	-9.50554
BLOCK18/SES182/SA182S21	SES180	-1.93531	-11.4409	-9.50554
BLOCK18/SES182/SA182S23	SES117	-1.30574	-11.3103	-10.0046
BLOCK18/SES182/SA182S23	SES144	-1.89081	-11.8954	-10.0046
BLOCK18/SES182/SA182S23	SES180	-2.86625	-12.8708	-10.0046
BLOCK18/SES182/SA182S23	SES275	-1.29808	-11.3026	-10.0046
BLOCK18/SES182/SA182S25	SES007	0.416904	-8.45684	-8.87375
BLOCK18/SES182/SA182S25	SES162	-0.315784	-9.18953	-8.87375
BLOCK18/SES182/SA182S25	SES177	-0.398166	-9.27191	-8.87375
BLOCK18/SES182/SA182S25	SES180	-1.88925	-10.763	-8.87375
BLOCK18/SES184/SA184S12	SES177	-1.27109	-9.37105	-8.09996
BLOCK18/SES184/SA184S12	SES180	-0.108961	-8.20892	-8.09996
BLOCK18/SES184/SA184S12	SES189	-1.39667	-9.49664	-8.09996
BLOCK18/SES184/SA184S12	SES292	0.14474	-7.95522	-8.09996
BLOCK18/SES184/SA184S13	SES101	-0.518116	-9.04439	-8.52627
BLOCK18/SES184/SA184S13	SES177	-0.543708	-9.06998	-8.52627
BLOCK18/SES184/SA184S13	SES180	-0.165229	-8.6915	-8.52627
BLOCK18/SES184/SA184S13	SES292	-0.353649	-8.87992	-8.52627
BLOCK18/SES184/SA184S22	SES177	-0.502452	-9.3786	-8.87615
BLOCK18/SES184/SA184S22	SES180	-0.0579529	-8.9341	-8.87615
BLOCK18/SES184/SA184S22	SES189	-0.753161	-9.62931	-8.87615
BLOCK18/SES184/SA184S22	SES292	-0.547485	-9.42364	-8.87615
BLOCK18/SES184/SA184S25	SES101	-0.269426	-8.83138	-8.56195
BLOCK18/SES184/SA184S25	SES177	-0.594178	-9.15613	-8.56195
BLOCK18/SES184/SA184S25	SES180	0.287632	-8.27432	-8.56195
BLOCK18/SES184/SA184S25	SES292	-0.00467587	-8.56662	-8.56195
BLOCK18/SES184/SA184S27	SES083	-0.627718	-8.95662	-8.3289
BLOCK18/SES184/SA184S27	SES177	-0.502359	-8.83126	-8.3289
BLOCK18/SES184/SA184S27	SES202	-0.416233	-8.74513	-8.3289
BLOCK18/SES184/SA184S27	SES292	-0.389768	-8.71867	-8.3289
BLOCK20/SES204/SA204S12	SES062	-0.382165	-8.34968	-7.96752
BLOCK20/SES204/SA204S12	SES083	-1.34916	-9.31668	-7.96752
BLOCK20/SES204/SA204S12	SES206	-0.244095	-8.21161	-7.96752
BLOCK20/SES204/SA204S12	SES226	-0.983881	-8.9514	-7.96752
BLOCK20/SES204/SA204S14	SES068	-0.0840063	-7.59932	-7.51532
BLOCK20/SES204/SA204S14	SES087	0.29314	-7.22218	-7.51532
BLOCK20/SES204/SA204S14	SES206	-0.411622	-7.92694	-7.51532
BLOCK20/SES204/SA204S14	SES226	-1.0815	-8.59681	-7.51532
BLOCK20/SES204/SA204S22	SES068	0.174413	-8.23433	-8.40875
BLOCK20/SES204/SA204S22	SES082	0.140574	-8.26817	-8.40875
BLOCK20/SES204/SA204S22	SES083	-1.49375	-9.9025	-8.40875
BLOCK20/SES204/SA204S22	SES206	0.129889	-8.27886	-8.40875
BLOCK20/SES204/SA204S25	SES062	-0.49404	-8.29984	-7.8058
BLOCK20/SES204/SA204S25	SES083	-1.35917	-9.16497	-7.8058
BLOCK20/SES204/SA204S25	SES206	-0.0864315	-7.89223	-7.8058
BLOCK20/SES204/SA204S25	SES226	-0.928273	-8.73408	-7.8058
BLOCK20/SES204/SA204S27	SES068	-0.0671358	-8.81599	-8.74885
BLOCK20/SES204/SA204S27	SES082	-0.554831	-9.30368	-8.74885
BLOCK20/SES204/SA204S27	SES087	0.576158	-8.1727	-8.74885
BLOCK20/SES204/SA204S27	SES206	-1.0094	-9.75826	-8.74885
BLOCK20/SES207/SA207S10	SES127	-1.37027	-9.47828	-8.10801
BLOCK20/SES207/SA207S10	SES183	-0.980529	-9.08854	-8.10801
BLOCK20/SES207/SA207S10	SES189	-0.328897	-8.43691	-8.10801
BLOCK20/SES207/SA207S10	SES292	-1.30699	-9.415	-8.10801
BLOCK20/SES207/SA207S11	SES127	-0.931697	-9.931	-8.9993
BLOCK20/SES207/SA207S11	SES183	-1.51	-10.5093	-8.9993
BLOCK20/SES207/SA207S11	SES187	-0.411266	-9.41057	-8.9993
BLOCK20/SES207/SA207S11	SES292	-0.29637	-9.29567	-8.9993
BLOCK20/SES207/SA207S25	SES068	-0.407202	-9.85692	-9.44971
BLOCK20/SES207/SA207S25	SES083	-0.957301	-10.407	-9.44971
BLOCK20/SES207/SA207S25	SES127	0.141623	-9.30809	-9.44971
BLOCK20/SES207/SA207S25	SES187	-0.0221062	-9.47182	-9.44971
BLOCK20/SES207/SA207S27	SES127	-0.42951	-9.74633	-9.31682
BLOCK20/SES207/SA207S27	SES183	-0.887521	-10.2043	-9.31682
BLOCK20/SES207/SA207S27	SES187	-0.337296	-9.65412	-9.31682
BLOCK20/SES207/SA207S27	SES292	-0.461078	-9.7779	-9.31682
BLOCK20/SES207/SA207S29	SES083	-1.39286	-10.1135	-8.72067
BLOCK20/SES207/SA207S29	SES085	-0.679369	-9.40004	-8.72067
BLOCK20/SES207/SA207S29	SES172	0.252303	-8.46837	-8.72067
BLOCK20/SES207/SA207S29	SES189	-1.58766	-10.3083	-8.72067
BLOCK22/SES221/SA221S12	SES068	0.0924635	-7.5705	-7.66296
BLOCK22/SES221/SA221S12	SES143	-1.14411	-8.80707	-7.66296
BLOCK22/SES221/SA221S12	SES175	-0.397945	-8.06091	-7.66296
BLOCK22/SES221/SA221S12	SES202	-0.289206	-7.95217	-7.66296
BLOCK22/SES221/SA221S15	SES085	-0.181843	-8.07785	-7.89601
BLOCK22/SES221/SA221S15	SES143	-1.0246	-8.92061	-7.89601
BLOCK22/SES221/SA221S15	SES175	-0.573086	-8.4691	-7.89601
BLOCK22/SES221/SA221S15	SES187	-0.88251	-8.77852	-7.89601
BLOCK22/SES221/SA221S23	SES068	0.409237	-7.39157	-7.80081
BLOCK22/SES221/SA221S23	SES143	-1.07952	-8.88033	-7.80081
BLOCK22/SES221/SA221S23	SES175	-0.812746	-8.61355	-7.80081
BLOCK22/SES221/SA221S23	SES189	-1.53762	-9.33843	-7.80081
BLOCK22/SES221/SA221S27	SES085	0.834871	-7.73404	-8.56892
BLOCK22/SES221/SA221S27	SES143	-0.391052	-8.95997	-8.56892
BLOCK22/SES221/SA221S27	SES175	-0.264852	-8.83377	-8.56892
BLOCK22/SES221/SA221S27	SES189	-1.01937	-9.58829	-8.56892
BLOCK22/SES221/SA221S29	SES085	0.63899	-7.44989	-8.08888
BLOCK22/SES221/SA221S29	SES143	-0.66048	-8.74936	-8.08888
BLOCK22/SES221/SA221S29	SES175	-0.373641	-8.46252	-8.08888
BLOCK22/SES221/SA221S29	SES187	-0.753274	-8.84215	-8.08888
BLOCK22/SES223/SA223S11	SES143	-0.380139	-9.0492	-8.66907
BLOCK22/SES223/SA223S11	SES144	-1.22937	-9.89844	-8.66907
BLOCK22/SES223/SA223S11	SES175	-0.0288811	-8.69795	-8.66907
BLOCK22/SES223/SA223S11	SES187	-0.664062	-9.33313	-8.66907
BLOCK22/SES223/SA223S13	SES068	0.452503	-8.04473	-8.49724
BLOCK22/SES223/SA223S13	SES143	-0.81202	-9.30926	-8.49724
BLOCK22/SES223/SA223S13	SES146	-0.71613	-9.21337	-8.49724
BLOCK22/SES223/SA223S13	SES202	-0.0736713	-8.57091	-8.49724
BLOCK22/SES223/SA223S22	SES143	-0.380774	-8.63461	-8.25384
BLOCK22/SES223/SA223S22	SES144	-1.37429	-9.62813	-8.25384
BLOCK22/SES223/SA223S22	SES175	-0.143412	-8.39725	-8.25384
BLOCK22/SES223/SA223S22	SES187	-0.76069	-9.01453	-8.25384
BLOCK22/SES223/SA223S25	SES068	-0.0041666	-8.4256	-8.42143
BLOCK22/SES223/SA223S25	SES143	-0.907427	-9.32886	-8.42143
BLOCK22/SES223/SA223S25	SES175	-0.274742	-8.69617	-8.42143
BLOCK22/SES223/SA223S25	SES187	-0.872312	-9.29374	-8.42143
BLOCK22/SES223/SA223S27	SES143	-0.824575	-9.74663	-8.92205
BLOCK22/SES223/SA223S27	SES146	-0.982165	-9.90422	-8.92205
BLOCK22/SES223/SA223S27	SES187	-0.92491	-9.84696	-8.92205
BLOCK22/SES223/SA223S27	SES292	0.258561	-8.66349	-8.92205
BLOCK27/SES273/SA273S12	SES099	-0.0631027	-8.63872	-8.57562
BLOCK27/SES273/SA273S12	SES104	0.538331	-8.03728	-8.57562
BLOCK27/SES273/SA273S12	SES125	0.118361	-8.45725	-8.57562
BLOCK27/SES273/SA273S12	SES206	0.222225	-8.35339	-8.57562
BLOCK27/SES273/SA273S13	SES099	-0.830476	-8.82475	-7.99428
BLOCK27/SES273/SA273S13	SES104	0.067121	-7.92716	-7.99428
BLOCK27/SES273/SA273S13	SES206	-0.714601	-8.70888	-7.99428
BLOCK27/SES273/SA273S13	SES292	-0.698136	-8.69241	-7.99428
BLOCK27/SES273/SA273S21	SES099	-0.806315	-9.53853	-8.73221
BLOCK27/SES273/SA273S21	SES148	-1.59435	-10.3266	-8.73221
BLOCK27/SES273/SA273S21	SES149	-1.11199	-9.8442	-8.73221
BLOCK27/SES273/SA273S21	SES177	-1.26387	-9.99608	-8.73221
BLOCK27/SES273/SA273S25	SES104	0.227901	-9.04163	-9.26954
BLOCK27/SES273/SA273S25	SES125	-0.0825338	-9.35207	-9.26954
BLOCK27/SES273/SA273S25	SES158	0.793622	-8.47591	-9.26954
BLOCK27/SES273/SA273S25	SES206	-0.226693	-9.49623	-9.26954
BLOCK27/SES273/SA273S27	SES099	-0.553209	-7.93967	-7.38647
BLOCK27/SES273/SA273S27	SES104	-0.243718	-7.63018	-7.38647
BLOCK27/SES273/SA273S27	SES149	-0.570862	-7.95733	-7.38647
BLOCK27/SES273/SA273S27	SES275	-0.923632	-8.3101	-7.38647
BLOCK27/SES274/SA274S10	SES105	-1.38005	-8.57206	-7.19201
BLOCK27/SES274/SA274S10	SES125	-1.32018	-8.51219	-7.19201
BLOCK27/SES274/SA274S10	SES129	0.221135	-6.97087	-7.19201
BLOCK27/SES274/SA274S10	SES158	-2.33335	-9.52535	-7.19201
BLOCK27/SES274/SA274S11	SES105	-0.557978	-8.07047	-7.51249
BLOCK27/SES274/SA274S11	SES149	-0.238921	-7.75142	-7.51249
BLOCK27/SES274/SA274S11	SES158	-0.731336	-8.24383	-7.51249
BLOCK27/SES274/SA274S11	SES275	-0.0380883	-7.55058	-7.51249
BLOCK27/SES274/SA274S21	SES105	-0.712827	-8.47481	-7.76198
BLOCK27/SES274/SA274S21	SES129	0.399534	-7.36245	-7.76198
BLOCK27/SES274/SA274S21	SES149	-1.3502	-9.11218	-7.76198
BLOCK27/SES274/SA274S21	SES158	-1.77092	-9.5329	-7.76198
BLOCK27/SES274/SA274S24	SES105	-0.976925	-9.35454	-8.37761
BLOCK27/SES274/SA274S24	SES129	0.508245	-7.86937	-8.37761
BLOCK27/SES274/SA274S24	SES149	-1.85205	-10.2297	-8.37761
BLOCK27/SES274/SA274S24	SES158	-2.55919	-10.9368	-8.37761
BLOCK27/SES274/SA274S29	SES105	-1.09267	-9.15751	-8.06485
BLOCK27/SES274/SA274S29	SES106	-1.49451	-9.55936	-8.06485
BLOCK27/SES274/SA274S29	SES120	-0.763642	-8.82849	-8.06485
BLOCK27/SES274/SA274S29	SES275	-0.517761	-8.58261	-8.06485
BLOCK27/SES276/SA276S16	SES148	-0.0673051	-7.99091	-7.9236
BLOCK27/SES276/SA276S16	SES172	0.144027	-7.77958	-7.9236
BLOCK27/SES276/SA276S16	SES180	-0.106923	-8.03053	-7.9236
BLOCK27/SES276/SA276S16	SES292	0.0169029	-7.9067	-7.9236
BLOCK27/SES276/SA276S17	SES101	-0.384626	-8.95891	-8.57429
BLOCK27/SES276/SA276S17	SES177	-0.735287	-9.30957	-8.57429
BLOCK27/SES276/SA276S17	SES180	-0.292465	-8.86675	-8.57429
BLOCK27/SES276/SA276S17	SES292	-0.466163	-9.04045	-8.57429
BLOCK27/SES276/SA276S24	SES101	-0.230465	-7.91011	-7.67964
BLOCK27/SES276/SA276S24	SES177	-0.534978	-8.21462	-7.67964
BLOCK27/SES276/SA276S24	SES180	-0.355901	-8.03554	-7.67964
BLOCK27/SES276/SA276S24	SES292	-0.671239	-8.35088	-7.67964
BLOCK27/SES276/SA276S26	SES101	-0.574669	-8.31033	-7.73566
BLOCK27/SES276/SA276S26	SES177	-0.535711	-8.27137	-7.73566
BLOCK27/SES276/SA276S26	SES180	-0.450815	-8.18648	-7.73566
BLOCK27/SES276/SA276S26	SES292	0.253957	-7.4817	-7.73566
BLOCK27/SES276/SA276S28	SES101	-0.0223675	-7.84949	-7.82712
BLOCK27/SES276/SA276S28	SES177	-0.735695	-8.56282	-7.82712
BLOCK27/SES276/SA276S28	SES180	0.144614	-7.68251	-7.82712
BLOCK27/SES276/SA276S28	SES292	0.0221639	-7.80496	-7.82712
BLOCK27/SES277/SA277S12	SES101	-0.582518	-9.74286	-9.16034
BLOCK27/SES277/SA277S12	SES177	-1.32146	-10.4818	-9.16034
BLOCK27/SES277/SA277S12	SES180	-1.09002	-10.2504	-9.16034
BLOCK27/SES277/SA277S12	SES292	-1.41171	-10.5721	-9.16034
BLOCK27/SES277/SA277S14	SES177	-0.638613	-10.2522	-9.61362
BLOCK27/SES277/SA277S14	SES180	-1.4783	-11.0919	-9.61362
BLOCK27/SES277/SA277S14	SES189	0.0917788	-9.52184	-9.61362
BLOCK27/SES277/SA277S14	SES292	-1.92445	-11.5381	-9.61362
BLOCK27/SES277/SA277S21	SES177	-0.591727	-9.84275	-9.25103
BLOCK27/SES277/SA277S21	SES180	-0.599302	-9.85033	-9.25103
BLOCK27/SES277/SA277S21	SES189	-0.0438948	-9.29492	-9.25103
BLOCK27/SES277/SA277S21	SES292	-1.68684	-10.9379	-9.25103
BLOCK27/SES277/SA277S24	SES144	0.381155	-9.48186	-9.86301
BLOCK27/SES277/SA277S24	SES177	-0.437127	-10.3001	-9.86301
BLOCK27/SES277/SA277S24	SES180	-1.92492	-11.7879	-9.86301
BLOCK27/SES277/SA277S24	SES189	0.0708084	-9.7922	-9.86301
BLOCK27/SES277/SA277S29	SES177	-0.247998	-7.67157	-7.42357
BLOCK27/SES277/SA277S29	SES180	-0.321819	-7.74539	-7.42357
BLOCK27/SES277/SA277S29	SES202	0.00430346	-7.41927	-7.42357
BLOCK27/SES277/SA277S29	SES292	-1.12015	-8.54372	-7.42357
BLOCK27/SES279/SA279S09	SES120	-0.683595	-8.42029	-7.7367
BLOCK27/SES279/SA279S09	SES146	-0.792304	-8.529	-7.7367
BLOCK27/SES279/SA279S09	SES206	0.00460482	-7.73209	-7.7367
BLOCK27/SES279/SA279S09	SES226	-0.785369	-8.52207	-7.7367
BLOCK27/SES279/SA279S10	SES099	-0.260638	-8.66021	-8.39957
BLOCK27/SES279/SA279S10	SES206	-0.72672	-9.12629	-8.39957
BLOCK27/SES279/SA279S10	SES226	-1.62113	-10.0207	-8.39957
BLOCK27/SES279/SA279S10	SES292	-0.262916	-8.66248	-8.39957
BLOCK27/SES279/SA279S20	SES099	-0.784706	-9.9218	-9.1371
BLOCK27/SES279/SA279S20	SES206	-0.0483942	-9.18549	-9.1371
BLOCK27/SES279/SA279S20	SES226	-1.10641	-10.2435	-9.1371
BLOCK27/SES279/SA279S20	SES292	-0.0449829	-9.18208	-9.1371
BLOCK27/SES279/SA279S26	SES099	0.025445	-9.3876	-9.41304
BLOCK27/SES279/SA279S26	SES206	0.27698	-9.13606	-9.41304
BLOCK27/SES279/SA279S26	SES226	-1.07393	-10.487	-9.41304
BLOCK27/SES279/SA279S26	SES292	0.245574	-9.16747	-9.41304
BLOCK27/SES279/SA279S28	SES099	-0.38484	-8.16319	-7.77835
BLOCK27/SES279/SA279S28	SES120	-0.310286	-8.08863	-7.77835
BLOCK27/SES279/SA279S28	SES177	-1.40626	-9.1846	-7.77835
BLOCK27/SES279/SA279S28	SES206	-0.481709	-8.26005	-7.77835
BLOCK29/SES290/SA290S12	SES162	0.555618	-6.49716	-7.05278
BLOCK29/SES290/SA290S12	SES177	0.0297437	-7.02303	-7.05278
BLOCK29/SES290/SA290S12	SES180	-0.159537	-7.21231	-7.05278
BLOCK29/SES290/SA290S12	SES292	-0.776666	-7.82944	-7.05278
BLOCK29/SES290/SA290S13	SES007	0.246406	-7.42884	-7.67524
BLOCK29/SES290/SA290S13	SES162	-0.523904	-8.19915	-7.67524
BLOCK29/SES290/SA290S13	SES177	-0.273654	-7.9489	-7.67524
BLOCK29/SES290/SA290S13	SES180	0.0369635	-7.63828	-7.67524
BLOCK29/SES290/SA290S22	SES177	-0.221622	-7.80638	-7.58476
BLOCK29/SES290/SA290S22	SES180	-0.310688	-7.89545	-7.58476
BLOCK29/SES290/SA290S22	SES202	0.207616	-7.37714	-7.58476
BLOCK29/SES290/SA290S22	SES292	0.120039	-7.46472	-7.58476
BLOCK29/SES290/SA290S25	SES162	-0.32537	-7.96006	-7.63469
BLOCK29/SES290/SA290S25	SES177	-0.345512	-7.9802	-7.63469
BLOCK29/SES290/SA290S25	SES180	-0.345956	-7.98065	-7.63469
BLOCK29/SES290/SA290S25	SES292	-0.0916095	-7.7263	-7.63469
BLOCK29/SES290/SA290S29	SES177	-0.343806	-7.47235	-7.12854
BLOCK29/SES290/SA290S29	SES180	0.0533648	-7.07518	-7.12854
BLOCK29/SES290/SA290S29	SES275	-0.206284	-7.33483	-7.12854
BLOCK29/SES290/SA290S29	SES292	-0.3498	-7.47834	-7.12854
BLOCK29/SES291/SA291S11	SES105	-1.13243	-10.098	-8.96552
BLOCK29/SES291/SA291S11	SES125	-0.67419	-9.63971	-8.96552
BLOCK29/SES291/SA291S11	SES158	-0.035181	-9.0007	-8.96552
BLOCK29/SES291/SA291S11	SES275	-0.684634	-9.65016	-8.96552
BLOCK29/SES291/SA291S12	SES158	0.427578	-7.81287	-8.24045
BLOCK29/SES291/SA291S12	SES226	-1.07419	-9.31463	-8.24045
BLOCK29/SES291/SA291S12	SES270	-0.977338	-9.21778	-8.24045
BLOCK29/SES291/SA291S12	SES275	-2.19898	-10.4394	-8.24045
BLOCK29/SES291/SA291S22	SES082	0.189594	-8.2703	-8.45989
BLOCK29/SES291/SA291S22	SES158	0.0256863	-8.43421	-8.45989
BLOCK29/SES291/SA291S22	SES259	-0.45186	-8.91175	-8.45989
BLOCK29/SES291/SA291S22	SES275	-1.11159	-9.57149	-8.45989
BLOCK29/SES291/SA291S24	SES104	0.183593	-7.93963	-8.12323
BLOCK29/SES291/SA291S24	SES125	-0.231324	-8.35455	-8.12323
BLOCK29/SES291/SA291S24	SES158	0.233179	-7.89005	-8.12323
BLOCK29/SES291/SA291S24	SES275	-0.915488	-9.03872	-8.12323
BLOCK29/SES291/SA291S27	SES158	0.324913	-7.75454	-8.07945
BLOCK29/SES291/SA291S27	SES172	-1.47077	-9.55022	-8.07945
BLOCK29/SES291/SA291S27	SES275	-1.10486	-9.18431	-8.07945
BLOCK29/SES291/SA291S27	SES292	-0.0475349	-8.12698	-8.07945
